ERROR - 2023-03-05 10:22:55 --> Error connecting to the database: Nenhuma conexão pôde ser feita porque a máquina de destino as recusou ativamente.

CRITICAL - 2023-03-05 10:22:55 --> Unable to connect to the database.
Main connection [MySQLi]: Nenhuma conexão pôde ser feita porque a máquina de destino as recusou ativamente.

#0 C:\xampp\htdocs\fooddelivery\system\Database\BaseConnection.php(577): CodeIgniter\Database\BaseConnection->initialize()
#1 C:\xampp\htdocs\fooddelivery\system\Database\BaseBuilder.php(1455): CodeIgniter\Database\BaseConnection->query('SELECT `categor...', Array, false)
#2 C:\xampp\htdocs\fooddelivery\system\Model.php(183): CodeIgniter\Database\BaseBuilder->get()
#3 C:\xampp\htdocs\fooddelivery\system\BaseModel.php(584): CodeIgniter\Model->doFindAll(0, 0)
#4 C:\xampp\htdocs\fooddelivery\app\Models\CategoriaModel.php(76): CodeIgniter\BaseModel->findAll()
#5 C:\xampp\htdocs\fooddelivery\app\Controllers\Home.php(20): App\Models\CategoriaModel->buscaCategoriasWebHome()
#6 C:\xampp\htdocs\fooddelivery\system\CodeIgniter.php(832): App\Controllers\Home->index()
#7 C:\xampp\htdocs\fooddelivery\system\CodeIgniter.php(419): CodeIgniter\CodeIgniter->runController(Object(App\Controllers\Home))
#8 C:\xampp\htdocs\fooddelivery\system\CodeIgniter.php(326): CodeIgniter\CodeIgniter->handleRequest(NULL, Object(Config\Cache), false)
#9 C:\xampp\htdocs\fooddelivery\public\index.php(37): CodeIgniter\CodeIgniter->run()
#10 C:\xampp\htdocs\fooddelivery\system\Commands\Server\rewrite.php(43): require_once('C:\\xampp\\htdocs...')
#11 {main}
CRITICAL - 2023-03-05 10:23:26 --> finfo::file(C:\xampp\htdocs\fooddelivery\writable\uploads/produtos/1652700632_3047adb82e800c4429b9.jfif): failed to open stream: No such file or directory
#0 [internal function]: CodeIgniter\Debug\Exceptions->errorHandler(2, 'finfo::file(C:\\...', 'C:\\xampp\\htdocs...', 186, Array)
#1 C:\xampp\htdocs\fooddelivery\app\Controllers\Produto.php(186): finfo->file('C:\\xampp\\htdocs...')
#2 C:\xampp\htdocs\fooddelivery\system\CodeIgniter.php(832): App\Controllers\Produto->imagem('1652700632_3047...')
#3 C:\xampp\htdocs\fooddelivery\system\CodeIgniter.php(419): CodeIgniter\CodeIgniter->runController(Object(App\Controllers\Produto))
#4 C:\xampp\htdocs\fooddelivery\system\CodeIgniter.php(326): CodeIgniter\CodeIgniter->handleRequest(NULL, Object(Config\Cache), false)
#5 C:\xampp\htdocs\fooddelivery\public\index.php(37): CodeIgniter\CodeIgniter->run()
#6 C:\xampp\htdocs\fooddelivery\system\Commands\Server\rewrite.php(43): require_once('C:\\xampp\\htdocs...')
#7 {main}
CRITICAL - 2023-03-05 10:24:18 --> finfo::file(C:\xampp\htdocs\fooddelivery\writable\uploads/produtos/1652700632_3047adb82e800c4429b9.jfif): failed to open stream: No such file or directory
#0 [internal function]: CodeIgniter\Debug\Exceptions->errorHandler(2, 'finfo::file(C:\\...', 'C:\\xampp\\htdocs...', 186, Array)
#1 C:\xampp\htdocs\fooddelivery\app\Controllers\Produto.php(186): finfo->file('C:\\xampp\\htdocs...')
#2 C:\xampp\htdocs\fooddelivery\system\CodeIgniter.php(832): App\Controllers\Produto->imagem('1652700632_3047...')
#3 C:\xampp\htdocs\fooddelivery\system\CodeIgniter.php(419): CodeIgniter\CodeIgniter->runController(Object(App\Controllers\Produto))
#4 C:\xampp\htdocs\fooddelivery\system\CodeIgniter.php(326): CodeIgniter\CodeIgniter->handleRequest(NULL, Object(Config\Cache), false)
#5 C:\xampp\htdocs\fooddelivery\public\index.php(37): CodeIgniter\CodeIgniter->run()
#6 C:\xampp\htdocs\fooddelivery\system\Commands\Server\rewrite.php(43): require_once('C:\\xampp\\htdocs...')
#7 {main}
CRITICAL - 2023-03-05 10:24:48 --> finfo::file(C:\xampp\htdocs\fooddelivery\writable\uploads/produtos/1652700632_3047adb82e800c4429b9.jfif): failed to open stream: No such file or directory
#0 [internal function]: CodeIgniter\Debug\Exceptions->errorHandler(2, 'finfo::file(C:\\...', 'C:\\xampp\\htdocs...', 186, Array)
#1 C:\xampp\htdocs\fooddelivery\app\Controllers\Produto.php(186): finfo->file('C:\\xampp\\htdocs...')
#2 C:\xampp\htdocs\fooddelivery\system\CodeIgniter.php(832): App\Controllers\Produto->imagem('1652700632_3047...')
#3 C:\xampp\htdocs\fooddelivery\system\CodeIgniter.php(419): CodeIgniter\CodeIgniter->runController(Object(App\Controllers\Produto))
#4 C:\xampp\htdocs\fooddelivery\system\CodeIgniter.php(326): CodeIgniter\CodeIgniter->handleRequest(NULL, Object(Config\Cache), false)
#5 C:\xampp\htdocs\fooddelivery\public\index.php(37): CodeIgniter\CodeIgniter->run()
#6 C:\xampp\htdocs\fooddelivery\system\Commands\Server\rewrite.php(43): require_once('C:\\xampp\\htdocs...')
#7 {main}
CRITICAL - 2023-03-05 10:24:53 --> finfo::file(C:\xampp\htdocs\fooddelivery\writable\uploads/produtos/1652700632_3047adb82e800c4429b9.jfif): failed to open stream: No such file or directory
#0 [internal function]: CodeIgniter\Debug\Exceptions->errorHandler(2, 'finfo::file(C:\\...', 'C:\\xampp\\htdocs...', 186, Array)
#1 C:\xampp\htdocs\fooddelivery\app\Controllers\Produto.php(186): finfo->file('C:\\xampp\\htdocs...')
#2 C:\xampp\htdocs\fooddelivery\system\CodeIgniter.php(832): App\Controllers\Produto->imagem('1652700632_3047...')
#3 C:\xampp\htdocs\fooddelivery\system\CodeIgniter.php(419): CodeIgniter\CodeIgniter->runController(Object(App\Controllers\Produto))
#4 C:\xampp\htdocs\fooddelivery\system\CodeIgniter.php(326): CodeIgniter\CodeIgniter->handleRequest(NULL, Object(Config\Cache), false)
#5 C:\xampp\htdocs\fooddelivery\public\index.php(37): CodeIgniter\CodeIgniter->run()
#6 C:\xampp\htdocs\fooddelivery\system\Commands\Server\rewrite.php(43): require_once('C:\\xampp\\htdocs...')
#7 {main}
CRITICAL - 2023-03-05 10:25:38 --> finfo::file(C:\xampp\htdocs\fooddelivery\writable\uploads/produtos/1652700632_3047adb82e800c4429b9.jfif): failed to open stream: No such file or directory
#0 [internal function]: CodeIgniter\Debug\Exceptions->errorHandler(2, 'finfo::file(C:\\...', 'C:\\xampp\\htdocs...', 186, Array)
#1 C:\xampp\htdocs\fooddelivery\app\Controllers\Produto.php(186): finfo->file('C:\\xampp\\htdocs...')
#2 C:\xampp\htdocs\fooddelivery\system\CodeIgniter.php(832): App\Controllers\Produto->imagem('1652700632_3047...')
#3 C:\xampp\htdocs\fooddelivery\system\CodeIgniter.php(419): CodeIgniter\CodeIgniter->runController(Object(App\Controllers\Produto))
#4 C:\xampp\htdocs\fooddelivery\system\CodeIgniter.php(326): CodeIgniter\CodeIgniter->handleRequest(NULL, Object(Config\Cache), false)
#5 C:\xampp\htdocs\fooddelivery\public\index.php(37): CodeIgniter\CodeIgniter->run()
#6 C:\xampp\htdocs\fooddelivery\system\Commands\Server\rewrite.php(43): require_once('C:\\xampp\\htdocs...')
#7 {main}
CRITICAL - 2023-03-05 10:27:08 --> finfo::file(C:\xampp\htdocs\fooddelivery\writable\uploads/produtos/1652700632_3047adb82e800c4429b9.jfif): failed to open stream: No such file or directory
#0 [internal function]: CodeIgniter\Debug\Exceptions->errorHandler(2, 'finfo::file(C:\\...', 'C:\\xampp\\htdocs...', 186, Array)
#1 C:\xampp\htdocs\fooddelivery\app\Controllers\Produto.php(186): finfo->file('C:\\xampp\\htdocs...')
#2 C:\xampp\htdocs\fooddelivery\system\CodeIgniter.php(832): App\Controllers\Produto->imagem('1652700632_3047...')
#3 C:\xampp\htdocs\fooddelivery\system\CodeIgniter.php(419): CodeIgniter\CodeIgniter->runController(Object(App\Controllers\Produto))
#4 C:\xampp\htdocs\fooddelivery\system\CodeIgniter.php(326): CodeIgniter\CodeIgniter->handleRequest(NULL, Object(Config\Cache), false)
#5 C:\xampp\htdocs\fooddelivery\public\index.php(37): CodeIgniter\CodeIgniter->run()
#6 C:\xampp\htdocs\fooddelivery\system\Commands\Server\rewrite.php(43): require_once('C:\\xampp\\htdocs...')
#7 {main}
ERROR - 2023-03-05 13:06:24 --> Error connecting to the database: Nenhuma conexão pôde ser feita porque a máquina de destino as recusou ativamente.

CRITICAL - 2023-03-05 13:06:24 --> Unable to connect to the database.
Main connection [MySQLi]: Nenhuma conexão pôde ser feita porque a máquina de destino as recusou ativamente.

#0 C:\xampp\htdocs\fooddelivery\system\Database\BaseConnection.php(577): CodeIgniter\Database\BaseConnection->initialize()
#1 C:\xampp\htdocs\fooddelivery\system\Database\BaseBuilder.php(1455): CodeIgniter\Database\BaseConnection->query('SELECT `categor...', Array, false)
#2 C:\xampp\htdocs\fooddelivery\system\Model.php(183): CodeIgniter\Database\BaseBuilder->get()
#3 C:\xampp\htdocs\fooddelivery\system\BaseModel.php(584): CodeIgniter\Model->doFindAll(0, 0)
#4 C:\xampp\htdocs\fooddelivery\app\Models\CategoriaModel.php(76): CodeIgniter\BaseModel->findAll()
#5 C:\xampp\htdocs\fooddelivery\app\Controllers\Home.php(20): App\Models\CategoriaModel->buscaCategoriasWebHome()
#6 C:\xampp\htdocs\fooddelivery\system\CodeIgniter.php(832): App\Controllers\Home->index()
#7 C:\xampp\htdocs\fooddelivery\system\CodeIgniter.php(419): CodeIgniter\CodeIgniter->runController(Object(App\Controllers\Home))
#8 C:\xampp\htdocs\fooddelivery\system\CodeIgniter.php(326): CodeIgniter\CodeIgniter->handleRequest(NULL, Object(Config\Cache), false)
#9 C:\xampp\htdocs\fooddelivery\public\index.php(37): CodeIgniter\CodeIgniter->run()
#10 C:\xampp\htdocs\fooddelivery\system\Commands\Server\rewrite.php(43): require_once('C:\\xampp\\htdocs...')
#11 {main}
CRITICAL - 2023-03-05 13:06:36 --> finfo::file(C:\xampp\htdocs\fooddelivery\writable\uploads/produtos/1652700632_3047adb82e800c4429b9.jfif): failed to open stream: No such file or directory
#0 [internal function]: CodeIgniter\Debug\Exceptions->errorHandler(2, 'finfo::file(C:\\...', 'C:\\xampp\\htdocs...', 186, Array)
#1 C:\xampp\htdocs\fooddelivery\app\Controllers\Produto.php(186): finfo->file('C:\\xampp\\htdocs...')
#2 C:\xampp\htdocs\fooddelivery\system\CodeIgniter.php(832): App\Controllers\Produto->imagem('1652700632_3047...')
#3 C:\xampp\htdocs\fooddelivery\system\CodeIgniter.php(419): CodeIgniter\CodeIgniter->runController(Object(App\Controllers\Produto))
#4 C:\xampp\htdocs\fooddelivery\system\CodeIgniter.php(326): CodeIgniter\CodeIgniter->handleRequest(NULL, Object(Config\Cache), false)
#5 C:\xampp\htdocs\fooddelivery\public\index.php(37): CodeIgniter\CodeIgniter->run()
#6 C:\xampp\htdocs\fooddelivery\system\Commands\Server\rewrite.php(43): require_once('C:\\xampp\\htdocs...')
#7 {main}
CRITICAL - 2023-03-05 13:06:47 --> finfo::file(C:\xampp\htdocs\fooddelivery\writable\uploads/produtos/1652700632_3047adb82e800c4429b9.jfif): failed to open stream: No such file or directory
#0 [internal function]: CodeIgniter\Debug\Exceptions->errorHandler(2, 'finfo::file(C:\\...', 'C:\\xampp\\htdocs...', 186, Array)
#1 C:\xampp\htdocs\fooddelivery\app\Controllers\Produto.php(186): finfo->file('C:\\xampp\\htdocs...')
#2 C:\xampp\htdocs\fooddelivery\system\CodeIgniter.php(832): App\Controllers\Produto->imagem('1652700632_3047...')
#3 C:\xampp\htdocs\fooddelivery\system\CodeIgniter.php(419): CodeIgniter\CodeIgniter->runController(Object(App\Controllers\Produto))
#4 C:\xampp\htdocs\fooddelivery\system\CodeIgniter.php(326): CodeIgniter\CodeIgniter->handleRequest(NULL, Object(Config\Cache), false)
#5 C:\xampp\htdocs\fooddelivery\public\index.php(37): CodeIgniter\CodeIgniter->run()
#6 C:\xampp\htdocs\fooddelivery\system\Commands\Server\rewrite.php(43): require_once('C:\\xampp\\htdocs...')
#7 {main}
CRITICAL - 2023-03-05 13:06:51 --> finfo::file(C:\xampp\htdocs\fooddelivery\writable\uploads/produtos/1652700632_3047adb82e800c4429b9.jfif): failed to open stream: No such file or directory
#0 [internal function]: CodeIgniter\Debug\Exceptions->errorHandler(2, 'finfo::file(C:\\...', 'C:\\xampp\\htdocs...', 186, Array)
#1 C:\xampp\htdocs\fooddelivery\app\Controllers\Produto.php(186): finfo->file('C:\\xampp\\htdocs...')
#2 C:\xampp\htdocs\fooddelivery\system\CodeIgniter.php(832): App\Controllers\Produto->imagem('1652700632_3047...')
#3 C:\xampp\htdocs\fooddelivery\system\CodeIgniter.php(419): CodeIgniter\CodeIgniter->runController(Object(App\Controllers\Produto))
#4 C:\xampp\htdocs\fooddelivery\system\CodeIgniter.php(326): CodeIgniter\CodeIgniter->handleRequest(NULL, Object(Config\Cache), false)
#5 C:\xampp\htdocs\fooddelivery\public\index.php(37): CodeIgniter\CodeIgniter->run()
#6 C:\xampp\htdocs\fooddelivery\system\Commands\Server\rewrite.php(43): require_once('C:\\xampp\\htdocs...')
#7 {main}
CRITICAL - 2023-03-05 13:07:06 --> finfo::file(C:\xampp\htdocs\fooddelivery\writable\uploads/produtos/1652700632_3047adb82e800c4429b9.jfif): failed to open stream: No such file or directory
#0 [internal function]: CodeIgniter\Debug\Exceptions->errorHandler(2, 'finfo::file(C:\\...', 'C:\\xampp\\htdocs...', 248, Array)
#1 C:\xampp\htdocs\fooddelivery\app\Controllers\Admin\Produtos.php(248): finfo->file('C:\\xampp\\htdocs...')
#2 C:\xampp\htdocs\fooddelivery\system\CodeIgniter.php(832): App\Controllers\Admin\Produtos->imagem('1652700632_3047...')
#3 C:\xampp\htdocs\fooddelivery\system\CodeIgniter.php(419): CodeIgniter\CodeIgniter->runController(Object(App\Controllers\Admin\Produtos))
#4 C:\xampp\htdocs\fooddelivery\system\CodeIgniter.php(326): CodeIgniter\CodeIgniter->handleRequest(NULL, Object(Config\Cache), false)
#5 C:\xampp\htdocs\fooddelivery\public\index.php(37): CodeIgniter\CodeIgniter->run()
#6 C:\xampp\htdocs\fooddelivery\system\Commands\Server\rewrite.php(43): require_once('C:\\xampp\\htdocs...')
#7 {main}
CRITICAL - 2023-03-05 13:10:41 --> finfo::file(C:\xampp\htdocs\fooddelivery\writable\uploads/produtos/1652700632_3047adb82e800c4429b9.jfif): failed to open stream: No such file or directory
#0 [internal function]: CodeIgniter\Debug\Exceptions->errorHandler(2, 'finfo::file(C:\\...', 'C:\\xampp\\htdocs...', 248, Array)
#1 C:\xampp\htdocs\fooddelivery\app\Controllers\Admin\Produtos.php(248): finfo->file('C:\\xampp\\htdocs...')
#2 C:\xampp\htdocs\fooddelivery\system\CodeIgniter.php(832): App\Controllers\Admin\Produtos->imagem('1652700632_3047...')
#3 C:\xampp\htdocs\fooddelivery\system\CodeIgniter.php(419): CodeIgniter\CodeIgniter->runController(Object(App\Controllers\Admin\Produtos))
#4 C:\xampp\htdocs\fooddelivery\system\CodeIgniter.php(326): CodeIgniter\CodeIgniter->handleRequest(NULL, Object(Config\Cache), false)
#5 C:\xampp\htdocs\fooddelivery\public\index.php(37): CodeIgniter\CodeIgniter->run()
#6 C:\xampp\htdocs\fooddelivery\system\Commands\Server\rewrite.php(43): require_once('C:\\xampp\\htdocs...')
#7 {main}
CRITICAL - 2023-03-05 13:12:21 --> finfo::file(C:\xampp\htdocs\fooddelivery\writable\uploads/produtos/1652700632_3047adb82e800c4429b9.jfif): failed to open stream: No such file or directory
#0 [internal function]: CodeIgniter\Debug\Exceptions->errorHandler(2, 'finfo::file(C:\\...', 'C:\\xampp\\htdocs...', 248, Array)
#1 C:\xampp\htdocs\fooddelivery\app\Controllers\Admin\Produtos.php(248): finfo->file('C:\\xampp\\htdocs...')
#2 C:\xampp\htdocs\fooddelivery\system\CodeIgniter.php(832): App\Controllers\Admin\Produtos->imagem('1652700632_3047...')
#3 C:\xampp\htdocs\fooddelivery\system\CodeIgniter.php(419): CodeIgniter\CodeIgniter->runController(Object(App\Controllers\Admin\Produtos))
#4 C:\xampp\htdocs\fooddelivery\system\CodeIgniter.php(326): CodeIgniter\CodeIgniter->handleRequest(NULL, Object(Config\Cache), false)
#5 C:\xampp\htdocs\fooddelivery\public\index.php(37): CodeIgniter\CodeIgniter->run()
#6 C:\xampp\htdocs\fooddelivery\system\Commands\Server\rewrite.php(43): require_once('C:\\xampp\\htdocs...')
#7 {main}
CRITICAL - 2023-03-05 13:12:33 --> finfo::file(C:\xampp\htdocs\fooddelivery\writable\uploads/produtos/1652700632_3047adb82e800c4429b9.jfif): failed to open stream: No such file or directory
#0 [internal function]: CodeIgniter\Debug\Exceptions->errorHandler(2, 'finfo::file(C:\\...', 'C:\\xampp\\htdocs...', 248, Array)
#1 C:\xampp\htdocs\fooddelivery\app\Controllers\Admin\Produtos.php(248): finfo->file('C:\\xampp\\htdocs...')
#2 C:\xampp\htdocs\fooddelivery\system\CodeIgniter.php(832): App\Controllers\Admin\Produtos->imagem('1652700632_3047...')
#3 C:\xampp\htdocs\fooddelivery\system\CodeIgniter.php(419): CodeIgniter\CodeIgniter->runController(Object(App\Controllers\Admin\Produtos))
#4 C:\xampp\htdocs\fooddelivery\system\CodeIgniter.php(326): CodeIgniter\CodeIgniter->handleRequest(NULL, Object(Config\Cache), false)
#5 C:\xampp\htdocs\fooddelivery\public\index.php(37): CodeIgniter\CodeIgniter->run()
#6 C:\xampp\htdocs\fooddelivery\system\Commands\Server\rewrite.php(43): require_once('C:\\xampp\\htdocs...')
#7 {main}
CRITICAL - 2023-03-05 13:12:44 --> finfo::file(C:\xampp\htdocs\fooddelivery\writable\uploads/produtos/1652700632_3047adb82e800c4429b9.jfif): failed to open stream: No such file or directory
#0 [internal function]: CodeIgniter\Debug\Exceptions->errorHandler(2, 'finfo::file(C:\\...', 'C:\\xampp\\htdocs...', 248, Array)
#1 C:\xampp\htdocs\fooddelivery\app\Controllers\Admin\Produtos.php(248): finfo->file('C:\\xampp\\htdocs...')
#2 C:\xampp\htdocs\fooddelivery\system\CodeIgniter.php(832): App\Controllers\Admin\Produtos->imagem('1652700632_3047...')
#3 C:\xampp\htdocs\fooddelivery\system\CodeIgniter.php(419): CodeIgniter\CodeIgniter->runController(Object(App\Controllers\Admin\Produtos))
#4 C:\xampp\htdocs\fooddelivery\system\CodeIgniter.php(326): CodeIgniter\CodeIgniter->handleRequest(NULL, Object(Config\Cache), false)
#5 C:\xampp\htdocs\fooddelivery\public\index.php(37): CodeIgniter\CodeIgniter->run()
#6 C:\xampp\htdocs\fooddelivery\system\Commands\Server\rewrite.php(43): require_once('C:\\xampp\\htdocs...')
#7 {main}
CRITICAL - 2023-03-05 13:13:53 --> finfo::file(C:\xampp\htdocs\fooddelivery\writable\uploads/produtos/1652700632_3047adb82e800c4429b9.jfif): failed to open stream: No such file or directory
#0 [internal function]: CodeIgniter\Debug\Exceptions->errorHandler(2, 'finfo::file(C:\\...', 'C:\\xampp\\htdocs...', 248, Array)
#1 C:\xampp\htdocs\fooddelivery\app\Controllers\Admin\Produtos.php(248): finfo->file('C:\\xampp\\htdocs...')
#2 C:\xampp\htdocs\fooddelivery\system\CodeIgniter.php(832): App\Controllers\Admin\Produtos->imagem('1652700632_3047...')
#3 C:\xampp\htdocs\fooddelivery\system\CodeIgniter.php(419): CodeIgniter\CodeIgniter->runController(Object(App\Controllers\Admin\Produtos))
#4 C:\xampp\htdocs\fooddelivery\system\CodeIgniter.php(326): CodeIgniter\CodeIgniter->handleRequest(NULL, Object(Config\Cache), false)
#5 C:\xampp\htdocs\fooddelivery\public\index.php(37): CodeIgniter\CodeIgniter->run()
#6 C:\xampp\htdocs\fooddelivery\system\Commands\Server\rewrite.php(43): require_once('C:\\xampp\\htdocs...')
#7 {main}
CRITICAL - 2023-03-05 13:13:58 --> finfo::file(C:\xampp\htdocs\fooddelivery\writable\uploads/produtos/1652700632_3047adb82e800c4429b9.jfif): failed to open stream: No such file or directory
#0 [internal function]: CodeIgniter\Debug\Exceptions->errorHandler(2, 'finfo::file(C:\\...', 'C:\\xampp\\htdocs...', 248, Array)
#1 C:\xampp\htdocs\fooddelivery\app\Controllers\Admin\Produtos.php(248): finfo->file('C:\\xampp\\htdocs...')
#2 C:\xampp\htdocs\fooddelivery\system\CodeIgniter.php(832): App\Controllers\Admin\Produtos->imagem('1652700632_3047...')
#3 C:\xampp\htdocs\fooddelivery\system\CodeIgniter.php(419): CodeIgniter\CodeIgniter->runController(Object(App\Controllers\Admin\Produtos))
#4 C:\xampp\htdocs\fooddelivery\system\CodeIgniter.php(326): CodeIgniter\CodeIgniter->handleRequest(NULL, Object(Config\Cache), false)
#5 C:\xampp\htdocs\fooddelivery\public\index.php(37): CodeIgniter\CodeIgniter->run()
#6 C:\xampp\htdocs\fooddelivery\system\Commands\Server\rewrite.php(43): require_once('C:\\xampp\\htdocs...')
#7 {main}
CRITICAL - 2023-03-05 13:15:16 --> Undefined variable: medida
#0 C:\xampp\htdocs\fooddelivery\app\Views\Admin\Produtos\index.php(67): CodeIgniter\Debug\Exceptions->errorHandler(8, 'Undefined varia...', 'C:\\xampp\\htdocs...', 67, Array)
#1 C:\xampp\htdocs\fooddelivery\system\View\View.php(210): include('C:\\xampp\\htdocs...')
#2 C:\xampp\htdocs\fooddelivery\system\View\View.php(213): CodeIgniter\View\View->CodeIgniter\View\{closure}()
#3 C:\xampp\htdocs\fooddelivery\system\Common.php(1089): CodeIgniter\View\View->render('Admin/Produtos/...', Array, true)
#4 C:\xampp\htdocs\fooddelivery\app\Controllers\Admin\Produtos.php(39): view('Admin/Produtos/...', Array)
#5 C:\xampp\htdocs\fooddelivery\system\CodeIgniter.php(832): App\Controllers\Admin\Produtos->index()
#6 C:\xampp\htdocs\fooddelivery\system\CodeIgniter.php(419): CodeIgniter\CodeIgniter->runController(Object(App\Controllers\Admin\Produtos))
#7 C:\xampp\htdocs\fooddelivery\system\CodeIgniter.php(326): CodeIgniter\CodeIgniter->handleRequest(NULL, Object(Config\Cache), false)
#8 C:\xampp\htdocs\fooddelivery\public\index.php(37): CodeIgniter\CodeIgniter->run()
#9 C:\xampp\htdocs\fooddelivery\system\Commands\Server\rewrite.php(43): require_once('C:\\xampp\\htdocs...')
#10 {main}
CRITICAL - 2023-03-05 13:15:31 --> finfo::file(C:\xampp\htdocs\fooddelivery\writable\uploads/produtos/1652700632_3047adb82e800c4429b9.jfif): failed to open stream: No such file or directory
#0 [internal function]: CodeIgniter\Debug\Exceptions->errorHandler(2, 'finfo::file(C:\\...', 'C:\\xampp\\htdocs...', 248, Array)
#1 C:\xampp\htdocs\fooddelivery\app\Controllers\Admin\Produtos.php(248): finfo->file('C:\\xampp\\htdocs...')
#2 C:\xampp\htdocs\fooddelivery\system\CodeIgniter.php(832): App\Controllers\Admin\Produtos->imagem('1652700632_3047...')
#3 C:\xampp\htdocs\fooddelivery\system\CodeIgniter.php(419): CodeIgniter\CodeIgniter->runController(Object(App\Controllers\Admin\Produtos))
#4 C:\xampp\htdocs\fooddelivery\system\CodeIgniter.php(326): CodeIgniter\CodeIgniter->handleRequest(NULL, Object(Config\Cache), false)
#5 C:\xampp\htdocs\fooddelivery\public\index.php(37): CodeIgniter\CodeIgniter->run()
#6 C:\xampp\htdocs\fooddelivery\system\Commands\Server\rewrite.php(43): require_once('C:\\xampp\\htdocs...')
#7 {main}
CRITICAL - 2023-03-05 15:04:08 --> Undefined variable: categorias
#0 C:\xampp\htdocs\fooddelivery\app\Views\Admin\Produtos\index.php(557): CodeIgniter\Debug\Exceptions->errorHandler(8, 'Undefined varia...', 'C:\\xampp\\htdocs...', 557, Array)
#1 C:\xampp\htdocs\fooddelivery\system\View\View.php(210): include('C:\\xampp\\htdocs...')
#2 C:\xampp\htdocs\fooddelivery\system\View\View.php(213): CodeIgniter\View\View->CodeIgniter\View\{closure}()
#3 C:\xampp\htdocs\fooddelivery\system\Common.php(1089): CodeIgniter\View\View->render('Admin/Produtos/...', Array, true)
#4 C:\xampp\htdocs\fooddelivery\app\Controllers\Admin\Produtos.php(39): view('Admin/Produtos/...', Array)
#5 C:\xampp\htdocs\fooddelivery\system\CodeIgniter.php(832): App\Controllers\Admin\Produtos->index()
#6 C:\xampp\htdocs\fooddelivery\system\CodeIgniter.php(419): CodeIgniter\CodeIgniter->runController(Object(App\Controllers\Admin\Produtos))
#7 C:\xampp\htdocs\fooddelivery\system\CodeIgniter.php(326): CodeIgniter\CodeIgniter->handleRequest(NULL, Object(Config\Cache), false)
#8 C:\xampp\htdocs\fooddelivery\public\index.php(37): CodeIgniter\CodeIgniter->run()
#9 C:\xampp\htdocs\fooddelivery\system\Commands\Server\rewrite.php(43): require_once('C:\\xampp\\htdocs...')
#10 {main}
CRITICAL - 2023-03-05 15:04:39 --> Undefined variable: categorias
#0 C:\xampp\htdocs\fooddelivery\app\Views\Admin\Produtos\index.php(557): CodeIgniter\Debug\Exceptions->errorHandler(8, 'Undefined varia...', 'C:\\xampp\\htdocs...', 557, Array)
#1 C:\xampp\htdocs\fooddelivery\system\View\View.php(210): include('C:\\xampp\\htdocs...')
#2 C:\xampp\htdocs\fooddelivery\system\View\View.php(213): CodeIgniter\View\View->CodeIgniter\View\{closure}()
#3 C:\xampp\htdocs\fooddelivery\system\Common.php(1089): CodeIgniter\View\View->render('Admin/Produtos/...', Array, true)
#4 C:\xampp\htdocs\fooddelivery\app\Controllers\Admin\Produtos.php(39): view('Admin/Produtos/...', Array)
#5 C:\xampp\htdocs\fooddelivery\system\CodeIgniter.php(832): App\Controllers\Admin\Produtos->index()
#6 C:\xampp\htdocs\fooddelivery\system\CodeIgniter.php(419): CodeIgniter\CodeIgniter->runController(Object(App\Controllers\Admin\Produtos))
#7 C:\xampp\htdocs\fooddelivery\system\CodeIgniter.php(326): CodeIgniter\CodeIgniter->handleRequest(NULL, Object(Config\Cache), false)
#8 C:\xampp\htdocs\fooddelivery\public\index.php(37): CodeIgniter\CodeIgniter->run()
#9 C:\xampp\htdocs\fooddelivery\system\Commands\Server\rewrite.php(43): require_once('C:\\xampp\\htdocs...')
#10 {main}
CRITICAL - 2023-03-05 15:07:12 --> Undefined variable: categorias
#0 C:\xampp\htdocs\fooddelivery\app\Views\Admin\Produtos\index.php(557): CodeIgniter\Debug\Exceptions->errorHandler(8, 'Undefined varia...', 'C:\\xampp\\htdocs...', 557, Array)
#1 C:\xampp\htdocs\fooddelivery\system\View\View.php(210): include('C:\\xampp\\htdocs...')
#2 C:\xampp\htdocs\fooddelivery\system\View\View.php(213): CodeIgniter\View\View->CodeIgniter\View\{closure}()
#3 C:\xampp\htdocs\fooddelivery\system\Common.php(1089): CodeIgniter\View\View->render('Admin/Produtos/...', Array, true)
#4 C:\xampp\htdocs\fooddelivery\app\Controllers\Admin\Produtos.php(39): view('Admin/Produtos/...', Array)
#5 C:\xampp\htdocs\fooddelivery\system\CodeIgniter.php(832): App\Controllers\Admin\Produtos->index()
#6 C:\xampp\htdocs\fooddelivery\system\CodeIgniter.php(419): CodeIgniter\CodeIgniter->runController(Object(App\Controllers\Admin\Produtos))
#7 C:\xampp\htdocs\fooddelivery\system\CodeIgniter.php(326): CodeIgniter\CodeIgniter->handleRequest(NULL, Object(Config\Cache), false)
#8 C:\xampp\htdocs\fooddelivery\public\index.php(37): CodeIgniter\CodeIgniter->run()
#9 C:\xampp\htdocs\fooddelivery\system\Commands\Server\rewrite.php(43): require_once('C:\\xampp\\htdocs...')
#10 {main}
CRITICAL - 2023-03-05 15:07:21 --> Undefined variable: categorias
#0 C:\xampp\htdocs\fooddelivery\app\Views\Admin\Produtos\index.php(557): CodeIgniter\Debug\Exceptions->errorHandler(8, 'Undefined varia...', 'C:\\xampp\\htdocs...', 557, Array)
#1 C:\xampp\htdocs\fooddelivery\system\View\View.php(210): include('C:\\xampp\\htdocs...')
#2 C:\xampp\htdocs\fooddelivery\system\View\View.php(213): CodeIgniter\View\View->CodeIgniter\View\{closure}()
#3 C:\xampp\htdocs\fooddelivery\system\Common.php(1089): CodeIgniter\View\View->render('Admin/Produtos/...', Array, true)
#4 C:\xampp\htdocs\fooddelivery\app\Controllers\Admin\Produtos.php(39): view('Admin/Produtos/...', Array)
#5 C:\xampp\htdocs\fooddelivery\system\CodeIgniter.php(832): App\Controllers\Admin\Produtos->index()
#6 C:\xampp\htdocs\fooddelivery\system\CodeIgniter.php(419): CodeIgniter\CodeIgniter->runController(Object(App\Controllers\Admin\Produtos))
#7 C:\xampp\htdocs\fooddelivery\system\CodeIgniter.php(326): CodeIgniter\CodeIgniter->handleRequest(NULL, Object(Config\Cache), false)
#8 C:\xampp\htdocs\fooddelivery\public\index.php(37): CodeIgniter\CodeIgniter->run()
#9 C:\xampp\htdocs\fooddelivery\system\Commands\Server\rewrite.php(43): require_once('C:\\xampp\\htdocs...')
#10 {main}
CRITICAL - 2023-03-05 15:12:44 --> Undefined variable: categorias
#0 C:\xampp\htdocs\fooddelivery\app\Views\Admin\Produtos\index.php(557): CodeIgniter\Debug\Exceptions->errorHandler(8, 'Undefined varia...', 'C:\\xampp\\htdocs...', 557, Array)
#1 C:\xampp\htdocs\fooddelivery\system\View\View.php(210): include('C:\\xampp\\htdocs...')
#2 C:\xampp\htdocs\fooddelivery\system\View\View.php(213): CodeIgniter\View\View->CodeIgniter\View\{closure}()
#3 C:\xampp\htdocs\fooddelivery\system\Common.php(1089): CodeIgniter\View\View->render('Admin/Produtos/...', Array, true)
#4 C:\xampp\htdocs\fooddelivery\app\Controllers\Admin\Produtos.php(39): view('Admin/Produtos/...', Array)
#5 C:\xampp\htdocs\fooddelivery\system\CodeIgniter.php(832): App\Controllers\Admin\Produtos->index()
#6 C:\xampp\htdocs\fooddelivery\system\CodeIgniter.php(419): CodeIgniter\CodeIgniter->runController(Object(App\Controllers\Admin\Produtos))
#7 C:\xampp\htdocs\fooddelivery\system\CodeIgniter.php(326): CodeIgniter\CodeIgniter->handleRequest(NULL, Object(Config\Cache), false)
#8 C:\xampp\htdocs\fooddelivery\public\index.php(37): CodeIgniter\CodeIgniter->run()
#9 C:\xampp\htdocs\fooddelivery\system\Commands\Server\rewrite.php(43): require_once('C:\\xampp\\htdocs...')
#10 {main}
CRITICAL - 2023-03-05 15:12:53 --> Undefined variable: categorias
#0 C:\xampp\htdocs\fooddelivery\app\Views\Admin\Produtos\index.php(557): CodeIgniter\Debug\Exceptions->errorHandler(8, 'Undefined varia...', 'C:\\xampp\\htdocs...', 557, Array)
#1 C:\xampp\htdocs\fooddelivery\system\View\View.php(210): include('C:\\xampp\\htdocs...')
#2 C:\xampp\htdocs\fooddelivery\system\View\View.php(213): CodeIgniter\View\View->CodeIgniter\View\{closure}()
#3 C:\xampp\htdocs\fooddelivery\system\Common.php(1089): CodeIgniter\View\View->render('Admin/Produtos/...', Array, true)
#4 C:\xampp\htdocs\fooddelivery\app\Controllers\Admin\Produtos.php(39): view('Admin/Produtos/...', Array)
#5 C:\xampp\htdocs\fooddelivery\system\CodeIgniter.php(832): App\Controllers\Admin\Produtos->index()
#6 C:\xampp\htdocs\fooddelivery\system\CodeIgniter.php(419): CodeIgniter\CodeIgniter->runController(Object(App\Controllers\Admin\Produtos))
#7 C:\xampp\htdocs\fooddelivery\system\CodeIgniter.php(326): CodeIgniter\CodeIgniter->handleRequest(NULL, Object(Config\Cache), false)
#8 C:\xampp\htdocs\fooddelivery\public\index.php(37): CodeIgniter\CodeIgniter->run()
#9 C:\xampp\htdocs\fooddelivery\system\Commands\Server\rewrite.php(43): require_once('C:\\xampp\\htdocs...')
#10 {main}
CRITICAL - 2023-03-05 15:13:42 --> Undefined variable: categorias
#0 C:\xampp\htdocs\fooddelivery\app\Views\Admin\Produtos\index.php(540): CodeIgniter\Debug\Exceptions->errorHandler(8, 'Undefined varia...', 'C:\\xampp\\htdocs...', 540, Array)
#1 C:\xampp\htdocs\fooddelivery\system\View\View.php(210): include('C:\\xampp\\htdocs...')
#2 C:\xampp\htdocs\fooddelivery\system\View\View.php(213): CodeIgniter\View\View->CodeIgniter\View\{closure}()
#3 C:\xampp\htdocs\fooddelivery\system\Common.php(1089): CodeIgniter\View\View->render('Admin/Produtos/...', Array, true)
#4 C:\xampp\htdocs\fooddelivery\app\Controllers\Admin\Produtos.php(39): view('Admin/Produtos/...', Array)
#5 C:\xampp\htdocs\fooddelivery\system\CodeIgniter.php(832): App\Controllers\Admin\Produtos->index()
#6 C:\xampp\htdocs\fooddelivery\system\CodeIgniter.php(419): CodeIgniter\CodeIgniter->runController(Object(App\Controllers\Admin\Produtos))
#7 C:\xampp\htdocs\fooddelivery\system\CodeIgniter.php(326): CodeIgniter\CodeIgniter->handleRequest(NULL, Object(Config\Cache), false)
#8 C:\xampp\htdocs\fooddelivery\public\index.php(37): CodeIgniter\CodeIgniter->run()
#9 C:\xampp\htdocs\fooddelivery\system\Commands\Server\rewrite.php(43): require_once('C:\\xampp\\htdocs...')
#10 {main}
ERROR - 2023-03-05 15:30:35 --> Email: sendWithMail throwed mail(): Failed to connect to mailserver at &quot;localhost&quot; port 25, verify your &quot;SMTP&quot; and &quot;smtp_port&quot; setting in php.ini or use ini_set()
CRITICAL - 2023-03-05 15:32:17 --> Undefined index: entregador_id
#0 C:\xampp\htdocs\fooddelivery\app\Controllers\Admin\Pedidos.php(113): CodeIgniter\Debug\Exceptions->errorHandler(8, 'Undefined index...', 'C:\\xampp\\htdocs...', 113, Array)
#1 C:\xampp\htdocs\fooddelivery\system\CodeIgniter.php(832): App\Controllers\Admin\Pedidos->atualizar('10784539')
#2 C:\xampp\htdocs\fooddelivery\system\CodeIgniter.php(419): CodeIgniter\CodeIgniter->runController(Object(App\Controllers\Admin\Pedidos))
#3 C:\xampp\htdocs\fooddelivery\system\CodeIgniter.php(326): CodeIgniter\CodeIgniter->handleRequest(NULL, Object(Config\Cache), false)
#4 C:\xampp\htdocs\fooddelivery\public\index.php(37): CodeIgniter\CodeIgniter->run()
#5 C:\xampp\htdocs\fooddelivery\system\Commands\Server\rewrite.php(43): require_once('C:\\xampp\\htdocs...')
#6 {main}
ERROR - 2023-03-05 15:32:51 --> Email: sendWithMail throwed mail(): Failed to connect to mailserver at &quot;localhost&quot; port 25, verify your &quot;SMTP&quot; and &quot;smtp_port&quot; setting in php.ini or use ini_set()
ERROR - 2023-03-05 15:35:27 --> Email: sendWithMail throwed mail(): Failed to connect to mailserver at &quot;localhost&quot; port 25, verify your &quot;SMTP&quot; and &quot;smtp_port&quot; setting in php.ini or use ini_set()
CRITICAL - 2023-03-05 15:39:15 --> Call to a member function paginate() on array
#0 C:\xampp\htdocs\fooddelivery\system\CodeIgniter.php(832): App\Controllers\Admin\Pedidos->index()
#1 C:\xampp\htdocs\fooddelivery\system\CodeIgniter.php(419): CodeIgniter\CodeIgniter->runController(Object(App\Controllers\Admin\Pedidos))
#2 C:\xampp\htdocs\fooddelivery\system\CodeIgniter.php(326): CodeIgniter\CodeIgniter->handleRequest(NULL, Object(Config\Cache), false)
#3 C:\xampp\htdocs\fooddelivery\public\index.php(37): CodeIgniter\CodeIgniter->run()
#4 C:\xampp\htdocs\fooddelivery\system\Commands\Server\rewrite.php(43): require_once('C:\\xampp\\htdocs...')
#5 {main}
ERROR - 2023-03-05 15:43:19 --> Field 'telefone' doesn't have a default value
CRITICAL - 2023-03-05 15:43:19 --> Field 'telefone' doesn't have a default value
#0 C:\xampp\htdocs\fooddelivery\system\Database\MySQLi\Connection.php(292): mysqli->query('INSERT INTO `us...', 0)
#1 C:\xampp\htdocs\fooddelivery\system\Database\BaseConnection.php(670): CodeIgniter\Database\MySQLi\Connection->execute('INSERT INTO `us...')
#2 C:\xampp\htdocs\fooddelivery\system\Database\BaseConnection.php(598): CodeIgniter\Database\BaseConnection->simpleQuery('INSERT INTO `us...')
#3 C:\xampp\htdocs\fooddelivery\system\Database\BaseBuilder.php(1771): CodeIgniter\Database\BaseConnection->query('INSERT INTO `us...', Array, false)
#4 C:\xampp\htdocs\fooddelivery\system\Model.php(239): CodeIgniter\Database\BaseBuilder->insert()
#5 C:\xampp\htdocs\fooddelivery\system\BaseModel.php(738): CodeIgniter\Model->doInsert(Array)
#6 C:\xampp\htdocs\fooddelivery\system\Model.php(625): CodeIgniter\BaseModel->insert(Array, true)
#7 C:\xampp\htdocs\fooddelivery\app\Controllers\Registrar.php(34): CodeIgniter\Model->insert(Object(App\Entities\Usuario))
#8 C:\xampp\htdocs\fooddelivery\system\CodeIgniter.php(832): App\Controllers\Registrar->criar()
#9 C:\xampp\htdocs\fooddelivery\system\CodeIgniter.php(419): CodeIgniter\CodeIgniter->runController(Object(App\Controllers\Registrar))
#10 C:\xampp\htdocs\fooddelivery\system\CodeIgniter.php(326): CodeIgniter\CodeIgniter->handleRequest(NULL, Object(Config\Cache), false)
#11 C:\xampp\htdocs\fooddelivery\public\index.php(37): CodeIgniter\CodeIgniter->run()
#12 C:\xampp\htdocs\fooddelivery\system\Commands\Server\rewrite.php(43): require_once('C:\\xampp\\htdocs...')
#13 {main}
ERROR - 2023-03-05 16:49:01 --> Incorrect decimal value: '' for column `delivery`.`extras`.`preco` at row 1
CRITICAL - 2023-03-05 16:49:01 --> Incorrect decimal value: '' for column `delivery`.`extras`.`preco` at row 1
#0 C:\xampp\htdocs\fooddelivery\system\Database\MySQLi\Connection.php(292): mysqli->query('INSERT INTO `ex...', 0)
#1 C:\xampp\htdocs\fooddelivery\system\Database\BaseConnection.php(670): CodeIgniter\Database\MySQLi\Connection->execute('INSERT INTO `ex...')
#2 C:\xampp\htdocs\fooddelivery\system\Database\BaseConnection.php(598): CodeIgniter\Database\BaseConnection->simpleQuery('INSERT INTO `ex...')
#3 C:\xampp\htdocs\fooddelivery\system\Database\BaseBuilder.php(1771): CodeIgniter\Database\BaseConnection->query('INSERT INTO `ex...', Array, false)
#4 C:\xampp\htdocs\fooddelivery\system\Model.php(239): CodeIgniter\Database\BaseBuilder->insert()
#5 C:\xampp\htdocs\fooddelivery\system\BaseModel.php(738): CodeIgniter\Model->doInsert(Array)
#6 C:\xampp\htdocs\fooddelivery\system\Model.php(625): CodeIgniter\BaseModel->insert(Array, false)
#7 C:\xampp\htdocs\fooddelivery\system\BaseModel.php(658): CodeIgniter\Model->insert(Object(App\Entities\Extra), false)
#8 C:\xampp\htdocs\fooddelivery\app\Controllers\Admin\Extras.php(66): CodeIgniter\BaseModel->save(Object(App\Entities\Extra))
#9 C:\xampp\htdocs\fooddelivery\system\CodeIgniter.php(832): App\Controllers\Admin\Extras->cadastrar()
#10 C:\xampp\htdocs\fooddelivery\system\CodeIgniter.php(419): CodeIgniter\CodeIgniter->runController(Object(App\Controllers\Admin\Extras))
#11 C:\xampp\htdocs\fooddelivery\system\CodeIgniter.php(326): CodeIgniter\CodeIgniter->handleRequest(NULL, Object(Config\Cache), false)
#12 C:\xampp\htdocs\fooddelivery\public\index.php(37): CodeIgniter\CodeIgniter->run()
#13 C:\xampp\htdocs\fooddelivery\system\Commands\Server\rewrite.php(43): require_once('C:\\xampp\\htdocs...')
#14 {main}
ERROR - 2023-03-05 16:49:18 --> Incorrect decimal value: '' for column `delivery`.`extras`.`preco` at row 1
CRITICAL - 2023-03-05 16:49:18 --> Incorrect decimal value: '' for column `delivery`.`extras`.`preco` at row 1
#0 C:\xampp\htdocs\fooddelivery\system\Database\MySQLi\Connection.php(292): mysqli->query('INSERT INTO `ex...', 0)
#1 C:\xampp\htdocs\fooddelivery\system\Database\BaseConnection.php(670): CodeIgniter\Database\MySQLi\Connection->execute('INSERT INTO `ex...')
#2 C:\xampp\htdocs\fooddelivery\system\Database\BaseConnection.php(598): CodeIgniter\Database\BaseConnection->simpleQuery('INSERT INTO `ex...')
#3 C:\xampp\htdocs\fooddelivery\system\Database\BaseBuilder.php(1771): CodeIgniter\Database\BaseConnection->query('INSERT INTO `ex...', Array, false)
#4 C:\xampp\htdocs\fooddelivery\system\Model.php(239): CodeIgniter\Database\BaseBuilder->insert()
#5 C:\xampp\htdocs\fooddelivery\system\BaseModel.php(738): CodeIgniter\Model->doInsert(Array)
#6 C:\xampp\htdocs\fooddelivery\system\Model.php(625): CodeIgniter\BaseModel->insert(Array, false)
#7 C:\xampp\htdocs\fooddelivery\system\BaseModel.php(658): CodeIgniter\Model->insert(Object(App\Entities\Extra), false)
#8 C:\xampp\htdocs\fooddelivery\app\Controllers\Admin\Extras.php(66): CodeIgniter\BaseModel->save(Object(App\Entities\Extra))
#9 C:\xampp\htdocs\fooddelivery\system\CodeIgniter.php(832): App\Controllers\Admin\Extras->cadastrar()
#10 C:\xampp\htdocs\fooddelivery\system\CodeIgniter.php(419): CodeIgniter\CodeIgniter->runController(Object(App\Controllers\Admin\Extras))
#11 C:\xampp\htdocs\fooddelivery\system\CodeIgniter.php(326): CodeIgniter\CodeIgniter->handleRequest(NULL, Object(Config\Cache), false)
#12 C:\xampp\htdocs\fooddelivery\public\index.php(37): CodeIgniter\CodeIgniter->run()
#13 C:\xampp\htdocs\fooddelivery\system\Commands\Server\rewrite.php(43): require_once('C:\\xampp\\htdocs...')
#14 {main}
ERROR - 2023-03-05 16:49:37 --> Incorrect decimal value: '' for column `delivery`.`extras`.`preco` at row 1
CRITICAL - 2023-03-05 16:49:37 --> Incorrect decimal value: '' for column `delivery`.`extras`.`preco` at row 1
#0 C:\xampp\htdocs\fooddelivery\system\Database\MySQLi\Connection.php(292): mysqli->query('INSERT INTO `ex...', 0)
#1 C:\xampp\htdocs\fooddelivery\system\Database\BaseConnection.php(670): CodeIgniter\Database\MySQLi\Connection->execute('INSERT INTO `ex...')
#2 C:\xampp\htdocs\fooddelivery\system\Database\BaseConnection.php(598): CodeIgniter\Database\BaseConnection->simpleQuery('INSERT INTO `ex...')
#3 C:\xampp\htdocs\fooddelivery\system\Database\BaseBuilder.php(1771): CodeIgniter\Database\BaseConnection->query('INSERT INTO `ex...', Array, false)
#4 C:\xampp\htdocs\fooddelivery\system\Model.php(239): CodeIgniter\Database\BaseBuilder->insert()
#5 C:\xampp\htdocs\fooddelivery\system\BaseModel.php(738): CodeIgniter\Model->doInsert(Array)
#6 C:\xampp\htdocs\fooddelivery\system\Model.php(625): CodeIgniter\BaseModel->insert(Array, false)
#7 C:\xampp\htdocs\fooddelivery\system\BaseModel.php(658): CodeIgniter\Model->insert(Object(App\Entities\Extra), false)
#8 C:\xampp\htdocs\fooddelivery\app\Controllers\Admin\Extras.php(66): CodeIgniter\BaseModel->save(Object(App\Entities\Extra))
#9 C:\xampp\htdocs\fooddelivery\system\CodeIgniter.php(832): App\Controllers\Admin\Extras->cadastrar()
#10 C:\xampp\htdocs\fooddelivery\system\CodeIgniter.php(419): CodeIgniter\CodeIgniter->runController(Object(App\Controllers\Admin\Extras))
#11 C:\xampp\htdocs\fooddelivery\system\CodeIgniter.php(326): CodeIgniter\CodeIgniter->handleRequest(NULL, Object(Config\Cache), false)
#12 C:\xampp\htdocs\fooddelivery\public\index.php(37): CodeIgniter\CodeIgniter->run()
#13 C:\xampp\htdocs\fooddelivery\system\Commands\Server\rewrite.php(43): require_once('C:\\xampp\\htdocs...')
#14 {main}
ERROR - 2023-03-05 16:50:27 --> Incorrect decimal value: '' for column `delivery`.`extras`.`preco` at row 1
CRITICAL - 2023-03-05 16:50:27 --> Incorrect decimal value: '' for column `delivery`.`extras`.`preco` at row 1
#0 C:\xampp\htdocs\fooddelivery\system\Database\MySQLi\Connection.php(292): mysqli->query('INSERT INTO `ex...', 0)
#1 C:\xampp\htdocs\fooddelivery\system\Database\BaseConnection.php(670): CodeIgniter\Database\MySQLi\Connection->execute('INSERT INTO `ex...')
#2 C:\xampp\htdocs\fooddelivery\system\Database\BaseConnection.php(598): CodeIgniter\Database\BaseConnection->simpleQuery('INSERT INTO `ex...')
#3 C:\xampp\htdocs\fooddelivery\system\Database\BaseBuilder.php(1771): CodeIgniter\Database\BaseConnection->query('INSERT INTO `ex...', Array, false)
#4 C:\xampp\htdocs\fooddelivery\system\Model.php(239): CodeIgniter\Database\BaseBuilder->insert()
#5 C:\xampp\htdocs\fooddelivery\system\BaseModel.php(738): CodeIgniter\Model->doInsert(Array)
#6 C:\xampp\htdocs\fooddelivery\system\Model.php(625): CodeIgniter\BaseModel->insert(Array, false)
#7 C:\xampp\htdocs\fooddelivery\system\BaseModel.php(658): CodeIgniter\Model->insert(Object(App\Entities\Extra), false)
#8 C:\xampp\htdocs\fooddelivery\app\Controllers\Admin\Extras.php(66): CodeIgniter\BaseModel->save(Object(App\Entities\Extra))
#9 C:\xampp\htdocs\fooddelivery\system\CodeIgniter.php(832): App\Controllers\Admin\Extras->cadastrar()
#10 C:\xampp\htdocs\fooddelivery\system\CodeIgniter.php(419): CodeIgniter\CodeIgniter->runController(Object(App\Controllers\Admin\Extras))
#11 C:\xampp\htdocs\fooddelivery\system\CodeIgniter.php(326): CodeIgniter\CodeIgniter->handleRequest(NULL, Object(Config\Cache), false)
#12 C:\xampp\htdocs\fooddelivery\public\index.php(37): CodeIgniter\CodeIgniter->run()
#13 C:\xampp\htdocs\fooddelivery\system\Commands\Server\rewrite.php(43): require_once('C:\\xampp\\htdocs...')
#14 {main}
ERROR - 2023-03-05 18:00:04 --> Error connecting to the database: Access denied for user '****'@'localhost' (using password: YES)
CRITICAL - 2023-03-05 18:00:04 --> Unable to connect to the database.
Main connection [MySQLi]: Access denied for user '****'@'localhost' (using password: YES)
#0 C:\xampp\htdocs\fooddelivery\system\Database\BaseConnection.php(577): CodeIgniter\Database\BaseConnection->initialize()
#1 C:\xampp\htdocs\fooddelivery\system\Database\BaseBuilder.php(1455): CodeIgniter\Database\BaseConnection->query('SELECT *\nFROM `...', Array, false)
#2 C:\xampp\htdocs\fooddelivery\system\Model.php(142): CodeIgniter\Database\BaseBuilder->get()
#3 C:\xampp\htdocs\fooddelivery\system\BaseModel.php(523): CodeIgniter\Model->doFind(true, '1')
#4 C:\xampp\htdocs\fooddelivery\app\Libraries\Autenticacao.php(81): CodeIgniter\BaseModel->find('1')
#5 C:\xampp\htdocs\fooddelivery\app\Libraries\Autenticacao.php(51): App\Libraries\Autenticacao->pegaUsuarioDaSessao()
#6 C:\xampp\htdocs\fooddelivery\app\Libraries\Autenticacao.php(67): App\Libraries\Autenticacao->pegaUsuarioLogado()
#7 C:\xampp\htdocs\fooddelivery\app\Filters\LoginFilter.php(28): App\Libraries\Autenticacao->estaLogado()
#8 C:\xampp\htdocs\fooddelivery\system\Filters\Filters.php(173): App\Filters\LoginFilter->before(Object(CodeIgniter\HTTP\IncomingRequest), NULL)
#9 C:\xampp\htdocs\fooddelivery\system\CodeIgniter.php(393): CodeIgniter\Filters\Filters->run('admin/categoria...', 'before')
#10 C:\xampp\htdocs\fooddelivery\system\CodeIgniter.php(326): CodeIgniter\CodeIgniter->handleRequest(NULL, Object(Config\Cache), false)
#11 C:\xampp\htdocs\fooddelivery\public\index.php(37): CodeIgniter\CodeIgniter->run()
#12 C:\xampp\htdocs\fooddelivery\system\Commands\Server\rewrite.php(43): require_once('C:\\xampp\\htdocs...')
#13 {main}
CRITICAL - 2023-03-05 18:11:44 --> Undefined variable: pedido
#0 C:\xampp\htdocs\fooddelivery\app\Views\Admin\Home\index.php(131): CodeIgniter\Debug\Exceptions->errorHandler(8, 'Undefined varia...', 'C:\\xampp\\htdocs...', 131, Array)
#1 C:\xampp\htdocs\fooddelivery\system\View\View.php(210): include('C:\\xampp\\htdocs...')
#2 C:\xampp\htdocs\fooddelivery\system\View\View.php(213): CodeIgniter\View\View->CodeIgniter\View\{closure}()
#3 C:\xampp\htdocs\fooddelivery\system\Common.php(1089): CodeIgniter\View\View->render('Admin/Home/inde...', Array, true)
#4 C:\xampp\htdocs\fooddelivery\app\Controllers\Admin\Home.php(41): view('Admin/Home/inde...', Array)
#5 C:\xampp\htdocs\fooddelivery\system\CodeIgniter.php(832): App\Controllers\Admin\Home->index()
#6 C:\xampp\htdocs\fooddelivery\system\CodeIgniter.php(419): CodeIgniter\CodeIgniter->runController(Object(App\Controllers\Admin\Home))
#7 C:\xampp\htdocs\fooddelivery\system\CodeIgniter.php(326): CodeIgniter\CodeIgniter->handleRequest(NULL, Object(Config\Cache), false)
#8 C:\xampp\htdocs\fooddelivery\public\index.php(37): CodeIgniter\CodeIgniter->run()
#9 C:\xampp\htdocs\fooddelivery\system\Commands\Server\rewrite.php(43): require_once('C:\\xampp\\htdocs...')
#10 {main}
CRITICAL - 2023-03-05 18:23:23 --> Undefined variable: pedido
#0 C:\xampp\htdocs\fooddelivery\app\Views\Admin\Home\index.php(131): CodeIgniter\Debug\Exceptions->errorHandler(8, 'Undefined varia...', 'C:\\xampp\\htdocs...', 131, Array)
#1 C:\xampp\htdocs\fooddelivery\system\View\View.php(210): include('C:\\xampp\\htdocs...')
#2 C:\xampp\htdocs\fooddelivery\system\View\View.php(213): CodeIgniter\View\View->CodeIgniter\View\{closure}()
#3 C:\xampp\htdocs\fooddelivery\system\Common.php(1089): CodeIgniter\View\View->render('Admin/Home/inde...', Array, true)
#4 C:\xampp\htdocs\fooddelivery\app\Controllers\Admin\Home.php(41): view('Admin/Home/inde...', Array)
#5 C:\xampp\htdocs\fooddelivery\system\CodeIgniter.php(832): App\Controllers\Admin\Home->index()
#6 C:\xampp\htdocs\fooddelivery\system\CodeIgniter.php(419): CodeIgniter\CodeIgniter->runController(Object(App\Controllers\Admin\Home))
#7 C:\xampp\htdocs\fooddelivery\system\CodeIgniter.php(326): CodeIgniter\CodeIgniter->handleRequest(NULL, Object(Config\Cache), false)
#8 C:\xampp\htdocs\fooddelivery\public\index.php(37): CodeIgniter\CodeIgniter->run()
#9 C:\xampp\htdocs\fooddelivery\system\Commands\Server\rewrite.php(43): require_once('C:\\xampp\\htdocs...')
#10 {main}
CRITICAL - 2023-03-05 18:25:38 --> Undefined variable: pedido
#0 C:\xampp\htdocs\fooddelivery\app\Views\Admin\Home\index.php(131): CodeIgniter\Debug\Exceptions->errorHandler(8, 'Undefined varia...', 'C:\\xampp\\htdocs...', 131, Array)
#1 C:\xampp\htdocs\fooddelivery\system\View\View.php(210): include('C:\\xampp\\htdocs...')
#2 C:\xampp\htdocs\fooddelivery\system\View\View.php(213): CodeIgniter\View\View->CodeIgniter\View\{closure}()
#3 C:\xampp\htdocs\fooddelivery\system\Common.php(1089): CodeIgniter\View\View->render('Admin/Home/inde...', Array, true)
#4 C:\xampp\htdocs\fooddelivery\app\Controllers\Admin\Home.php(41): view('Admin/Home/inde...', Array)
#5 C:\xampp\htdocs\fooddelivery\system\CodeIgniter.php(832): App\Controllers\Admin\Home->index()
#6 C:\xampp\htdocs\fooddelivery\system\CodeIgniter.php(419): CodeIgniter\CodeIgniter->runController(Object(App\Controllers\Admin\Home))
#7 C:\xampp\htdocs\fooddelivery\system\CodeIgniter.php(326): CodeIgniter\CodeIgniter->handleRequest(NULL, Object(Config\Cache), false)
#8 C:\xampp\htdocs\fooddelivery\public\index.php(37): CodeIgniter\CodeIgniter->run()
#9 C:\xampp\htdocs\fooddelivery\system\Commands\Server\rewrite.php(43): require_once('C:\\xampp\\htdocs...')
#10 {main}
ERROR - 2023-03-05 18:31:48 --> Email: sendWithMail throwed mail(): Failed to connect to mailserver at &quot;localhost&quot; port 25, verify your &quot;SMTP&quot; and &quot;smtp_port&quot; setting in php.ini or use ini_set()
CRITICAL - 2023-03-05 18:32:14 --> Undefined index: entregador_id
#0 C:\xampp\htdocs\fooddelivery\app\Controllers\Admin\Pedidos.php(114): CodeIgniter\Debug\Exceptions->errorHandler(8, 'Undefined index...', 'C:\\xampp\\htdocs...', 114, Array)
#1 C:\xampp\htdocs\fooddelivery\system\CodeIgniter.php(832): App\Controllers\Admin\Pedidos->atualizar('37286094')
#2 C:\xampp\htdocs\fooddelivery\system\CodeIgniter.php(419): CodeIgniter\CodeIgniter->runController(Object(App\Controllers\Admin\Pedidos))
#3 C:\xampp\htdocs\fooddelivery\system\CodeIgniter.php(326): CodeIgniter\CodeIgniter->handleRequest(NULL, Object(Config\Cache), false)
#4 C:\xampp\htdocs\fooddelivery\public\index.php(37): CodeIgniter\CodeIgniter->run()
#5 C:\xampp\htdocs\fooddelivery\system\Commands\Server\rewrite.php(43): require_once('C:\\xampp\\htdocs...')
#6 {main}
CRITICAL - 2023-03-05 19:01:54 --> Undefined variable: pedidos
#0 C:\xampp\htdocs\fooddelivery\app\Views\Admin\Home\index.php(140): CodeIgniter\Debug\Exceptions->errorHandler(8, 'Undefined varia...', 'C:\\xampp\\htdocs...', 140, Array)
#1 C:\xampp\htdocs\fooddelivery\system\View\View.php(210): include('C:\\xampp\\htdocs...')
#2 C:\xampp\htdocs\fooddelivery\system\View\View.php(213): CodeIgniter\View\View->CodeIgniter\View\{closure}()
#3 C:\xampp\htdocs\fooddelivery\system\Common.php(1089): CodeIgniter\View\View->render('Admin/Home/inde...', Array, true)
#4 C:\xampp\htdocs\fooddelivery\app\Controllers\Admin\Home.php(41): view('Admin/Home/inde...', Array)
#5 C:\xampp\htdocs\fooddelivery\system\CodeIgniter.php(832): App\Controllers\Admin\Home->index()
#6 C:\xampp\htdocs\fooddelivery\system\CodeIgniter.php(419): CodeIgniter\CodeIgniter->runController(Object(App\Controllers\Admin\Home))
#7 C:\xampp\htdocs\fooddelivery\system\CodeIgniter.php(326): CodeIgniter\CodeIgniter->handleRequest(NULL, Object(Config\Cache), false)
#8 C:\xampp\htdocs\fooddelivery\public\index.php(37): CodeIgniter\CodeIgniter->run()
#9 C:\xampp\htdocs\fooddelivery\system\Commands\Server\rewrite.php(43): require_once('C:\\xampp\\htdocs...')
#10 {main}
ERROR - 2023-03-05 19:25:14 --> Email: sendWithMail throwed mail(): Failed to connect to mailserver at &quot;localhost&quot; port 25, verify your &quot;SMTP&quot; and &quot;smtp_port&quot; setting in php.ini or use ini_set()
ERROR - 2023-03-05 19:26:12 --> Email: sendWithMail throwed mail(): Failed to connect to mailserver at &quot;localhost&quot; port 25, verify your &quot;SMTP&quot; and &quot;smtp_port&quot; setting in php.ini or use ini_set()
CRITICAL - 2023-03-05 19:33:44 --> Undefined variable: clintesMaisAssiduos
#0 C:\xampp\htdocs\fooddelivery\app\Views\Admin\Home\index.php(350): CodeIgniter\Debug\Exceptions->errorHandler(8, 'Undefined varia...', 'C:\\xampp\\htdocs...', 350, Array)
#1 C:\xampp\htdocs\fooddelivery\system\View\View.php(210): include('C:\\xampp\\htdocs...')
#2 C:\xampp\htdocs\fooddelivery\system\View\View.php(213): CodeIgniter\View\View->CodeIgniter\View\{closure}()
#3 C:\xampp\htdocs\fooddelivery\system\Common.php(1089): CodeIgniter\View\View->render('Admin/Home/inde...', Array, true)
#4 C:\xampp\htdocs\fooddelivery\app\Controllers\Admin\Home.php(41): view('Admin/Home/inde...', Array)
#5 C:\xampp\htdocs\fooddelivery\system\CodeIgniter.php(832): App\Controllers\Admin\Home->index()
#6 C:\xampp\htdocs\fooddelivery\system\CodeIgniter.php(419): CodeIgniter\CodeIgniter->runController(Object(App\Controllers\Admin\Home))
#7 C:\xampp\htdocs\fooddelivery\system\CodeIgniter.php(326): CodeIgniter\CodeIgniter->handleRequest(NULL, Object(Config\Cache), false)
#8 C:\xampp\htdocs\fooddelivery\public\index.php(37): CodeIgniter\CodeIgniter->run()
#9 C:\xampp\htdocs\fooddelivery\system\Commands\Server\rewrite.php(43): require_once('C:\\xampp\\htdocs...')
#10 {main}
ERROR - 2023-03-05 19:37:15 --> Email: sendWithMail throwed mail(): Failed to connect to mailserver at &quot;localhost&quot; port 25, verify your &quot;SMTP&quot; and &quot;smtp_port&quot; setting in php.ini or use ini_set()
ERROR - 2023-03-05 19:50:40 --> Email: sendWithMail throwed mail(): Failed to connect to mailserver at &quot;localhost&quot; port 25, verify your &quot;SMTP&quot; and &quot;smtp_port&quot; setting in php.ini or use ini_set()
CRITICAL - 2023-03-05 20:43:35 --> Undefined variable: bairro
#0 C:\xampp\htdocs\fooddelivery\app\Views\Admin\Home\index.php(191): CodeIgniter\Debug\Exceptions->errorHandler(8, 'Undefined varia...', 'C:\\xampp\\htdocs...', 191, Array)
#1 C:\xampp\htdocs\fooddelivery\system\View\View.php(210): include('C:\\xampp\\htdocs...')
#2 C:\xampp\htdocs\fooddelivery\system\View\View.php(213): CodeIgniter\View\View->CodeIgniter\View\{closure}()
#3 C:\xampp\htdocs\fooddelivery\system\Common.php(1089): CodeIgniter\View\View->render('Admin/Home/inde...', Array, true)
#4 C:\xampp\htdocs\fooddelivery\app\Controllers\Admin\Home.php(41): view('Admin/Home/inde...', Array)
#5 C:\xampp\htdocs\fooddelivery\system\CodeIgniter.php(832): App\Controllers\Admin\Home->index()
#6 C:\xampp\htdocs\fooddelivery\system\CodeIgniter.php(419): CodeIgniter\CodeIgniter->runController(Object(App\Controllers\Admin\Home))
#7 C:\xampp\htdocs\fooddelivery\system\CodeIgniter.php(326): CodeIgniter\CodeIgniter->handleRequest(NULL, Object(Config\Cache), false)
#8 C:\xampp\htdocs\fooddelivery\public\index.php(37): CodeIgniter\CodeIgniter->run()
#9 C:\xampp\htdocs\fooddelivery\system\Commands\Server\rewrite.php(43): require_once('C:\\xampp\\htdocs...')
#10 {main}
CRITICAL - 2023-03-05 20:45:05 --> Undefined variable: bairro
#0 C:\xampp\htdocs\fooddelivery\app\Views\Admin\Home\index.php(196): CodeIgniter\Debug\Exceptions->errorHandler(8, 'Undefined varia...', 'C:\\xampp\\htdocs...', 196, Array)
#1 C:\xampp\htdocs\fooddelivery\system\View\View.php(210): include('C:\\xampp\\htdocs...')
#2 C:\xampp\htdocs\fooddelivery\system\View\View.php(213): CodeIgniter\View\View->CodeIgniter\View\{closure}()
#3 C:\xampp\htdocs\fooddelivery\system\Common.php(1089): CodeIgniter\View\View->render('Admin/Home/inde...', Array, true)
#4 C:\xampp\htdocs\fooddelivery\app\Controllers\Admin\Home.php(41): view('Admin/Home/inde...', Array)
#5 C:\xampp\htdocs\fooddelivery\system\CodeIgniter.php(832): App\Controllers\Admin\Home->index()
#6 C:\xampp\htdocs\fooddelivery\system\CodeIgniter.php(419): CodeIgniter\CodeIgniter->runController(Object(App\Controllers\Admin\Home))
#7 C:\xampp\htdocs\fooddelivery\system\CodeIgniter.php(326): CodeIgniter\CodeIgniter->handleRequest(NULL, Object(Config\Cache), false)
#8 C:\xampp\htdocs\fooddelivery\public\index.php(37): CodeIgniter\CodeIgniter->run()
#9 C:\xampp\htdocs\fooddelivery\system\Commands\Server\rewrite.php(43): require_once('C:\\xampp\\htdocs...')
#10 {main}
ERROR - 2023-03-05 21:17:46 --> Email: sendWithMail throwed mail(): Failed to connect to mailserver at &quot;localhost&quot; port 25, verify your &quot;SMTP&quot; and &quot;smtp_port&quot; setting in php.ini or use ini_set()
CRITICAL - 2023-03-05 21:20:03 --> Undefined variable: entregadores
#0 C:\xampp\htdocs\fooddelivery\app\Views\Admin\Pedidos\show.php(228): CodeIgniter\Debug\Exceptions->errorHandler(8, 'Undefined varia...', 'C:\\xampp\\htdocs...', 228, Array)
#1 C:\xampp\htdocs\fooddelivery\system\View\View.php(210): include('C:\\xampp\\htdocs...')
#2 C:\xampp\htdocs\fooddelivery\system\View\View.php(213): CodeIgniter\View\View->CodeIgniter\View\{closure}()
#3 C:\xampp\htdocs\fooddelivery\system\Common.php(1089): CodeIgniter\View\View->render('Admin/Pedidos/s...', Array, true)
#4 C:\xampp\htdocs\fooddelivery\app\Controllers\Admin\Pedidos.php(64): view('Admin/Pedidos/s...', Array)
#5 C:\xampp\htdocs\fooddelivery\system\CodeIgniter.php(832): App\Controllers\Admin\Pedidos->show('57136298')
#6 C:\xampp\htdocs\fooddelivery\system\CodeIgniter.php(419): CodeIgniter\CodeIgniter->runController(Object(App\Controllers\Admin\Pedidos))
#7 C:\xampp\htdocs\fooddelivery\system\CodeIgniter.php(326): CodeIgniter\CodeIgniter->handleRequest(NULL, Object(Config\Cache), false)
#8 C:\xampp\htdocs\fooddelivery\public\index.php(37): CodeIgniter\CodeIgniter->run()
#9 C:\xampp\htdocs\fooddelivery\system\Commands\Server\rewrite.php(43): require_once('C:\\xampp\\htdocs...')
#10 {main}
CRITICAL - 2023-03-05 21:20:03 --> Undefined variable: entregadores
#0 C:\xampp\htdocs\fooddelivery\app\Views\Admin\Pedidos\show.php(228): CodeIgniter\Debug\Exceptions->errorHandler(8, 'Undefined varia...', 'C:\\xampp\\htdocs...', 228, Array)
#1 C:\xampp\htdocs\fooddelivery\system\View\View.php(210): include('C:\\xampp\\htdocs...')
#2 C:\xampp\htdocs\fooddelivery\system\View\View.php(213): CodeIgniter\View\View->CodeIgniter\View\{closure}()
#3 C:\xampp\htdocs\fooddelivery\system\Common.php(1089): CodeIgniter\View\View->render('Admin/Pedidos/s...', Array, true)
#4 C:\xampp\htdocs\fooddelivery\app\Controllers\Admin\Pedidos.php(64): view('Admin/Pedidos/s...', Array)
#5 C:\xampp\htdocs\fooddelivery\system\CodeIgniter.php(832): App\Controllers\Admin\Pedidos->show('57136298')
#6 C:\xampp\htdocs\fooddelivery\system\CodeIgniter.php(419): CodeIgniter\CodeIgniter->runController(Object(App\Controllers\Admin\Pedidos))
#7 C:\xampp\htdocs\fooddelivery\system\CodeIgniter.php(326): CodeIgniter\CodeIgniter->handleRequest(NULL, Object(Config\Cache), false)
#8 C:\xampp\htdocs\fooddelivery\public\index.php(37): CodeIgniter\CodeIgniter->run()
#9 C:\xampp\htdocs\fooddelivery\system\Commands\Server\rewrite.php(43): require_once('C:\\xampp\\htdocs...')
#10 {main}
CRITICAL - 2023-03-05 21:20:39 --> Undefined variable: entregadores
#0 C:\xampp\htdocs\fooddelivery\app\Views\Admin\Pedidos\show.php(228): CodeIgniter\Debug\Exceptions->errorHandler(8, 'Undefined varia...', 'C:\\xampp\\htdocs...', 228, Array)
#1 C:\xampp\htdocs\fooddelivery\system\View\View.php(210): include('C:\\xampp\\htdocs...')
#2 C:\xampp\htdocs\fooddelivery\system\View\View.php(213): CodeIgniter\View\View->CodeIgniter\View\{closure}()
#3 C:\xampp\htdocs\fooddelivery\system\Common.php(1089): CodeIgniter\View\View->render('Admin/Pedidos/s...', Array, true)
#4 C:\xampp\htdocs\fooddelivery\app\Controllers\Admin\Pedidos.php(64): view('Admin/Pedidos/s...', Array)
#5 C:\xampp\htdocs\fooddelivery\system\CodeIgniter.php(832): App\Controllers\Admin\Pedidos->show('57136298')
#6 C:\xampp\htdocs\fooddelivery\system\CodeIgniter.php(419): CodeIgniter\CodeIgniter->runController(Object(App\Controllers\Admin\Pedidos))
#7 C:\xampp\htdocs\fooddelivery\system\CodeIgniter.php(326): CodeIgniter\CodeIgniter->handleRequest(NULL, Object(Config\Cache), false)
#8 C:\xampp\htdocs\fooddelivery\public\index.php(37): CodeIgniter\CodeIgniter->run()
#9 C:\xampp\htdocs\fooddelivery\system\Commands\Server\rewrite.php(43): require_once('C:\\xampp\\htdocs...')
#10 {main}
CRITICAL - 2023-03-05 21:20:40 --> Undefined variable: entregadores
#0 C:\xampp\htdocs\fooddelivery\app\Views\Admin\Pedidos\show.php(228): CodeIgniter\Debug\Exceptions->errorHandler(8, 'Undefined varia...', 'C:\\xampp\\htdocs...', 228, Array)
#1 C:\xampp\htdocs\fooddelivery\system\View\View.php(210): include('C:\\xampp\\htdocs...')
#2 C:\xampp\htdocs\fooddelivery\system\View\View.php(213): CodeIgniter\View\View->CodeIgniter\View\{closure}()
#3 C:\xampp\htdocs\fooddelivery\system\Common.php(1089): CodeIgniter\View\View->render('Admin/Pedidos/s...', Array, true)
#4 C:\xampp\htdocs\fooddelivery\app\Controllers\Admin\Pedidos.php(64): view('Admin/Pedidos/s...', Array)
#5 C:\xampp\htdocs\fooddelivery\system\CodeIgniter.php(832): App\Controllers\Admin\Pedidos->show('57136298')
#6 C:\xampp\htdocs\fooddelivery\system\CodeIgniter.php(419): CodeIgniter\CodeIgniter->runController(Object(App\Controllers\Admin\Pedidos))
#7 C:\xampp\htdocs\fooddelivery\system\CodeIgniter.php(326): CodeIgniter\CodeIgniter->handleRequest(NULL, Object(Config\Cache), false)
#8 C:\xampp\htdocs\fooddelivery\public\index.php(37): CodeIgniter\CodeIgniter->run()
#9 C:\xampp\htdocs\fooddelivery\system\Commands\Server\rewrite.php(43): require_once('C:\\xampp\\htdocs...')
#10 {main}
CRITICAL - 2023-03-05 21:20:40 --> Undefined variable: entregadores
#0 C:\xampp\htdocs\fooddelivery\app\Views\Admin\Pedidos\show.php(228): CodeIgniter\Debug\Exceptions->errorHandler(8, 'Undefined varia...', 'C:\\xampp\\htdocs...', 228, Array)
#1 C:\xampp\htdocs\fooddelivery\system\View\View.php(210): include('C:\\xampp\\htdocs...')
#2 C:\xampp\htdocs\fooddelivery\system\View\View.php(213): CodeIgniter\View\View->CodeIgniter\View\{closure}()
#3 C:\xampp\htdocs\fooddelivery\system\Common.php(1089): CodeIgniter\View\View->render('Admin/Pedidos/s...', Array, true)
#4 C:\xampp\htdocs\fooddelivery\app\Controllers\Admin\Pedidos.php(64): view('Admin/Pedidos/s...', Array)
#5 C:\xampp\htdocs\fooddelivery\system\CodeIgniter.php(832): App\Controllers\Admin\Pedidos->show('57136298')
#6 C:\xampp\htdocs\fooddelivery\system\CodeIgniter.php(419): CodeIgniter\CodeIgniter->runController(Object(App\Controllers\Admin\Pedidos))
#7 C:\xampp\htdocs\fooddelivery\system\CodeIgniter.php(326): CodeIgniter\CodeIgniter->handleRequest(NULL, Object(Config\Cache), false)
#8 C:\xampp\htdocs\fooddelivery\public\index.php(37): CodeIgniter\CodeIgniter->run()
#9 C:\xampp\htdocs\fooddelivery\system\Commands\Server\rewrite.php(43): require_once('C:\\xampp\\htdocs...')
#10 {main}
CRITICAL - 2023-03-05 21:20:51 --> Undefined variable: entregadores
#0 C:\xampp\htdocs\fooddelivery\app\Views\Admin\Pedidos\show.php(228): CodeIgniter\Debug\Exceptions->errorHandler(8, 'Undefined varia...', 'C:\\xampp\\htdocs...', 228, Array)
#1 C:\xampp\htdocs\fooddelivery\system\View\View.php(210): include('C:\\xampp\\htdocs...')
#2 C:\xampp\htdocs\fooddelivery\system\View\View.php(213): CodeIgniter\View\View->CodeIgniter\View\{closure}()
#3 C:\xampp\htdocs\fooddelivery\system\Common.php(1089): CodeIgniter\View\View->render('Admin/Pedidos/s...', Array, true)
#4 C:\xampp\htdocs\fooddelivery\app\Controllers\Admin\Pedidos.php(64): view('Admin/Pedidos/s...', Array)
#5 C:\xampp\htdocs\fooddelivery\system\CodeIgniter.php(832): App\Controllers\Admin\Pedidos->show('70318249')
#6 C:\xampp\htdocs\fooddelivery\system\CodeIgniter.php(419): CodeIgniter\CodeIgniter->runController(Object(App\Controllers\Admin\Pedidos))
#7 C:\xampp\htdocs\fooddelivery\system\CodeIgniter.php(326): CodeIgniter\CodeIgniter->handleRequest(NULL, Object(Config\Cache), false)
#8 C:\xampp\htdocs\fooddelivery\public\index.php(37): CodeIgniter\CodeIgniter->run()
#9 C:\xampp\htdocs\fooddelivery\system\Commands\Server\rewrite.php(43): require_once('C:\\xampp\\htdocs...')
#10 {main}
CRITICAL - 2023-03-05 21:39:51 --> Call to undefined function usuario_logado()
#0 C:\xampp\htdocs\fooddelivery\system\View\View.php(210): include()
#1 C:\xampp\htdocs\fooddelivery\system\View\View.php(213): CodeIgniter\View\View->CodeIgniter\View\{closure}()
#2 C:\xampp\htdocs\fooddelivery\system\View\View.php(226): CodeIgniter\View\View->render('Admin/layout/pr...', Array, true)
#3 C:\xampp\htdocs\fooddelivery\system\Common.php(1089): CodeIgniter\View\View->render('Admin/Home/inde...', Array, true)
#4 C:\xampp\htdocs\fooddelivery\app\Controllers\Admin\Home.php(41): view('Admin/Home/inde...', Array)
#5 C:\xampp\htdocs\fooddelivery\system\CodeIgniter.php(832): App\Controllers\Admin\Home->index()
#6 C:\xampp\htdocs\fooddelivery\system\CodeIgniter.php(419): CodeIgniter\CodeIgniter->runController(Object(App\Controllers\Admin\Home))
#7 C:\xampp\htdocs\fooddelivery\system\CodeIgniter.php(326): CodeIgniter\CodeIgniter->handleRequest(NULL, Object(Config\Cache), false)
#8 C:\xampp\htdocs\fooddelivery\public\index.php(37): CodeIgniter\CodeIgniter->run()
#9 C:\xampp\htdocs\fooddelivery\system\Commands\Server\rewrite.php(43): require_once('C:\\xampp\\htdocs...')
#10 {main}
CRITICAL - 2023-03-05 21:41:04 --> Call to undefined function usuario_logado()
#0 C:\xampp\htdocs\fooddelivery\system\View\View.php(210): include()
#1 C:\xampp\htdocs\fooddelivery\system\View\View.php(213): CodeIgniter\View\View->CodeIgniter\View\{closure}()
#2 C:\xampp\htdocs\fooddelivery\system\View\View.php(226): CodeIgniter\View\View->render('Admin/layout/pr...', Array, true)
#3 C:\xampp\htdocs\fooddelivery\system\Common.php(1089): CodeIgniter\View\View->render('Admin/Home/inde...', Array, true)
#4 C:\xampp\htdocs\fooddelivery\app\Controllers\Admin\Home.php(41): view('Admin/Home/inde...', Array)
#5 C:\xampp\htdocs\fooddelivery\system\CodeIgniter.php(832): App\Controllers\Admin\Home->index()
#6 C:\xampp\htdocs\fooddelivery\system\CodeIgniter.php(419): CodeIgniter\CodeIgniter->runController(Object(App\Controllers\Admin\Home))
#7 C:\xampp\htdocs\fooddelivery\system\CodeIgniter.php(326): CodeIgniter\CodeIgniter->handleRequest(NULL, Object(Config\Cache), false)
#8 C:\xampp\htdocs\fooddelivery\public\index.php(37): CodeIgniter\CodeIgniter->run()
#9 C:\xampp\htdocs\fooddelivery\system\Commands\Server\rewrite.php(43): require_once('C:\\xampp\\htdocs...')
#10 {main}
CRITICAL - 2023-03-05 21:42:37 --> Call to undefined function usuario_logado()
#0 C:\xampp\htdocs\fooddelivery\system\View\View.php(210): include()
#1 C:\xampp\htdocs\fooddelivery\system\View\View.php(213): CodeIgniter\View\View->CodeIgniter\View\{closure}()
#2 C:\xampp\htdocs\fooddelivery\system\View\View.php(226): CodeIgniter\View\View->render('Admin/layout/pr...', Array, true)
#3 C:\xampp\htdocs\fooddelivery\system\Common.php(1089): CodeIgniter\View\View->render('Admin/Home/inde...', Array, true)
#4 C:\xampp\htdocs\fooddelivery\app\Controllers\Admin\Home.php(41): view('Admin/Home/inde...', Array)
#5 C:\xampp\htdocs\fooddelivery\system\CodeIgniter.php(832): App\Controllers\Admin\Home->index()
#6 C:\xampp\htdocs\fooddelivery\system\CodeIgniter.php(419): CodeIgniter\CodeIgniter->runController(Object(App\Controllers\Admin\Home))
#7 C:\xampp\htdocs\fooddelivery\system\CodeIgniter.php(326): CodeIgniter\CodeIgniter->handleRequest(NULL, Object(Config\Cache), false)
#8 C:\xampp\htdocs\fooddelivery\public\index.php(37): CodeIgniter\CodeIgniter->run()
#9 C:\xampp\htdocs\fooddelivery\system\Commands\Server\rewrite.php(43): require_once('C:\\xampp\\htdocs...')
#10 {main}
CRITICAL - 2023-03-05 21:45:26 --> Call to undefined function usuario_logado()
#0 C:\xampp\htdocs\fooddelivery\system\View\View.php(210): include()
#1 C:\xampp\htdocs\fooddelivery\system\View\View.php(213): CodeIgniter\View\View->CodeIgniter\View\{closure}()
#2 C:\xampp\htdocs\fooddelivery\system\View\View.php(226): CodeIgniter\View\View->render('Admin/layout/pr...', Array, true)
#3 C:\xampp\htdocs\fooddelivery\system\Common.php(1089): CodeIgniter\View\View->render('Admin/Home/inde...', Array, true)
#4 C:\xampp\htdocs\fooddelivery\app\Controllers\Admin\Home.php(41): view('Admin/Home/inde...', Array)
#5 C:\xampp\htdocs\fooddelivery\system\CodeIgniter.php(832): App\Controllers\Admin\Home->index()
#6 C:\xampp\htdocs\fooddelivery\system\CodeIgniter.php(419): CodeIgniter\CodeIgniter->runController(Object(App\Controllers\Admin\Home))
#7 C:\xampp\htdocs\fooddelivery\system\CodeIgniter.php(326): CodeIgniter\CodeIgniter->handleRequest(NULL, Object(Config\Cache), false)
#8 C:\xampp\htdocs\fooddelivery\public\index.php(37): CodeIgniter\CodeIgniter->run()
#9 C:\xampp\htdocs\fooddelivery\system\Commands\Server\rewrite.php(43): require_once('C:\\xampp\\htdocs...')
#10 {main}
CRITICAL - 2023-03-05 21:46:22 --> Call to undefined function usuario_logado()
#0 C:\xampp\htdocs\fooddelivery\system\View\View.php(210): include()
#1 C:\xampp\htdocs\fooddelivery\system\View\View.php(213): CodeIgniter\View\View->CodeIgniter\View\{closure}()
#2 C:\xampp\htdocs\fooddelivery\system\View\View.php(226): CodeIgniter\View\View->render('Admin/layout/pr...', Array, true)
#3 C:\xampp\htdocs\fooddelivery\system\Common.php(1089): CodeIgniter\View\View->render('Admin/Home/inde...', Array, true)
#4 C:\xampp\htdocs\fooddelivery\app\Controllers\Admin\Home.php(41): view('Admin/Home/inde...', Array)
#5 C:\xampp\htdocs\fooddelivery\system\CodeIgniter.php(832): App\Controllers\Admin\Home->index()
#6 C:\xampp\htdocs\fooddelivery\system\CodeIgniter.php(419): CodeIgniter\CodeIgniter->runController(Object(App\Controllers\Admin\Home))
#7 C:\xampp\htdocs\fooddelivery\system\CodeIgniter.php(326): CodeIgniter\CodeIgniter->handleRequest(NULL, Object(Config\Cache), false)
#8 C:\xampp\htdocs\fooddelivery\public\index.php(37): CodeIgniter\CodeIgniter->run()
#9 C:\xampp\htdocs\fooddelivery\system\Commands\Server\rewrite.php(43): require_once('C:\\xampp\\htdocs...')
#10 {main}
CRITICAL - 2023-03-05 21:58:15 --> Call to undefined function usuario_logado()
#0 C:\xampp\htdocs\fooddelivery\system\View\View.php(210): include()
#1 C:\xampp\htdocs\fooddelivery\system\View\View.php(213): CodeIgniter\View\View->CodeIgniter\View\{closure}()
#2 C:\xampp\htdocs\fooddelivery\system\View\View.php(226): CodeIgniter\View\View->render('Admin/layout/pr...', Array, true)
#3 C:\xampp\htdocs\fooddelivery\system\Common.php(1089): CodeIgniter\View\View->render('Admin/Home/inde...', Array, true)
#4 C:\xampp\htdocs\fooddelivery\app\Controllers\Admin\Home.php(41): view('Admin/Home/inde...', Array)
#5 C:\xampp\htdocs\fooddelivery\system\CodeIgniter.php(832): App\Controllers\Admin\Home->index()
#6 C:\xampp\htdocs\fooddelivery\system\CodeIgniter.php(419): CodeIgniter\CodeIgniter->runController(Object(App\Controllers\Admin\Home))
#7 C:\xampp\htdocs\fooddelivery\system\CodeIgniter.php(326): CodeIgniter\CodeIgniter->handleRequest(NULL, Object(Config\Cache), false)
#8 C:\xampp\htdocs\fooddelivery\public\index.php(37): CodeIgniter\CodeIgniter->run()
#9 C:\xampp\htdocs\fooddelivery\system\Commands\Server\rewrite.php(43): require_once('C:\\xampp\\htdocs...')
#10 {main}
CRITICAL - 2023-03-05 21:58:20 --> Call to undefined function usuario_logado()
#0 C:\xampp\htdocs\fooddelivery\system\View\View.php(210): include()
#1 C:\xampp\htdocs\fooddelivery\system\View\View.php(213): CodeIgniter\View\View->CodeIgniter\View\{closure}()
#2 C:\xampp\htdocs\fooddelivery\system\View\View.php(226): CodeIgniter\View\View->render('Admin/layout/pr...', Array, true)
#3 C:\xampp\htdocs\fooddelivery\system\Common.php(1089): CodeIgniter\View\View->render('Admin/Categoria...', Array, true)
#4 C:\xampp\htdocs\fooddelivery\app\Controllers\Admin\Categorias.php(25): view('Admin/Categoria...', Array)
#5 C:\xampp\htdocs\fooddelivery\system\CodeIgniter.php(832): App\Controllers\Admin\Categorias->index()
#6 C:\xampp\htdocs\fooddelivery\system\CodeIgniter.php(419): CodeIgniter\CodeIgniter->runController(Object(App\Controllers\Admin\Categorias))
#7 C:\xampp\htdocs\fooddelivery\system\CodeIgniter.php(326): CodeIgniter\CodeIgniter->handleRequest(NULL, Object(Config\Cache), false)
#8 C:\xampp\htdocs\fooddelivery\public\index.php(37): CodeIgniter\CodeIgniter->run()
#9 C:\xampp\htdocs\fooddelivery\system\Commands\Server\rewrite.php(43): require_once('C:\\xampp\\htdocs...')
#10 {main}
CRITICAL - 2023-03-05 21:59:50 --> Call to undefined function usuario_logado()
#0 C:\xampp\htdocs\fooddelivery\system\View\View.php(210): include()
#1 C:\xampp\htdocs\fooddelivery\system\View\View.php(213): CodeIgniter\View\View->CodeIgniter\View\{closure}()
#2 C:\xampp\htdocs\fooddelivery\system\View\View.php(226): CodeIgniter\View\View->render('Admin/layout/pr...', Array, true)
#3 C:\xampp\htdocs\fooddelivery\system\Common.php(1089): CodeIgniter\View\View->render('Admin/Categoria...', Array, true)
#4 C:\xampp\htdocs\fooddelivery\app\Controllers\Admin\Categorias.php(25): view('Admin/Categoria...', Array)
#5 C:\xampp\htdocs\fooddelivery\system\CodeIgniter.php(832): App\Controllers\Admin\Categorias->index()
#6 C:\xampp\htdocs\fooddelivery\system\CodeIgniter.php(419): CodeIgniter\CodeIgniter->runController(Object(App\Controllers\Admin\Categorias))
#7 C:\xampp\htdocs\fooddelivery\system\CodeIgniter.php(326): CodeIgniter\CodeIgniter->handleRequest(NULL, Object(Config\Cache), false)
#8 C:\xampp\htdocs\fooddelivery\public\index.php(37): CodeIgniter\CodeIgniter->run()
#9 C:\xampp\htdocs\fooddelivery\system\Commands\Server\rewrite.php(43): require_once('C:\\xampp\\htdocs...')
#10 {main}
CRITICAL - 2023-03-05 21:59:50 --> Call to undefined function usuario_logado()
#0 C:\xampp\htdocs\fooddelivery\system\View\View.php(210): include()
#1 C:\xampp\htdocs\fooddelivery\system\View\View.php(213): CodeIgniter\View\View->CodeIgniter\View\{closure}()
#2 C:\xampp\htdocs\fooddelivery\system\View\View.php(226): CodeIgniter\View\View->render('Admin/layout/pr...', Array, true)
#3 C:\xampp\htdocs\fooddelivery\system\Common.php(1089): CodeIgniter\View\View->render('Admin/Categoria...', Array, true)
#4 C:\xampp\htdocs\fooddelivery\app\Controllers\Admin\Categorias.php(25): view('Admin/Categoria...', Array)
#5 C:\xampp\htdocs\fooddelivery\system\CodeIgniter.php(832): App\Controllers\Admin\Categorias->index()
#6 C:\xampp\htdocs\fooddelivery\system\CodeIgniter.php(419): CodeIgniter\CodeIgniter->runController(Object(App\Controllers\Admin\Categorias))
#7 C:\xampp\htdocs\fooddelivery\system\CodeIgniter.php(326): CodeIgniter\CodeIgniter->handleRequest(NULL, Object(Config\Cache), false)
#8 C:\xampp\htdocs\fooddelivery\public\index.php(37): CodeIgniter\CodeIgniter->run()
#9 C:\xampp\htdocs\fooddelivery\system\Commands\Server\rewrite.php(43): require_once('C:\\xampp\\htdocs...')
#10 {main}
