CRITICAL - 2022-05-07 15:04:48 --> syntax error, unexpected 'return' (T_RETURN)
#0 /var/www/html/food/system/Router/Router.php(175): CodeIgniter\Router\Router->autoRoute()
#1 /var/www/html/food/system/CodeIgniter.php(726): CodeIgniter\Router\Router->handle()
#2 /var/www/html/food/system/CodeIgniter.php(368): CodeIgniter\CodeIgniter->tryToRouteIt()
#3 /var/www/html/food/system/CodeIgniter.php(326): CodeIgniter\CodeIgniter->handleRequest()
#4 /var/www/html/food/public/index.php(37): CodeIgniter\CodeIgniter->run()
#5 /var/www/html/food/system/Commands/Server/rewrite.php(43): require_once('/var/www/html/f...')
#6 {main}
ERROR - 2022-05-07 15:05:45 --> Error connecting to the database: Access denied for user ''@'localhost' (using password: YES)
CRITICAL - 2022-05-07 15:05:45 --> Unable to connect to the database.
Main connection [MySQLi]: Access denied for user ''@'localhost' (using password: YES)
#0 /var/www/html/food/system/Database/BaseConnection.php(577): CodeIgniter\Database\BaseConnection->initialize()
#1 /var/www/html/food/system/Database/BaseBuilder.php(1455): CodeIgniter\Database\BaseConnection->query()
#2 /var/www/html/food/system/Model.php(210): CodeIgniter\Database\BaseBuilder->get()
#3 /var/www/html/food/system/BaseModel.php(622): CodeIgniter\Model->doFirst()
#4 /var/www/html/food/app/Models/UsuarioModel.php(102): CodeIgniter\BaseModel->first()
#5 /var/www/html/food/app/Libraries/Autenticacao.php(16): App\Models\UsuarioModel->buscaUsuarioPorEmail()
#6 /var/www/html/food/app/Controllers/Login.php(28): App\Libraries\Autenticacao->login()
#7 /var/www/html/food/system/CodeIgniter.php(832): App\Controllers\Login->criar()
#8 /var/www/html/food/system/CodeIgniter.php(419): CodeIgniter\CodeIgniter->runController()
#9 /var/www/html/food/system/CodeIgniter.php(326): CodeIgniter\CodeIgniter->handleRequest()
#10 /var/www/html/food/public/index.php(37): CodeIgniter\CodeIgniter->run()
#11 /var/www/html/food/system/Commands/Server/rewrite.php(43): require_once('/var/www/html/f...')
#12 {main}
CRITICAL - 2022-05-07 15:10:36 --> syntax error, unexpected 'return' (T_RETURN)
#0 /var/www/html/food/system/Router/Router.php(175): CodeIgniter\Router\Router->autoRoute()
#1 /var/www/html/food/system/CodeIgniter.php(726): CodeIgniter\Router\Router->handle()
#2 /var/www/html/food/system/CodeIgniter.php(368): CodeIgniter\CodeIgniter->tryToRouteIt()
#3 /var/www/html/food/system/CodeIgniter.php(326): CodeIgniter\CodeIgniter->handleRequest()
#4 /var/www/html/food/public/index.php(37): CodeIgniter\CodeIgniter->run()
#5 /var/www/html/food/system/Commands/Server/rewrite.php(43): require_once('/var/www/html/f...')
#6 {main}
ERROR - 2022-05-07 15:11:01 --> Error connecting to the database: Access denied for user ''@'localhost' (using password: YES)
CRITICAL - 2022-05-07 15:11:01 --> Unable to connect to the database.
Main connection [MySQLi]: Access denied for user ''@'localhost' (using password: YES)
#0 /var/www/html/food/system/Database/BaseConnection.php(577): CodeIgniter\Database\BaseConnection->initialize()
#1 /var/www/html/food/system/Database/BaseBuilder.php(1455): CodeIgniter\Database\BaseConnection->query()
#2 /var/www/html/food/system/Model.php(210): CodeIgniter\Database\BaseBuilder->get()
#3 /var/www/html/food/system/BaseModel.php(622): CodeIgniter\Model->doFirst()
#4 /var/www/html/food/app/Models/UsuarioModel.php(102): CodeIgniter\BaseModel->first()
#5 /var/www/html/food/app/Libraries/Autenticacao.php(16): App\Models\UsuarioModel->buscaUsuarioPorEmail()
#6 /var/www/html/food/app/Controllers/Login.php(28): App\Libraries\Autenticacao->login()
#7 /var/www/html/food/system/CodeIgniter.php(832): App\Controllers\Login->criar()
#8 /var/www/html/food/system/CodeIgniter.php(419): CodeIgniter\CodeIgniter->runController()
#9 /var/www/html/food/system/CodeIgniter.php(326): CodeIgniter\CodeIgniter->handleRequest()
#10 /var/www/html/food/public/index.php(37): CodeIgniter\CodeIgniter->run()
#11 /var/www/html/food/system/Commands/Server/rewrite.php(43): require_once('/var/www/html/f...')
#12 {main}
ERROR - 2022-05-07 15:11:17 --> Error connecting to the database: Access denied for user ''@'localhost' (using password: YES)
CRITICAL - 2022-05-07 15:11:17 --> Unable to connect to the database.
Main connection [MySQLi]: Access denied for user ''@'localhost' (using password: YES)
#0 /var/www/html/food/system/Database/BaseConnection.php(577): CodeIgniter\Database\BaseConnection->initialize()
#1 /var/www/html/food/system/Database/BaseBuilder.php(1455): CodeIgniter\Database\BaseConnection->query()
#2 /var/www/html/food/system/Model.php(210): CodeIgniter\Database\BaseBuilder->get()
#3 /var/www/html/food/system/BaseModel.php(622): CodeIgniter\Model->doFirst()
#4 /var/www/html/food/app/Models/UsuarioModel.php(102): CodeIgniter\BaseModel->first()
#5 /var/www/html/food/app/Libraries/Autenticacao.php(16): App\Models\UsuarioModel->buscaUsuarioPorEmail()
#6 /var/www/html/food/app/Controllers/Login.php(28): App\Libraries\Autenticacao->login()
#7 /var/www/html/food/system/CodeIgniter.php(832): App\Controllers\Login->criar()
#8 /var/www/html/food/system/CodeIgniter.php(419): CodeIgniter\CodeIgniter->runController()
#9 /var/www/html/food/system/CodeIgniter.php(326): CodeIgniter\CodeIgniter->handleRequest()
#10 /var/www/html/food/public/index.php(37): CodeIgniter\CodeIgniter->run()
#11 /var/www/html/food/system/Commands/Server/rewrite.php(43): require_once('/var/www/html/f...')
#12 {main}
ERROR - 2022-05-07 15:11:21 --> Error connecting to the database: Access denied for user ''@'localhost' (using password: YES)
CRITICAL - 2022-05-07 15:11:21 --> Unable to connect to the database.
Main connection [MySQLi]: Access denied for user ''@'localhost' (using password: YES)
#0 /var/www/html/food/system/Database/BaseConnection.php(577): CodeIgniter\Database\BaseConnection->initialize()
#1 /var/www/html/food/system/Database/BaseBuilder.php(1455): CodeIgniter\Database\BaseConnection->query()
#2 /var/www/html/food/system/Model.php(210): CodeIgniter\Database\BaseBuilder->get()
#3 /var/www/html/food/system/BaseModel.php(622): CodeIgniter\Model->doFirst()
#4 /var/www/html/food/app/Models/UsuarioModel.php(102): CodeIgniter\BaseModel->first()
#5 /var/www/html/food/app/Libraries/Autenticacao.php(16): App\Models\UsuarioModel->buscaUsuarioPorEmail()
#6 /var/www/html/food/app/Controllers/Login.php(28): App\Libraries\Autenticacao->login()
#7 /var/www/html/food/system/CodeIgniter.php(832): App\Controllers\Login->criar()
#8 /var/www/html/food/system/CodeIgniter.php(419): CodeIgniter\CodeIgniter->runController()
#9 /var/www/html/food/system/CodeIgniter.php(326): CodeIgniter\CodeIgniter->handleRequest()
#10 /var/www/html/food/public/index.php(37): CodeIgniter\CodeIgniter->run()
#11 /var/www/html/food/system/Commands/Server/rewrite.php(43): require_once('/var/www/html/f...')
#12 {main}
ERROR - 2022-05-07 15:11:29 --> Error connecting to the database: Access denied for user ''@'localhost' (using password: YES)
CRITICAL - 2022-05-07 15:11:29 --> Unable to connect to the database.
Main connection [MySQLi]: Access denied for user ''@'localhost' (using password: YES)
#0 /var/www/html/food/system/Database/BaseConnection.php(577): CodeIgniter\Database\BaseConnection->initialize()
#1 /var/www/html/food/system/Database/BaseBuilder.php(1455): CodeIgniter\Database\BaseConnection->query()
#2 /var/www/html/food/system/Model.php(210): CodeIgniter\Database\BaseBuilder->get()
#3 /var/www/html/food/system/BaseModel.php(622): CodeIgniter\Model->doFirst()
#4 /var/www/html/food/app/Models/UsuarioModel.php(102): CodeIgniter\BaseModel->first()
#5 /var/www/html/food/app/Libraries/Autenticacao.php(16): App\Models\UsuarioModel->buscaUsuarioPorEmail()
#6 /var/www/html/food/app/Controllers/Login.php(28): App\Libraries\Autenticacao->login()
#7 /var/www/html/food/system/CodeIgniter.php(832): App\Controllers\Login->criar()
#8 /var/www/html/food/system/CodeIgniter.php(419): CodeIgniter\CodeIgniter->runController()
#9 /var/www/html/food/system/CodeIgniter.php(326): CodeIgniter\CodeIgniter->handleRequest()
#10 /var/www/html/food/public/index.php(37): CodeIgniter\CodeIgniter->run()
#11 /var/www/html/food/system/Commands/Server/rewrite.php(43): require_once('/var/www/html/f...')
#12 {main}
ERROR - 2022-05-07 15:11:35 --> Error connecting to the database: Access denied for user ''@'localhost' (using password: YES)
CRITICAL - 2022-05-07 15:11:35 --> Unable to connect to the database.
Main connection [MySQLi]: Access denied for user ''@'localhost' (using password: YES)
#0 /var/www/html/food/system/Database/BaseConnection.php(577): CodeIgniter\Database\BaseConnection->initialize()
#1 /var/www/html/food/system/Database/BaseBuilder.php(1455): CodeIgniter\Database\BaseConnection->query()
#2 /var/www/html/food/system/Model.php(210): CodeIgniter\Database\BaseBuilder->get()
#3 /var/www/html/food/system/BaseModel.php(622): CodeIgniter\Model->doFirst()
#4 /var/www/html/food/app/Models/UsuarioModel.php(102): CodeIgniter\BaseModel->first()
#5 /var/www/html/food/app/Libraries/Autenticacao.php(16): App\Models\UsuarioModel->buscaUsuarioPorEmail()
#6 /var/www/html/food/app/Controllers/Login.php(28): App\Libraries\Autenticacao->login()
#7 /var/www/html/food/system/CodeIgniter.php(832): App\Controllers\Login->criar()
#8 /var/www/html/food/system/CodeIgniter.php(419): CodeIgniter\CodeIgniter->runController()
#9 /var/www/html/food/system/CodeIgniter.php(326): CodeIgniter\CodeIgniter->handleRequest()
#10 /var/www/html/food/public/index.php(37): CodeIgniter\CodeIgniter->run()
#11 /var/www/html/food/system/Commands/Server/rewrite.php(43): require_once('/var/www/html/f...')
#12 {main}
CRITICAL - 2022-05-07 15:12:23 --> syntax error, unexpected 'return' (T_RETURN)
#0 /var/www/html/food/system/Router/Router.php(175): CodeIgniter\Router\Router->autoRoute()
#1 /var/www/html/food/system/CodeIgniter.php(726): CodeIgniter\Router\Router->handle()
#2 /var/www/html/food/system/CodeIgniter.php(368): CodeIgniter\CodeIgniter->tryToRouteIt()
#3 /var/www/html/food/system/CodeIgniter.php(326): CodeIgniter\CodeIgniter->handleRequest()
#4 /var/www/html/food/public/index.php(37): CodeIgniter\CodeIgniter->run()
#5 /var/www/html/food/system/Commands/Server/rewrite.php(43): require_once('/var/www/html/f...')
#6 {main}
ERROR - 2022-05-07 15:19:52 --> Error connecting to the database: Access denied for user ''@'localhost' (using password: YES)
CRITICAL - 2022-05-07 15:19:52 --> Unable to connect to the database.
Main connection [MySQLi]: Access denied for user ''@'localhost' (using password: YES)
#0 /var/www/html/food/system/Database/BaseConnection.php(577): CodeIgniter\Database\BaseConnection->initialize()
#1 /var/www/html/food/system/Database/BaseBuilder.php(1455): CodeIgniter\Database\BaseConnection->query()
#2 /var/www/html/food/system/Model.php(210): CodeIgniter\Database\BaseBuilder->get()
#3 /var/www/html/food/system/BaseModel.php(622): CodeIgniter\Model->doFirst()
#4 /var/www/html/food/app/Models/UsuarioModel.php(102): CodeIgniter\BaseModel->first()
#5 /var/www/html/food/app/Libraries/Autenticacao.php(16): App\Models\UsuarioModel->buscaUsuarioPorEmail()
#6 /var/www/html/food/app/Controllers/Login.php(28): App\Libraries\Autenticacao->login()
#7 /var/www/html/food/system/CodeIgniter.php(832): App\Controllers\Login->criar()
#8 /var/www/html/food/system/CodeIgniter.php(419): CodeIgniter\CodeIgniter->runController()
#9 /var/www/html/food/system/CodeIgniter.php(326): CodeIgniter\CodeIgniter->handleRequest()
#10 /var/www/html/food/public/index.php(37): CodeIgniter\CodeIgniter->run()
#11 /var/www/html/food/system/Commands/Server/rewrite.php(43): require_once('/var/www/html/f...')
#12 {main}
ERROR - 2022-05-07 15:20:28 --> Error connecting to the database: Access denied for user ''@'localhost' (using password: YES)
CRITICAL - 2022-05-07 15:20:28 --> Unable to connect to the database.
Main connection [MySQLi]: Access denied for user ''@'localhost' (using password: YES)
#0 /var/www/html/food/system/Database/BaseConnection.php(577): CodeIgniter\Database\BaseConnection->initialize()
#1 /var/www/html/food/system/Database/BaseBuilder.php(1455): CodeIgniter\Database\BaseConnection->query()
#2 /var/www/html/food/system/Model.php(210): CodeIgniter\Database\BaseBuilder->get()
#3 /var/www/html/food/system/BaseModel.php(622): CodeIgniter\Model->doFirst()
#4 /var/www/html/food/app/Models/UsuarioModel.php(102): CodeIgniter\BaseModel->first()
#5 /var/www/html/food/app/Libraries/Autenticacao.php(16): App\Models\UsuarioModel->buscaUsuarioPorEmail()
#6 /var/www/html/food/app/Controllers/Login.php(28): App\Libraries\Autenticacao->login()
#7 /var/www/html/food/system/CodeIgniter.php(832): App\Controllers\Login->criar()
#8 /var/www/html/food/system/CodeIgniter.php(419): CodeIgniter\CodeIgniter->runController()
#9 /var/www/html/food/system/CodeIgniter.php(326): CodeIgniter\CodeIgniter->handleRequest()
#10 /var/www/html/food/public/index.php(37): CodeIgniter\CodeIgniter->run()
#11 /var/www/html/food/system/Commands/Server/rewrite.php(43): require_once('/var/www/html/f...')
#12 {main}
CRITICAL - 2022-05-07 15:23:05 --> syntax error, unexpected 'else' (T_ELSE)
#0 /var/www/html/food/system/Router/Router.php(175): CodeIgniter\Router\Router->autoRoute()
#1 /var/www/html/food/system/CodeIgniter.php(726): CodeIgniter\Router\Router->handle()
#2 /var/www/html/food/system/CodeIgniter.php(368): CodeIgniter\CodeIgniter->tryToRouteIt()
#3 /var/www/html/food/system/CodeIgniter.php(326): CodeIgniter\CodeIgniter->handleRequest()
#4 /var/www/html/food/public/index.php(37): CodeIgniter\CodeIgniter->run()
#5 /var/www/html/food/system/Commands/Server/rewrite.php(43): require_once('/var/www/html/f...')
#6 {main}
CRITICAL - 2022-05-07 15:23:07 --> syntax error, unexpected 'else' (T_ELSE)
#0 /var/www/html/food/system/Autoloader/Autoloader.php(241): CodeIgniter\Autoloader\Autoloader->includeFile()
#1 /var/www/html/food/system/Autoloader/Autoloader.php(219): CodeIgniter\Autoloader\Autoloader->loadInNamespace()
#2 [internal function]: CodeIgniter\Autoloader\Autoloader->loadClass()
#3 [internal function]: spl_autoload_call()
#4 /var/www/html/food/system/CodeIgniter.php(797): class_exists()
#5 /var/www/html/food/system/CodeIgniter.php(406): CodeIgniter\CodeIgniter->startController()
#6 /var/www/html/food/system/CodeIgniter.php(326): CodeIgniter\CodeIgniter->handleRequest()
#7 /var/www/html/food/public/index.php(37): CodeIgniter\CodeIgniter->run()
#8 /var/www/html/food/system/Commands/Server/rewrite.php(43): require_once('/var/www/html/f...')
#9 {main}
CRITICAL - 2022-05-07 15:23:11 --> syntax error, unexpected 'else' (T_ELSE)
#0 /var/www/html/food/system/Autoloader/Autoloader.php(241): CodeIgniter\Autoloader\Autoloader->includeFile()
#1 /var/www/html/food/system/Autoloader/Autoloader.php(219): CodeIgniter\Autoloader\Autoloader->loadInNamespace()
#2 [internal function]: CodeIgniter\Autoloader\Autoloader->loadClass()
#3 [internal function]: spl_autoload_call()
#4 /var/www/html/food/system/CodeIgniter.php(797): class_exists()
#5 /var/www/html/food/system/CodeIgniter.php(406): CodeIgniter\CodeIgniter->startController()
#6 /var/www/html/food/system/CodeIgniter.php(326): CodeIgniter\CodeIgniter->handleRequest()
#7 /var/www/html/food/public/index.php(37): CodeIgniter\CodeIgniter->run()
#8 /var/www/html/food/system/Commands/Server/rewrite.php(43): require_once('/var/www/html/f...')
#9 {main}
CRITICAL - 2022-05-07 15:23:11 --> syntax error, unexpected 'else' (T_ELSE)
#0 /var/www/html/food/system/Autoloader/Autoloader.php(241): CodeIgniter\Autoloader\Autoloader->includeFile()
#1 /var/www/html/food/system/Autoloader/Autoloader.php(219): CodeIgniter\Autoloader\Autoloader->loadInNamespace()
#2 [internal function]: CodeIgniter\Autoloader\Autoloader->loadClass()
#3 [internal function]: spl_autoload_call()
#4 /var/www/html/food/system/CodeIgniter.php(797): class_exists()
#5 /var/www/html/food/system/CodeIgniter.php(406): CodeIgniter\CodeIgniter->startController()
#6 /var/www/html/food/system/CodeIgniter.php(326): CodeIgniter\CodeIgniter->handleRequest()
#7 /var/www/html/food/public/index.php(37): CodeIgniter\CodeIgniter->run()
#8 /var/www/html/food/system/Commands/Server/rewrite.php(43): require_once('/var/www/html/f...')
#9 {main}
CRITICAL - 2022-05-07 15:23:14 --> syntax error, unexpected 'else' (T_ELSE)
#0 /var/www/html/food/system/Autoloader/Autoloader.php(241): CodeIgniter\Autoloader\Autoloader->includeFile()
#1 /var/www/html/food/system/Autoloader/Autoloader.php(219): CodeIgniter\Autoloader\Autoloader->loadInNamespace()
#2 [internal function]: CodeIgniter\Autoloader\Autoloader->loadClass()
#3 [internal function]: spl_autoload_call()
#4 /var/www/html/food/system/CodeIgniter.php(797): class_exists()
#5 /var/www/html/food/system/CodeIgniter.php(406): CodeIgniter\CodeIgniter->startController()
#6 /var/www/html/food/system/CodeIgniter.php(326): CodeIgniter\CodeIgniter->handleRequest()
#7 /var/www/html/food/public/index.php(37): CodeIgniter\CodeIgniter->run()
#8 /var/www/html/food/system/Commands/Server/rewrite.php(43): require_once('/var/www/html/f...')
#9 {main}
ERROR - 2022-05-07 15:31:21 --> Error connecting to the database: Access denied for user ''@'localhost' (using password: YES)
CRITICAL - 2022-05-07 15:31:21 --> Unable to connect to the database.
Main connection [MySQLi]: Access denied for user ''@'localhost' (using password: YES)
#0 /var/www/html/food/system/Database/BaseConnection.php(577): CodeIgniter\Database\BaseConnection->initialize()
#1 /var/www/html/food/system/Database/BaseBuilder.php(1455): CodeIgniter\Database\BaseConnection->query()
#2 /var/www/html/food/system/Model.php(210): CodeIgniter\Database\BaseBuilder->get()
#3 /var/www/html/food/system/BaseModel.php(622): CodeIgniter\Model->doFirst()
#4 /var/www/html/food/app/Models/UsuarioModel.php(102): CodeIgniter\BaseModel->first()
#5 /var/www/html/food/app/Controllers/Password.php(28): App\Models\UsuarioModel->buscaUsuarioPorEmail()
#6 /var/www/html/food/system/CodeIgniter.php(832): App\Controllers\Password->processaEsqueci()
#7 /var/www/html/food/system/CodeIgniter.php(419): CodeIgniter\CodeIgniter->runController()
#8 /var/www/html/food/system/CodeIgniter.php(326): CodeIgniter\CodeIgniter->handleRequest()
#9 /var/www/html/food/public/index.php(37): CodeIgniter\CodeIgniter->run()
#10 /var/www/html/food/system/Commands/Server/rewrite.php(43): require_once('/var/www/html/f...')
#11 {main}
CRITICAL - 2022-05-07 15:54:46 --> O filtro admin deve ter um alias correspondente definido.
#0 /var/www/html/food/system/Filters/Filters.php(493): CodeIgniter\Filters\Exceptions\FilterException::forNoAlias()
#1 /var/www/html/food/system/Filters/Filters.php(243): CodeIgniter\Filters\Filters->processAliasesToClass()
#2 /var/www/html/food/system/Filters/Filters.php(163): CodeIgniter\Filters\Filters->initialize()
#3 /var/www/html/food/system/CodeIgniter.php(393): CodeIgniter\Filters\Filters->run()
#4 /var/www/html/food/system/CodeIgniter.php(326): CodeIgniter\CodeIgniter->handleRequest()
#5 /var/www/html/food/public/index.php(37): CodeIgniter\CodeIgniter->run()
#6 /var/www/html/food/system/Commands/Server/rewrite.php(43): require_once('/var/www/html/f...')
#7 {main}
CRITICAL - 2022-05-07 15:54:55 --> O filtro admin deve ter um alias correspondente definido.
#0 /var/www/html/food/system/Filters/Filters.php(493): CodeIgniter\Filters\Exceptions\FilterException::forNoAlias()
#1 /var/www/html/food/system/Filters/Filters.php(243): CodeIgniter\Filters\Filters->processAliasesToClass()
#2 /var/www/html/food/system/Filters/Filters.php(163): CodeIgniter\Filters\Filters->initialize()
#3 /var/www/html/food/system/CodeIgniter.php(393): CodeIgniter\Filters\Filters->run()
#4 /var/www/html/food/system/CodeIgniter.php(326): CodeIgniter\CodeIgniter->handleRequest()
#5 /var/www/html/food/public/index.php(37): CodeIgniter\CodeIgniter->run()
#6 /var/www/html/food/system/Commands/Server/rewrite.php(43): require_once('/var/www/html/f...')
#7 {main}
CRITICAL - 2022-05-07 15:55:42 --> O filtro admin deve ter um alias correspondente definido.
#0 /var/www/html/food/system/Filters/Filters.php(493): CodeIgniter\Filters\Exceptions\FilterException::forNoAlias()
#1 /var/www/html/food/system/Filters/Filters.php(243): CodeIgniter\Filters\Filters->processAliasesToClass()
#2 /var/www/html/food/system/Filters/Filters.php(163): CodeIgniter\Filters\Filters->initialize()
#3 /var/www/html/food/system/CodeIgniter.php(393): CodeIgniter\Filters\Filters->run()
#4 /var/www/html/food/system/CodeIgniter.php(326): CodeIgniter\CodeIgniter->handleRequest()
#5 /var/www/html/food/public/index.php(37): CodeIgniter\CodeIgniter->run()
#6 /var/www/html/food/system/Commands/Server/rewrite.php(43): require_once('/var/www/html/f...')
#7 {main}
CRITICAL - 2022-05-07 15:55:47 --> O filtro admin deve ter um alias correspondente definido.
#0 /var/www/html/food/system/Filters/Filters.php(493): CodeIgniter\Filters\Exceptions\FilterException::forNoAlias()
#1 /var/www/html/food/system/Filters/Filters.php(243): CodeIgniter\Filters\Filters->processAliasesToClass()
#2 /var/www/html/food/system/Filters/Filters.php(163): CodeIgniter\Filters\Filters->initialize()
#3 /var/www/html/food/system/CodeIgniter.php(393): CodeIgniter\Filters\Filters->run()
#4 /var/www/html/food/system/CodeIgniter.php(326): CodeIgniter\CodeIgniter->handleRequest()
#5 /var/www/html/food/public/index.php(37): CodeIgniter\CodeIgniter->run()
#6 /var/www/html/food/system/Commands/Server/rewrite.php(43): require_once('/var/www/html/f...')
#7 {main}
CRITICAL - 2022-05-07 16:01:11 --> O filtro admin deve ter um alias correspondente definido.
#0 /var/www/html/food/system/Filters/Filters.php(493): CodeIgniter\Filters\Exceptions\FilterException::forNoAlias()
#1 /var/www/html/food/system/Filters/Filters.php(243): CodeIgniter\Filters\Filters->processAliasesToClass()
#2 /var/www/html/food/system/Filters/Filters.php(163): CodeIgniter\Filters\Filters->initialize()
#3 /var/www/html/food/system/CodeIgniter.php(393): CodeIgniter\Filters\Filters->run()
#4 /var/www/html/food/system/CodeIgniter.php(326): CodeIgniter\CodeIgniter->handleRequest()
#5 /var/www/html/food/public/index.php(37): CodeIgniter\CodeIgniter->run()
#6 /var/www/html/food/system/Commands/Server/rewrite.php(43): require_once('/var/www/html/f...')
#7 {main}
CRITICAL - 2022-05-07 16:01:13 --> O filtro admin deve ter um alias correspondente definido.
#0 /var/www/html/food/system/Filters/Filters.php(493): CodeIgniter\Filters\Exceptions\FilterException::forNoAlias()
#1 /var/www/html/food/system/Filters/Filters.php(243): CodeIgniter\Filters\Filters->processAliasesToClass()
#2 /var/www/html/food/system/Filters/Filters.php(163): CodeIgniter\Filters\Filters->initialize()
#3 /var/www/html/food/system/CodeIgniter.php(393): CodeIgniter\Filters\Filters->run()
#4 /var/www/html/food/system/CodeIgniter.php(326): CodeIgniter\CodeIgniter->handleRequest()
#5 /var/www/html/food/public/index.php(37): CodeIgniter\CodeIgniter->run()
#6 /var/www/html/food/system/Commands/Server/rewrite.php(43): require_once('/var/www/html/f...')
#7 {main}
CRITICAL - 2022-05-07 16:02:28 --> O filtro admin deve ter um alias correspondente definido.
#0 /var/www/html/food/system/Filters/Filters.php(493): CodeIgniter\Filters\Exceptions\FilterException::forNoAlias()
#1 /var/www/html/food/system/Filters/Filters.php(243): CodeIgniter\Filters\Filters->processAliasesToClass()
#2 /var/www/html/food/system/Filters/Filters.php(163): CodeIgniter\Filters\Filters->initialize()
#3 /var/www/html/food/system/CodeIgniter.php(393): CodeIgniter\Filters\Filters->run()
#4 /var/www/html/food/system/CodeIgniter.php(326): CodeIgniter\CodeIgniter->handleRequest()
#5 /var/www/html/food/public/index.php(37): CodeIgniter\CodeIgniter->run()
#6 /var/www/html/food/system/Commands/Server/rewrite.php(43): require_once('/var/www/html/f...')
#7 {main}
CRITICAL - 2022-05-07 16:05:00 --> O filtro visitante deve ter um alias correspondente definido.
#0 /var/www/html/food/system/Filters/Filters.php(340): CodeIgniter\Filters\Exceptions\FilterException::forNoAlias()
#1 /var/www/html/food/system/CodeIgniter.php(384): CodeIgniter\Filters\Filters->enableFilter()
#2 /var/www/html/food/system/CodeIgniter.php(326): CodeIgniter\CodeIgniter->handleRequest()
#3 /var/www/html/food/public/index.php(37): CodeIgniter\CodeIgniter->run()
#4 /var/www/html/food/system/Commands/Server/rewrite.php(43): require_once('/var/www/html/f...')
#5 {main}
CRITICAL - 2022-05-07 16:05:17 --> O filtro visitante deve ter um alias correspondente definido.
#0 /var/www/html/food/system/Filters/Filters.php(340): CodeIgniter\Filters\Exceptions\FilterException::forNoAlias()
#1 /var/www/html/food/system/CodeIgniter.php(384): CodeIgniter\Filters\Filters->enableFilter()
#2 /var/www/html/food/system/CodeIgniter.php(326): CodeIgniter\CodeIgniter->handleRequest()
#3 /var/www/html/food/public/index.php(37): CodeIgniter\CodeIgniter->run()
#4 /var/www/html/food/system/Commands/Server/rewrite.php(43): require_once('/var/www/html/f...')
#5 {main}
CRITICAL - 2022-05-07 16:06:05 --> O filtro visitante deve ter um alias correspondente definido.
#0 /var/www/html/food/system/Filters/Filters.php(340): CodeIgniter\Filters\Exceptions\FilterException::forNoAlias()
#1 /var/www/html/food/system/CodeIgniter.php(384): CodeIgniter\Filters\Filters->enableFilter()
#2 /var/www/html/food/system/CodeIgniter.php(326): CodeIgniter\CodeIgniter->handleRequest()
#3 /var/www/html/food/public/index.php(37): CodeIgniter\CodeIgniter->run()
#4 /var/www/html/food/system/Commands/Server/rewrite.php(43): require_once('/var/www/html/f...')
#5 {main}
CRITICAL - 2022-05-07 16:06:18 --> O filtro visitante deve ter um alias correspondente definido.
#0 /var/www/html/food/system/Filters/Filters.php(340): CodeIgniter\Filters\Exceptions\FilterException::forNoAlias()
#1 /var/www/html/food/system/CodeIgniter.php(384): CodeIgniter\Filters\Filters->enableFilter()
#2 /var/www/html/food/system/CodeIgniter.php(326): CodeIgniter\CodeIgniter->handleRequest()
#3 /var/www/html/food/public/index.php(37): CodeIgniter\CodeIgniter->run()
#4 /var/www/html/food/system/Commands/Server/rewrite.php(43): require_once('/var/www/html/f...')
#5 {main}
CRITICAL - 2022-05-07 16:06:19 --> O filtro visitante deve ter um alias correspondente definido.
#0 /var/www/html/food/system/Filters/Filters.php(340): CodeIgniter\Filters\Exceptions\FilterException::forNoAlias()
#1 /var/www/html/food/system/CodeIgniter.php(384): CodeIgniter\Filters\Filters->enableFilter()
#2 /var/www/html/food/system/CodeIgniter.php(326): CodeIgniter\CodeIgniter->handleRequest()
#3 /var/www/html/food/public/index.php(37): CodeIgniter\CodeIgniter->run()
#4 /var/www/html/food/system/Commands/Server/rewrite.php(43): require_once('/var/www/html/f...')
#5 {main}
CRITICAL - 2022-05-07 16:06:42 --> Invalid argument supplied for foreach()
#0 /var/www/html/food/app/Views/Admin/Usuarios/index.php(50): CodeIgniter\Debug\Exceptions->errorHandler()
#1 /var/www/html/food/system/View/View.php(210): include('/var/www/html/f...')
#2 /var/www/html/food/system/View/View.php(213): CodeIgniter\View\View->CodeIgniter\View\{closure}()
#3 /var/www/html/food/system/Common.php(1089): CodeIgniter\View\View->render()
#4 /var/www/html/food/app/Controllers/Admin/Usuarios.php(25): view()
#5 /var/www/html/food/system/CodeIgniter.php(832): App\Controllers\Admin\Usuarios->index()
#6 /var/www/html/food/system/CodeIgniter.php(419): CodeIgniter\CodeIgniter->runController()
#7 /var/www/html/food/system/CodeIgniter.php(326): CodeIgniter\CodeIgniter->handleRequest()
#8 /var/www/html/food/public/index.php(37): CodeIgniter\CodeIgniter->run()
#9 /var/www/html/food/system/Commands/Server/rewrite.php(43): require_once('/var/www/html/f...')
#10 {main}
CRITICAL - 2022-05-07 16:18:42 --> Class 'App\Entities\Token' not found
#0 /var/www/html/food/app/Controllers/Password.php(36): App\Entities\Usuario->iniciaPasswordReset()
#1 /var/www/html/food/system/CodeIgniter.php(832): App\Controllers\Password->processaEsqueci()
#2 /var/www/html/food/system/CodeIgniter.php(419): CodeIgniter\CodeIgniter->runController()
#3 /var/www/html/food/system/CodeIgniter.php(326): CodeIgniter\CodeIgniter->handleRequest()
#4 /var/www/html/food/public/index.php(37): CodeIgniter\CodeIgniter->run()
#5 /var/www/html/food/system/Commands/Server/rewrite.php(43): require_once('/var/www/html/f...')
#6 {main}
CRITICAL - 2022-05-07 17:29:13 --> Class 'App\Entities\Token' not found
#0 /var/www/html/food/app/Controllers/Password.php(36): App\Entities\Usuario->iniciaPasswordReset()
#1 /var/www/html/food/system/CodeIgniter.php(832): App\Controllers\Password->processaEsqueci()
#2 /var/www/html/food/system/CodeIgniter.php(419): CodeIgniter\CodeIgniter->runController()
#3 /var/www/html/food/system/CodeIgniter.php(326): CodeIgniter\CodeIgniter->handleRequest()
#4 /var/www/html/food/public/index.php(37): CodeIgniter\CodeIgniter->run()
#5 /var/www/html/food/system/Commands/Server/rewrite.php(43): require_once('/var/www/html/f...')
#6 {main}
CRITICAL - 2022-05-07 17:29:40 --> Class 'App\Entities\App\Entities\Token' not found
#0 /var/www/html/food/app/Controllers/Password.php(36): App\Entities\Usuario->iniciaPasswordReset()
#1 /var/www/html/food/system/CodeIgniter.php(832): App\Controllers\Password->processaEsqueci()
#2 /var/www/html/food/system/CodeIgniter.php(419): CodeIgniter\CodeIgniter->runController()
#3 /var/www/html/food/system/CodeIgniter.php(326): CodeIgniter\CodeIgniter->handleRequest()
#4 /var/www/html/food/public/index.php(37): CodeIgniter\CodeIgniter->run()
#5 /var/www/html/food/system/Commands/Server/rewrite.php(43): require_once('/var/www/html/f...')
#6 {main}
CRITICAL - 2022-05-07 17:30:06 --> Class 'App\Entities\Token' not found
#0 /var/www/html/food/app/Controllers/Password.php(36): App\Entities\Usuario->iniciaPasswordReset()
#1 /var/www/html/food/system/CodeIgniter.php(832): App\Controllers\Password->processaEsqueci()
#2 /var/www/html/food/system/CodeIgniter.php(419): CodeIgniter\CodeIgniter->runController()
#3 /var/www/html/food/system/CodeIgniter.php(326): CodeIgniter\CodeIgniter->handleRequest()
#4 /var/www/html/food/public/index.php(37): CodeIgniter\CodeIgniter->run()
#5 /var/www/html/food/system/Commands/Server/rewrite.php(43): require_once('/var/www/html/f...')
#6 {main}
CRITICAL - 2022-05-07 17:46:31 --> Call to undefined method CodeIgniter\Email\Email::from()
#0 /var/www/html/food/system/CodeIgniter.php(832): App\Controllers\Home->email()
#1 /var/www/html/food/system/CodeIgniter.php(419): CodeIgniter\CodeIgniter->runController()
#2 /var/www/html/food/system/CodeIgniter.php(326): CodeIgniter\CodeIgniter->handleRequest()
#3 /var/www/html/food/public/index.php(37): CodeIgniter\CodeIgniter->run()
#4 /var/www/html/food/system/Commands/Server/rewrite.php(43): require_once('/var/www/html/f...')
#5 {main}
CRITICAL - 2022-05-07 17:48:33 --> Call to undefined method CodeIgniter\Email\Email::subject()
#0 /var/www/html/food/system/CodeIgniter.php(832): App\Controllers\Home->email()
#1 /var/www/html/food/system/CodeIgniter.php(419): CodeIgniter\CodeIgniter->runController()
#2 /var/www/html/food/system/CodeIgniter.php(326): CodeIgniter\CodeIgniter->handleRequest()
#3 /var/www/html/food/public/index.php(37): CodeIgniter\CodeIgniter->run()
#4 /var/www/html/food/system/Commands/Server/rewrite.php(43): require_once('/var/www/html/f...')
#5 {main}
CRITICAL - 2022-05-07 17:53:56 --> Não há dados para update.
#0 /var/www/html/food/system/BaseModel.php(846): CodeIgniter\Database\Exceptions\DataException::forEmptyDataset()
#1 /var/www/html/food/system/Model.php(651): CodeIgniter\BaseModel->update()
#2 /var/www/html/food/system/BaseModel.php(656): CodeIgniter\Model->update()
#3 /var/www/html/food/app/Controllers/Password.php(38): CodeIgniter\BaseModel->save()
#4 /var/www/html/food/system/CodeIgniter.php(832): App\Controllers\Password->processaEsqueci()
#5 /var/www/html/food/system/CodeIgniter.php(419): CodeIgniter\CodeIgniter->runController()
#6 /var/www/html/food/system/CodeIgniter.php(326): CodeIgniter\CodeIgniter->handleRequest()
#7 /var/www/html/food/public/index.php(37): CodeIgniter\CodeIgniter->run()
#8 /var/www/html/food/system/Commands/Server/rewrite.php(43): require_once('/var/www/html/f...')
#9 {main}
CRITICAL - 2022-05-07 18:01:30 --> Não há dados para update.
#0 /var/www/html/food/system/BaseModel.php(846): CodeIgniter\Database\Exceptions\DataException::forEmptyDataset()
#1 /var/www/html/food/system/Model.php(651): CodeIgniter\BaseModel->update()
#2 /var/www/html/food/system/BaseModel.php(656): CodeIgniter\Model->update()
#3 /var/www/html/food/app/Controllers/Password.php(38): CodeIgniter\BaseModel->save()
#4 /var/www/html/food/system/CodeIgniter.php(832): App\Controllers\Password->processaEsqueci()
#5 /var/www/html/food/system/CodeIgniter.php(419): CodeIgniter\CodeIgniter->runController()
#6 /var/www/html/food/system/CodeIgniter.php(326): CodeIgniter\CodeIgniter->handleRequest()
#7 /var/www/html/food/public/index.php(37): CodeIgniter\CodeIgniter->run()
#8 /var/www/html/food/system/Commands/Server/rewrite.php(43): require_once('/var/www/html/f...')
#9 {main}
CRITICAL - 2022-05-07 18:41:46 --> Não há dados para update.
#0 /var/www/html/food/system/BaseModel.php(846): CodeIgniter\Database\Exceptions\DataException::forEmptyDataset()
#1 /var/www/html/food/system/Model.php(651): CodeIgniter\BaseModel->update()
#2 /var/www/html/food/system/BaseModel.php(656): CodeIgniter\Model->update()
#3 /var/www/html/food/app/Controllers/Password.php(38): CodeIgniter\BaseModel->save()
#4 /var/www/html/food/system/CodeIgniter.php(832): App\Controllers\Password->processaEsqueci()
#5 /var/www/html/food/system/CodeIgniter.php(419): CodeIgniter\CodeIgniter->runController()
#6 /var/www/html/food/system/CodeIgniter.php(326): CodeIgniter\CodeIgniter->handleRequest()
#7 /var/www/html/food/public/index.php(37): CodeIgniter\CodeIgniter->run()
#8 /var/www/html/food/system/Commands/Server/rewrite.php(43): require_once('/var/www/html/f...')
#9 {main}
