CRITICAL - 2022-10-10 18:32:12 --> Undefined variable: categoria
#0 C:\xampp\htdocs\fooddelivery\app\Views\Admin\Usuarios\index.php(79): CodeIgniter\Debug\Exceptions->errorHandler(8, 'Undefined varia...', 'C:\\xampp\\htdocs...', 79, Array)
#1 C:\xampp\htdocs\fooddelivery\system\View\View.php(210): include('C:\\xampp\\htdocs...')
#2 C:\xampp\htdocs\fooddelivery\system\View\View.php(213): CodeIgniter\View\View->CodeIgniter\View\{closure}()
#3 C:\xampp\htdocs\fooddelivery\system\Common.php(1089): CodeIgniter\View\View->render('Admin/Usuarios/...', Array, true)
#4 C:\xampp\htdocs\fooddelivery\app\Controllers\Admin\Usuarios.php(25): view('Admin/Usuarios/...', Array)
#5 C:\xampp\htdocs\fooddelivery\system\CodeIgniter.php(832): App\Controllers\Admin\Usuarios->index()
#6 C:\xampp\htdocs\fooddelivery\system\CodeIgniter.php(419): CodeIgniter\CodeIgniter->runController(Object(App\Controllers\Admin\Usuarios))
#7 C:\xampp\htdocs\fooddelivery\system\CodeIgniter.php(326): CodeIgniter\CodeIgniter->handleRequest(NULL, Object(Config\Cache), false)
#8 C:\xampp\htdocs\fooddelivery\public\index.php(37): CodeIgniter\CodeIgniter->run()
#9 C:\xampp\htdocs\fooddelivery\system\Commands\Server\rewrite.php(43): require_once('C:\\xampp\\htdocs...')
#10 {main}
CRITICAL - 2022-10-10 18:38:18 --> Undefined variable: categoria
#0 C:\xampp\htdocs\fooddelivery\app\Views\Admin\Usuarios\index.php(138): CodeIgniter\Debug\Exceptions->errorHandler(8, 'Undefined varia...', 'C:\\xampp\\htdocs...', 138, Array)
#1 C:\xampp\htdocs\fooddelivery\system\View\View.php(210): include('C:\\xampp\\htdocs...')
#2 C:\xampp\htdocs\fooddelivery\system\View\View.php(213): CodeIgniter\View\View->CodeIgniter\View\{closure}()
#3 C:\xampp\htdocs\fooddelivery\system\Common.php(1089): CodeIgniter\View\View->render('Admin/Usuarios/...', Array, true)
#4 C:\xampp\htdocs\fooddelivery\app\Controllers\Admin\Usuarios.php(25): view('Admin/Usuarios/...', Array)
#5 C:\xampp\htdocs\fooddelivery\system\CodeIgniter.php(832): App\Controllers\Admin\Usuarios->index()
#6 C:\xampp\htdocs\fooddelivery\system\CodeIgniter.php(419): CodeIgniter\CodeIgniter->runController(Object(App\Controllers\Admin\Usuarios))
#7 C:\xampp\htdocs\fooddelivery\system\CodeIgniter.php(326): CodeIgniter\CodeIgniter->handleRequest(NULL, Object(Config\Cache), false)
#8 C:\xampp\htdocs\fooddelivery\public\index.php(37): CodeIgniter\CodeIgniter->run()
#9 C:\xampp\htdocs\fooddelivery\system\Commands\Server\rewrite.php(43): require_once('C:\\xampp\\htdocs...')
#10 {main}
CRITICAL - 2022-10-10 18:53:47 --> Undefined variable: categoria
#0 C:\xampp\htdocs\fooddelivery\app\Views\Admin\Usuarios\index.php(135): CodeIgniter\Debug\Exceptions->errorHandler(8, 'Undefined varia...', 'C:\\xampp\\htdocs...', 135, Array)
#1 C:\xampp\htdocs\fooddelivery\system\View\View.php(210): include('C:\\xampp\\htdocs...')
#2 C:\xampp\htdocs\fooddelivery\system\View\View.php(213): CodeIgniter\View\View->CodeIgniter\View\{closure}()
#3 C:\xampp\htdocs\fooddelivery\system\Common.php(1089): CodeIgniter\View\View->render('Admin/Usuarios/...', Array, true)
#4 C:\xampp\htdocs\fooddelivery\app\Controllers\Admin\Usuarios.php(25): view('Admin/Usuarios/...', Array)
#5 C:\xampp\htdocs\fooddelivery\system\CodeIgniter.php(832): App\Controllers\Admin\Usuarios->index()
#6 C:\xampp\htdocs\fooddelivery\system\CodeIgniter.php(419): CodeIgniter\CodeIgniter->runController(Object(App\Controllers\Admin\Usuarios))
#7 C:\xampp\htdocs\fooddelivery\system\CodeIgniter.php(326): CodeIgniter\CodeIgniter->handleRequest(NULL, Object(Config\Cache), false)
#8 C:\xampp\htdocs\fooddelivery\public\index.php(37): CodeIgniter\CodeIgniter->run()
#9 C:\xampp\htdocs\fooddelivery\system\Commands\Server\rewrite.php(43): require_once('C:\\xampp\\htdocs...')
#10 {main}
CRITICAL - 2022-10-10 19:00:24 --> Undefined variable: titulo_page
#0 C:\xampp\htdocs\fooddelivery\app\Views\Admin\Usuarios\index.php(13): CodeIgniter\Debug\Exceptions->errorHandler(8, 'Undefined varia...', 'C:\\xampp\\htdocs...', 13, Array)
#1 C:\xampp\htdocs\fooddelivery\system\View\View.php(210): include('C:\\xampp\\htdocs...')
#2 C:\xampp\htdocs\fooddelivery\system\View\View.php(213): CodeIgniter\View\View->CodeIgniter\View\{closure}()
#3 C:\xampp\htdocs\fooddelivery\system\Common.php(1089): CodeIgniter\View\View->render('Admin/Usuarios/...', Array, true)
#4 C:\xampp\htdocs\fooddelivery\app\Controllers\Admin\Usuarios.php(25): view('Admin/Usuarios/...', Array)
#5 C:\xampp\htdocs\fooddelivery\system\CodeIgniter.php(832): App\Controllers\Admin\Usuarios->index()
#6 C:\xampp\htdocs\fooddelivery\system\CodeIgniter.php(419): CodeIgniter\CodeIgniter->runController(Object(App\Controllers\Admin\Usuarios))
#7 C:\xampp\htdocs\fooddelivery\system\CodeIgniter.php(326): CodeIgniter\CodeIgniter->handleRequest(NULL, Object(Config\Cache), false)
#8 C:\xampp\htdocs\fooddelivery\public\index.php(37): CodeIgniter\CodeIgniter->run()
#9 C:\xampp\htdocs\fooddelivery\system\Commands\Server\rewrite.php(43): require_once('C:\\xampp\\htdocs...')
#10 {main}
CRITICAL - 2022-10-10 19:00:24 --> Undefined variable: titulo_page
#0 C:\xampp\htdocs\fooddelivery\app\Views\Admin\Usuarios\index.php(13): CodeIgniter\Debug\Exceptions->errorHandler(8, 'Undefined varia...', 'C:\\xampp\\htdocs...', 13, Array)
#1 C:\xampp\htdocs\fooddelivery\system\View\View.php(210): include('C:\\xampp\\htdocs...')
#2 C:\xampp\htdocs\fooddelivery\system\View\View.php(213): CodeIgniter\View\View->CodeIgniter\View\{closure}()
#3 C:\xampp\htdocs\fooddelivery\system\Common.php(1089): CodeIgniter\View\View->render('Admin/Usuarios/...', Array, true)
#4 C:\xampp\htdocs\fooddelivery\app\Controllers\Admin\Usuarios.php(25): view('Admin/Usuarios/...', Array)
#5 C:\xampp\htdocs\fooddelivery\system\CodeIgniter.php(832): App\Controllers\Admin\Usuarios->index()
#6 C:\xampp\htdocs\fooddelivery\system\CodeIgniter.php(419): CodeIgniter\CodeIgniter->runController(Object(App\Controllers\Admin\Usuarios))
#7 C:\xampp\htdocs\fooddelivery\system\CodeIgniter.php(326): CodeIgniter\CodeIgniter->handleRequest(NULL, Object(Config\Cache), false)
#8 C:\xampp\htdocs\fooddelivery\public\index.php(37): CodeIgniter\CodeIgniter->run()
#9 C:\xampp\htdocs\fooddelivery\system\Commands\Server\rewrite.php(43): require_once('C:\\xampp\\htdocs...')
#10 {main}
CRITICAL - 2022-10-10 19:12:07 --> finfo::file(C:\xampp\htdocs\fooddelivery\writable\uploads/entregadores/1652294712_c4a8c82f02498c5a5cf2.jfif): failed to open stream: No such file or directory
#0 [internal function]: CodeIgniter\Debug\Exceptions->errorHandler(2, 'finfo::file(C:\\...', 'C:\\xampp\\htdocs...', 234, Array)
#1 C:\xampp\htdocs\fooddelivery\app\Controllers\Admin\Entregadores.php(234): finfo->file('C:\\xampp\\htdocs...')
#2 C:\xampp\htdocs\fooddelivery\system\CodeIgniter.php(832): App\Controllers\Admin\Entregadores->imagem('1652294712_c4a8...')
#3 C:\xampp\htdocs\fooddelivery\system\CodeIgniter.php(419): CodeIgniter\CodeIgniter->runController(Object(App\Controllers\Admin\Entregadores))
#4 C:\xampp\htdocs\fooddelivery\system\CodeIgniter.php(326): CodeIgniter\CodeIgniter->handleRequest(NULL, Object(Config\Cache), false)
#5 C:\xampp\htdocs\fooddelivery\public\index.php(37): CodeIgniter\CodeIgniter->run()
#6 C:\xampp\htdocs\fooddelivery\system\Commands\Server\rewrite.php(43): require_once('C:\\xampp\\htdocs...')
#7 {main}
CRITICAL - 2022-10-10 19:12:15 --> finfo::file(C:\xampp\htdocs\fooddelivery\writable\uploads/produtos/1652700632_3047adb82e800c4429b9.jfif): failed to open stream: No such file or directory
#0 [internal function]: CodeIgniter\Debug\Exceptions->errorHandler(2, 'finfo::file(C:\\...', 'C:\\xampp\\htdocs...', 248, Array)
#1 C:\xampp\htdocs\fooddelivery\app\Controllers\Admin\Produtos.php(248): finfo->file('C:\\xampp\\htdocs...')
#2 C:\xampp\htdocs\fooddelivery\system\CodeIgniter.php(832): App\Controllers\Admin\Produtos->imagem('1652700632_3047...')
#3 C:\xampp\htdocs\fooddelivery\system\CodeIgniter.php(419): CodeIgniter\CodeIgniter->runController(Object(App\Controllers\Admin\Produtos))
#4 C:\xampp\htdocs\fooddelivery\system\CodeIgniter.php(326): CodeIgniter\CodeIgniter->handleRequest(NULL, Object(Config\Cache), false)
#5 C:\xampp\htdocs\fooddelivery\public\index.php(37): CodeIgniter\CodeIgniter->run()
#6 C:\xampp\htdocs\fooddelivery\system\Commands\Server\rewrite.php(43): require_once('C:\\xampp\\htdocs...')
#7 {main}
CRITICAL - 2022-10-10 19:12:15 --> finfo::file(C:\xampp\htdocs\fooddelivery\writable\uploads/produtos/1652445869_6ae404761d0a3f59fdb1.jpg): failed to open stream: No such file or directory
#0 [internal function]: CodeIgniter\Debug\Exceptions->errorHandler(2, 'finfo::file(C:\\...', 'C:\\xampp\\htdocs...', 248, Array)
#1 C:\xampp\htdocs\fooddelivery\app\Controllers\Admin\Produtos.php(248): finfo->file('C:\\xampp\\htdocs...')
#2 C:\xampp\htdocs\fooddelivery\system\CodeIgniter.php(832): App\Controllers\Admin\Produtos->imagem('1652445869_6ae4...')
#3 C:\xampp\htdocs\fooddelivery\system\CodeIgniter.php(419): CodeIgniter\CodeIgniter->runController(Object(App\Controllers\Admin\Produtos))
#4 C:\xampp\htdocs\fooddelivery\system\CodeIgniter.php(326): CodeIgniter\CodeIgniter->handleRequest(NULL, Object(Config\Cache), false)
#5 C:\xampp\htdocs\fooddelivery\public\index.php(37): CodeIgniter\CodeIgniter->run()
#6 C:\xampp\htdocs\fooddelivery\system\Commands\Server\rewrite.php(43): require_once('C:\\xampp\\htdocs...')
#7 {main}
CRITICAL - 2022-10-10 19:24:48 --> Undefined variable: categoria
#0 C:\xampp\htdocs\fooddelivery\app\Views\Admin\Usuarios\index.php(233): CodeIgniter\Debug\Exceptions->errorHandler(8, 'Undefined varia...', 'C:\\xampp\\htdocs...', 233, Array)
#1 C:\xampp\htdocs\fooddelivery\system\View\View.php(210): include('C:\\xampp\\htdocs...')
#2 C:\xampp\htdocs\fooddelivery\system\View\View.php(213): CodeIgniter\View\View->CodeIgniter\View\{closure}()
#3 C:\xampp\htdocs\fooddelivery\system\Common.php(1089): CodeIgniter\View\View->render('Admin/Usuarios/...', Array, true)
#4 C:\xampp\htdocs\fooddelivery\app\Controllers\Admin\Usuarios.php(26): view('Admin/Usuarios/...', Array)
#5 C:\xampp\htdocs\fooddelivery\system\CodeIgniter.php(832): App\Controllers\Admin\Usuarios->index()
#6 C:\xampp\htdocs\fooddelivery\system\CodeIgniter.php(419): CodeIgniter\CodeIgniter->runController(Object(App\Controllers\Admin\Usuarios))
#7 C:\xampp\htdocs\fooddelivery\system\CodeIgniter.php(326): CodeIgniter\CodeIgniter->handleRequest(NULL, Object(Config\Cache), false)
#8 C:\xampp\htdocs\fooddelivery\public\index.php(37): CodeIgniter\CodeIgniter->run()
#9 C:\xampp\htdocs\fooddelivery\system\Commands\Server\rewrite.php(43): require_once('C:\\xampp\\htdocs...')
#10 {main}
CRITICAL - 2022-10-10 19:51:30 --> Undefined variable: titulo_page
#0 C:\xampp\htdocs\fooddelivery\app\Views\Admin\Usuarios\show.php(13): CodeIgniter\Debug\Exceptions->errorHandler(8, 'Undefined varia...', 'C:\\xampp\\htdocs...', 13, Array)
#1 C:\xampp\htdocs\fooddelivery\system\View\View.php(210): include('C:\\xampp\\htdocs...')
#2 C:\xampp\htdocs\fooddelivery\system\View\View.php(213): CodeIgniter\View\View->CodeIgniter\View\{closure}()
#3 C:\xampp\htdocs\fooddelivery\system\Common.php(1089): CodeIgniter\View\View->render('Admin/Usuarios/...', Array, true)
#4 C:\xampp\htdocs\fooddelivery\app\Controllers\Admin\Usuarios.php(94): view('Admin/Usuarios/...', Array)
#5 C:\xampp\htdocs\fooddelivery\system\CodeIgniter.php(832): App\Controllers\Admin\Usuarios->show('2')
#6 C:\xampp\htdocs\fooddelivery\system\CodeIgniter.php(419): CodeIgniter\CodeIgniter->runController(Object(App\Controllers\Admin\Usuarios))
#7 C:\xampp\htdocs\fooddelivery\system\CodeIgniter.php(326): CodeIgniter\CodeIgniter->handleRequest(NULL, Object(Config\Cache), false)
#8 C:\xampp\htdocs\fooddelivery\public\index.php(37): CodeIgniter\CodeIgniter->run()
#9 C:\xampp\htdocs\fooddelivery\system\Commands\Server\rewrite.php(43): require_once('C:\\xampp\\htdocs...')
#10 {main}
CRITICAL - 2022-10-10 19:52:42 --> Arquivo inválido: Admin/Usuarios/editar.php
#0 C:\xampp\htdocs\fooddelivery\system\View\View.php(198): CodeIgniter\Exceptions\FrameworkException::forInvalidFile('Admin/Usuarios/...')
#1 C:\xampp\htdocs\fooddelivery\system\Common.php(1089): CodeIgniter\View\View->render('Admin/Usuarios/...', Array, true)
#2 C:\xampp\htdocs\fooddelivery\app\Controllers\Admin\Usuarios.php(111): view('Admin/Usuarios/...', Array)
#3 C:\xampp\htdocs\fooddelivery\system\CodeIgniter.php(832): App\Controllers\Admin\Usuarios->editar('2')
#4 C:\xampp\htdocs\fooddelivery\system\CodeIgniter.php(419): CodeIgniter\CodeIgniter->runController(Object(App\Controllers\Admin\Usuarios))
#5 C:\xampp\htdocs\fooddelivery\system\CodeIgniter.php(326): CodeIgniter\CodeIgniter->handleRequest(NULL, Object(Config\Cache), false)
#6 C:\xampp\htdocs\fooddelivery\public\index.php(37): CodeIgniter\CodeIgniter->run()
#7 C:\xampp\htdocs\fooddelivery\system\Commands\Server\rewrite.php(43): require_once('C:\\xampp\\htdocs...')
#8 {main}
CRITICAL - 2022-10-10 19:53:31 --> Arquivo inválido: Admin/Usuarios/editar.php
#0 C:\xampp\htdocs\fooddelivery\system\View\View.php(198): CodeIgniter\Exceptions\FrameworkException::forInvalidFile('Admin/Usuarios/...')
#1 C:\xampp\htdocs\fooddelivery\system\Common.php(1089): CodeIgniter\View\View->render('Admin/Usuarios/...', Array, true)
#2 C:\xampp\htdocs\fooddelivery\app\Controllers\Admin\Usuarios.php(111): view('Admin/Usuarios/...', Array)
#3 C:\xampp\htdocs\fooddelivery\system\CodeIgniter.php(832): App\Controllers\Admin\Usuarios->editar('2')
#4 C:\xampp\htdocs\fooddelivery\system\CodeIgniter.php(419): CodeIgniter\CodeIgniter->runController(Object(App\Controllers\Admin\Usuarios))
#5 C:\xampp\htdocs\fooddelivery\system\CodeIgniter.php(326): CodeIgniter\CodeIgniter->handleRequest(NULL, Object(Config\Cache), false)
#6 C:\xampp\htdocs\fooddelivery\public\index.php(37): CodeIgniter\CodeIgniter->run()
#7 C:\xampp\htdocs\fooddelivery\system\Commands\Server\rewrite.php(43): require_once('C:\\xampp\\htdocs...')
#8 {main}
CRITICAL - 2022-10-10 19:53:34 --> Arquivo inválido: Admin/Usuarios/editar.php
#0 C:\xampp\htdocs\fooddelivery\system\View\View.php(198): CodeIgniter\Exceptions\FrameworkException::forInvalidFile('Admin/Usuarios/...')
#1 C:\xampp\htdocs\fooddelivery\system\Common.php(1089): CodeIgniter\View\View->render('Admin/Usuarios/...', Array, true)
#2 C:\xampp\htdocs\fooddelivery\app\Controllers\Admin\Usuarios.php(111): view('Admin/Usuarios/...', Array)
#3 C:\xampp\htdocs\fooddelivery\system\CodeIgniter.php(832): App\Controllers\Admin\Usuarios->editar('2')
#4 C:\xampp\htdocs\fooddelivery\system\CodeIgniter.php(419): CodeIgniter\CodeIgniter->runController(Object(App\Controllers\Admin\Usuarios))
#5 C:\xampp\htdocs\fooddelivery\system\CodeIgniter.php(326): CodeIgniter\CodeIgniter->handleRequest(NULL, Object(Config\Cache), false)
#6 C:\xampp\htdocs\fooddelivery\public\index.php(37): CodeIgniter\CodeIgniter->run()
#7 C:\xampp\htdocs\fooddelivery\system\Commands\Server\rewrite.php(43): require_once('C:\\xampp\\htdocs...')
#8 {main}
CRITICAL - 2022-10-10 19:55:14 --> Arquivo inválido: Admin/Usuarios/editar.php
#0 C:\xampp\htdocs\fooddelivery\system\View\View.php(198): CodeIgniter\Exceptions\FrameworkException::forInvalidFile('Admin/Usuarios/...')
#1 C:\xampp\htdocs\fooddelivery\system\Common.php(1089): CodeIgniter\View\View->render('Admin/Usuarios/...', Array, true)
#2 C:\xampp\htdocs\fooddelivery\app\Controllers\Admin\Usuarios.php(111): view('Admin/Usuarios/...', Array)
#3 C:\xampp\htdocs\fooddelivery\system\CodeIgniter.php(832): App\Controllers\Admin\Usuarios->editar('2')
#4 C:\xampp\htdocs\fooddelivery\system\CodeIgniter.php(419): CodeIgniter\CodeIgniter->runController(Object(App\Controllers\Admin\Usuarios))
#5 C:\xampp\htdocs\fooddelivery\system\CodeIgniter.php(326): CodeIgniter\CodeIgniter->handleRequest(NULL, Object(Config\Cache), false)
#6 C:\xampp\htdocs\fooddelivery\public\index.php(37): CodeIgniter\CodeIgniter->run()
#7 C:\xampp\htdocs\fooddelivery\system\Commands\Server\rewrite.php(43): require_once('C:\\xampp\\htdocs...')
#8 {main}
CRITICAL - 2022-10-10 19:55:14 --> Arquivo inválido: Admin/Usuarios/editar.php
#0 C:\xampp\htdocs\fooddelivery\system\View\View.php(198): CodeIgniter\Exceptions\FrameworkException::forInvalidFile('Admin/Usuarios/...')
#1 C:\xampp\htdocs\fooddelivery\system\Common.php(1089): CodeIgniter\View\View->render('Admin/Usuarios/...', Array, true)
#2 C:\xampp\htdocs\fooddelivery\app\Controllers\Admin\Usuarios.php(111): view('Admin/Usuarios/...', Array)
#3 C:\xampp\htdocs\fooddelivery\system\CodeIgniter.php(832): App\Controllers\Admin\Usuarios->editar('2')
#4 C:\xampp\htdocs\fooddelivery\system\CodeIgniter.php(419): CodeIgniter\CodeIgniter->runController(Object(App\Controllers\Admin\Usuarios))
#5 C:\xampp\htdocs\fooddelivery\system\CodeIgniter.php(326): CodeIgniter\CodeIgniter->handleRequest(NULL, Object(Config\Cache), false)
#6 C:\xampp\htdocs\fooddelivery\public\index.php(37): CodeIgniter\CodeIgniter->run()
#7 C:\xampp\htdocs\fooddelivery\system\Commands\Server\rewrite.php(43): require_once('C:\\xampp\\htdocs...')
#8 {main}
CRITICAL - 2022-10-10 19:55:27 --> Arquivo inválido: Admin/Usuarios/editar.php
#0 C:\xampp\htdocs\fooddelivery\system\View\View.php(198): CodeIgniter\Exceptions\FrameworkException::forInvalidFile('Admin/Usuarios/...')
#1 C:\xampp\htdocs\fooddelivery\system\Common.php(1089): CodeIgniter\View\View->render('Admin/Usuarios/...', Array, true)
#2 C:\xampp\htdocs\fooddelivery\app\Controllers\Admin\Usuarios.php(111): view('Admin/Usuarios/...', Array)
#3 C:\xampp\htdocs\fooddelivery\system\CodeIgniter.php(832): App\Controllers\Admin\Usuarios->editar('2')
#4 C:\xampp\htdocs\fooddelivery\system\CodeIgniter.php(419): CodeIgniter\CodeIgniter->runController(Object(App\Controllers\Admin\Usuarios))
#5 C:\xampp\htdocs\fooddelivery\system\CodeIgniter.php(326): CodeIgniter\CodeIgniter->handleRequest(NULL, Object(Config\Cache), false)
#6 C:\xampp\htdocs\fooddelivery\public\index.php(37): CodeIgniter\CodeIgniter->run()
#7 C:\xampp\htdocs\fooddelivery\system\Commands\Server\rewrite.php(43): require_once('C:\\xampp\\htdocs...')
#8 {main}
CRITICAL - 2022-10-10 19:57:11 --> Arquivo inválido: Admin/Usuarios/editar.php
#0 C:\xampp\htdocs\fooddelivery\system\View\View.php(198): CodeIgniter\Exceptions\FrameworkException::forInvalidFile('Admin/Usuarios/...')
#1 C:\xampp\htdocs\fooddelivery\system\Common.php(1089): CodeIgniter\View\View->render('Admin/Usuarios/...', Array, true)
#2 C:\xampp\htdocs\fooddelivery\app\Controllers\Admin\Usuarios.php(111): view('Admin/Usuarios/...', Array)
#3 C:\xampp\htdocs\fooddelivery\system\CodeIgniter.php(832): App\Controllers\Admin\Usuarios->editar('2')
#4 C:\xampp\htdocs\fooddelivery\system\CodeIgniter.php(419): CodeIgniter\CodeIgniter->runController(Object(App\Controllers\Admin\Usuarios))
#5 C:\xampp\htdocs\fooddelivery\system\CodeIgniter.php(326): CodeIgniter\CodeIgniter->handleRequest(NULL, Object(Config\Cache), false)
#6 C:\xampp\htdocs\fooddelivery\public\index.php(37): CodeIgniter\CodeIgniter->run()
#7 C:\xampp\htdocs\fooddelivery\system\Commands\Server\rewrite.php(43): require_once('C:\\xampp\\htdocs...')
#8 {main}
CRITICAL - 2022-10-10 20:11:46 --> finfo::file(C:\xampp\htdocs\fooddelivery\writable\uploads/produtos/1652445869_6ae404761d0a3f59fdb1.jpg): failed to open stream: No such file or directory
#0 [internal function]: CodeIgniter\Debug\Exceptions->errorHandler(2, 'finfo::file(C:\\...', 'C:\\xampp\\htdocs...', 186, Array)
#1 C:\xampp\htdocs\fooddelivery\app\Controllers\Produto.php(186): finfo->file('C:\\xampp\\htdocs...')
#2 C:\xampp\htdocs\fooddelivery\system\CodeIgniter.php(832): App\Controllers\Produto->imagem('1652445869_6ae4...')
#3 C:\xampp\htdocs\fooddelivery\system\CodeIgniter.php(419): CodeIgniter\CodeIgniter->runController(Object(App\Controllers\Produto))
#4 C:\xampp\htdocs\fooddelivery\system\CodeIgniter.php(326): CodeIgniter\CodeIgniter->handleRequest(NULL, Object(Config\Cache), false)
#5 C:\xampp\htdocs\fooddelivery\public\index.php(37): CodeIgniter\CodeIgniter->run()
#6 C:\xampp\htdocs\fooddelivery\system\Commands\Server\rewrite.php(43): require_once('C:\\xampp\\htdocs...')
#7 {main}
CRITICAL - 2022-10-10 20:11:46 --> finfo::file(C:\xampp\htdocs\fooddelivery\writable\uploads/produtos/1652700632_3047adb82e800c4429b9.jfif): failed to open stream: No such file or directory
#0 [internal function]: CodeIgniter\Debug\Exceptions->errorHandler(2, 'finfo::file(C:\\...', 'C:\\xampp\\htdocs...', 186, Array)
#1 C:\xampp\htdocs\fooddelivery\app\Controllers\Produto.php(186): finfo->file('C:\\xampp\\htdocs...')
#2 C:\xampp\htdocs\fooddelivery\system\CodeIgniter.php(832): App\Controllers\Produto->imagem('1652700632_3047...')
#3 C:\xampp\htdocs\fooddelivery\system\CodeIgniter.php(419): CodeIgniter\CodeIgniter->runController(Object(App\Controllers\Produto))
#4 C:\xampp\htdocs\fooddelivery\system\CodeIgniter.php(326): CodeIgniter\CodeIgniter->handleRequest(NULL, Object(Config\Cache), false)
#5 C:\xampp\htdocs\fooddelivery\public\index.php(37): CodeIgniter\CodeIgniter->run()
#6 C:\xampp\htdocs\fooddelivery\system\Commands\Server\rewrite.php(43): require_once('C:\\xampp\\htdocs...')
#7 {main}
CRITICAL - 2022-10-10 20:11:59 --> finfo::file(C:\xampp\htdocs\fooddelivery\writable\uploads/produtos/1652445869_6ae404761d0a3f59fdb1.jpg): failed to open stream: No such file or directory
#0 [internal function]: CodeIgniter\Debug\Exceptions->errorHandler(2, 'finfo::file(C:\\...', 'C:\\xampp\\htdocs...', 186, Array)
#1 C:\xampp\htdocs\fooddelivery\app\Controllers\Produto.php(186): finfo->file('C:\\xampp\\htdocs...')
#2 C:\xampp\htdocs\fooddelivery\system\CodeIgniter.php(832): App\Controllers\Produto->imagem('1652445869_6ae4...')
#3 C:\xampp\htdocs\fooddelivery\system\CodeIgniter.php(419): CodeIgniter\CodeIgniter->runController(Object(App\Controllers\Produto))
#4 C:\xampp\htdocs\fooddelivery\system\CodeIgniter.php(326): CodeIgniter\CodeIgniter->handleRequest(NULL, Object(Config\Cache), false)
#5 C:\xampp\htdocs\fooddelivery\public\index.php(37): CodeIgniter\CodeIgniter->run()
#6 C:\xampp\htdocs\fooddelivery\system\Commands\Server\rewrite.php(43): require_once('C:\\xampp\\htdocs...')
#7 {main}
CRITICAL - 2022-10-10 20:11:59 --> finfo::file(C:\xampp\htdocs\fooddelivery\writable\uploads/produtos/1652700632_3047adb82e800c4429b9.jfif): failed to open stream: No such file or directory
#0 [internal function]: CodeIgniter\Debug\Exceptions->errorHandler(2, 'finfo::file(C:\\...', 'C:\\xampp\\htdocs...', 186, Array)
#1 C:\xampp\htdocs\fooddelivery\app\Controllers\Produto.php(186): finfo->file('C:\\xampp\\htdocs...')
#2 C:\xampp\htdocs\fooddelivery\system\CodeIgniter.php(832): App\Controllers\Produto->imagem('1652700632_3047...')
#3 C:\xampp\htdocs\fooddelivery\system\CodeIgniter.php(419): CodeIgniter\CodeIgniter->runController(Object(App\Controllers\Produto))
#4 C:\xampp\htdocs\fooddelivery\system\CodeIgniter.php(326): CodeIgniter\CodeIgniter->handleRequest(NULL, Object(Config\Cache), false)
#5 C:\xampp\htdocs\fooddelivery\public\index.php(37): CodeIgniter\CodeIgniter->run()
#6 C:\xampp\htdocs\fooddelivery\system\Commands\Server\rewrite.php(43): require_once('C:\\xampp\\htdocs...')
#7 {main}
CRITICAL - 2022-10-10 20:55:22 --> finfo::file(C:\xampp\htdocs\fooddelivery\writable\uploads/produtos/1652445869_6ae404761d0a3f59fdb1.jpg): failed to open stream: No such file or directory
#0 [internal function]: CodeIgniter\Debug\Exceptions->errorHandler(2, 'finfo::file(C:\\...', 'C:\\xampp\\htdocs...', 248, Array)
#1 C:\xampp\htdocs\fooddelivery\app\Controllers\Admin\Produtos.php(248): finfo->file('C:\\xampp\\htdocs...')
#2 C:\xampp\htdocs\fooddelivery\system\CodeIgniter.php(832): App\Controllers\Admin\Produtos->imagem('1652445869_6ae4...')
#3 C:\xampp\htdocs\fooddelivery\system\CodeIgniter.php(419): CodeIgniter\CodeIgniter->runController(Object(App\Controllers\Admin\Produtos))
#4 C:\xampp\htdocs\fooddelivery\system\CodeIgniter.php(326): CodeIgniter\CodeIgniter->handleRequest(NULL, Object(Config\Cache), false)
#5 C:\xampp\htdocs\fooddelivery\public\index.php(37): CodeIgniter\CodeIgniter->run()
#6 C:\xampp\htdocs\fooddelivery\system\Commands\Server\rewrite.php(43): require_once('C:\\xampp\\htdocs...')
#7 {main}
CRITICAL - 2022-10-10 20:55:22 --> finfo::file(C:\xampp\htdocs\fooddelivery\writable\uploads/produtos/1652700632_3047adb82e800c4429b9.jfif): failed to open stream: No such file or directory
#0 [internal function]: CodeIgniter\Debug\Exceptions->errorHandler(2, 'finfo::file(C:\\...', 'C:\\xampp\\htdocs...', 248, Array)
#1 C:\xampp\htdocs\fooddelivery\app\Controllers\Admin\Produtos.php(248): finfo->file('C:\\xampp\\htdocs...')
#2 C:\xampp\htdocs\fooddelivery\system\CodeIgniter.php(832): App\Controllers\Admin\Produtos->imagem('1652700632_3047...')
#3 C:\xampp\htdocs\fooddelivery\system\CodeIgniter.php(419): CodeIgniter\CodeIgniter->runController(Object(App\Controllers\Admin\Produtos))
#4 C:\xampp\htdocs\fooddelivery\system\CodeIgniter.php(326): CodeIgniter\CodeIgniter->handleRequest(NULL, Object(Config\Cache), false)
#5 C:\xampp\htdocs\fooddelivery\public\index.php(37): CodeIgniter\CodeIgniter->run()
#6 C:\xampp\htdocs\fooddelivery\system\Commands\Server\rewrite.php(43): require_once('C:\\xampp\\htdocs...')
#7 {main}
CRITICAL - 2022-10-10 20:55:27 --> finfo::file(C:\xampp\htdocs\fooddelivery\writable\uploads/produtos/1652445869_6ae404761d0a3f59fdb1.jpg): failed to open stream: No such file or directory
#0 [internal function]: CodeIgniter\Debug\Exceptions->errorHandler(2, 'finfo::file(C:\\...', 'C:\\xampp\\htdocs...', 248, Array)
#1 C:\xampp\htdocs\fooddelivery\app\Controllers\Admin\Produtos.php(248): finfo->file('C:\\xampp\\htdocs...')
#2 C:\xampp\htdocs\fooddelivery\system\CodeIgniter.php(832): App\Controllers\Admin\Produtos->imagem('1652445869_6ae4...')
#3 C:\xampp\htdocs\fooddelivery\system\CodeIgniter.php(419): CodeIgniter\CodeIgniter->runController(Object(App\Controllers\Admin\Produtos))
#4 C:\xampp\htdocs\fooddelivery\system\CodeIgniter.php(326): CodeIgniter\CodeIgniter->handleRequest(NULL, Object(Config\Cache), false)
#5 C:\xampp\htdocs\fooddelivery\public\index.php(37): CodeIgniter\CodeIgniter->run()
#6 C:\xampp\htdocs\fooddelivery\system\Commands\Server\rewrite.php(43): require_once('C:\\xampp\\htdocs...')
#7 {main}
CRITICAL - 2022-10-10 20:55:27 --> finfo::file(C:\xampp\htdocs\fooddelivery\writable\uploads/produtos/1652700632_3047adb82e800c4429b9.jfif): failed to open stream: No such file or directory
#0 [internal function]: CodeIgniter\Debug\Exceptions->errorHandler(2, 'finfo::file(C:\\...', 'C:\\xampp\\htdocs...', 248, Array)
#1 C:\xampp\htdocs\fooddelivery\app\Controllers\Admin\Produtos.php(248): finfo->file('C:\\xampp\\htdocs...')
#2 C:\xampp\htdocs\fooddelivery\system\CodeIgniter.php(832): App\Controllers\Admin\Produtos->imagem('1652700632_3047...')
#3 C:\xampp\htdocs\fooddelivery\system\CodeIgniter.php(419): CodeIgniter\CodeIgniter->runController(Object(App\Controllers\Admin\Produtos))
#4 C:\xampp\htdocs\fooddelivery\system\CodeIgniter.php(326): CodeIgniter\CodeIgniter->handleRequest(NULL, Object(Config\Cache), false)
#5 C:\xampp\htdocs\fooddelivery\public\index.php(37): CodeIgniter\CodeIgniter->run()
#6 C:\xampp\htdocs\fooddelivery\system\Commands\Server\rewrite.php(43): require_once('C:\\xampp\\htdocs...')
#7 {main}
CRITICAL - 2022-10-10 21:21:01 --> finfo::file(C:\xampp\htdocs\fooddelivery\writable\uploads/produtos/1652445869_6ae404761d0a3f59fdb1.jpg): failed to open stream: No such file or directory
#0 [internal function]: CodeIgniter\Debug\Exceptions->errorHandler(2, 'finfo::file(C:\\...', 'C:\\xampp\\htdocs...', 248, Array)
#1 C:\xampp\htdocs\fooddelivery\app\Controllers\Admin\Produtos.php(248): finfo->file('C:\\xampp\\htdocs...')
#2 C:\xampp\htdocs\fooddelivery\system\CodeIgniter.php(832): App\Controllers\Admin\Produtos->imagem('1652445869_6ae4...')
#3 C:\xampp\htdocs\fooddelivery\system\CodeIgniter.php(419): CodeIgniter\CodeIgniter->runController(Object(App\Controllers\Admin\Produtos))
#4 C:\xampp\htdocs\fooddelivery\system\CodeIgniter.php(326): CodeIgniter\CodeIgniter->handleRequest(NULL, Object(Config\Cache), false)
#5 C:\xampp\htdocs\fooddelivery\public\index.php(37): CodeIgniter\CodeIgniter->run()
#6 C:\xampp\htdocs\fooddelivery\system\Commands\Server\rewrite.php(43): require_once('C:\\xampp\\htdocs...')
#7 {main}
CRITICAL - 2022-10-10 21:21:01 --> finfo::file(C:\xampp\htdocs\fooddelivery\writable\uploads/produtos/1652700632_3047adb82e800c4429b9.jfif): failed to open stream: No such file or directory
#0 [internal function]: CodeIgniter\Debug\Exceptions->errorHandler(2, 'finfo::file(C:\\...', 'C:\\xampp\\htdocs...', 248, Array)
#1 C:\xampp\htdocs\fooddelivery\app\Controllers\Admin\Produtos.php(248): finfo->file('C:\\xampp\\htdocs...')
#2 C:\xampp\htdocs\fooddelivery\system\CodeIgniter.php(832): App\Controllers\Admin\Produtos->imagem('1652700632_3047...')
#3 C:\xampp\htdocs\fooddelivery\system\CodeIgniter.php(419): CodeIgniter\CodeIgniter->runController(Object(App\Controllers\Admin\Produtos))
#4 C:\xampp\htdocs\fooddelivery\system\CodeIgniter.php(326): CodeIgniter\CodeIgniter->handleRequest(NULL, Object(Config\Cache), false)
#5 C:\xampp\htdocs\fooddelivery\public\index.php(37): CodeIgniter\CodeIgniter->run()
#6 C:\xampp\htdocs\fooddelivery\system\Commands\Server\rewrite.php(43): require_once('C:\\xampp\\htdocs...')
#7 {main}
CRITICAL - 2022-10-10 21:21:02 --> finfo::file(C:\xampp\htdocs\fooddelivery\writable\uploads/produtos/1652445869_6ae404761d0a3f59fdb1.jpg): failed to open stream: No such file or directory
#0 [internal function]: CodeIgniter\Debug\Exceptions->errorHandler(2, 'finfo::file(C:\\...', 'C:\\xampp\\htdocs...', 248, Array)
#1 C:\xampp\htdocs\fooddelivery\app\Controllers\Admin\Produtos.php(248): finfo->file('C:\\xampp\\htdocs...')
#2 C:\xampp\htdocs\fooddelivery\system\CodeIgniter.php(832): App\Controllers\Admin\Produtos->imagem('1652445869_6ae4...')
#3 C:\xampp\htdocs\fooddelivery\system\CodeIgniter.php(419): CodeIgniter\CodeIgniter->runController(Object(App\Controllers\Admin\Produtos))
#4 C:\xampp\htdocs\fooddelivery\system\CodeIgniter.php(326): CodeIgniter\CodeIgniter->handleRequest(NULL, Object(Config\Cache), false)
#5 C:\xampp\htdocs\fooddelivery\public\index.php(37): CodeIgniter\CodeIgniter->run()
#6 C:\xampp\htdocs\fooddelivery\system\Commands\Server\rewrite.php(43): require_once('C:\\xampp\\htdocs...')
#7 {main}
CRITICAL - 2022-10-10 21:21:15 --> finfo::file(C:\xampp\htdocs\fooddelivery\writable\uploads/produtos/1652445869_6ae404761d0a3f59fdb1.jpg): failed to open stream: No such file or directory
#0 [internal function]: CodeIgniter\Debug\Exceptions->errorHandler(2, 'finfo::file(C:\\...', 'C:\\xampp\\htdocs...', 248, Array)
#1 C:\xampp\htdocs\fooddelivery\app\Controllers\Admin\Produtos.php(248): finfo->file('C:\\xampp\\htdocs...')
#2 C:\xampp\htdocs\fooddelivery\system\CodeIgniter.php(832): App\Controllers\Admin\Produtos->imagem('1652445869_6ae4...')
#3 C:\xampp\htdocs\fooddelivery\system\CodeIgniter.php(419): CodeIgniter\CodeIgniter->runController(Object(App\Controllers\Admin\Produtos))
#4 C:\xampp\htdocs\fooddelivery\system\CodeIgniter.php(326): CodeIgniter\CodeIgniter->handleRequest(NULL, Object(Config\Cache), false)
#5 C:\xampp\htdocs\fooddelivery\public\index.php(37): CodeIgniter\CodeIgniter->run()
#6 C:\xampp\htdocs\fooddelivery\system\Commands\Server\rewrite.php(43): require_once('C:\\xampp\\htdocs...')
#7 {main}
CRITICAL - 2022-10-10 21:21:57 --> finfo::file(C:\xampp\htdocs\fooddelivery\writable\uploads/produtos/1652700632_3047adb82e800c4429b9.jfif): failed to open stream: No such file or directory
#0 [internal function]: CodeIgniter\Debug\Exceptions->errorHandler(2, 'finfo::file(C:\\...', 'C:\\xampp\\htdocs...', 248, Array)
#1 C:\xampp\htdocs\fooddelivery\app\Controllers\Admin\Produtos.php(248): finfo->file('C:\\xampp\\htdocs...')
#2 C:\xampp\htdocs\fooddelivery\system\CodeIgniter.php(832): App\Controllers\Admin\Produtos->imagem('1652700632_3047...')
#3 C:\xampp\htdocs\fooddelivery\system\CodeIgniter.php(419): CodeIgniter\CodeIgniter->runController(Object(App\Controllers\Admin\Produtos))
#4 C:\xampp\htdocs\fooddelivery\system\CodeIgniter.php(326): CodeIgniter\CodeIgniter->handleRequest(NULL, Object(Config\Cache), false)
#5 C:\xampp\htdocs\fooddelivery\public\index.php(37): CodeIgniter\CodeIgniter->run()
#6 C:\xampp\htdocs\fooddelivery\system\Commands\Server\rewrite.php(43): require_once('C:\\xampp\\htdocs...')
#7 {main}
CRITICAL - 2022-10-10 21:21:57 --> finfo::file(C:\xampp\htdocs\fooddelivery\writable\uploads/produtos/1652445869_6ae404761d0a3f59fdb1.jpg): failed to open stream: No such file or directory
#0 [internal function]: CodeIgniter\Debug\Exceptions->errorHandler(2, 'finfo::file(C:\\...', 'C:\\xampp\\htdocs...', 248, Array)
#1 C:\xampp\htdocs\fooddelivery\app\Controllers\Admin\Produtos.php(248): finfo->file('C:\\xampp\\htdocs...')
#2 C:\xampp\htdocs\fooddelivery\system\CodeIgniter.php(832): App\Controllers\Admin\Produtos->imagem('1652445869_6ae4...')
#3 C:\xampp\htdocs\fooddelivery\system\CodeIgniter.php(419): CodeIgniter\CodeIgniter->runController(Object(App\Controllers\Admin\Produtos))
#4 C:\xampp\htdocs\fooddelivery\system\CodeIgniter.php(326): CodeIgniter\CodeIgniter->handleRequest(NULL, Object(Config\Cache), false)
#5 C:\xampp\htdocs\fooddelivery\public\index.php(37): CodeIgniter\CodeIgniter->run()
#6 C:\xampp\htdocs\fooddelivery\system\Commands\Server\rewrite.php(43): require_once('C:\\xampp\\htdocs...')
#7 {main}
CRITICAL - 2022-10-10 22:03:25 --> Undefined variable: titulo_page
#0 C:\xampp\htdocs\fooddelivery\app\Views\Admin\Extras\index.php(13): CodeIgniter\Debug\Exceptions->errorHandler(8, 'Undefined varia...', 'C:\\xampp\\htdocs...', 13, Array)
#1 C:\xampp\htdocs\fooddelivery\system\View\View.php(210): include('C:\\xampp\\htdocs...')
#2 C:\xampp\htdocs\fooddelivery\system\View\View.php(213): CodeIgniter\View\View->CodeIgniter\View\{closure}()
#3 C:\xampp\htdocs\fooddelivery\system\Common.php(1089): CodeIgniter\View\View->render('Admin/Extras/in...', Array, true)
#4 C:\xampp\htdocs\fooddelivery\app\Controllers\Admin\Extras.php(24): view('Admin/Extras/in...', Array)
#5 C:\xampp\htdocs\fooddelivery\system\CodeIgniter.php(832): App\Controllers\Admin\Extras->index()
#6 C:\xampp\htdocs\fooddelivery\system\CodeIgniter.php(419): CodeIgniter\CodeIgniter->runController(Object(App\Controllers\Admin\Extras))
#7 C:\xampp\htdocs\fooddelivery\system\CodeIgniter.php(326): CodeIgniter\CodeIgniter->handleRequest(NULL, Object(Config\Cache), false)
#8 C:\xampp\htdocs\fooddelivery\public\index.php(37): CodeIgniter\CodeIgniter->run()
#9 C:\xampp\htdocs\fooddelivery\system\Commands\Server\rewrite.php(43): require_once('C:\\xampp\\htdocs...')
#10 {main}
CRITICAL - 2022-10-10 22:03:58 --> Call to undefined function extraLogado()
#0 C:\xampp\htdocs\fooddelivery\system\View\View.php(210): include()
#1 C:\xampp\htdocs\fooddelivery\system\View\View.php(213): CodeIgniter\View\View->CodeIgniter\View\{closure}()
#2 C:\xampp\htdocs\fooddelivery\system\Common.php(1089): CodeIgniter\View\View->render('Admin/Extras/in...', Array, true)
#3 C:\xampp\htdocs\fooddelivery\app\Controllers\Admin\Extras.php(25): view('Admin/Extras/in...', Array)
#4 C:\xampp\htdocs\fooddelivery\system\CodeIgniter.php(832): App\Controllers\Admin\Extras->index()
#5 C:\xampp\htdocs\fooddelivery\system\CodeIgniter.php(419): CodeIgniter\CodeIgniter->runController(Object(App\Controllers\Admin\Extras))
#6 C:\xampp\htdocs\fooddelivery\system\CodeIgniter.php(326): CodeIgniter\CodeIgniter->handleRequest(NULL, Object(Config\Cache), false)
#7 C:\xampp\htdocs\fooddelivery\public\index.php(37): CodeIgniter\CodeIgniter->run()
#8 C:\xampp\htdocs\fooddelivery\system\Commands\Server\rewrite.php(43): require_once('C:\\xampp\\htdocs...')
#9 {main}
CRITICAL - 2022-10-10 22:04:54 --> Call to undefined method CodeIgniter\Router\Router::extend()
#0 C:\xampp\htdocs\fooddelivery\system\Router\Router.php(518): include_once()
#1 C:\xampp\htdocs\fooddelivery\system\Router\Router.php(175): CodeIgniter\Router\Router->autoRoute('admin/extras')
#2 C:\xampp\htdocs\fooddelivery\system\CodeIgniter.php(726): CodeIgniter\Router\Router->handle('admin/extras')
#3 C:\xampp\htdocs\fooddelivery\system\CodeIgniter.php(368): CodeIgniter\CodeIgniter->tryToRouteIt(Object(CodeIgniter\Router\RouteCollection))
#4 C:\xampp\htdocs\fooddelivery\system\CodeIgniter.php(326): CodeIgniter\CodeIgniter->handleRequest(NULL, Object(Config\Cache), false)
#5 C:\xampp\htdocs\fooddelivery\public\index.php(37): CodeIgniter\CodeIgniter->run()
#6 C:\xampp\htdocs\fooddelivery\system\Commands\Server\rewrite.php(43): require_once('C:\\xampp\\htdocs...')
#7 {main}
CRITICAL - 2022-10-10 22:05:45 --> Call to undefined function extraLogado()
#0 C:\xampp\htdocs\fooddelivery\system\View\View.php(210): include()
#1 C:\xampp\htdocs\fooddelivery\system\View\View.php(213): CodeIgniter\View\View->CodeIgniter\View\{closure}()
#2 C:\xampp\htdocs\fooddelivery\system\Common.php(1089): CodeIgniter\View\View->render('Admin/Extras/in...', Array, true)
#3 C:\xampp\htdocs\fooddelivery\app\Controllers\Admin\Extras.php(25): view('Admin/Extras/in...', Array)
#4 C:\xampp\htdocs\fooddelivery\system\CodeIgniter.php(832): App\Controllers\Admin\Extras->index()
#5 C:\xampp\htdocs\fooddelivery\system\CodeIgniter.php(419): CodeIgniter\CodeIgniter->runController(Object(App\Controllers\Admin\Extras))
#6 C:\xampp\htdocs\fooddelivery\system\CodeIgniter.php(326): CodeIgniter\CodeIgniter->handleRequest(NULL, Object(Config\Cache), false)
#7 C:\xampp\htdocs\fooddelivery\public\index.php(37): CodeIgniter\CodeIgniter->run()
#8 C:\xampp\htdocs\fooddelivery\system\Commands\Server\rewrite.php(43): require_once('C:\\xampp\\htdocs...')
#9 {main}
CRITICAL - 2022-10-10 22:31:51 --> finfo::file(C:\xampp\htdocs\fooddelivery\writable\uploads/produtos/1652445869_6ae404761d0a3f59fdb1.jpg): failed to open stream: No such file or directory
#0 [internal function]: CodeIgniter\Debug\Exceptions->errorHandler(2, 'finfo::file(C:\\...', 'C:\\xampp\\htdocs...', 248, Array)
#1 C:\xampp\htdocs\fooddelivery\app\Controllers\Admin\Produtos.php(248): finfo->file('C:\\xampp\\htdocs...')
#2 C:\xampp\htdocs\fooddelivery\system\CodeIgniter.php(832): App\Controllers\Admin\Produtos->imagem('1652445869_6ae4...')
#3 C:\xampp\htdocs\fooddelivery\system\CodeIgniter.php(419): CodeIgniter\CodeIgniter->runController(Object(App\Controllers\Admin\Produtos))
#4 C:\xampp\htdocs\fooddelivery\system\CodeIgniter.php(326): CodeIgniter\CodeIgniter->handleRequest(NULL, Object(Config\Cache), false)
#5 C:\xampp\htdocs\fooddelivery\public\index.php(37): CodeIgniter\CodeIgniter->run()
#6 C:\xampp\htdocs\fooddelivery\system\Commands\Server\rewrite.php(43): require_once('C:\\xampp\\htdocs...')
#7 {main}
CRITICAL - 2022-10-10 22:31:51 --> finfo::file(C:\xampp\htdocs\fooddelivery\writable\uploads/produtos/1652700632_3047adb82e800c4429b9.jfif): failed to open stream: No such file or directory
#0 [internal function]: CodeIgniter\Debug\Exceptions->errorHandler(2, 'finfo::file(C:\\...', 'C:\\xampp\\htdocs...', 248, Array)
#1 C:\xampp\htdocs\fooddelivery\app\Controllers\Admin\Produtos.php(248): finfo->file('C:\\xampp\\htdocs...')
#2 C:\xampp\htdocs\fooddelivery\system\CodeIgniter.php(832): App\Controllers\Admin\Produtos->imagem('1652700632_3047...')
#3 C:\xampp\htdocs\fooddelivery\system\CodeIgniter.php(419): CodeIgniter\CodeIgniter->runController(Object(App\Controllers\Admin\Produtos))
#4 C:\xampp\htdocs\fooddelivery\system\CodeIgniter.php(326): CodeIgniter\CodeIgniter->handleRequest(NULL, Object(Config\Cache), false)
#5 C:\xampp\htdocs\fooddelivery\public\index.php(37): CodeIgniter\CodeIgniter->run()
#6 C:\xampp\htdocs\fooddelivery\system\Commands\Server\rewrite.php(43): require_once('C:\\xampp\\htdocs...')
#7 {main}
CRITICAL - 2022-10-10 22:31:57 --> finfo::file(C:\xampp\htdocs\fooddelivery\writable\uploads/produtos/1652445869_6ae404761d0a3f59fdb1.jpg): failed to open stream: No such file or directory
#0 [internal function]: CodeIgniter\Debug\Exceptions->errorHandler(2, 'finfo::file(C:\\...', 'C:\\xampp\\htdocs...', 248, Array)
#1 C:\xampp\htdocs\fooddelivery\app\Controllers\Admin\Produtos.php(248): finfo->file('C:\\xampp\\htdocs...')
#2 C:\xampp\htdocs\fooddelivery\system\CodeIgniter.php(832): App\Controllers\Admin\Produtos->imagem('1652445869_6ae4...')
#3 C:\xampp\htdocs\fooddelivery\system\CodeIgniter.php(419): CodeIgniter\CodeIgniter->runController(Object(App\Controllers\Admin\Produtos))
#4 C:\xampp\htdocs\fooddelivery\system\CodeIgniter.php(326): CodeIgniter\CodeIgniter->handleRequest(NULL, Object(Config\Cache), false)
#5 C:\xampp\htdocs\fooddelivery\public\index.php(37): CodeIgniter\CodeIgniter->run()
#6 C:\xampp\htdocs\fooddelivery\system\Commands\Server\rewrite.php(43): require_once('C:\\xampp\\htdocs...')
#7 {main}
CRITICAL - 2022-10-10 22:31:57 --> finfo::file(C:\xampp\htdocs\fooddelivery\writable\uploads/produtos/1652700632_3047adb82e800c4429b9.jfif): failed to open stream: No such file or directory
#0 [internal function]: CodeIgniter\Debug\Exceptions->errorHandler(2, 'finfo::file(C:\\...', 'C:\\xampp\\htdocs...', 248, Array)
#1 C:\xampp\htdocs\fooddelivery\app\Controllers\Admin\Produtos.php(248): finfo->file('C:\\xampp\\htdocs...')
#2 C:\xampp\htdocs\fooddelivery\system\CodeIgniter.php(832): App\Controllers\Admin\Produtos->imagem('1652700632_3047...')
#3 C:\xampp\htdocs\fooddelivery\system\CodeIgniter.php(419): CodeIgniter\CodeIgniter->runController(Object(App\Controllers\Admin\Produtos))
#4 C:\xampp\htdocs\fooddelivery\system\CodeIgniter.php(326): CodeIgniter\CodeIgniter->handleRequest(NULL, Object(Config\Cache), false)
#5 C:\xampp\htdocs\fooddelivery\public\index.php(37): CodeIgniter\CodeIgniter->run()
#6 C:\xampp\htdocs\fooddelivery\system\Commands\Server\rewrite.php(43): require_once('C:\\xampp\\htdocs...')
#7 {main}
CRITICAL - 2022-10-10 22:31:58 --> finfo::file(C:\xampp\htdocs\fooddelivery\writable\uploads/produtos/1652445869_6ae404761d0a3f59fdb1.jpg): failed to open stream: No such file or directory
#0 [internal function]: CodeIgniter\Debug\Exceptions->errorHandler(2, 'finfo::file(C:\\...', 'C:\\xampp\\htdocs...', 248, Array)
#1 C:\xampp\htdocs\fooddelivery\app\Controllers\Admin\Produtos.php(248): finfo->file('C:\\xampp\\htdocs...')
#2 C:\xampp\htdocs\fooddelivery\system\CodeIgniter.php(832): App\Controllers\Admin\Produtos->imagem('1652445869_6ae4...')
#3 C:\xampp\htdocs\fooddelivery\system\CodeIgniter.php(419): CodeIgniter\CodeIgniter->runController(Object(App\Controllers\Admin\Produtos))
#4 C:\xampp\htdocs\fooddelivery\system\CodeIgniter.php(326): CodeIgniter\CodeIgniter->handleRequest(NULL, Object(Config\Cache), false)
#5 C:\xampp\htdocs\fooddelivery\public\index.php(37): CodeIgniter\CodeIgniter->run()
#6 C:\xampp\htdocs\fooddelivery\system\Commands\Server\rewrite.php(43): require_once('C:\\xampp\\htdocs...')
#7 {main}
CRITICAL - 2022-10-10 22:32:05 --> finfo::file(C:\xampp\htdocs\fooddelivery\writable\uploads/produtos/1652445869_6ae404761d0a3f59fdb1.jpg): failed to open stream: No such file or directory
#0 [internal function]: CodeIgniter\Debug\Exceptions->errorHandler(2, 'finfo::file(C:\\...', 'C:\\xampp\\htdocs...', 248, Array)
#1 C:\xampp\htdocs\fooddelivery\app\Controllers\Admin\Produtos.php(248): finfo->file('C:\\xampp\\htdocs...')
#2 C:\xampp\htdocs\fooddelivery\system\CodeIgniter.php(832): App\Controllers\Admin\Produtos->imagem('1652445869_6ae4...')
#3 C:\xampp\htdocs\fooddelivery\system\CodeIgniter.php(419): CodeIgniter\CodeIgniter->runController(Object(App\Controllers\Admin\Produtos))
#4 C:\xampp\htdocs\fooddelivery\system\CodeIgniter.php(326): CodeIgniter\CodeIgniter->handleRequest(NULL, Object(Config\Cache), false)
#5 C:\xampp\htdocs\fooddelivery\public\index.php(37): CodeIgniter\CodeIgniter->run()
#6 C:\xampp\htdocs\fooddelivery\system\Commands\Server\rewrite.php(43): require_once('C:\\xampp\\htdocs...')
#7 {main}
CRITICAL - 2022-10-10 22:42:29 --> finfo::file(C:\xampp\htdocs\fooddelivery\writable\uploads/produtos/1652445869_6ae404761d0a3f59fdb1.jpg): failed to open stream: No such file or directory
#0 [internal function]: CodeIgniter\Debug\Exceptions->errorHandler(2, 'finfo::file(C:\\...', 'C:\\xampp\\htdocs...', 248, Array)
#1 C:\xampp\htdocs\fooddelivery\app\Controllers\Admin\Produtos.php(248): finfo->file('C:\\xampp\\htdocs...')
#2 C:\xampp\htdocs\fooddelivery\system\CodeIgniter.php(832): App\Controllers\Admin\Produtos->imagem('1652445869_6ae4...')
#3 C:\xampp\htdocs\fooddelivery\system\CodeIgniter.php(419): CodeIgniter\CodeIgniter->runController(Object(App\Controllers\Admin\Produtos))
#4 C:\xampp\htdocs\fooddelivery\system\CodeIgniter.php(326): CodeIgniter\CodeIgniter->handleRequest(NULL, Object(Config\Cache), false)
#5 C:\xampp\htdocs\fooddelivery\public\index.php(37): CodeIgniter\CodeIgniter->run()
#6 C:\xampp\htdocs\fooddelivery\system\Commands\Server\rewrite.php(43): require_once('C:\\xampp\\htdocs...')
#7 {main}
CRITICAL - 2022-10-10 22:42:29 --> finfo::file(C:\xampp\htdocs\fooddelivery\writable\uploads/produtos/1652700632_3047adb82e800c4429b9.jfif): failed to open stream: No such file or directory
#0 [internal function]: CodeIgniter\Debug\Exceptions->errorHandler(2, 'finfo::file(C:\\...', 'C:\\xampp\\htdocs...', 248, Array)
#1 C:\xampp\htdocs\fooddelivery\app\Controllers\Admin\Produtos.php(248): finfo->file('C:\\xampp\\htdocs...')
#2 C:\xampp\htdocs\fooddelivery\system\CodeIgniter.php(832): App\Controllers\Admin\Produtos->imagem('1652700632_3047...')
#3 C:\xampp\htdocs\fooddelivery\system\CodeIgniter.php(419): CodeIgniter\CodeIgniter->runController(Object(App\Controllers\Admin\Produtos))
#4 C:\xampp\htdocs\fooddelivery\system\CodeIgniter.php(326): CodeIgniter\CodeIgniter->handleRequest(NULL, Object(Config\Cache), false)
#5 C:\xampp\htdocs\fooddelivery\public\index.php(37): CodeIgniter\CodeIgniter->run()
#6 C:\xampp\htdocs\fooddelivery\system\Commands\Server\rewrite.php(43): require_once('C:\\xampp\\htdocs...')
#7 {main}
CRITICAL - 2022-10-10 22:42:48 --> finfo::file(C:\xampp\htdocs\fooddelivery\writable\uploads/produtos/1652445869_6ae404761d0a3f59fdb1.jpg): failed to open stream: No such file or directory
#0 [internal function]: CodeIgniter\Debug\Exceptions->errorHandler(2, 'finfo::file(C:\\...', 'C:\\xampp\\htdocs...', 248, Array)
#1 C:\xampp\htdocs\fooddelivery\app\Controllers\Admin\Produtos.php(248): finfo->file('C:\\xampp\\htdocs...')
#2 C:\xampp\htdocs\fooddelivery\system\CodeIgniter.php(832): App\Controllers\Admin\Produtos->imagem('1652445869_6ae4...')
#3 C:\xampp\htdocs\fooddelivery\system\CodeIgniter.php(419): CodeIgniter\CodeIgniter->runController(Object(App\Controllers\Admin\Produtos))
#4 C:\xampp\htdocs\fooddelivery\system\CodeIgniter.php(326): CodeIgniter\CodeIgniter->handleRequest(NULL, Object(Config\Cache), false)
#5 C:\xampp\htdocs\fooddelivery\public\index.php(37): CodeIgniter\CodeIgniter->run()
#6 C:\xampp\htdocs\fooddelivery\system\Commands\Server\rewrite.php(43): require_once('C:\\xampp\\htdocs...')
#7 {main}
CRITICAL - 2022-10-10 22:42:54 --> finfo::file(C:\xampp\htdocs\fooddelivery\writable\uploads/produtos/1652445869_6ae404761d0a3f59fdb1.jpg): failed to open stream: No such file or directory
#0 [internal function]: CodeIgniter\Debug\Exceptions->errorHandler(2, 'finfo::file(C:\\...', 'C:\\xampp\\htdocs...', 248, Array)
#1 C:\xampp\htdocs\fooddelivery\app\Controllers\Admin\Produtos.php(248): finfo->file('C:\\xampp\\htdocs...')
#2 C:\xampp\htdocs\fooddelivery\system\CodeIgniter.php(832): App\Controllers\Admin\Produtos->imagem('1652445869_6ae4...')
#3 C:\xampp\htdocs\fooddelivery\system\CodeIgniter.php(419): CodeIgniter\CodeIgniter->runController(Object(App\Controllers\Admin\Produtos))
#4 C:\xampp\htdocs\fooddelivery\system\CodeIgniter.php(326): CodeIgniter\CodeIgniter->handleRequest(NULL, Object(Config\Cache), false)
#5 C:\xampp\htdocs\fooddelivery\public\index.php(37): CodeIgniter\CodeIgniter->run()
#6 C:\xampp\htdocs\fooddelivery\system\Commands\Server\rewrite.php(43): require_once('C:\\xampp\\htdocs...')
#7 {main}
CRITICAL - 2022-10-10 22:43:18 --> finfo::file(C:\xampp\htdocs\fooddelivery\writable\uploads/produtos/1652700632_3047adb82e800c4429b9.jfif): failed to open stream: No such file or directory
#0 [internal function]: CodeIgniter\Debug\Exceptions->errorHandler(2, 'finfo::file(C:\\...', 'C:\\xampp\\htdocs...', 248, Array)
#1 C:\xampp\htdocs\fooddelivery\app\Controllers\Admin\Produtos.php(248): finfo->file('C:\\xampp\\htdocs...')
#2 C:\xampp\htdocs\fooddelivery\system\CodeIgniter.php(832): App\Controllers\Admin\Produtos->imagem('1652700632_3047...')
#3 C:\xampp\htdocs\fooddelivery\system\CodeIgniter.php(419): CodeIgniter\CodeIgniter->runController(Object(App\Controllers\Admin\Produtos))
#4 C:\xampp\htdocs\fooddelivery\system\CodeIgniter.php(326): CodeIgniter\CodeIgniter->handleRequest(NULL, Object(Config\Cache), false)
#5 C:\xampp\htdocs\fooddelivery\public\index.php(37): CodeIgniter\CodeIgniter->run()
#6 C:\xampp\htdocs\fooddelivery\system\Commands\Server\rewrite.php(43): require_once('C:\\xampp\\htdocs...')
#7 {main}
CRITICAL - 2022-10-10 22:43:18 --> finfo::file(C:\xampp\htdocs\fooddelivery\writable\uploads/produtos/1652445869_6ae404761d0a3f59fdb1.jpg): failed to open stream: No such file or directory
#0 [internal function]: CodeIgniter\Debug\Exceptions->errorHandler(2, 'finfo::file(C:\\...', 'C:\\xampp\\htdocs...', 248, Array)
#1 C:\xampp\htdocs\fooddelivery\app\Controllers\Admin\Produtos.php(248): finfo->file('C:\\xampp\\htdocs...')
#2 C:\xampp\htdocs\fooddelivery\system\CodeIgniter.php(832): App\Controllers\Admin\Produtos->imagem('1652445869_6ae4...')
#3 C:\xampp\htdocs\fooddelivery\system\CodeIgniter.php(419): CodeIgniter\CodeIgniter->runController(Object(App\Controllers\Admin\Produtos))
#4 C:\xampp\htdocs\fooddelivery\system\CodeIgniter.php(326): CodeIgniter\CodeIgniter->handleRequest(NULL, Object(Config\Cache), false)
#5 C:\xampp\htdocs\fooddelivery\public\index.php(37): CodeIgniter\CodeIgniter->run()
#6 C:\xampp\htdocs\fooddelivery\system\Commands\Server\rewrite.php(43): require_once('C:\\xampp\\htdocs...')
#7 {main}
CRITICAL - 2022-10-10 22:43:19 --> finfo::file(C:\xampp\htdocs\fooddelivery\writable\uploads/produtos/1652445869_6ae404761d0a3f59fdb1.jpg): failed to open stream: No such file or directory
#0 [internal function]: CodeIgniter\Debug\Exceptions->errorHandler(2, 'finfo::file(C:\\...', 'C:\\xampp\\htdocs...', 248, Array)
#1 C:\xampp\htdocs\fooddelivery\app\Controllers\Admin\Produtos.php(248): finfo->file('C:\\xampp\\htdocs...')
#2 C:\xampp\htdocs\fooddelivery\system\CodeIgniter.php(832): App\Controllers\Admin\Produtos->imagem('1652445869_6ae4...')
#3 C:\xampp\htdocs\fooddelivery\system\CodeIgniter.php(419): CodeIgniter\CodeIgniter->runController(Object(App\Controllers\Admin\Produtos))
#4 C:\xampp\htdocs\fooddelivery\system\CodeIgniter.php(326): CodeIgniter\CodeIgniter->handleRequest(NULL, Object(Config\Cache), false)
#5 C:\xampp\htdocs\fooddelivery\public\index.php(37): CodeIgniter\CodeIgniter->run()
#6 C:\xampp\htdocs\fooddelivery\system\Commands\Server\rewrite.php(43): require_once('C:\\xampp\\htdocs...')
#7 {main}
CRITICAL - 2022-10-10 22:46:07 --> finfo::file(C:\xampp\htdocs\fooddelivery\writable\uploads/produtos/1652445869_6ae404761d0a3f59fdb1.jpg): failed to open stream: No such file or directory
#0 [internal function]: CodeIgniter\Debug\Exceptions->errorHandler(2, 'finfo::file(C:\\...', 'C:\\xampp\\htdocs...', 248, Array)
#1 C:\xampp\htdocs\fooddelivery\app\Controllers\Admin\Produtos.php(248): finfo->file('C:\\xampp\\htdocs...')
#2 C:\xampp\htdocs\fooddelivery\system\CodeIgniter.php(832): App\Controllers\Admin\Produtos->imagem('1652445869_6ae4...')
#3 C:\xampp\htdocs\fooddelivery\system\CodeIgniter.php(419): CodeIgniter\CodeIgniter->runController(Object(App\Controllers\Admin\Produtos))
#4 C:\xampp\htdocs\fooddelivery\system\CodeIgniter.php(326): CodeIgniter\CodeIgniter->handleRequest(NULL, Object(Config\Cache), false)
#5 C:\xampp\htdocs\fooddelivery\public\index.php(37): CodeIgniter\CodeIgniter->run()
#6 C:\xampp\htdocs\fooddelivery\system\Commands\Server\rewrite.php(43): require_once('C:\\xampp\\htdocs...')
#7 {main}
CRITICAL - 2022-10-10 22:46:07 --> finfo::file(C:\xampp\htdocs\fooddelivery\writable\uploads/produtos/1652700632_3047adb82e800c4429b9.jfif): failed to open stream: No such file or directory
#0 [internal function]: CodeIgniter\Debug\Exceptions->errorHandler(2, 'finfo::file(C:\\...', 'C:\\xampp\\htdocs...', 248, Array)
#1 C:\xampp\htdocs\fooddelivery\app\Controllers\Admin\Produtos.php(248): finfo->file('C:\\xampp\\htdocs...')
#2 C:\xampp\htdocs\fooddelivery\system\CodeIgniter.php(832): App\Controllers\Admin\Produtos->imagem('1652700632_3047...')
#3 C:\xampp\htdocs\fooddelivery\system\CodeIgniter.php(419): CodeIgniter\CodeIgniter->runController(Object(App\Controllers\Admin\Produtos))
#4 C:\xampp\htdocs\fooddelivery\system\CodeIgniter.php(326): CodeIgniter\CodeIgniter->handleRequest(NULL, Object(Config\Cache), false)
#5 C:\xampp\htdocs\fooddelivery\public\index.php(37): CodeIgniter\CodeIgniter->run()
#6 C:\xampp\htdocs\fooddelivery\system\Commands\Server\rewrite.php(43): require_once('C:\\xampp\\htdocs...')
#7 {main}
CRITICAL - 2022-10-10 22:46:08 --> finfo::file(C:\xampp\htdocs\fooddelivery\writable\uploads/produtos/1652445869_6ae404761d0a3f59fdb1.jpg): failed to open stream: No such file or directory
#0 [internal function]: CodeIgniter\Debug\Exceptions->errorHandler(2, 'finfo::file(C:\\...', 'C:\\xampp\\htdocs...', 248, Array)
#1 C:\xampp\htdocs\fooddelivery\app\Controllers\Admin\Produtos.php(248): finfo->file('C:\\xampp\\htdocs...')
#2 C:\xampp\htdocs\fooddelivery\system\CodeIgniter.php(832): App\Controllers\Admin\Produtos->imagem('1652445869_6ae4...')
#3 C:\xampp\htdocs\fooddelivery\system\CodeIgniter.php(419): CodeIgniter\CodeIgniter->runController(Object(App\Controllers\Admin\Produtos))
#4 C:\xampp\htdocs\fooddelivery\system\CodeIgniter.php(326): CodeIgniter\CodeIgniter->handleRequest(NULL, Object(Config\Cache), false)
#5 C:\xampp\htdocs\fooddelivery\public\index.php(37): CodeIgniter\CodeIgniter->run()
#6 C:\xampp\htdocs\fooddelivery\system\Commands\Server\rewrite.php(43): require_once('C:\\xampp\\htdocs...')
#7 {main}
CRITICAL - 2022-10-10 23:08:04 --> Undefined variable: titulo_page
#0 C:\xampp\htdocs\fooddelivery\app\Views\Admin\Extras\show.php(13): CodeIgniter\Debug\Exceptions->errorHandler(8, 'Undefined varia...', 'C:\\xampp\\htdocs...', 13, Array)
#1 C:\xampp\htdocs\fooddelivery\system\View\View.php(210): include('C:\\xampp\\htdocs...')
#2 C:\xampp\htdocs\fooddelivery\system\View\View.php(213): CodeIgniter\View\View->CodeIgniter\View\{closure}()
#3 C:\xampp\htdocs\fooddelivery\system\Common.php(1089): CodeIgniter\View\View->render('Admin/Extras/sh...', Array, true)
#4 C:\xampp\htdocs\fooddelivery\app\Controllers\Admin\Extras.php(90): view('Admin/Extras/sh...', Array)
#5 C:\xampp\htdocs\fooddelivery\system\CodeIgniter.php(832): App\Controllers\Admin\Extras->show('4')
#6 C:\xampp\htdocs\fooddelivery\system\CodeIgniter.php(419): CodeIgniter\CodeIgniter->runController(Object(App\Controllers\Admin\Extras))
#7 C:\xampp\htdocs\fooddelivery\system\CodeIgniter.php(326): CodeIgniter\CodeIgniter->handleRequest(NULL, Object(Config\Cache), false)
#8 C:\xampp\htdocs\fooddelivery\public\index.php(37): CodeIgniter\CodeIgniter->run()
#9 C:\xampp\htdocs\fooddelivery\system\Commands\Server\rewrite.php(43): require_once('C:\\xampp\\htdocs...')
#10 {main}
CRITICAL - 2022-10-10 23:11:16 --> Undefined variable: usuario
#0 C:\xampp\htdocs\fooddelivery\app\Views\Admin\Extras\show.php(163): CodeIgniter\Debug\Exceptions->errorHandler(8, 'Undefined varia...', 'C:\\xampp\\htdocs...', 163, Array)
#1 C:\xampp\htdocs\fooddelivery\system\View\View.php(210): include('C:\\xampp\\htdocs...')
#2 C:\xampp\htdocs\fooddelivery\system\View\View.php(213): CodeIgniter\View\View->CodeIgniter\View\{closure}()
#3 C:\xampp\htdocs\fooddelivery\system\Common.php(1089): CodeIgniter\View\View->render('Admin/Extras/sh...', Array, true)
#4 C:\xampp\htdocs\fooddelivery\app\Controllers\Admin\Extras.php(91): view('Admin/Extras/sh...', Array)
#5 C:\xampp\htdocs\fooddelivery\system\CodeIgniter.php(832): App\Controllers\Admin\Extras->show('4')
#6 C:\xampp\htdocs\fooddelivery\system\CodeIgniter.php(419): CodeIgniter\CodeIgniter->runController(Object(App\Controllers\Admin\Extras))
#7 C:\xampp\htdocs\fooddelivery\system\CodeIgniter.php(326): CodeIgniter\CodeIgniter->handleRequest(NULL, Object(Config\Cache), false)
#8 C:\xampp\htdocs\fooddelivery\public\index.php(37): CodeIgniter\CodeIgniter->run()
#9 C:\xampp\htdocs\fooddelivery\system\Commands\Server\rewrite.php(43): require_once('C:\\xampp\\htdocs...')
#10 {main}
CRITICAL - 2022-10-10 23:11:16 --> Undefined variable: usuario
#0 C:\xampp\htdocs\fooddelivery\app\Views\Admin\Extras\show.php(163): CodeIgniter\Debug\Exceptions->errorHandler(8, 'Undefined varia...', 'C:\\xampp\\htdocs...', 163, Array)
#1 C:\xampp\htdocs\fooddelivery\system\View\View.php(210): include('C:\\xampp\\htdocs...')
#2 C:\xampp\htdocs\fooddelivery\system\View\View.php(213): CodeIgniter\View\View->CodeIgniter\View\{closure}()
#3 C:\xampp\htdocs\fooddelivery\system\Common.php(1089): CodeIgniter\View\View->render('Admin/Extras/sh...', Array, true)
#4 C:\xampp\htdocs\fooddelivery\app\Controllers\Admin\Extras.php(91): view('Admin/Extras/sh...', Array)
#5 C:\xampp\htdocs\fooddelivery\system\CodeIgniter.php(832): App\Controllers\Admin\Extras->show('4')
#6 C:\xampp\htdocs\fooddelivery\system\CodeIgniter.php(419): CodeIgniter\CodeIgniter->runController(Object(App\Controllers\Admin\Extras))
#7 C:\xampp\htdocs\fooddelivery\system\CodeIgniter.php(326): CodeIgniter\CodeIgniter->handleRequest(NULL, Object(Config\Cache), false)
#8 C:\xampp\htdocs\fooddelivery\public\index.php(37): CodeIgniter\CodeIgniter->run()
#9 C:\xampp\htdocs\fooddelivery\system\Commands\Server\rewrite.php(43): require_once('C:\\xampp\\htdocs...')
#10 {main}
CRITICAL - 2022-10-10 23:11:37 --> Call to undefined function extraLogado()
#0 C:\xampp\htdocs\fooddelivery\system\View\View.php(210): include()
#1 C:\xampp\htdocs\fooddelivery\system\View\View.php(213): CodeIgniter\View\View->CodeIgniter\View\{closure}()
#2 C:\xampp\htdocs\fooddelivery\system\Common.php(1089): CodeIgniter\View\View->render('Admin/Extras/sh...', Array, true)
#3 C:\xampp\htdocs\fooddelivery\app\Controllers\Admin\Extras.php(91): view('Admin/Extras/sh...', Array)
#4 C:\xampp\htdocs\fooddelivery\system\CodeIgniter.php(832): App\Controllers\Admin\Extras->show('4')
#5 C:\xampp\htdocs\fooddelivery\system\CodeIgniter.php(419): CodeIgniter\CodeIgniter->runController(Object(App\Controllers\Admin\Extras))
#6 C:\xampp\htdocs\fooddelivery\system\CodeIgniter.php(326): CodeIgniter\CodeIgniter->handleRequest(NULL, Object(Config\Cache), false)
#7 C:\xampp\htdocs\fooddelivery\public\index.php(37): CodeIgniter\CodeIgniter->run()
#8 C:\xampp\htdocs\fooddelivery\system\Commands\Server\rewrite.php(43): require_once('C:\\xampp\\htdocs...')
#9 {main}
