ERROR - 2023-02-28 09:54:20 --> Error connecting to the database: Nenhuma conexão pôde ser feita porque a máquina de destino as recusou ativamente.

CRITICAL - 2023-02-28 09:54:20 --> Unable to connect to the database.
Main connection [MySQLi]: Nenhuma conexão pôde ser feita porque a máquina de destino as recusou ativamente.

#0 C:\xampp\htdocs\fooddelivery\system\Database\BaseConnection.php(577): CodeIgniter\Database\BaseConnection->initialize()
#1 C:\xampp\htdocs\fooddelivery\system\Database\BaseBuilder.php(1455): CodeIgniter\Database\BaseConnection->query('SELECT `categor...', Array, false)
#2 C:\xampp\htdocs\fooddelivery\system\Model.php(183): CodeIgniter\Database\BaseBuilder->get()
#3 C:\xampp\htdocs\fooddelivery\system\BaseModel.php(584): CodeIgniter\Model->doFindAll(0, 0)
#4 C:\xampp\htdocs\fooddelivery\app\Models\CategoriaModel.php(76): CodeIgniter\BaseModel->findAll()
#5 C:\xampp\htdocs\fooddelivery\app\Controllers\Home.php(20): App\Models\CategoriaModel->buscaCategoriasWebHome()
#6 C:\xampp\htdocs\fooddelivery\system\CodeIgniter.php(832): App\Controllers\Home->index()
#7 C:\xampp\htdocs\fooddelivery\system\CodeIgniter.php(419): CodeIgniter\CodeIgniter->runController(Object(App\Controllers\Home))
#8 C:\xampp\htdocs\fooddelivery\system\CodeIgniter.php(326): CodeIgniter\CodeIgniter->handleRequest(NULL, Object(Config\Cache), false)
#9 C:\xampp\htdocs\fooddelivery\public\index.php(37): CodeIgniter\CodeIgniter->run()
#10 C:\xampp\htdocs\fooddelivery\system\Commands\Server\rewrite.php(43): require_once('C:\\xampp\\htdocs...')
#11 {main}
CRITICAL - 2023-02-28 09:54:37 --> finfo::file(C:\xampp\htdocs\fooddelivery\writable\uploads/produtos/1652445869_6ae404761d0a3f59fdb1.jpg): failed to open stream: No such file or directory
#0 [internal function]: CodeIgniter\Debug\Exceptions->errorHandler(2, 'finfo::file(C:\\...', 'C:\\xampp\\htdocs...', 186, Array)
#1 C:\xampp\htdocs\fooddelivery\app\Controllers\Produto.php(186): finfo->file('C:\\xampp\\htdocs...')
#2 C:\xampp\htdocs\fooddelivery\system\CodeIgniter.php(832): App\Controllers\Produto->imagem('1652445869_6ae4...')
#3 C:\xampp\htdocs\fooddelivery\system\CodeIgniter.php(419): CodeIgniter\CodeIgniter->runController(Object(App\Controllers\Produto))
#4 C:\xampp\htdocs\fooddelivery\system\CodeIgniter.php(326): CodeIgniter\CodeIgniter->handleRequest(NULL, Object(Config\Cache), false)
#5 C:\xampp\htdocs\fooddelivery\public\index.php(37): CodeIgniter\CodeIgniter->run()
#6 C:\xampp\htdocs\fooddelivery\system\Commands\Server\rewrite.php(43): require_once('C:\\xampp\\htdocs...')
#7 {main}
CRITICAL - 2023-02-28 09:54:37 --> finfo::file(C:\xampp\htdocs\fooddelivery\writable\uploads/produtos/1652700632_3047adb82e800c4429b9.jfif): failed to open stream: No such file or directory
#0 [internal function]: CodeIgniter\Debug\Exceptions->errorHandler(2, 'finfo::file(C:\\...', 'C:\\xampp\\htdocs...', 186, Array)
#1 C:\xampp\htdocs\fooddelivery\app\Controllers\Produto.php(186): finfo->file('C:\\xampp\\htdocs...')
#2 C:\xampp\htdocs\fooddelivery\system\CodeIgniter.php(832): App\Controllers\Produto->imagem('1652700632_3047...')
#3 C:\xampp\htdocs\fooddelivery\system\CodeIgniter.php(419): CodeIgniter\CodeIgniter->runController(Object(App\Controllers\Produto))
#4 C:\xampp\htdocs\fooddelivery\system\CodeIgniter.php(326): CodeIgniter\CodeIgniter->handleRequest(NULL, Object(Config\Cache), false)
#5 C:\xampp\htdocs\fooddelivery\public\index.php(37): CodeIgniter\CodeIgniter->run()
#6 C:\xampp\htdocs\fooddelivery\system\Commands\Server\rewrite.php(43): require_once('C:\\xampp\\htdocs...')
#7 {main}
