CRITICAL - 2022-05-09 00:11:58 --> finfo::file(/var/www/html/food/writable/uploads/produtos/1652050421_cca00524ef0efb970913.png): failed to open stream: No such file or directory
#0 [internal function]: CodeIgniter\Debug\Exceptions->errorHandler()
#1 /var/www/html/food/app/Controllers/Admin/Produtos.php(234): finfo->file()
#2 /var/www/html/food/system/CodeIgniter.php(832): App\Controllers\Admin\Produtos->imagem()
#3 /var/www/html/food/system/CodeIgniter.php(419): CodeIgniter\CodeIgniter->runController()
#4 /var/www/html/food/system/CodeIgniter.php(326): CodeIgniter\CodeIgniter->handleRequest()
#5 /var/www/html/food/public/index.php(37): CodeIgniter\CodeIgniter->run()
#6 /var/www/html/food/system/Commands/Server/rewrite.php(43): require_once('/var/www/html/f...')
#7 {main}
CRITICAL - 2022-05-09 00:21:51 --> Call to undefined function App\Controllers\Admin\read_file()
#0 /var/www/html/food/system/CodeIgniter.php(832): App\Controllers\Admin\Produtos->imagem()
#1 /var/www/html/food/system/CodeIgniter.php(419): CodeIgniter\CodeIgniter->runController()
#2 /var/www/html/food/system/CodeIgniter.php(326): CodeIgniter\CodeIgniter->handleRequest()
#3 /var/www/html/food/public/index.php(37): CodeIgniter\CodeIgniter->run()
#4 /var/www/html/food/system/Commands/Server/rewrite.php(43): require_once('/var/www/html/f...')
#5 {main}
CRITICAL - 2022-05-09 00:26:12 --> Call to undefined function App\Controllers\Admin\read_file()
#0 /var/www/html/food/system/CodeIgniter.php(832): App\Controllers\Admin\Produtos->imagem()
#1 /var/www/html/food/system/CodeIgniter.php(419): CodeIgniter\CodeIgniter->runController()
#2 /var/www/html/food/system/CodeIgniter.php(326): CodeIgniter\CodeIgniter->handleRequest()
#3 /var/www/html/food/public/index.php(37): CodeIgniter\CodeIgniter->run()
#4 /var/www/html/food/system/Commands/Server/rewrite.php(43): require_once('/var/www/html/f...')
#5 {main}
CRITICAL - 2022-05-09 00:34:26 --> Call to undefined function App\Controllers\Admin\read_file()
#0 /var/www/html/food/system/CodeIgniter.php(832): App\Controllers\Admin\Produtos->imagem()
#1 /var/www/html/food/system/CodeIgniter.php(419): CodeIgniter\CodeIgniter->runController()
#2 /var/www/html/food/system/CodeIgniter.php(326): CodeIgniter\CodeIgniter->handleRequest()
#3 /var/www/html/food/public/index.php(37): CodeIgniter\CodeIgniter->run()
#4 /var/www/html/food/system/Commands/Server/rewrite.php(43): require_once('/var/www/html/f...')
#5 {main}
CRITICAL - 2022-05-09 00:34:40 --> Call to undefined function App\Controllers\Admin\read_file()
#0 /var/www/html/food/system/CodeIgniter.php(832): App\Controllers\Admin\Produtos->imagem()
#1 /var/www/html/food/system/CodeIgniter.php(419): CodeIgniter\CodeIgniter->runController()
#2 /var/www/html/food/system/CodeIgniter.php(326): CodeIgniter\CodeIgniter->handleRequest()
#3 /var/www/html/food/public/index.php(37): CodeIgniter\CodeIgniter->run()
#4 /var/www/html/food/system/Commands/Server/rewrite.php(43): require_once('/var/www/html/f...')
#5 {main}
CRITICAL - 2022-05-09 00:34:42 --> Call to undefined function App\Controllers\Admin\read_file()
#0 /var/www/html/food/system/CodeIgniter.php(832): App\Controllers\Admin\Produtos->imagem()
#1 /var/www/html/food/system/CodeIgniter.php(419): CodeIgniter\CodeIgniter->runController()
#2 /var/www/html/food/system/CodeIgniter.php(326): CodeIgniter\CodeIgniter->handleRequest()
#3 /var/www/html/food/public/index.php(37): CodeIgniter\CodeIgniter->run()
#4 /var/www/html/food/system/Commands/Server/rewrite.php(43): require_once('/var/www/html/f...')
#5 {main}
CRITICAL - 2022-05-09 00:44:40 --> Call to undefined function App\Controllers\Admin\read_file()
#0 /var/www/html/food/system/CodeIgniter.php(832): App\Controllers\Admin\Produtos->imagem()
#1 /var/www/html/food/system/CodeIgniter.php(419): CodeIgniter\CodeIgniter->runController()
#2 /var/www/html/food/system/CodeIgniter.php(326): CodeIgniter\CodeIgniter->handleRequest()
#3 /var/www/html/food/public/index.php(37): CodeIgniter\CodeIgniter->run()
#4 /var/www/html/food/system/Commands/Server/rewrite.php(43): require_once('/var/www/html/f...')
#5 {main}
CRITICAL - 2022-05-09 00:44:51 --> Call to undefined function App\Controllers\Admin\read_file()
#0 /var/www/html/food/system/CodeIgniter.php(832): App\Controllers\Admin\Produtos->imagem()
#1 /var/www/html/food/system/CodeIgniter.php(419): CodeIgniter\CodeIgniter->runController()
#2 /var/www/html/food/system/CodeIgniter.php(326): CodeIgniter\CodeIgniter->handleRequest()
#3 /var/www/html/food/public/index.php(37): CodeIgniter\CodeIgniter->run()
#4 /var/www/html/food/system/Commands/Server/rewrite.php(43): require_once('/var/www/html/f...')
#5 {main}
CRITICAL - 2022-05-09 00:44:57 --> finfo::file(/var/www/html/food/writable/uploads/produtos/1652066114_7f4c8464662805c8c282): failed to open stream: No such file or directory
#0 [internal function]: CodeIgniter\Debug\Exceptions->errorHandler()
#1 /var/www/html/food/app/Controllers/Admin/Produtos.php(234): finfo->file()
#2 /var/www/html/food/system/CodeIgniter.php(832): App\Controllers\Admin\Produtos->imagem()
#3 /var/www/html/food/system/CodeIgniter.php(419): CodeIgniter\CodeIgniter->runController()
#4 /var/www/html/food/system/CodeIgniter.php(326): CodeIgniter\CodeIgniter->handleRequest()
#5 /var/www/html/food/public/index.php(37): CodeIgniter\CodeIgniter->run()
#6 /var/www/html/food/system/Commands/Server/rewrite.php(43): require_once('/var/www/html/f...')
#7 {main}
CRITICAL - 2022-05-09 00:45:07 --> Call to undefined function App\Controllers\Admin\read_file()
#0 /var/www/html/food/system/CodeIgniter.php(832): App\Controllers\Admin\Produtos->imagem()
#1 /var/www/html/food/system/CodeIgniter.php(419): CodeIgniter\CodeIgniter->runController()
#2 /var/www/html/food/system/CodeIgniter.php(326): CodeIgniter\CodeIgniter->handleRequest()
#3 /var/www/html/food/public/index.php(37): CodeIgniter\CodeIgniter->run()
#4 /var/www/html/food/system/Commands/Server/rewrite.php(43): require_once('/var/www/html/f...')
#5 {main}
CRITICAL - 2022-05-09 00:46:29 --> Call to undefined function App\Controllers\Admin\read_file()
#0 /var/www/html/food/system/CodeIgniter.php(832): App\Controllers\Admin\Produtos->imagem()
#1 /var/www/html/food/system/CodeIgniter.php(419): CodeIgniter\CodeIgniter->runController()
#2 /var/www/html/food/system/CodeIgniter.php(326): CodeIgniter\CodeIgniter->handleRequest()
#3 /var/www/html/food/public/index.php(37): CodeIgniter\CodeIgniter->run()
#4 /var/www/html/food/system/Commands/Server/rewrite.php(43): require_once('/var/www/html/f...')
#5 {main}
CRITICAL - 2022-05-09 00:47:06 --> Call to undefined function App\Controllers\Admin\read_file()
#0 /var/www/html/food/system/CodeIgniter.php(832): App\Controllers\Admin\Produtos->imagem()
#1 /var/www/html/food/system/CodeIgniter.php(419): CodeIgniter\CodeIgniter->runController()
#2 /var/www/html/food/system/CodeIgniter.php(326): CodeIgniter\CodeIgniter->handleRequest()
#3 /var/www/html/food/public/index.php(37): CodeIgniter\CodeIgniter->run()
#4 /var/www/html/food/system/Commands/Server/rewrite.php(43): require_once('/var/www/html/f...')
#5 {main}
CRITICAL - 2022-05-09 00:47:40 --> Call to undefined function App\Controllers\Admin\read_file()
#0 /var/www/html/food/system/CodeIgniter.php(832): App\Controllers\Admin\Produtos->imagem()
#1 /var/www/html/food/system/CodeIgniter.php(419): CodeIgniter\CodeIgniter->runController()
#2 /var/www/html/food/system/CodeIgniter.php(326): CodeIgniter\CodeIgniter->handleRequest()
#3 /var/www/html/food/public/index.php(37): CodeIgniter\CodeIgniter->run()
#4 /var/www/html/food/system/Commands/Server/rewrite.php(43): require_once('/var/www/html/f...')
#5 {main}
CRITICAL - 2022-05-09 00:48:07 --> Call to undefined function App\Controllers\Admin\read_file()
#0 /var/www/html/food/system/CodeIgniter.php(832): App\Controllers\Admin\Produtos->imagem()
#1 /var/www/html/food/system/CodeIgniter.php(419): CodeIgniter\CodeIgniter->runController()
#2 /var/www/html/food/system/CodeIgniter.php(326): CodeIgniter\CodeIgniter->handleRequest()
#3 /var/www/html/food/public/index.php(37): CodeIgniter\CodeIgniter->run()
#4 /var/www/html/food/system/Commands/Server/rewrite.php(43): require_once('/var/www/html/f...')
#5 {main}
ERROR - 2022-05-09 01:23:28 --> Unknown column 'produtos_extras.produto.id' in 'where clause'
CRITICAL - 2022-05-09 01:23:28 --> Unknown column 'produtos_extras.produto.id' in 'where clause'
#0 /var/www/html/food/system/Database/MySQLi/Connection.php(292): mysqli->query()
#1 /var/www/html/food/system/Database/BaseConnection.php(670): CodeIgniter\Database\MySQLi\Connection->execute()
#2 /var/www/html/food/system/Database/BaseConnection.php(598): CodeIgniter\Database\BaseConnection->simpleQuery()
#3 /var/www/html/food/system/Database/BaseBuilder.php(1455): CodeIgniter\Database\BaseConnection->query()
#4 /var/www/html/food/system/Model.php(183): CodeIgniter\Database\BaseBuilder->get()
#5 /var/www/html/food/system/BaseModel.php(584): CodeIgniter\Model->doFindAll()
#6 /var/www/html/food/app/Models/ProdutoExtraModel.php(36): CodeIgniter\BaseModel->findAll()
#7 /var/www/html/food/app/Controllers/Admin/Produtos.php(258): App\Models\ProdutoExtraModel->buscaExtrasDoProduto()
#8 /var/www/html/food/system/CodeIgniter.php(832): App\Controllers\Admin\Produtos->extras()
#9 /var/www/html/food/system/CodeIgniter.php(419): CodeIgniter\CodeIgniter->runController()
#10 /var/www/html/food/system/CodeIgniter.php(326): CodeIgniter\CodeIgniter->handleRequest()
#11 /var/www/html/food/public/index.php(37): CodeIgniter\CodeIgniter->run()
#12 /var/www/html/food/system/Commands/Server/rewrite.php(43): require_once('/var/www/html/f...')
#13 {main}
ERROR - 2022-05-09 01:24:09 --> Unknown column 'produtos_extras.produto.id' in 'on clause'
CRITICAL - 2022-05-09 01:24:09 --> Unknown column 'produtos_extras.produto.id' in 'on clause'
#0 /var/www/html/food/system/Database/MySQLi/Connection.php(292): mysqli->query()
#1 /var/www/html/food/system/Database/BaseConnection.php(670): CodeIgniter\Database\MySQLi\Connection->execute()
#2 /var/www/html/food/system/Database/BaseConnection.php(598): CodeIgniter\Database\BaseConnection->simpleQuery()
#3 /var/www/html/food/system/Database/BaseBuilder.php(1455): CodeIgniter\Database\BaseConnection->query()
#4 /var/www/html/food/system/Model.php(183): CodeIgniter\Database\BaseBuilder->get()
#5 /var/www/html/food/system/BaseModel.php(584): CodeIgniter\Model->doFindAll()
#6 /var/www/html/food/app/Models/ProdutoExtraModel.php(36): CodeIgniter\BaseModel->findAll()
#7 /var/www/html/food/app/Controllers/Admin/Produtos.php(258): App\Models\ProdutoExtraModel->buscaExtrasDoProduto()
#8 /var/www/html/food/system/CodeIgniter.php(832): App\Controllers\Admin\Produtos->extras()
#9 /var/www/html/food/system/CodeIgniter.php(419): CodeIgniter\CodeIgniter->runController()
#10 /var/www/html/food/system/CodeIgniter.php(326): CodeIgniter\CodeIgniter->handleRequest()
#11 /var/www/html/food/public/index.php(37): CodeIgniter\CodeIgniter->run()
#12 /var/www/html/food/system/Commands/Server/rewrite.php(43): require_once('/var/www/html/f...')
#13 {main}
ERROR - 2022-05-09 01:24:18 --> Unknown column 'extra.id' in 'on clause'
CRITICAL - 2022-05-09 01:24:18 --> Unknown column 'extra.id' in 'on clause'
#0 /var/www/html/food/system/Database/MySQLi/Connection.php(292): mysqli->query()
#1 /var/www/html/food/system/Database/BaseConnection.php(670): CodeIgniter\Database\MySQLi\Connection->execute()
#2 /var/www/html/food/system/Database/BaseConnection.php(598): CodeIgniter\Database\BaseConnection->simpleQuery()
#3 /var/www/html/food/system/Database/BaseBuilder.php(1455): CodeIgniter\Database\BaseConnection->query()
#4 /var/www/html/food/system/Model.php(183): CodeIgniter\Database\BaseBuilder->get()
#5 /var/www/html/food/system/BaseModel.php(584): CodeIgniter\Model->doFindAll()
#6 /var/www/html/food/app/Models/ProdutoExtraModel.php(36): CodeIgniter\BaseModel->findAll()
#7 /var/www/html/food/app/Controllers/Admin/Produtos.php(258): App\Models\ProdutoExtraModel->buscaExtrasDoProduto()
#8 /var/www/html/food/system/CodeIgniter.php(832): App\Controllers\Admin\Produtos->extras()
#9 /var/www/html/food/system/CodeIgniter.php(419): CodeIgniter\CodeIgniter->runController()
#10 /var/www/html/food/system/CodeIgniter.php(326): CodeIgniter\CodeIgniter->handleRequest()
#11 /var/www/html/food/public/index.php(37): CodeIgniter\CodeIgniter->run()
#12 /var/www/html/food/system/Commands/Server/rewrite.php(43): require_once('/var/www/html/f...')
#13 {main}
CRITICAL - 2022-05-09 02:11:59 --> syntax error, unexpected 'row' (T_STRING), expecting ';' or ','
#0 /var/www/html/food/system/View/View.php(213): CodeIgniter\View\View->CodeIgniter\View\{closure}()
#1 /var/www/html/food/system/Common.php(1089): CodeIgniter\View\View->render()
#2 /var/www/html/food/app/Controllers/Admin/Produtos.php(261): view()
#3 /var/www/html/food/system/CodeIgniter.php(832): App\Controllers\Admin\Produtos->extras()
#4 /var/www/html/food/system/CodeIgniter.php(419): CodeIgniter\CodeIgniter->runController()
#5 /var/www/html/food/system/CodeIgniter.php(326): CodeIgniter\CodeIgniter->handleRequest()
#6 /var/www/html/food/public/index.php(37): CodeIgniter\CodeIgniter->run()
#7 /var/www/html/food/system/Commands/Server/rewrite.php(43): require_once('/var/www/html/f...')
#8 {main}
CRITICAL - 2022-05-09 02:57:13 --> Trying to get property 'nome' of non-object
#0 /var/www/html/food/app/Views/Admin/Produtos/extras.php(97): CodeIgniter\Debug\Exceptions->errorHandler()
#1 /var/www/html/food/system/View/View.php(210): include('/var/www/html/f...')
#2 /var/www/html/food/system/View/View.php(213): CodeIgniter\View\View->CodeIgniter\View\{closure}()
#3 /var/www/html/food/system/Common.php(1089): CodeIgniter\View\View->render()
#4 /var/www/html/food/app/Controllers/Admin/Produtos.php(261): view()
#5 /var/www/html/food/system/CodeIgniter.php(832): App\Controllers\Admin\Produtos->extras()
#6 /var/www/html/food/system/CodeIgniter.php(419): CodeIgniter\CodeIgniter->runController()
#7 /var/www/html/food/system/CodeIgniter.php(326): CodeIgniter\CodeIgniter->handleRequest()
#8 /var/www/html/food/public/index.php(37): CodeIgniter\CodeIgniter->run()
#9 /var/www/html/food/system/Commands/Server/rewrite.php(43): require_once('/var/www/html/f...')
#10 {main}
CRITICAL - 2022-05-09 18:16:55 --> Undefined variable: produtosExtras
#0 /var/www/html/food/app/Views/Admin/Produtos/extras.php(97): CodeIgniter\Debug\Exceptions->errorHandler()
#1 /var/www/html/food/system/View/View.php(210): include('/var/www/html/f...')
#2 /var/www/html/food/system/View/View.php(213): CodeIgniter\View\View->CodeIgniter\View\{closure}()
#3 /var/www/html/food/system/Common.php(1089): CodeIgniter\View\View->render()
#4 /var/www/html/food/app/Controllers/Admin/Produtos.php(261): view()
#5 /var/www/html/food/system/CodeIgniter.php(832): App\Controllers\Admin\Produtos->extras()
#6 /var/www/html/food/system/CodeIgniter.php(419): CodeIgniter\CodeIgniter->runController()
#7 /var/www/html/food/system/CodeIgniter.php(326): CodeIgniter\CodeIgniter->handleRequest()
#8 /var/www/html/food/public/index.php(37): CodeIgniter\CodeIgniter->run()
#9 /var/www/html/food/system/Commands/Server/rewrite.php(43): require_once('/var/www/html/f...')
#10 {main}
CRITICAL - 2022-05-09 18:18:25 --> Trying to get property 'nome' of non-object
#0 /var/www/html/food/app/Views/Admin/Produtos/extras.php(99): CodeIgniter\Debug\Exceptions->errorHandler()
#1 /var/www/html/food/system/View/View.php(210): include('/var/www/html/f...')
#2 /var/www/html/food/system/View/View.php(213): CodeIgniter\View\View->CodeIgniter\View\{closure}()
#3 /var/www/html/food/system/Common.php(1089): CodeIgniter\View\View->render()
#4 /var/www/html/food/app/Controllers/Admin/Produtos.php(261): view()
#5 /var/www/html/food/system/CodeIgniter.php(832): App\Controllers\Admin\Produtos->extras()
#6 /var/www/html/food/system/CodeIgniter.php(419): CodeIgniter\CodeIgniter->runController()
#7 /var/www/html/food/system/CodeIgniter.php(326): CodeIgniter\CodeIgniter->handleRequest()
#8 /var/www/html/food/public/index.php(37): CodeIgniter\CodeIgniter->run()
#9 /var/www/html/food/system/Commands/Server/rewrite.php(43): require_once('/var/www/html/f...')
#10 {main}
CRITICAL - 2022-05-09 18:19:08 --> Undefined variable: produtosExtras
#0 /var/www/html/food/app/Controllers/Admin/Produtos.php(260): CodeIgniter\Debug\Exceptions->errorHandler()
#1 /var/www/html/food/system/CodeIgniter.php(832): App\Controllers\Admin\Produtos->extras()
#2 /var/www/html/food/system/CodeIgniter.php(419): CodeIgniter\CodeIgniter->runController()
#3 /var/www/html/food/system/CodeIgniter.php(326): CodeIgniter\CodeIgniter->handleRequest()
#4 /var/www/html/food/public/index.php(37): CodeIgniter\CodeIgniter->run()
#5 /var/www/html/food/system/Commands/Server/rewrite.php(43): require_once('/var/www/html/f...')
#6 {main}
CRITICAL - 2022-05-09 18:19:53 --> Trying to get property 'extra' of non-object
#0 /var/www/html/food/app/Views/Admin/Produtos/extras.php(99): CodeIgniter\Debug\Exceptions->errorHandler()
#1 /var/www/html/food/system/View/View.php(210): include('/var/www/html/f...')
#2 /var/www/html/food/system/View/View.php(213): CodeIgniter\View\View->CodeIgniter\View\{closure}()
#3 /var/www/html/food/system/Common.php(1089): CodeIgniter\View\View->render()
#4 /var/www/html/food/app/Controllers/Admin/Produtos.php(261): view()
#5 /var/www/html/food/system/CodeIgniter.php(832): App\Controllers\Admin\Produtos->extras()
#6 /var/www/html/food/system/CodeIgniter.php(419): CodeIgniter\CodeIgniter->runController()
#7 /var/www/html/food/system/CodeIgniter.php(326): CodeIgniter\CodeIgniter->handleRequest()
#8 /var/www/html/food/public/index.php(37): CodeIgniter\CodeIgniter->run()
#9 /var/www/html/food/system/Commands/Server/rewrite.php(43): require_once('/var/www/html/f...')
#10 {main}
CRITICAL - 2022-05-09 18:20:51 --> Trying to get property 'extra' of non-object
#0 /var/www/html/food/app/Views/Admin/Produtos/extras.php(99): CodeIgniter\Debug\Exceptions->errorHandler()
#1 /var/www/html/food/system/View/View.php(210): include('/var/www/html/f...')
#2 /var/www/html/food/system/View/View.php(213): CodeIgniter\View\View->CodeIgniter\View\{closure}()
#3 /var/www/html/food/system/Common.php(1089): CodeIgniter\View\View->render()
#4 /var/www/html/food/app/Controllers/Admin/Produtos.php(261): view()
#5 /var/www/html/food/system/CodeIgniter.php(832): App\Controllers\Admin\Produtos->extras()
#6 /var/www/html/food/system/CodeIgniter.php(419): CodeIgniter\CodeIgniter->runController()
#7 /var/www/html/food/system/CodeIgniter.php(326): CodeIgniter\CodeIgniter->handleRequest()
#8 /var/www/html/food/public/index.php(37): CodeIgniter\CodeIgniter->run()
#9 /var/www/html/food/system/Commands/Server/rewrite.php(43): require_once('/var/www/html/f...')
#10 {main}
CRITICAL - 2022-05-09 18:21:01 --> Trying to get property 'preco' of non-object
#0 /var/www/html/food/app/Views/Admin/Produtos/extras.php(99): CodeIgniter\Debug\Exceptions->errorHandler()
#1 /var/www/html/food/system/View/View.php(210): include('/var/www/html/f...')
#2 /var/www/html/food/system/View/View.php(213): CodeIgniter\View\View->CodeIgniter\View\{closure}()
#3 /var/www/html/food/system/Common.php(1089): CodeIgniter\View\View->render()
#4 /var/www/html/food/app/Controllers/Admin/Produtos.php(261): view()
#5 /var/www/html/food/system/CodeIgniter.php(832): App\Controllers\Admin\Produtos->extras()
#6 /var/www/html/food/system/CodeIgniter.php(419): CodeIgniter\CodeIgniter->runController()
#7 /var/www/html/food/system/CodeIgniter.php(326): CodeIgniter\CodeIgniter->handleRequest()
#8 /var/www/html/food/public/index.php(37): CodeIgniter\CodeIgniter->run()
#9 /var/www/html/food/system/Commands/Server/rewrite.php(43): require_once('/var/www/html/f...')
#10 {main}
CRITICAL - 2022-05-09 18:21:24 --> Trying to get property 'extra' of non-object
#0 /var/www/html/food/app/Views/Admin/Produtos/extras.php(99): CodeIgniter\Debug\Exceptions->errorHandler()
#1 /var/www/html/food/system/View/View.php(210): include('/var/www/html/f...')
#2 /var/www/html/food/system/View/View.php(213): CodeIgniter\View\View->CodeIgniter\View\{closure}()
#3 /var/www/html/food/system/Common.php(1089): CodeIgniter\View\View->render()
#4 /var/www/html/food/app/Controllers/Admin/Produtos.php(261): view()
#5 /var/www/html/food/system/CodeIgniter.php(832): App\Controllers\Admin\Produtos->extras()
#6 /var/www/html/food/system/CodeIgniter.php(419): CodeIgniter\CodeIgniter->runController()
#7 /var/www/html/food/system/CodeIgniter.php(326): CodeIgniter\CodeIgniter->handleRequest()
#8 /var/www/html/food/public/index.php(37): CodeIgniter\CodeIgniter->run()
#9 /var/www/html/food/system/Commands/Server/rewrite.php(43): require_once('/var/www/html/f...')
#10 {main}
CRITICAL - 2022-05-09 18:21:46 --> Trying to get property 'preco' of non-object
#0 /var/www/html/food/app/Views/Admin/Produtos/extras.php(100): CodeIgniter\Debug\Exceptions->errorHandler()
#1 /var/www/html/food/system/View/View.php(210): include('/var/www/html/f...')
#2 /var/www/html/food/system/View/View.php(213): CodeIgniter\View\View->CodeIgniter\View\{closure}()
#3 /var/www/html/food/system/Common.php(1089): CodeIgniter\View\View->render()
#4 /var/www/html/food/app/Controllers/Admin/Produtos.php(261): view()
#5 /var/www/html/food/system/CodeIgniter.php(832): App\Controllers\Admin\Produtos->extras()
#6 /var/www/html/food/system/CodeIgniter.php(419): CodeIgniter\CodeIgniter->runController()
#7 /var/www/html/food/system/CodeIgniter.php(326): CodeIgniter\CodeIgniter->handleRequest()
#8 /var/www/html/food/public/index.php(37): CodeIgniter\CodeIgniter->run()
#9 /var/www/html/food/system/Commands/Server/rewrite.php(43): require_once('/var/www/html/f...')
#10 {main}
CRITICAL - 2022-05-09 18:24:40 --> Trying to get property 'extra' of non-object
#0 /var/www/html/food/app/Views/Admin/Produtos/extras.php(99): CodeIgniter\Debug\Exceptions->errorHandler()
#1 /var/www/html/food/system/View/View.php(210): include('/var/www/html/f...')
#2 /var/www/html/food/system/View/View.php(213): CodeIgniter\View\View->CodeIgniter\View\{closure}()
#3 /var/www/html/food/system/Common.php(1089): CodeIgniter\View\View->render()
#4 /var/www/html/food/app/Controllers/Admin/Produtos.php(261): view()
#5 /var/www/html/food/system/CodeIgniter.php(832): App\Controllers\Admin\Produtos->extras()
#6 /var/www/html/food/system/CodeIgniter.php(419): CodeIgniter\CodeIgniter->runController()
#7 /var/www/html/food/system/CodeIgniter.php(326): CodeIgniter\CodeIgniter->handleRequest()
#8 /var/www/html/food/public/index.php(37): CodeIgniter\CodeIgniter->run()
#9 /var/www/html/food/system/Commands/Server/rewrite.php(43): require_once('/var/www/html/f...')
#10 {main}
CRITICAL - 2022-05-09 18:24:58 --> Trying to get property 'extra' of non-object
#0 /var/www/html/food/app/Views/Admin/Produtos/extras.php(99): CodeIgniter\Debug\Exceptions->errorHandler()
#1 /var/www/html/food/system/View/View.php(210): include('/var/www/html/f...')
#2 /var/www/html/food/system/View/View.php(213): CodeIgniter\View\View->CodeIgniter\View\{closure}()
#3 /var/www/html/food/system/Common.php(1089): CodeIgniter\View\View->render()
#4 /var/www/html/food/app/Controllers/Admin/Produtos.php(261): view()
#5 /var/www/html/food/system/CodeIgniter.php(832): App\Controllers\Admin\Produtos->extras()
#6 /var/www/html/food/system/CodeIgniter.php(419): CodeIgniter\CodeIgniter->runController()
#7 /var/www/html/food/system/CodeIgniter.php(326): CodeIgniter\CodeIgniter->handleRequest()
#8 /var/www/html/food/public/index.php(37): CodeIgniter\CodeIgniter->run()
#9 /var/www/html/food/system/Commands/Server/rewrite.php(43): require_once('/var/www/html/f...')
#10 {main}
CRITICAL - 2022-05-09 18:25:53 --> Trying to get property 'extra' of non-object
#0 /var/www/html/food/app/Views/Admin/Produtos/extras.php(99): CodeIgniter\Debug\Exceptions->errorHandler()
#1 /var/www/html/food/system/View/View.php(210): include('/var/www/html/f...')
#2 /var/www/html/food/system/View/View.php(213): CodeIgniter\View\View->CodeIgniter\View\{closure}()
#3 /var/www/html/food/system/Common.php(1089): CodeIgniter\View\View->render()
#4 /var/www/html/food/app/Controllers/Admin/Produtos.php(261): view()
#5 /var/www/html/food/system/CodeIgniter.php(832): App\Controllers\Admin\Produtos->extras()
#6 /var/www/html/food/system/CodeIgniter.php(419): CodeIgniter\CodeIgniter->runController()
#7 /var/www/html/food/system/CodeIgniter.php(326): CodeIgniter\CodeIgniter->handleRequest()
#8 /var/www/html/food/public/index.php(37): CodeIgniter\CodeIgniter->run()
#9 /var/www/html/food/system/Commands/Server/rewrite.php(43): require_once('/var/www/html/f...')
#10 {main}
CRITICAL - 2022-05-09 18:26:05 --> Trying to get property 'preco' of non-object
#0 /var/www/html/food/app/Views/Admin/Produtos/extras.php(99): CodeIgniter\Debug\Exceptions->errorHandler()
#1 /var/www/html/food/system/View/View.php(210): include('/var/www/html/f...')
#2 /var/www/html/food/system/View/View.php(213): CodeIgniter\View\View->CodeIgniter\View\{closure}()
#3 /var/www/html/food/system/Common.php(1089): CodeIgniter\View\View->render()
#4 /var/www/html/food/app/Controllers/Admin/Produtos.php(261): view()
#5 /var/www/html/food/system/CodeIgniter.php(832): App\Controllers\Admin\Produtos->extras()
#6 /var/www/html/food/system/CodeIgniter.php(419): CodeIgniter\CodeIgniter->runController()
#7 /var/www/html/food/system/CodeIgniter.php(326): CodeIgniter\CodeIgniter->handleRequest()
#8 /var/www/html/food/public/index.php(37): CodeIgniter\CodeIgniter->run()
#9 /var/www/html/food/system/Commands/Server/rewrite.php(43): require_once('/var/www/html/f...')
#10 {main}
CRITICAL - 2022-05-09 18:26:49 --> Trying to get property 'extra' of non-object
#0 /var/www/html/food/app/Views/Admin/Produtos/extras.php(99): CodeIgniter\Debug\Exceptions->errorHandler()
#1 /var/www/html/food/system/View/View.php(210): include('/var/www/html/f...')
#2 /var/www/html/food/system/View/View.php(213): CodeIgniter\View\View->CodeIgniter\View\{closure}()
#3 /var/www/html/food/system/Common.php(1089): CodeIgniter\View\View->render()
#4 /var/www/html/food/app/Controllers/Admin/Produtos.php(261): view()
#5 /var/www/html/food/system/CodeIgniter.php(832): App\Controllers\Admin\Produtos->extras()
#6 /var/www/html/food/system/CodeIgniter.php(419): CodeIgniter\CodeIgniter->runController()
#7 /var/www/html/food/system/CodeIgniter.php(326): CodeIgniter\CodeIgniter->handleRequest()
#8 /var/www/html/food/public/index.php(37): CodeIgniter\CodeIgniter->run()
#9 /var/www/html/food/system/Commands/Server/rewrite.php(43): require_once('/var/www/html/f...')
#10 {main}
CRITICAL - 2022-05-09 18:41:21 --> Call to undefined method CodeIgniter\HTTP\IncomingRequest::isPost()
#0 /var/www/html/food/system/CodeIgniter.php(832): App\Controllers\Admin\Produtos->cadastrarExtras()
#1 /var/www/html/food/system/CodeIgniter.php(419): CodeIgniter\CodeIgniter->runController()
#2 /var/www/html/food/system/CodeIgniter.php(326): CodeIgniter\CodeIgniter->handleRequest()
#3 /var/www/html/food/public/index.php(37): CodeIgniter\CodeIgniter->run()
#4 /var/www/html/food/system/Commands/Server/rewrite.php(43): require_once('/var/www/html/f...')
#5 {main}
CRITICAL - 2022-05-09 19:21:00 --> Undefined variable: exraProduto
#0 /var/www/html/food/app/Views/Admin/Produtos/extras.php(102): CodeIgniter\Debug\Exceptions->errorHandler()
#1 /var/www/html/food/system/View/View.php(210): include('/var/www/html/f...')
#2 /var/www/html/food/system/View/View.php(213): CodeIgniter\View\View->CodeIgniter\View\{closure}()
#3 /var/www/html/food/system/Common.php(1089): CodeIgniter\View\View->render()
#4 /var/www/html/food/app/Controllers/Admin/Produtos.php(262): view()
#5 /var/www/html/food/system/CodeIgniter.php(832): App\Controllers\Admin\Produtos->extras()
#6 /var/www/html/food/system/CodeIgniter.php(419): CodeIgniter\CodeIgniter->runController()
#7 /var/www/html/food/system/CodeIgniter.php(326): CodeIgniter\CodeIgniter->handleRequest()
#8 /var/www/html/food/public/index.php(37): CodeIgniter\CodeIgniter->run()
#9 /var/www/html/food/system/Commands/Server/rewrite.php(43): require_once('/var/www/html/f...')
#10 {main}
CRITICAL - 2022-05-09 19:21:16 --> Undefined variable: extraProduto
#0 /var/www/html/food/app/Views/Admin/Produtos/extras.php(102): CodeIgniter\Debug\Exceptions->errorHandler()
#1 /var/www/html/food/system/View/View.php(210): include('/var/www/html/f...')
#2 /var/www/html/food/system/View/View.php(213): CodeIgniter\View\View->CodeIgniter\View\{closure}()
#3 /var/www/html/food/system/Common.php(1089): CodeIgniter\View\View->render()
#4 /var/www/html/food/app/Controllers/Admin/Produtos.php(262): view()
#5 /var/www/html/food/system/CodeIgniter.php(832): App\Controllers\Admin\Produtos->extras()
#6 /var/www/html/food/system/CodeIgniter.php(419): CodeIgniter\CodeIgniter->runController()
#7 /var/www/html/food/system/CodeIgniter.php(326): CodeIgniter\CodeIgniter->handleRequest()
#8 /var/www/html/food/public/index.php(37): CodeIgniter\CodeIgniter->run()
#9 /var/www/html/food/system/Commands/Server/rewrite.php(43): require_once('/var/www/html/f...')
#10 {main}
CRITICAL - 2022-05-09 19:21:25 --> Undefined variable: extraProduto
#0 /var/www/html/food/app/Views/Admin/Produtos/extras.php(102): CodeIgniter\Debug\Exceptions->errorHandler()
#1 /var/www/html/food/system/View/View.php(210): include('/var/www/html/f...')
#2 /var/www/html/food/system/View/View.php(213): CodeIgniter\View\View->CodeIgniter\View\{closure}()
#3 /var/www/html/food/system/Common.php(1089): CodeIgniter\View\View->render()
#4 /var/www/html/food/app/Controllers/Admin/Produtos.php(262): view()
#5 /var/www/html/food/system/CodeIgniter.php(832): App\Controllers\Admin\Produtos->extras()
#6 /var/www/html/food/system/CodeIgniter.php(419): CodeIgniter\CodeIgniter->runController()
#7 /var/www/html/food/system/CodeIgniter.php(326): CodeIgniter\CodeIgniter->handleRequest()
#8 /var/www/html/food/public/index.php(37): CodeIgniter\CodeIgniter->run()
#9 /var/www/html/food/system/Commands/Server/rewrite.php(43): require_once('/var/www/html/f...')
#10 {main}
CRITICAL - 2022-05-09 20:11:44 --> Undefined property: App\Controllers\Admin\Produtos::$produtosEspecificacoesModel
#0 /var/www/html/food/app/Controllers/Admin/Produtos.php(336): CodeIgniter\Debug\Exceptions->errorHandler()
#1 /var/www/html/food/system/CodeIgniter.php(832): App\Controllers\Admin\Produtos->especificacoes()
#2 /var/www/html/food/system/CodeIgniter.php(419): CodeIgniter\CodeIgniter->runController()
#3 /var/www/html/food/system/CodeIgniter.php(326): CodeIgniter\CodeIgniter->handleRequest()
#4 /var/www/html/food/public/index.php(37): CodeIgniter\CodeIgniter->run()
#5 /var/www/html/food/system/Commands/Server/rewrite.php(43): require_once('/var/www/html/f...')
#6 {main}
CRITICAL - 2022-05-09 20:39:01 --> Undefined variable: produtosEspecificacoes
#0 /var/www/html/food/app/Views/Admin/Produtos/especificacoes.php(105): CodeIgniter\Debug\Exceptions->errorHandler()
#1 /var/www/html/food/system/View/View.php(210): include('/var/www/html/f...')
#2 /var/www/html/food/system/View/View.php(213): CodeIgniter\View\View->CodeIgniter\View\{closure}()
#3 /var/www/html/food/system/Common.php(1089): CodeIgniter\View\View->render()
#4 /var/www/html/food/app/Controllers/Admin/Produtos.php(340): view()
#5 /var/www/html/food/system/CodeIgniter.php(832): App\Controllers\Admin\Produtos->especificacoes()
#6 /var/www/html/food/system/CodeIgniter.php(419): CodeIgniter\CodeIgniter->runController()
#7 /var/www/html/food/system/CodeIgniter.php(326): CodeIgniter\CodeIgniter->handleRequest()
#8 /var/www/html/food/public/index.php(37): CodeIgniter\CodeIgniter->run()
#9 /var/www/html/food/system/Commands/Server/rewrite.php(43): require_once('/var/www/html/f...')
#10 {main}
CRITICAL - 2022-05-09 21:52:00 --> Undefined variable: extraExistente
#0 /var/www/html/food/app/Controllers/Admin/Produtos.php(360): CodeIgniter\Debug\Exceptions->errorHandler()
#1 /var/www/html/food/system/CodeIgniter.php(832): App\Controllers\Admin\Produtos->cadastrarEspecificacoes()
#2 /var/www/html/food/system/CodeIgniter.php(419): CodeIgniter\CodeIgniter->runController()
#3 /var/www/html/food/system/CodeIgniter.php(326): CodeIgniter\CodeIgniter->handleRequest()
#4 /var/www/html/food/public/index.php(37): CodeIgniter\CodeIgniter->run()
#5 /var/www/html/food/system/Commands/Server/rewrite.php(43): require_once('/var/www/html/f...')
#6 {main}
CRITICAL - 2022-05-09 22:46:09 --> Arquivo inválido: Admin/Produtos/excluir_especificacao.php
#0 /var/www/html/food/system/View/View.php(198): CodeIgniter\Exceptions\FrameworkException::forInvalidFile()
#1 /var/www/html/food/system/Common.php(1089): CodeIgniter\View\View->render()
#2 /var/www/html/food/app/Controllers/Admin/Produtos.php(397): view()
#3 /var/www/html/food/system/CodeIgniter.php(832): App\Controllers\Admin\Produtos->excluirEspecificacao()
#4 /var/www/html/food/system/CodeIgniter.php(419): CodeIgniter\CodeIgniter->runController()
#5 /var/www/html/food/system/CodeIgniter.php(326): CodeIgniter\CodeIgniter->handleRequest()
#6 /var/www/html/food/public/index.php(37): CodeIgniter\CodeIgniter->run()
#7 /var/www/html/food/system/Commands/Server/rewrite.php(43): require_once('/var/www/html/f...')
#8 {main}
CRITICAL - 2022-05-09 22:55:53 --> Undefined variable: especificacoes
#0 /var/www/html/food/app/Controllers/Admin/Produtos.php(395): CodeIgniter\Debug\Exceptions->errorHandler()
#1 /var/www/html/food/system/CodeIgniter.php(832): App\Controllers\Admin\Produtos->excluirEspecificacao()
#2 /var/www/html/food/system/CodeIgniter.php(419): CodeIgniter\CodeIgniter->runController()
#3 /var/www/html/food/system/CodeIgniter.php(326): CodeIgniter\CodeIgniter->handleRequest()
#4 /var/www/html/food/public/index.php(37): CodeIgniter\CodeIgniter->run()
#5 /var/www/html/food/system/Commands/Server/rewrite.php(43): require_once('/var/www/html/f...')
#6 {main}
CRITICAL - 2022-05-09 22:56:39 --> Undefined variable: produto
#0 /var/www/html/food/app/Views/Admin/Produtos/excluir_especificacao.php(50): CodeIgniter\Debug\Exceptions->errorHandler()
#1 /var/www/html/food/system/View/View.php(210): include('/var/www/html/f...')
#2 /var/www/html/food/system/View/View.php(213): CodeIgniter\View\View->CodeIgniter\View\{closure}()
#3 /var/www/html/food/system/Common.php(1089): CodeIgniter\View\View->render()
#4 /var/www/html/food/app/Controllers/Admin/Produtos.php(403): view()
#5 /var/www/html/food/system/CodeIgniter.php(832): App\Controllers\Admin\Produtos->excluirEspecificacao()
#6 /var/www/html/food/system/CodeIgniter.php(419): CodeIgniter\CodeIgniter->runController()
#7 /var/www/html/food/system/CodeIgniter.php(326): CodeIgniter\CodeIgniter->handleRequest()
#8 /var/www/html/food/public/index.php(37): CodeIgniter\CodeIgniter->run()
#9 /var/www/html/food/system/Commands/Server/rewrite.php(43): require_once('/var/www/html/f...')
#10 {main}
CRITICAL - 2022-05-09 22:57:19 --> Undefined variable: especificacoes
#0 /var/www/html/food/app/Controllers/Admin/Produtos.php(395): CodeIgniter\Debug\Exceptions->errorHandler()
#1 /var/www/html/food/system/CodeIgniter.php(832): App\Controllers\Admin\Produtos->excluirEspecificacao()
#2 /var/www/html/food/system/CodeIgniter.php(419): CodeIgniter\CodeIgniter->runController()
#3 /var/www/html/food/system/CodeIgniter.php(326): CodeIgniter\CodeIgniter->handleRequest()
#4 /var/www/html/food/public/index.php(37): CodeIgniter\CodeIgniter->run()
#5 /var/www/html/food/system/Commands/Server/rewrite.php(43): require_once('/var/www/html/f...')
#6 {main}
CRITICAL - 2022-05-09 22:58:50 --> Undefined variable: especificacoes
#0 /var/www/html/food/app/Controllers/Admin/Produtos.php(395): CodeIgniter\Debug\Exceptions->errorHandler()
#1 /var/www/html/food/system/CodeIgniter.php(832): App\Controllers\Admin\Produtos->excluirEspecificacao()
#2 /var/www/html/food/system/CodeIgniter.php(419): CodeIgniter\CodeIgniter->runController()
#3 /var/www/html/food/system/CodeIgniter.php(326): CodeIgniter\CodeIgniter->handleRequest()
#4 /var/www/html/food/public/index.php(37): CodeIgniter\CodeIgniter->run()
#5 /var/www/html/food/system/Commands/Server/rewrite.php(43): require_once('/var/www/html/f...')
#6 {main}
CRITICAL - 2022-05-09 23:20:36 --> finfo::file(/var/www/html/food/writable/uploads/produtos/1652148920_a4b980c26bb1e213c817.png): failed to open stream: No such file or directory
#0 [internal function]: CodeIgniter\Debug\Exceptions->errorHandler()
#1 /var/www/html/food/app/Controllers/Admin/Produtos.php(244): finfo->file()
#2 /var/www/html/food/system/CodeIgniter.php(832): App\Controllers\Admin\Produtos->imagem()
#3 /var/www/html/food/system/CodeIgniter.php(419): CodeIgniter\CodeIgniter->runController()
#4 /var/www/html/food/system/CodeIgniter.php(326): CodeIgniter\CodeIgniter->handleRequest()
#5 /var/www/html/food/public/index.php(37): CodeIgniter\CodeIgniter->run()
#6 /var/www/html/food/system/Commands/Server/rewrite.php(43): require_once('/var/www/html/f...')
#7 {main}
CRITICAL - 2022-05-09 23:22:50 --> finfo::file(/var/www/html/food/writable/uploads/produtos/1652148920_a4b980c26bb1e213c817.png): failed to open stream: No such file or directory
#0 [internal function]: CodeIgniter\Debug\Exceptions->errorHandler()
#1 /var/www/html/food/app/Controllers/Admin/Produtos.php(244): finfo->file()
#2 /var/www/html/food/system/CodeIgniter.php(832): App\Controllers\Admin\Produtos->imagem()
#3 /var/www/html/food/system/CodeIgniter.php(419): CodeIgniter\CodeIgniter->runController()
#4 /var/www/html/food/system/CodeIgniter.php(326): CodeIgniter\CodeIgniter->handleRequest()
#5 /var/www/html/food/public/index.php(37): CodeIgniter\CodeIgniter->run()
#6 /var/www/html/food/system/Commands/Server/rewrite.php(43): require_once('/var/www/html/f...')
#7 {main}
CRITICAL - 2022-05-09 23:22:52 --> finfo::file(/var/www/html/food/writable/uploads/produtos/1652148920_a4b980c26bb1e213c817.png): failed to open stream: No such file or directory
#0 [internal function]: CodeIgniter\Debug\Exceptions->errorHandler()
#1 /var/www/html/food/app/Controllers/Admin/Produtos.php(244): finfo->file()
#2 /var/www/html/food/system/CodeIgniter.php(832): App\Controllers\Admin\Produtos->imagem()
#3 /var/www/html/food/system/CodeIgniter.php(419): CodeIgniter\CodeIgniter->runController()
#4 /var/www/html/food/system/CodeIgniter.php(326): CodeIgniter\CodeIgniter->handleRequest()
#5 /var/www/html/food/public/index.php(37): CodeIgniter\CodeIgniter->run()
#6 /var/www/html/food/system/Commands/Server/rewrite.php(43): require_once('/var/www/html/f...')
#7 {main}
CRITICAL - 2022-05-09 23:30:19 --> finfo::file(/var/www/html/food/writable/uploads/produtos/1652148920_a4b980c26bb1e213c817.png): failed to open stream: No such file or directory
#0 [internal function]: CodeIgniter\Debug\Exceptions->errorHandler()
#1 /var/www/html/food/app/Controllers/Admin/Produtos.php(244): finfo->file()
#2 /var/www/html/food/system/CodeIgniter.php(832): App\Controllers\Admin\Produtos->imagem()
#3 /var/www/html/food/system/CodeIgniter.php(419): CodeIgniter\CodeIgniter->runController()
#4 /var/www/html/food/system/CodeIgniter.php(326): CodeIgniter\CodeIgniter->handleRequest()
#5 /var/www/html/food/public/index.php(37): CodeIgniter\CodeIgniter->run()
#6 /var/www/html/food/system/Commands/Server/rewrite.php(43): require_once('/var/www/html/f...')
#7 {main}
CRITICAL - 2022-05-09 23:33:33 --> finfo::file(/var/www/html/food/writable/uploads/produtos/1652148920_a4b980c26bb1e213c817.png): failed to open stream: No such file or directory
#0 [internal function]: CodeIgniter\Debug\Exceptions->errorHandler()
#1 /var/www/html/food/app/Controllers/Admin/Produtos.php(248): finfo->file()
#2 /var/www/html/food/system/CodeIgniter.php(832): App\Controllers\Admin\Produtos->imagem()
#3 /var/www/html/food/system/CodeIgniter.php(419): CodeIgniter\CodeIgniter->runController()
#4 /var/www/html/food/system/CodeIgniter.php(326): CodeIgniter\CodeIgniter->handleRequest()
#5 /var/www/html/food/public/index.php(37): CodeIgniter\CodeIgniter->run()
#6 /var/www/html/food/system/Commands/Server/rewrite.php(43): require_once('/var/www/html/f...')
#7 {main}
CRITICAL - 2022-05-09 23:33:40 --> finfo::file(/var/www/html/food/writable/uploads/produtos/1652148920_a4b980c26bb1e213c817.png): failed to open stream: No such file or directory
#0 [internal function]: CodeIgniter\Debug\Exceptions->errorHandler()
#1 /var/www/html/food/app/Controllers/Admin/Produtos.php(248): finfo->file()
#2 /var/www/html/food/system/CodeIgniter.php(832): App\Controllers\Admin\Produtos->imagem()
#3 /var/www/html/food/system/CodeIgniter.php(419): CodeIgniter\CodeIgniter->runController()
#4 /var/www/html/food/system/CodeIgniter.php(326): CodeIgniter\CodeIgniter->handleRequest()
#5 /var/www/html/food/public/index.php(37): CodeIgniter\CodeIgniter->run()
#6 /var/www/html/food/system/Commands/Server/rewrite.php(43): require_once('/var/www/html/f...')
#7 {main}
CRITICAL - 2022-05-09 23:34:06 --> finfo::file(/var/www/html/food/writable/uploads/produtos/1652148920_a4b980c26bb1e213c817.png): failed to open stream: No such file or directory
#0 [internal function]: CodeIgniter\Debug\Exceptions->errorHandler()
#1 /var/www/html/food/app/Controllers/Admin/Produtos.php(248): finfo->file()
#2 /var/www/html/food/system/CodeIgniter.php(832): App\Controllers\Admin\Produtos->imagem()
#3 /var/www/html/food/system/CodeIgniter.php(419): CodeIgniter\CodeIgniter->runController()
#4 /var/www/html/food/system/CodeIgniter.php(326): CodeIgniter\CodeIgniter->handleRequest()
#5 /var/www/html/food/public/index.php(37): CodeIgniter\CodeIgniter->run()
#6 /var/www/html/food/system/Commands/Server/rewrite.php(43): require_once('/var/www/html/f...')
#7 {main}
CRITICAL - 2022-05-09 23:39:00 --> finfo::file(/var/www/html/food/writable/uploads/produtos/1652148920_a4b980c26bb1e213c817.png): failed to open stream: No such file or directory
#0 [internal function]: CodeIgniter\Debug\Exceptions->errorHandler()
#1 /var/www/html/food/app/Controllers/Admin/Produtos.php(248): finfo->file()
#2 /var/www/html/food/system/CodeIgniter.php(832): App\Controllers\Admin\Produtos->imagem()
#3 /var/www/html/food/system/CodeIgniter.php(419): CodeIgniter\CodeIgniter->runController()
#4 /var/www/html/food/system/CodeIgniter.php(326): CodeIgniter\CodeIgniter->handleRequest()
#5 /var/www/html/food/public/index.php(37): CodeIgniter\CodeIgniter->run()
#6 /var/www/html/food/system/Commands/Server/rewrite.php(43): require_once('/var/www/html/f...')
#7 {main}
CRITICAL - 2022-05-09 23:39:28 --> finfo::file(/var/www/html/food/writable/uploads/produtos/1652148920_a4b980c26bb1e213c817.png): failed to open stream: No such file or directory
#0 [internal function]: CodeIgniter\Debug\Exceptions->errorHandler()
#1 /var/www/html/food/app/Controllers/Admin/Produtos.php(248): finfo->file()
#2 /var/www/html/food/system/CodeIgniter.php(832): App\Controllers\Admin\Produtos->imagem()
#3 /var/www/html/food/system/CodeIgniter.php(419): CodeIgniter\CodeIgniter->runController()
#4 /var/www/html/food/system/CodeIgniter.php(326): CodeIgniter\CodeIgniter->handleRequest()
#5 /var/www/html/food/public/index.php(37): CodeIgniter\CodeIgniter->run()
#6 /var/www/html/food/system/Commands/Server/rewrite.php(43): require_once('/var/www/html/f...')
#7 {main}
