ERROR - 2022-05-21 01:00:09 --> Expression #2 of SELECT list is not in GROUP BY clause and contains nonaggregated column 'delivery.pedidos_produtos.quantidade' which is not functionally dependent on columns in GROUP BY clause; this is incompatible with sql_mode=only_full_group_by
CRITICAL - 2022-05-21 01:00:09 --> Expression #2 of SELECT list is not in GROUP BY clause and contains nonaggregated column 'delivery.pedidos_produtos.quantidade' which is not functionally dependent on columns in GROUP BY clause; this is incompatible with sql_mode=only_full_group_by
#0 /var/www/html/food/system/Database/MySQLi/Connection.php(292): mysqli->query()
#1 /var/www/html/food/system/Database/BaseConnection.php(670): CodeIgniter\Database\MySQLi\Connection->execute()
#2 /var/www/html/food/system/Database/BaseConnection.php(598): CodeIgniter\Database\BaseConnection->simpleQuery()
#3 /var/www/html/food/system/Database/BaseBuilder.php(1455): CodeIgniter\Database\BaseConnection->query()
#4 /var/www/html/food/system/Model.php(145): CodeIgniter\Database\BaseBuilder->get()
#5 /var/www/html/food/system/BaseModel.php(523): CodeIgniter\Model->doFind()
#6 /var/www/html/food/app/Models/PedidoProdutoModel.php(19): CodeIgniter\BaseModel->find()
#7 /var/www/html/food/app/Controllers/Admin/Home.php(29): App\Models\PedidoProdutoModel->recuperaProdutosMaisVendidos()
#8 /var/www/html/food/system/CodeIgniter.php(832): App\Controllers\Admin\Home->index()
#9 /var/www/html/food/system/CodeIgniter.php(419): CodeIgniter\CodeIgniter->runController()
#10 /var/www/html/food/system/CodeIgniter.php(326): CodeIgniter\CodeIgniter->handleRequest()
#11 /var/www/html/food/public/index.php(37): CodeIgniter\CodeIgniter->run()
#12 /var/www/html/food/system/Commands/Server/rewrite.php(43): require_once('/var/www/html/f...')
#13 {main}
CRITICAL - 2022-05-21 01:01:02 --> Undefined variable: produto
#0 /var/www/html/food/app/Views/Admin/Home/index.php(149): CodeIgniter\Debug\Exceptions->errorHandler()
#1 /var/www/html/food/system/View/View.php(210): include('/var/www/html/f...')
#2 /var/www/html/food/system/View/View.php(213): CodeIgniter\View\View->CodeIgniter\View\{closure}()
#3 /var/www/html/food/system/Common.php(1089): CodeIgniter\View\View->render()
#4 /var/www/html/food/app/Controllers/Admin/Home.php(40): view()
#5 /var/www/html/food/system/CodeIgniter.php(832): App\Controllers\Admin\Home->index()
#6 /var/www/html/food/system/CodeIgniter.php(419): CodeIgniter\CodeIgniter->runController()
#7 /var/www/html/food/system/CodeIgniter.php(326): CodeIgniter\CodeIgniter->handleRequest()
#8 /var/www/html/food/public/index.php(37): CodeIgniter\CodeIgniter->run()
#9 /var/www/html/food/system/Commands/Server/rewrite.php(43): require_once('/var/www/html/f...')
#10 {main}
CRITICAL - 2022-05-21 01:01:07 --> Undefined variable: produto
#0 /var/www/html/food/app/Views/Admin/Home/index.php(149): CodeIgniter\Debug\Exceptions->errorHandler()
#1 /var/www/html/food/system/View/View.php(210): include('/var/www/html/f...')
#2 /var/www/html/food/system/View/View.php(213): CodeIgniter\View\View->CodeIgniter\View\{closure}()
#3 /var/www/html/food/system/Common.php(1089): CodeIgniter\View\View->render()
#4 /var/www/html/food/app/Controllers/Admin/Home.php(40): view()
#5 /var/www/html/food/system/CodeIgniter.php(832): App\Controllers\Admin\Home->index()
#6 /var/www/html/food/system/CodeIgniter.php(419): CodeIgniter\CodeIgniter->runController()
#7 /var/www/html/food/system/CodeIgniter.php(326): CodeIgniter\CodeIgniter->handleRequest()
#8 /var/www/html/food/public/index.php(37): CodeIgniter\CodeIgniter->run()
#9 /var/www/html/food/system/Commands/Server/rewrite.php(43): require_once('/var/www/html/f...')
#10 {main}
CRITICAL - 2022-05-21 01:02:00 --> Undefined variable: cliete
#0 /var/www/html/food/app/Views/Admin/Home/index.php(176): CodeIgniter\Debug\Exceptions->errorHandler()
#1 /var/www/html/food/system/View/View.php(210): include('/var/www/html/f...')
#2 /var/www/html/food/system/View/View.php(213): CodeIgniter\View\View->CodeIgniter\View\{closure}()
#3 /var/www/html/food/system/Common.php(1089): CodeIgniter\View\View->render()
#4 /var/www/html/food/app/Controllers/Admin/Home.php(40): view()
#5 /var/www/html/food/system/CodeIgniter.php(832): App\Controllers\Admin\Home->index()
#6 /var/www/html/food/system/CodeIgniter.php(419): CodeIgniter\CodeIgniter->runController()
#7 /var/www/html/food/system/CodeIgniter.php(326): CodeIgniter\CodeIgniter->handleRequest()
#8 /var/www/html/food/public/index.php(37): CodeIgniter\CodeIgniter->run()
#9 /var/www/html/food/system/Commands/Server/rewrite.php(43): require_once('/var/www/html/f...')
#10 {main}
CRITICAL - 2022-05-21 01:12:01 --> Call to a member function humanize() on null
#0 /var/www/html/food/system/View/View.php(210): include()
#1 /var/www/html/food/system/View/View.php(213): CodeIgniter\View\View->CodeIgniter\View\{closure}()
#2 /var/www/html/food/system/Common.php(1089): CodeIgniter\View\View->render()
#3 /var/www/html/food/app/Controllers/Admin/Bairros.php(24): view()
#4 /var/www/html/food/system/CodeIgniter.php(832): App\Controllers\Admin\Bairros->index()
#5 /var/www/html/food/system/CodeIgniter.php(419): CodeIgniter\CodeIgniter->runController()
#6 /var/www/html/food/system/CodeIgniter.php(326): CodeIgniter\CodeIgniter->handleRequest()
#7 /var/www/html/food/public/index.php(37): CodeIgniter\CodeIgniter->run()
#8 /var/www/html/food/system/Commands/Server/rewrite.php(43): require_once('/var/www/html/f...')
#9 {main}
