CRITICAL - 2022-10-05 11:51:28 --> finfo::file(C:\xampp\htdocs\fooddelivery\writable\uploads/produtos/1652445869_6ae404761d0a3f59fdb1.jpg): failed to open stream: No such file or directory
#0 [internal function]: CodeIgniter\Debug\Exceptions->errorHandler(2, 'finfo::file(C:\\...', 'C:\\xampp\\htdocs...', 186, Array)
#1 C:\xampp\htdocs\fooddelivery\app\Controllers\Produto.php(186): finfo->file('C:\\xampp\\htdocs...')
#2 C:\xampp\htdocs\fooddelivery\system\CodeIgniter.php(832): App\Controllers\Produto->imagem('1652445869_6ae4...')
#3 C:\xampp\htdocs\fooddelivery\system\CodeIgniter.php(419): CodeIgniter\CodeIgniter->runController(Object(App\Controllers\Produto))
#4 C:\xampp\htdocs\fooddelivery\system\CodeIgniter.php(326): CodeIgniter\CodeIgniter->handleRequest(NULL, Object(Config\Cache), false)
#5 C:\xampp\htdocs\fooddelivery\public\index.php(37): CodeIgniter\CodeIgniter->run()
#6 C:\xampp\htdocs\fooddelivery\system\Commands\Server\rewrite.php(43): require_once('C:\\xampp\\htdocs...')
#7 {main}
CRITICAL - 2022-10-05 11:51:28 --> finfo::file(C:\xampp\htdocs\fooddelivery\writable\uploads/produtos/1652700632_3047adb82e800c4429b9.jfif): failed to open stream: No such file or directory
#0 [internal function]: CodeIgniter\Debug\Exceptions->errorHandler(2, 'finfo::file(C:\\...', 'C:\\xampp\\htdocs...', 186, Array)
#1 C:\xampp\htdocs\fooddelivery\app\Controllers\Produto.php(186): finfo->file('C:\\xampp\\htdocs...')
#2 C:\xampp\htdocs\fooddelivery\system\CodeIgniter.php(832): App\Controllers\Produto->imagem('1652700632_3047...')
#3 C:\xampp\htdocs\fooddelivery\system\CodeIgniter.php(419): CodeIgniter\CodeIgniter->runController(Object(App\Controllers\Produto))
#4 C:\xampp\htdocs\fooddelivery\system\CodeIgniter.php(326): CodeIgniter\CodeIgniter->handleRequest(NULL, Object(Config\Cache), false)
#5 C:\xampp\htdocs\fooddelivery\public\index.php(37): CodeIgniter\CodeIgniter->run()
#6 C:\xampp\htdocs\fooddelivery\system\Commands\Server\rewrite.php(43): require_once('C:\\xampp\\htdocs...')
#7 {main}
CRITICAL - 2022-10-05 12:05:10 --> Undefined variable: value
#0 C:\xampp\htdocs\fooddelivery\app\Views\Admin\Categorias\index.php(146): CodeIgniter\Debug\Exceptions->errorHandler(8, 'Undefined varia...', 'C:\\xampp\\htdocs...', 146, Array)
#1 C:\xampp\htdocs\fooddelivery\system\View\View.php(210): include('C:\\xampp\\htdocs...')
#2 C:\xampp\htdocs\fooddelivery\system\View\View.php(213): CodeIgniter\View\View->CodeIgniter\View\{closure}()
#3 C:\xampp\htdocs\fooddelivery\system\Common.php(1089): CodeIgniter\View\View->render('Admin/Categoria...', Array, true)
#4 C:\xampp\htdocs\fooddelivery\app\Controllers\Admin\Categorias.php(24): view('Admin/Categoria...', Array)
#5 C:\xampp\htdocs\fooddelivery\system\CodeIgniter.php(832): App\Controllers\Admin\Categorias->index()
#6 C:\xampp\htdocs\fooddelivery\system\CodeIgniter.php(419): CodeIgniter\CodeIgniter->runController(Object(App\Controllers\Admin\Categorias))
#7 C:\xampp\htdocs\fooddelivery\system\CodeIgniter.php(326): CodeIgniter\CodeIgniter->handleRequest(NULL, Object(Config\Cache), false)
#8 C:\xampp\htdocs\fooddelivery\public\index.php(37): CodeIgniter\CodeIgniter->run()
#9 C:\xampp\htdocs\fooddelivery\system\Commands\Server\rewrite.php(43): require_once('C:\\xampp\\htdocs...')
#10 {main}
CRITICAL - 2022-10-05 12:05:10 --> Undefined variable: value
#0 C:\xampp\htdocs\fooddelivery\app\Views\Admin\Categorias\index.php(146): CodeIgniter\Debug\Exceptions->errorHandler(8, 'Undefined varia...', 'C:\\xampp\\htdocs...', 146, Array)
#1 C:\xampp\htdocs\fooddelivery\system\View\View.php(210): include('C:\\xampp\\htdocs...')
#2 C:\xampp\htdocs\fooddelivery\system\View\View.php(213): CodeIgniter\View\View->CodeIgniter\View\{closure}()
#3 C:\xampp\htdocs\fooddelivery\system\Common.php(1089): CodeIgniter\View\View->render('Admin/Categoria...', Array, true)
#4 C:\xampp\htdocs\fooddelivery\app\Controllers\Admin\Categorias.php(24): view('Admin/Categoria...', Array)
#5 C:\xampp\htdocs\fooddelivery\system\CodeIgniter.php(832): App\Controllers\Admin\Categorias->index()
#6 C:\xampp\htdocs\fooddelivery\system\CodeIgniter.php(419): CodeIgniter\CodeIgniter->runController(Object(App\Controllers\Admin\Categorias))
#7 C:\xampp\htdocs\fooddelivery\system\CodeIgniter.php(326): CodeIgniter\CodeIgniter->handleRequest(NULL, Object(Config\Cache), false)
#8 C:\xampp\htdocs\fooddelivery\public\index.php(37): CodeIgniter\CodeIgniter->run()
#9 C:\xampp\htdocs\fooddelivery\system\Commands\Server\rewrite.php(43): require_once('C:\\xampp\\htdocs...')
#10 {main}
CRITICAL - 2022-10-05 12:05:16 --> Undefined variable: value
#0 C:\xampp\htdocs\fooddelivery\app\Views\Admin\Categorias\index.php(146): CodeIgniter\Debug\Exceptions->errorHandler(8, 'Undefined varia...', 'C:\\xampp\\htdocs...', 146, Array)
#1 C:\xampp\htdocs\fooddelivery\system\View\View.php(210): include('C:\\xampp\\htdocs...')
#2 C:\xampp\htdocs\fooddelivery\system\View\View.php(213): CodeIgniter\View\View->CodeIgniter\View\{closure}()
#3 C:\xampp\htdocs\fooddelivery\system\Common.php(1089): CodeIgniter\View\View->render('Admin/Categoria...', Array, true)
#4 C:\xampp\htdocs\fooddelivery\app\Controllers\Admin\Categorias.php(24): view('Admin/Categoria...', Array)
#5 C:\xampp\htdocs\fooddelivery\system\CodeIgniter.php(832): App\Controllers\Admin\Categorias->index()
#6 C:\xampp\htdocs\fooddelivery\system\CodeIgniter.php(419): CodeIgniter\CodeIgniter->runController(Object(App\Controllers\Admin\Categorias))
#7 C:\xampp\htdocs\fooddelivery\system\CodeIgniter.php(326): CodeIgniter\CodeIgniter->handleRequest(NULL, Object(Config\Cache), false)
#8 C:\xampp\htdocs\fooddelivery\public\index.php(37): CodeIgniter\CodeIgniter->run()
#9 C:\xampp\htdocs\fooddelivery\system\Commands\Server\rewrite.php(43): require_once('C:\\xampp\\htdocs...')
#10 {main}
CRITICAL - 2022-10-05 12:05:18 --> Undefined variable: value
#0 C:\xampp\htdocs\fooddelivery\app\Views\Admin\Categorias\index.php(146): CodeIgniter\Debug\Exceptions->errorHandler(8, 'Undefined varia...', 'C:\\xampp\\htdocs...', 146, Array)
#1 C:\xampp\htdocs\fooddelivery\system\View\View.php(210): include('C:\\xampp\\htdocs...')
#2 C:\xampp\htdocs\fooddelivery\system\View\View.php(213): CodeIgniter\View\View->CodeIgniter\View\{closure}()
#3 C:\xampp\htdocs\fooddelivery\system\Common.php(1089): CodeIgniter\View\View->render('Admin/Categoria...', Array, true)
#4 C:\xampp\htdocs\fooddelivery\app\Controllers\Admin\Categorias.php(24): view('Admin/Categoria...', Array)
#5 C:\xampp\htdocs\fooddelivery\system\CodeIgniter.php(832): App\Controllers\Admin\Categorias->index()
#6 C:\xampp\htdocs\fooddelivery\system\CodeIgniter.php(419): CodeIgniter\CodeIgniter->runController(Object(App\Controllers\Admin\Categorias))
#7 C:\xampp\htdocs\fooddelivery\system\CodeIgniter.php(326): CodeIgniter\CodeIgniter->handleRequest(NULL, Object(Config\Cache), false)
#8 C:\xampp\htdocs\fooddelivery\public\index.php(37): CodeIgniter\CodeIgniter->run()
#9 C:\xampp\htdocs\fooddelivery\system\Commands\Server\rewrite.php(43): require_once('C:\\xampp\\htdocs...')
#10 {main}
CRITICAL - 2022-10-05 12:48:22 --> Undefined variable: data
#0 C:\xampp\htdocs\fooddelivery\app\Views\Admin\Categorias\index.php(200): CodeIgniter\Debug\Exceptions->errorHandler(8, 'Undefined varia...', 'C:\\xampp\\htdocs...', 200, Array)
#1 C:\xampp\htdocs\fooddelivery\system\View\View.php(210): include('C:\\xampp\\htdocs...')
#2 C:\xampp\htdocs\fooddelivery\system\View\View.php(213): CodeIgniter\View\View->CodeIgniter\View\{closure}()
#3 C:\xampp\htdocs\fooddelivery\system\Common.php(1089): CodeIgniter\View\View->render('Admin/Categoria...', Array, true)
#4 C:\xampp\htdocs\fooddelivery\app\Controllers\Admin\Categorias.php(24): view('Admin/Categoria...', Array)
#5 C:\xampp\htdocs\fooddelivery\system\CodeIgniter.php(832): App\Controllers\Admin\Categorias->index()
#6 C:\xampp\htdocs\fooddelivery\system\CodeIgniter.php(419): CodeIgniter\CodeIgniter->runController(Object(App\Controllers\Admin\Categorias))
#7 C:\xampp\htdocs\fooddelivery\system\CodeIgniter.php(326): CodeIgniter\CodeIgniter->handleRequest(NULL, Object(Config\Cache), false)
#8 C:\xampp\htdocs\fooddelivery\public\index.php(37): CodeIgniter\CodeIgniter->run()
#9 C:\xampp\htdocs\fooddelivery\system\Commands\Server\rewrite.php(43): require_once('C:\\xampp\\htdocs...')
#10 {main}
CRITICAL - 2022-10-05 12:48:27 --> Use of undefined constant nome - assumed 'nome' (this will throw an Error in a future version of PHP)
#0 C:\xampp\htdocs\fooddelivery\app\Views\Admin\Categorias\index.php(200): CodeIgniter\Debug\Exceptions->errorHandler(2, 'Use of undefine...', 'C:\\xampp\\htdocs...', 200, Array)
#1 C:\xampp\htdocs\fooddelivery\system\View\View.php(210): include('C:\\xampp\\htdocs...')
#2 C:\xampp\htdocs\fooddelivery\system\View\View.php(213): CodeIgniter\View\View->CodeIgniter\View\{closure}()
#3 C:\xampp\htdocs\fooddelivery\system\Common.php(1089): CodeIgniter\View\View->render('Admin/Categoria...', Array, true)
#4 C:\xampp\htdocs\fooddelivery\app\Controllers\Admin\Categorias.php(24): view('Admin/Categoria...', Array)
#5 C:\xampp\htdocs\fooddelivery\system\CodeIgniter.php(832): App\Controllers\Admin\Categorias->index()
#6 C:\xampp\htdocs\fooddelivery\system\CodeIgniter.php(419): CodeIgniter\CodeIgniter->runController(Object(App\Controllers\Admin\Categorias))
#7 C:\xampp\htdocs\fooddelivery\system\CodeIgniter.php(326): CodeIgniter\CodeIgniter->handleRequest(NULL, Object(Config\Cache), false)
#8 C:\xampp\htdocs\fooddelivery\public\index.php(37): CodeIgniter\CodeIgniter->run()
#9 C:\xampp\htdocs\fooddelivery\system\Commands\Server\rewrite.php(43): require_once('C:\\xampp\\htdocs...')
#10 {main}
CRITICAL - 2022-10-05 15:52:27 --> Undefined variable: categoria
#0 C:\xampp\htdocs\fooddelivery\app\Views\Admin\Categorias\index.php(116): CodeIgniter\Debug\Exceptions->errorHandler(8, 'Undefined varia...', 'C:\\xampp\\htdocs...', 116, Array)
#1 C:\xampp\htdocs\fooddelivery\system\View\View.php(210): include('C:\\xampp\\htdocs...')
#2 C:\xampp\htdocs\fooddelivery\system\View\View.php(213): CodeIgniter\View\View->CodeIgniter\View\{closure}()
#3 C:\xampp\htdocs\fooddelivery\system\Common.php(1089): CodeIgniter\View\View->render('Admin/Categoria...', Array, true)
#4 C:\xampp\htdocs\fooddelivery\app\Controllers\Admin\Categorias.php(24): view('Admin/Categoria...', Array)
#5 C:\xampp\htdocs\fooddelivery\system\CodeIgniter.php(832): App\Controllers\Admin\Categorias->index()
#6 C:\xampp\htdocs\fooddelivery\system\CodeIgniter.php(419): CodeIgniter\CodeIgniter->runController(Object(App\Controllers\Admin\Categorias))
#7 C:\xampp\htdocs\fooddelivery\system\CodeIgniter.php(326): CodeIgniter\CodeIgniter->handleRequest(NULL, Object(Config\Cache), false)
#8 C:\xampp\htdocs\fooddelivery\public\index.php(37): CodeIgniter\CodeIgniter->run()
#9 C:\xampp\htdocs\fooddelivery\system\Commands\Server\rewrite.php(43): require_once('C:\\xampp\\htdocs...')
#10 {main}
CRITICAL - 2022-10-05 15:52:54 --> Undefined variable: categoria
#0 C:\xampp\htdocs\fooddelivery\app\Views\Admin\Categorias\index.php(116): CodeIgniter\Debug\Exceptions->errorHandler(8, 'Undefined varia...', 'C:\\xampp\\htdocs...', 116, Array)
#1 C:\xampp\htdocs\fooddelivery\system\View\View.php(210): include('C:\\xampp\\htdocs...')
#2 C:\xampp\htdocs\fooddelivery\system\View\View.php(213): CodeIgniter\View\View->CodeIgniter\View\{closure}()
#3 C:\xampp\htdocs\fooddelivery\system\Common.php(1089): CodeIgniter\View\View->render('Admin/Categoria...', Array, true)
#4 C:\xampp\htdocs\fooddelivery\app\Controllers\Admin\Categorias.php(24): view('Admin/Categoria...', Array)
#5 C:\xampp\htdocs\fooddelivery\system\CodeIgniter.php(832): App\Controllers\Admin\Categorias->index()
#6 C:\xampp\htdocs\fooddelivery\system\CodeIgniter.php(419): CodeIgniter\CodeIgniter->runController(Object(App\Controllers\Admin\Categorias))
#7 C:\xampp\htdocs\fooddelivery\system\CodeIgniter.php(326): CodeIgniter\CodeIgniter->handleRequest(NULL, Object(Config\Cache), false)
#8 C:\xampp\htdocs\fooddelivery\public\index.php(37): CodeIgniter\CodeIgniter->run()
#9 C:\xampp\htdocs\fooddelivery\system\Commands\Server\rewrite.php(43): require_once('C:\\xampp\\htdocs...')
#10 {main}
CRITICAL - 2022-10-05 15:52:56 --> Undefined variable: categoria
#0 C:\xampp\htdocs\fooddelivery\app\Views\Admin\Categorias\index.php(116): CodeIgniter\Debug\Exceptions->errorHandler(8, 'Undefined varia...', 'C:\\xampp\\htdocs...', 116, Array)
#1 C:\xampp\htdocs\fooddelivery\system\View\View.php(210): include('C:\\xampp\\htdocs...')
#2 C:\xampp\htdocs\fooddelivery\system\View\View.php(213): CodeIgniter\View\View->CodeIgniter\View\{closure}()
#3 C:\xampp\htdocs\fooddelivery\system\Common.php(1089): CodeIgniter\View\View->render('Admin/Categoria...', Array, true)
#4 C:\xampp\htdocs\fooddelivery\app\Controllers\Admin\Categorias.php(24): view('Admin/Categoria...', Array)
#5 C:\xampp\htdocs\fooddelivery\system\CodeIgniter.php(832): App\Controllers\Admin\Categorias->index()
#6 C:\xampp\htdocs\fooddelivery\system\CodeIgniter.php(419): CodeIgniter\CodeIgniter->runController(Object(App\Controllers\Admin\Categorias))
#7 C:\xampp\htdocs\fooddelivery\system\CodeIgniter.php(326): CodeIgniter\CodeIgniter->handleRequest(NULL, Object(Config\Cache), false)
#8 C:\xampp\htdocs\fooddelivery\public\index.php(37): CodeIgniter\CodeIgniter->run()
#9 C:\xampp\htdocs\fooddelivery\system\Commands\Server\rewrite.php(43): require_once('C:\\xampp\\htdocs...')
#10 {main}
CRITICAL - 2022-10-05 15:52:56 --> Undefined variable: categoria
#0 C:\xampp\htdocs\fooddelivery\app\Views\Admin\Categorias\index.php(116): CodeIgniter\Debug\Exceptions->errorHandler(8, 'Undefined varia...', 'C:\\xampp\\htdocs...', 116, Array)
#1 C:\xampp\htdocs\fooddelivery\system\View\View.php(210): include('C:\\xampp\\htdocs...')
#2 C:\xampp\htdocs\fooddelivery\system\View\View.php(213): CodeIgniter\View\View->CodeIgniter\View\{closure}()
#3 C:\xampp\htdocs\fooddelivery\system\Common.php(1089): CodeIgniter\View\View->render('Admin/Categoria...', Array, true)
#4 C:\xampp\htdocs\fooddelivery\app\Controllers\Admin\Categorias.php(24): view('Admin/Categoria...', Array)
#5 C:\xampp\htdocs\fooddelivery\system\CodeIgniter.php(832): App\Controllers\Admin\Categorias->index()
#6 C:\xampp\htdocs\fooddelivery\system\CodeIgniter.php(419): CodeIgniter\CodeIgniter->runController(Object(App\Controllers\Admin\Categorias))
#7 C:\xampp\htdocs\fooddelivery\system\CodeIgniter.php(326): CodeIgniter\CodeIgniter->handleRequest(NULL, Object(Config\Cache), false)
#8 C:\xampp\htdocs\fooddelivery\public\index.php(37): CodeIgniter\CodeIgniter->run()
#9 C:\xampp\htdocs\fooddelivery\system\Commands\Server\rewrite.php(43): require_once('C:\\xampp\\htdocs...')
#10 {main}
CRITICAL - 2022-10-05 15:52:56 --> Undefined variable: categoria
#0 C:\xampp\htdocs\fooddelivery\app\Views\Admin\Categorias\index.php(116): CodeIgniter\Debug\Exceptions->errorHandler(8, 'Undefined varia...', 'C:\\xampp\\htdocs...', 116, Array)
#1 C:\xampp\htdocs\fooddelivery\system\View\View.php(210): include('C:\\xampp\\htdocs...')
#2 C:\xampp\htdocs\fooddelivery\system\View\View.php(213): CodeIgniter\View\View->CodeIgniter\View\{closure}()
#3 C:\xampp\htdocs\fooddelivery\system\Common.php(1089): CodeIgniter\View\View->render('Admin/Categoria...', Array, true)
#4 C:\xampp\htdocs\fooddelivery\app\Controllers\Admin\Categorias.php(24): view('Admin/Categoria...', Array)
#5 C:\xampp\htdocs\fooddelivery\system\CodeIgniter.php(832): App\Controllers\Admin\Categorias->index()
#6 C:\xampp\htdocs\fooddelivery\system\CodeIgniter.php(419): CodeIgniter\CodeIgniter->runController(Object(App\Controllers\Admin\Categorias))
#7 C:\xampp\htdocs\fooddelivery\system\CodeIgniter.php(326): CodeIgniter\CodeIgniter->handleRequest(NULL, Object(Config\Cache), false)
#8 C:\xampp\htdocs\fooddelivery\public\index.php(37): CodeIgniter\CodeIgniter->run()
#9 C:\xampp\htdocs\fooddelivery\system\Commands\Server\rewrite.php(43): require_once('C:\\xampp\\htdocs...')
#10 {main}
CRITICAL - 2022-10-05 15:53:14 --> Undefined variable: categoria
#0 C:\xampp\htdocs\fooddelivery\app\Views\Admin\Categorias\index.php(116): CodeIgniter\Debug\Exceptions->errorHandler(8, 'Undefined varia...', 'C:\\xampp\\htdocs...', 116, Array)
#1 C:\xampp\htdocs\fooddelivery\system\View\View.php(210): include('C:\\xampp\\htdocs...')
#2 C:\xampp\htdocs\fooddelivery\system\View\View.php(213): CodeIgniter\View\View->CodeIgniter\View\{closure}()
#3 C:\xampp\htdocs\fooddelivery\system\Common.php(1089): CodeIgniter\View\View->render('Admin/Categoria...', Array, true)
#4 C:\xampp\htdocs\fooddelivery\app\Controllers\Admin\Categorias.php(24): view('Admin/Categoria...', Array)
#5 C:\xampp\htdocs\fooddelivery\system\CodeIgniter.php(832): App\Controllers\Admin\Categorias->index()
#6 C:\xampp\htdocs\fooddelivery\system\CodeIgniter.php(419): CodeIgniter\CodeIgniter->runController(Object(App\Controllers\Admin\Categorias))
#7 C:\xampp\htdocs\fooddelivery\system\CodeIgniter.php(326): CodeIgniter\CodeIgniter->handleRequest(NULL, Object(Config\Cache), false)
#8 C:\xampp\htdocs\fooddelivery\public\index.php(37): CodeIgniter\CodeIgniter->run()
#9 C:\xampp\htdocs\fooddelivery\system\Commands\Server\rewrite.php(43): require_once('C:\\xampp\\htdocs...')
#10 {main}
CRITICAL - 2022-10-05 15:53:16 --> Undefined variable: categoria
#0 C:\xampp\htdocs\fooddelivery\app\Views\Admin\Categorias\index.php(116): CodeIgniter\Debug\Exceptions->errorHandler(8, 'Undefined varia...', 'C:\\xampp\\htdocs...', 116, Array)
#1 C:\xampp\htdocs\fooddelivery\system\View\View.php(210): include('C:\\xampp\\htdocs...')
#2 C:\xampp\htdocs\fooddelivery\system\View\View.php(213): CodeIgniter\View\View->CodeIgniter\View\{closure}()
#3 C:\xampp\htdocs\fooddelivery\system\Common.php(1089): CodeIgniter\View\View->render('Admin/Categoria...', Array, true)
#4 C:\xampp\htdocs\fooddelivery\app\Controllers\Admin\Categorias.php(24): view('Admin/Categoria...', Array)
#5 C:\xampp\htdocs\fooddelivery\system\CodeIgniter.php(832): App\Controllers\Admin\Categorias->index()
#6 C:\xampp\htdocs\fooddelivery\system\CodeIgniter.php(419): CodeIgniter\CodeIgniter->runController(Object(App\Controllers\Admin\Categorias))
#7 C:\xampp\htdocs\fooddelivery\system\CodeIgniter.php(326): CodeIgniter\CodeIgniter->handleRequest(NULL, Object(Config\Cache), false)
#8 C:\xampp\htdocs\fooddelivery\public\index.php(37): CodeIgniter\CodeIgniter->run()
#9 C:\xampp\htdocs\fooddelivery\system\Commands\Server\rewrite.php(43): require_once('C:\\xampp\\htdocs...')
#10 {main}
CRITICAL - 2022-10-05 15:53:16 --> Undefined variable: categoria
#0 C:\xampp\htdocs\fooddelivery\app\Views\Admin\Categorias\index.php(116): CodeIgniter\Debug\Exceptions->errorHandler(8, 'Undefined varia...', 'C:\\xampp\\htdocs...', 116, Array)
#1 C:\xampp\htdocs\fooddelivery\system\View\View.php(210): include('C:\\xampp\\htdocs...')
#2 C:\xampp\htdocs\fooddelivery\system\View\View.php(213): CodeIgniter\View\View->CodeIgniter\View\{closure}()
#3 C:\xampp\htdocs\fooddelivery\system\Common.php(1089): CodeIgniter\View\View->render('Admin/Categoria...', Array, true)
#4 C:\xampp\htdocs\fooddelivery\app\Controllers\Admin\Categorias.php(24): view('Admin/Categoria...', Array)
#5 C:\xampp\htdocs\fooddelivery\system\CodeIgniter.php(832): App\Controllers\Admin\Categorias->index()
#6 C:\xampp\htdocs\fooddelivery\system\CodeIgniter.php(419): CodeIgniter\CodeIgniter->runController(Object(App\Controllers\Admin\Categorias))
#7 C:\xampp\htdocs\fooddelivery\system\CodeIgniter.php(326): CodeIgniter\CodeIgniter->handleRequest(NULL, Object(Config\Cache), false)
#8 C:\xampp\htdocs\fooddelivery\public\index.php(37): CodeIgniter\CodeIgniter->run()
#9 C:\xampp\htdocs\fooddelivery\system\Commands\Server\rewrite.php(43): require_once('C:\\xampp\\htdocs...')
#10 {main}
CRITICAL - 2022-10-05 15:53:40 --> Undefined variable: categoria
#0 C:\xampp\htdocs\fooddelivery\app\Views\Admin\Categorias\index.php(116): CodeIgniter\Debug\Exceptions->errorHandler(8, 'Undefined varia...', 'C:\\xampp\\htdocs...', 116, Array)
#1 C:\xampp\htdocs\fooddelivery\system\View\View.php(210): include('C:\\xampp\\htdocs...')
#2 C:\xampp\htdocs\fooddelivery\system\View\View.php(213): CodeIgniter\View\View->CodeIgniter\View\{closure}()
#3 C:\xampp\htdocs\fooddelivery\system\Common.php(1089): CodeIgniter\View\View->render('Admin/Categoria...', Array, true)
#4 C:\xampp\htdocs\fooddelivery\app\Controllers\Admin\Categorias.php(24): view('Admin/Categoria...', Array)
#5 C:\xampp\htdocs\fooddelivery\system\CodeIgniter.php(832): App\Controllers\Admin\Categorias->index()
#6 C:\xampp\htdocs\fooddelivery\system\CodeIgniter.php(419): CodeIgniter\CodeIgniter->runController(Object(App\Controllers\Admin\Categorias))
#7 C:\xampp\htdocs\fooddelivery\system\CodeIgniter.php(326): CodeIgniter\CodeIgniter->handleRequest(NULL, Object(Config\Cache), false)
#8 C:\xampp\htdocs\fooddelivery\public\index.php(37): CodeIgniter\CodeIgniter->run()
#9 C:\xampp\htdocs\fooddelivery\system\Commands\Server\rewrite.php(43): require_once('C:\\xampp\\htdocs...')
#10 {main}
CRITICAL - 2022-10-05 15:53:40 --> Undefined variable: categoria
#0 C:\xampp\htdocs\fooddelivery\app\Views\Admin\Categorias\index.php(116): CodeIgniter\Debug\Exceptions->errorHandler(8, 'Undefined varia...', 'C:\\xampp\\htdocs...', 116, Array)
#1 C:\xampp\htdocs\fooddelivery\system\View\View.php(210): include('C:\\xampp\\htdocs...')
#2 C:\xampp\htdocs\fooddelivery\system\View\View.php(213): CodeIgniter\View\View->CodeIgniter\View\{closure}()
#3 C:\xampp\htdocs\fooddelivery\system\Common.php(1089): CodeIgniter\View\View->render('Admin/Categoria...', Array, true)
#4 C:\xampp\htdocs\fooddelivery\app\Controllers\Admin\Categorias.php(24): view('Admin/Categoria...', Array)
#5 C:\xampp\htdocs\fooddelivery\system\CodeIgniter.php(832): App\Controllers\Admin\Categorias->index()
#6 C:\xampp\htdocs\fooddelivery\system\CodeIgniter.php(419): CodeIgniter\CodeIgniter->runController(Object(App\Controllers\Admin\Categorias))
#7 C:\xampp\htdocs\fooddelivery\system\CodeIgniter.php(326): CodeIgniter\CodeIgniter->handleRequest(NULL, Object(Config\Cache), false)
#8 C:\xampp\htdocs\fooddelivery\public\index.php(37): CodeIgniter\CodeIgniter->run()
#9 C:\xampp\htdocs\fooddelivery\system\Commands\Server\rewrite.php(43): require_once('C:\\xampp\\htdocs...')
#10 {main}
CRITICAL - 2022-10-05 16:02:38 --> finfo::file(C:\xampp\htdocs\fooddelivery\writable\uploads/entregadores/1652294712_c4a8c82f02498c5a5cf2.jfif): failed to open stream: No such file or directory
#0 [internal function]: CodeIgniter\Debug\Exceptions->errorHandler(2, 'finfo::file(C:\\...', 'C:\\xampp\\htdocs...', 234, Array)
#1 C:\xampp\htdocs\fooddelivery\app\Controllers\Admin\Entregadores.php(234): finfo->file('C:\\xampp\\htdocs...')
#2 C:\xampp\htdocs\fooddelivery\system\CodeIgniter.php(832): App\Controllers\Admin\Entregadores->imagem('1652294712_c4a8...')
#3 C:\xampp\htdocs\fooddelivery\system\CodeIgniter.php(419): CodeIgniter\CodeIgniter->runController(Object(App\Controllers\Admin\Entregadores))
#4 C:\xampp\htdocs\fooddelivery\system\CodeIgniter.php(326): CodeIgniter\CodeIgniter->handleRequest(NULL, Object(Config\Cache), false)
#5 C:\xampp\htdocs\fooddelivery\public\index.php(37): CodeIgniter\CodeIgniter->run()
#6 C:\xampp\htdocs\fooddelivery\system\Commands\Server\rewrite.php(43): require_once('C:\\xampp\\htdocs...')
#7 {main}
CRITICAL - 2022-10-05 16:04:41 --> finfo::file(C:\xampp\htdocs\fooddelivery\writable\uploads/entregadores/1652294712_c4a8c82f02498c5a5cf2.jfif): failed to open stream: No such file or directory
#0 [internal function]: CodeIgniter\Debug\Exceptions->errorHandler(2, 'finfo::file(C:\\...', 'C:\\xampp\\htdocs...', 234, Array)
#1 C:\xampp\htdocs\fooddelivery\app\Controllers\Admin\Entregadores.php(234): finfo->file('C:\\xampp\\htdocs...')
#2 C:\xampp\htdocs\fooddelivery\system\CodeIgniter.php(832): App\Controllers\Admin\Entregadores->imagem('1652294712_c4a8...')
#3 C:\xampp\htdocs\fooddelivery\system\CodeIgniter.php(419): CodeIgniter\CodeIgniter->runController(Object(App\Controllers\Admin\Entregadores))
#4 C:\xampp\htdocs\fooddelivery\system\CodeIgniter.php(326): CodeIgniter\CodeIgniter->handleRequest(NULL, Object(Config\Cache), false)
#5 C:\xampp\htdocs\fooddelivery\public\index.php(37): CodeIgniter\CodeIgniter->run()
#6 C:\xampp\htdocs\fooddelivery\system\Commands\Server\rewrite.php(43): require_once('C:\\xampp\\htdocs...')
#7 {main}
CRITICAL - 2022-10-05 16:05:25 --> finfo::file(C:\xampp\htdocs\fooddelivery\writable\uploads/entregadores/1652294712_c4a8c82f02498c5a5cf2.jfif): failed to open stream: No such file or directory
#0 [internal function]: CodeIgniter\Debug\Exceptions->errorHandler(2, 'finfo::file(C:\\...', 'C:\\xampp\\htdocs...', 234, Array)
#1 C:\xampp\htdocs\fooddelivery\app\Controllers\Admin\Entregadores.php(234): finfo->file('C:\\xampp\\htdocs...')
#2 C:\xampp\htdocs\fooddelivery\system\CodeIgniter.php(832): App\Controllers\Admin\Entregadores->imagem('1652294712_c4a8...')
#3 C:\xampp\htdocs\fooddelivery\system\CodeIgniter.php(419): CodeIgniter\CodeIgniter->runController(Object(App\Controllers\Admin\Entregadores))
#4 C:\xampp\htdocs\fooddelivery\system\CodeIgniter.php(326): CodeIgniter\CodeIgniter->handleRequest(NULL, Object(Config\Cache), false)
#5 C:\xampp\htdocs\fooddelivery\public\index.php(37): CodeIgniter\CodeIgniter->run()
#6 C:\xampp\htdocs\fooddelivery\system\Commands\Server\rewrite.php(43): require_once('C:\\xampp\\htdocs...')
#7 {main}
CRITICAL - 2022-10-05 16:05:36 --> finfo::file(C:\xampp\htdocs\fooddelivery\writable\uploads/entregadores/1652294712_c4a8c82f02498c5a5cf2.jfif): failed to open stream: No such file or directory
#0 [internal function]: CodeIgniter\Debug\Exceptions->errorHandler(2, 'finfo::file(C:\\...', 'C:\\xampp\\htdocs...', 234, Array)
#1 C:\xampp\htdocs\fooddelivery\app\Controllers\Admin\Entregadores.php(234): finfo->file('C:\\xampp\\htdocs...')
#2 C:\xampp\htdocs\fooddelivery\system\CodeIgniter.php(832): App\Controllers\Admin\Entregadores->imagem('1652294712_c4a8...')
#3 C:\xampp\htdocs\fooddelivery\system\CodeIgniter.php(419): CodeIgniter\CodeIgniter->runController(Object(App\Controllers\Admin\Entregadores))
#4 C:\xampp\htdocs\fooddelivery\system\CodeIgniter.php(326): CodeIgniter\CodeIgniter->handleRequest(NULL, Object(Config\Cache), false)
#5 C:\xampp\htdocs\fooddelivery\public\index.php(37): CodeIgniter\CodeIgniter->run()
#6 C:\xampp\htdocs\fooddelivery\system\Commands\Server\rewrite.php(43): require_once('C:\\xampp\\htdocs...')
#7 {main}
CRITICAL - 2022-10-05 16:06:12 --> finfo::file(C:\xampp\htdocs\fooddelivery\writable\uploads/entregadores/1652294712_c4a8c82f02498c5a5cf2.jfif): failed to open stream: No such file or directory
#0 [internal function]: CodeIgniter\Debug\Exceptions->errorHandler(2, 'finfo::file(C:\\...', 'C:\\xampp\\htdocs...', 234, Array)
#1 C:\xampp\htdocs\fooddelivery\app\Controllers\Admin\Entregadores.php(234): finfo->file('C:\\xampp\\htdocs...')
#2 C:\xampp\htdocs\fooddelivery\system\CodeIgniter.php(832): App\Controllers\Admin\Entregadores->imagem('1652294712_c4a8...')
#3 C:\xampp\htdocs\fooddelivery\system\CodeIgniter.php(419): CodeIgniter\CodeIgniter->runController(Object(App\Controllers\Admin\Entregadores))
#4 C:\xampp\htdocs\fooddelivery\system\CodeIgniter.php(326): CodeIgniter\CodeIgniter->handleRequest(NULL, Object(Config\Cache), false)
#5 C:\xampp\htdocs\fooddelivery\public\index.php(37): CodeIgniter\CodeIgniter->run()
#6 C:\xampp\htdocs\fooddelivery\system\Commands\Server\rewrite.php(43): require_once('C:\\xampp\\htdocs...')
#7 {main}
CRITICAL - 2022-10-05 16:08:01 --> finfo::file(C:\xampp\htdocs\fooddelivery\writable\uploads/entregadores/1652294712_c4a8c82f02498c5a5cf2.jfif): failed to open stream: No such file or directory
#0 [internal function]: CodeIgniter\Debug\Exceptions->errorHandler(2, 'finfo::file(C:\\...', 'C:\\xampp\\htdocs...', 234, Array)
#1 C:\xampp\htdocs\fooddelivery\app\Controllers\Admin\Entregadores.php(234): finfo->file('C:\\xampp\\htdocs...')
#2 C:\xampp\htdocs\fooddelivery\system\CodeIgniter.php(832): App\Controllers\Admin\Entregadores->imagem('1652294712_c4a8...')
#3 C:\xampp\htdocs\fooddelivery\system\CodeIgniter.php(419): CodeIgniter\CodeIgniter->runController(Object(App\Controllers\Admin\Entregadores))
#4 C:\xampp\htdocs\fooddelivery\system\CodeIgniter.php(326): CodeIgniter\CodeIgniter->handleRequest(NULL, Object(Config\Cache), false)
#5 C:\xampp\htdocs\fooddelivery\public\index.php(37): CodeIgniter\CodeIgniter->run()
#6 C:\xampp\htdocs\fooddelivery\system\Commands\Server\rewrite.php(43): require_once('C:\\xampp\\htdocs...')
#7 {main}
CRITICAL - 2022-10-05 16:08:14 --> finfo::file(C:\xampp\htdocs\fooddelivery\writable\uploads/entregadores/1652294712_c4a8c82f02498c5a5cf2.jfif): failed to open stream: No such file or directory
#0 [internal function]: CodeIgniter\Debug\Exceptions->errorHandler(2, 'finfo::file(C:\\...', 'C:\\xampp\\htdocs...', 234, Array)
#1 C:\xampp\htdocs\fooddelivery\app\Controllers\Admin\Entregadores.php(234): finfo->file('C:\\xampp\\htdocs...')
#2 C:\xampp\htdocs\fooddelivery\system\CodeIgniter.php(832): App\Controllers\Admin\Entregadores->imagem('1652294712_c4a8...')
#3 C:\xampp\htdocs\fooddelivery\system\CodeIgniter.php(419): CodeIgniter\CodeIgniter->runController(Object(App\Controllers\Admin\Entregadores))
#4 C:\xampp\htdocs\fooddelivery\system\CodeIgniter.php(326): CodeIgniter\CodeIgniter->handleRequest(NULL, Object(Config\Cache), false)
#5 C:\xampp\htdocs\fooddelivery\public\index.php(37): CodeIgniter\CodeIgniter->run()
#6 C:\xampp\htdocs\fooddelivery\system\Commands\Server\rewrite.php(43): require_once('C:\\xampp\\htdocs...')
#7 {main}
CRITICAL - 2022-10-05 16:08:37 --> finfo::file(C:\xampp\htdocs\fooddelivery\writable\uploads/entregadores/1652294712_c4a8c82f02498c5a5cf2.jfif): failed to open stream: No such file or directory
#0 [internal function]: CodeIgniter\Debug\Exceptions->errorHandler(2, 'finfo::file(C:\\...', 'C:\\xampp\\htdocs...', 234, Array)
#1 C:\xampp\htdocs\fooddelivery\app\Controllers\Admin\Entregadores.php(234): finfo->file('C:\\xampp\\htdocs...')
#2 C:\xampp\htdocs\fooddelivery\system\CodeIgniter.php(832): App\Controllers\Admin\Entregadores->imagem('1652294712_c4a8...')
#3 C:\xampp\htdocs\fooddelivery\system\CodeIgniter.php(419): CodeIgniter\CodeIgniter->runController(Object(App\Controllers\Admin\Entregadores))
#4 C:\xampp\htdocs\fooddelivery\system\CodeIgniter.php(326): CodeIgniter\CodeIgniter->handleRequest(NULL, Object(Config\Cache), false)
#5 C:\xampp\htdocs\fooddelivery\public\index.php(37): CodeIgniter\CodeIgniter->run()
#6 C:\xampp\htdocs\fooddelivery\system\Commands\Server\rewrite.php(43): require_once('C:\\xampp\\htdocs...')
#7 {main}
CRITICAL - 2022-10-05 16:10:47 --> finfo::file(C:\xampp\htdocs\fooddelivery\writable\uploads/entregadores/1652294712_c4a8c82f02498c5a5cf2.jfif): failed to open stream: No such file or directory
#0 [internal function]: CodeIgniter\Debug\Exceptions->errorHandler(2, 'finfo::file(C:\\...', 'C:\\xampp\\htdocs...', 234, Array)
#1 C:\xampp\htdocs\fooddelivery\app\Controllers\Admin\Entregadores.php(234): finfo->file('C:\\xampp\\htdocs...')
#2 C:\xampp\htdocs\fooddelivery\system\CodeIgniter.php(832): App\Controllers\Admin\Entregadores->imagem('1652294712_c4a8...')
#3 C:\xampp\htdocs\fooddelivery\system\CodeIgniter.php(419): CodeIgniter\CodeIgniter->runController(Object(App\Controllers\Admin\Entregadores))
#4 C:\xampp\htdocs\fooddelivery\system\CodeIgniter.php(326): CodeIgniter\CodeIgniter->handleRequest(NULL, Object(Config\Cache), false)
#5 C:\xampp\htdocs\fooddelivery\public\index.php(37): CodeIgniter\CodeIgniter->run()
#6 C:\xampp\htdocs\fooddelivery\system\Commands\Server\rewrite.php(43): require_once('C:\\xampp\\htdocs...')
#7 {main}
CRITICAL - 2022-10-05 17:28:05 --> Undefined variable: titulo_page
#0 C:\xampp\htdocs\fooddelivery\app\Views\Admin\Categorias\index.php(14): CodeIgniter\Debug\Exceptions->errorHandler(8, 'Undefined varia...', 'C:\\xampp\\htdocs...', 14, Array)
#1 C:\xampp\htdocs\fooddelivery\system\View\View.php(210): include('C:\\xampp\\htdocs...')
#2 C:\xampp\htdocs\fooddelivery\system\View\View.php(213): CodeIgniter\View\View->CodeIgniter\View\{closure}()
#3 C:\xampp\htdocs\fooddelivery\system\Common.php(1089): CodeIgniter\View\View->render('Admin/Categoria...', Array, true)
#4 C:\xampp\htdocs\fooddelivery\app\Controllers\Admin\Categorias.php(25): view('Admin/Categoria...', Array)
#5 C:\xampp\htdocs\fooddelivery\system\CodeIgniter.php(832): App\Controllers\Admin\Categorias->index()
#6 C:\xampp\htdocs\fooddelivery\system\CodeIgniter.php(419): CodeIgniter\CodeIgniter->runController(Object(App\Controllers\Admin\Categorias))
#7 C:\xampp\htdocs\fooddelivery\system\CodeIgniter.php(326): CodeIgniter\CodeIgniter->handleRequest(NULL, Object(Config\Cache), false)
#8 C:\xampp\htdocs\fooddelivery\public\index.php(37): CodeIgniter\CodeIgniter->run()
#9 C:\xampp\htdocs\fooddelivery\system\Commands\Server\rewrite.php(43): require_once('C:\\xampp\\htdocs...')
#10 {main}
CRITICAL - 2022-10-05 17:30:51 --> Undefined variable: titulo_page
#0 C:\xampp\htdocs\fooddelivery\app\Views\Admin\Home\index.php(13): CodeIgniter\Debug\Exceptions->errorHandler(8, 'Undefined varia...', 'C:\\xampp\\htdocs...', 13, Array)
#1 C:\xampp\htdocs\fooddelivery\system\View\View.php(210): include('C:\\xampp\\htdocs...')
#2 C:\xampp\htdocs\fooddelivery\system\View\View.php(213): CodeIgniter\View\View->CodeIgniter\View\{closure}()
#3 C:\xampp\htdocs\fooddelivery\system\Common.php(1089): CodeIgniter\View\View->render('Admin/Home/inde...', Array, true)
#4 C:\xampp\htdocs\fooddelivery\app\Controllers\Admin\Home.php(40): view('Admin/Home/inde...', Array)
#5 C:\xampp\htdocs\fooddelivery\system\CodeIgniter.php(832): App\Controllers\Admin\Home->index()
#6 C:\xampp\htdocs\fooddelivery\system\CodeIgniter.php(419): CodeIgniter\CodeIgniter->runController(Object(App\Controllers\Admin\Home))
#7 C:\xampp\htdocs\fooddelivery\system\CodeIgniter.php(326): CodeIgniter\CodeIgniter->handleRequest(NULL, Object(Config\Cache), false)
#8 C:\xampp\htdocs\fooddelivery\public\index.php(37): CodeIgniter\CodeIgniter->run()
#9 C:\xampp\htdocs\fooddelivery\system\Commands\Server\rewrite.php(43): require_once('C:\\xampp\\htdocs...')
#10 {main}
CRITICAL - 2022-10-05 17:31:53 --> finfo::file(C:\xampp\htdocs\fooddelivery\writable\uploads/produtos/1652445869_6ae404761d0a3f59fdb1.jpg): failed to open stream: No such file or directory
#0 [internal function]: CodeIgniter\Debug\Exceptions->errorHandler(2, 'finfo::file(C:\\...', 'C:\\xampp\\htdocs...', 248, Array)
#1 C:\xampp\htdocs\fooddelivery\app\Controllers\Admin\Produtos.php(248): finfo->file('C:\\xampp\\htdocs...')
#2 C:\xampp\htdocs\fooddelivery\system\CodeIgniter.php(832): App\Controllers\Admin\Produtos->imagem('1652445869_6ae4...')
#3 C:\xampp\htdocs\fooddelivery\system\CodeIgniter.php(419): CodeIgniter\CodeIgniter->runController(Object(App\Controllers\Admin\Produtos))
#4 C:\xampp\htdocs\fooddelivery\system\CodeIgniter.php(326): CodeIgniter\CodeIgniter->handleRequest(NULL, Object(Config\Cache), false)
#5 C:\xampp\htdocs\fooddelivery\public\index.php(37): CodeIgniter\CodeIgniter->run()
#6 C:\xampp\htdocs\fooddelivery\system\Commands\Server\rewrite.php(43): require_once('C:\\xampp\\htdocs...')
#7 {main}
CRITICAL - 2022-10-05 17:31:53 --> finfo::file(C:\xampp\htdocs\fooddelivery\writable\uploads/produtos/1652700632_3047adb82e800c4429b9.jfif): failed to open stream: No such file or directory
#0 [internal function]: CodeIgniter\Debug\Exceptions->errorHandler(2, 'finfo::file(C:\\...', 'C:\\xampp\\htdocs...', 248, Array)
#1 C:\xampp\htdocs\fooddelivery\app\Controllers\Admin\Produtos.php(248): finfo->file('C:\\xampp\\htdocs...')
#2 C:\xampp\htdocs\fooddelivery\system\CodeIgniter.php(832): App\Controllers\Admin\Produtos->imagem('1652700632_3047...')
#3 C:\xampp\htdocs\fooddelivery\system\CodeIgniter.php(419): CodeIgniter\CodeIgniter->runController(Object(App\Controllers\Admin\Produtos))
#4 C:\xampp\htdocs\fooddelivery\system\CodeIgniter.php(326): CodeIgniter\CodeIgniter->handleRequest(NULL, Object(Config\Cache), false)
#5 C:\xampp\htdocs\fooddelivery\public\index.php(37): CodeIgniter\CodeIgniter->run()
#6 C:\xampp\htdocs\fooddelivery\system\Commands\Server\rewrite.php(43): require_once('C:\\xampp\\htdocs...')
#7 {main}
ERROR - 2022-10-05 17:39:50 --> Incorrect integer value: '' for column `foodbd`.`pedidos`.`entregador_id` at row 1
CRITICAL - 2022-10-05 17:39:50 --> Incorrect integer value: '' for column `foodbd`.`pedidos`.`entregador_id` at row 1
#0 C:\xampp\htdocs\fooddelivery\system\Database\MySQLi\Connection.php(292): mysqli->query('UPDATE `pedidos...', 0)
#1 C:\xampp\htdocs\fooddelivery\system\Database\BaseConnection.php(670): CodeIgniter\Database\MySQLi\Connection->execute('UPDATE `pedidos...')
#2 C:\xampp\htdocs\fooddelivery\system\Database\BaseConnection.php(598): CodeIgniter\Database\BaseConnection->simpleQuery('UPDATE `pedidos...')
#3 C:\xampp\htdocs\fooddelivery\system\Database\BaseBuilder.php(1913): CodeIgniter\Database\BaseConnection->query('UPDATE `pedidos...', Array, false)
#4 C:\xampp\htdocs\fooddelivery\system\Model.php(298): CodeIgniter\Database\BaseBuilder->update()
#5 C:\xampp\htdocs\fooddelivery\system\BaseModel.php(865): CodeIgniter\Model->doUpdate(Array, Array)
#6 C:\xampp\htdocs\fooddelivery\system\Model.php(651): CodeIgniter\BaseModel->update(Array, Array)
#7 C:\xampp\htdocs\fooddelivery\system\BaseModel.php(656): CodeIgniter\Model->update('1', Object(App\Entities\Pedido))
#8 C:\xampp\htdocs\fooddelivery\app\Controllers\Admin\Pedidos.php(147): CodeIgniter\BaseModel->save(Object(App\Entities\Pedido))
#9 C:\xampp\htdocs\fooddelivery\system\CodeIgniter.php(832): App\Controllers\Admin\Pedidos->atualizar('25098741')
#10 C:\xampp\htdocs\fooddelivery\system\CodeIgniter.php(419): CodeIgniter\CodeIgniter->runController(Object(App\Controllers\Admin\Pedidos))
#11 C:\xampp\htdocs\fooddelivery\system\CodeIgniter.php(326): CodeIgniter\CodeIgniter->handleRequest(NULL, Object(Config\Cache), false)
#12 C:\xampp\htdocs\fooddelivery\public\index.php(37): CodeIgniter\CodeIgniter->run()
#13 C:\xampp\htdocs\fooddelivery\system\Commands\Server\rewrite.php(43): require_once('C:\\xampp\\htdocs...')
#14 {main}
CRITICAL - 2022-10-05 17:59:30 --> Undefined variable: categoria
#0 C:\xampp\htdocs\fooddelivery\app\Views\Admin\Pedidos\index.php(76): CodeIgniter\Debug\Exceptions->errorHandler(8, 'Undefined varia...', 'C:\\xampp\\htdocs...', 76, Array)
#1 C:\xampp\htdocs\fooddelivery\system\View\View.php(210): include('C:\\xampp\\htdocs...')
#2 C:\xampp\htdocs\fooddelivery\system\View\View.php(213): CodeIgniter\View\View->CodeIgniter\View\{closure}()
#3 C:\xampp\htdocs\fooddelivery\system\Common.php(1089): CodeIgniter\View\View->render('Admin/Pedidos/i...', Array, true)
#4 C:\xampp\htdocs\fooddelivery\app\Controllers\Admin\Pedidos.php(29): view('Admin/Pedidos/i...', Array)
#5 C:\xampp\htdocs\fooddelivery\system\CodeIgniter.php(832): App\Controllers\Admin\Pedidos->index()
#6 C:\xampp\htdocs\fooddelivery\system\CodeIgniter.php(419): CodeIgniter\CodeIgniter->runController(Object(App\Controllers\Admin\Pedidos))
#7 C:\xampp\htdocs\fooddelivery\system\CodeIgniter.php(326): CodeIgniter\CodeIgniter->handleRequest(NULL, Object(Config\Cache), false)
#8 C:\xampp\htdocs\fooddelivery\public\index.php(37): CodeIgniter\CodeIgniter->run()
#9 C:\xampp\htdocs\fooddelivery\system\Commands\Server\rewrite.php(43): require_once('C:\\xampp\\htdocs...')
#10 {main}
CRITICAL - 2022-10-05 18:00:02 --> Undefined variable: categoria
#0 C:\xampp\htdocs\fooddelivery\app\Views\Admin\Pedidos\index.php(77): CodeIgniter\Debug\Exceptions->errorHandler(8, 'Undefined varia...', 'C:\\xampp\\htdocs...', 77, Array)
#1 C:\xampp\htdocs\fooddelivery\system\View\View.php(210): include('C:\\xampp\\htdocs...')
#2 C:\xampp\htdocs\fooddelivery\system\View\View.php(213): CodeIgniter\View\View->CodeIgniter\View\{closure}()
#3 C:\xampp\htdocs\fooddelivery\system\Common.php(1089): CodeIgniter\View\View->render('Admin/Pedidos/i...', Array, true)
#4 C:\xampp\htdocs\fooddelivery\app\Controllers\Admin\Pedidos.php(29): view('Admin/Pedidos/i...', Array)
#5 C:\xampp\htdocs\fooddelivery\system\CodeIgniter.php(832): App\Controllers\Admin\Pedidos->index()
#6 C:\xampp\htdocs\fooddelivery\system\CodeIgniter.php(419): CodeIgniter\CodeIgniter->runController(Object(App\Controllers\Admin\Pedidos))
#7 C:\xampp\htdocs\fooddelivery\system\CodeIgniter.php(326): CodeIgniter\CodeIgniter->handleRequest(NULL, Object(Config\Cache), false)
#8 C:\xampp\htdocs\fooddelivery\public\index.php(37): CodeIgniter\CodeIgniter->run()
#9 C:\xampp\htdocs\fooddelivery\system\Commands\Server\rewrite.php(43): require_once('C:\\xampp\\htdocs...')
#10 {main}
CRITICAL - 2022-10-05 18:00:15 --> Undefined variable: categoria
#0 C:\xampp\htdocs\fooddelivery\app\Views\Admin\Pedidos\index.php(101): CodeIgniter\Debug\Exceptions->errorHandler(8, 'Undefined varia...', 'C:\\xampp\\htdocs...', 101, Array)
#1 C:\xampp\htdocs\fooddelivery\system\View\View.php(210): include('C:\\xampp\\htdocs...')
#2 C:\xampp\htdocs\fooddelivery\system\View\View.php(213): CodeIgniter\View\View->CodeIgniter\View\{closure}()
#3 C:\xampp\htdocs\fooddelivery\system\Common.php(1089): CodeIgniter\View\View->render('Admin/Pedidos/i...', Array, true)
#4 C:\xampp\htdocs\fooddelivery\app\Controllers\Admin\Pedidos.php(29): view('Admin/Pedidos/i...', Array)
#5 C:\xampp\htdocs\fooddelivery\system\CodeIgniter.php(832): App\Controllers\Admin\Pedidos->index()
#6 C:\xampp\htdocs\fooddelivery\system\CodeIgniter.php(419): CodeIgniter\CodeIgniter->runController(Object(App\Controllers\Admin\Pedidos))
#7 C:\xampp\htdocs\fooddelivery\system\CodeIgniter.php(326): CodeIgniter\CodeIgniter->handleRequest(NULL, Object(Config\Cache), false)
#8 C:\xampp\htdocs\fooddelivery\public\index.php(37): CodeIgniter\CodeIgniter->run()
#9 C:\xampp\htdocs\fooddelivery\system\Commands\Server\rewrite.php(43): require_once('C:\\xampp\\htdocs...')
#10 {main}
CRITICAL - 2022-10-05 18:19:50 --> Undefined variable: categoria
#0 C:\xampp\htdocs\fooddelivery\app\Views\Admin\Pedidos\index.php(167): CodeIgniter\Debug\Exceptions->errorHandler(8, 'Undefined varia...', 'C:\\xampp\\htdocs...', 167, Array)
#1 C:\xampp\htdocs\fooddelivery\system\View\View.php(210): include('C:\\xampp\\htdocs...')
#2 C:\xampp\htdocs\fooddelivery\system\View\View.php(213): CodeIgniter\View\View->CodeIgniter\View\{closure}()
#3 C:\xampp\htdocs\fooddelivery\system\Common.php(1089): CodeIgniter\View\View->render('Admin/Pedidos/i...', Array, true)
#4 C:\xampp\htdocs\fooddelivery\app\Controllers\Admin\Pedidos.php(29): view('Admin/Pedidos/i...', Array)
#5 C:\xampp\htdocs\fooddelivery\system\CodeIgniter.php(832): App\Controllers\Admin\Pedidos->index()
#6 C:\xampp\htdocs\fooddelivery\system\CodeIgniter.php(419): CodeIgniter\CodeIgniter->runController(Object(App\Controllers\Admin\Pedidos))
#7 C:\xampp\htdocs\fooddelivery\system\CodeIgniter.php(326): CodeIgniter\CodeIgniter->handleRequest(NULL, Object(Config\Cache), false)
#8 C:\xampp\htdocs\fooddelivery\public\index.php(37): CodeIgniter\CodeIgniter->run()
#9 C:\xampp\htdocs\fooddelivery\system\Commands\Server\rewrite.php(43): require_once('C:\\xampp\\htdocs...')
#10 {main}
CRITICAL - 2022-10-05 18:24:42 --> Undefined variable: entregadores
#0 C:\xampp\htdocs\fooddelivery\app\Views\Admin\Pedidos\index.php(236): CodeIgniter\Debug\Exceptions->errorHandler(8, 'Undefined varia...', 'C:\\xampp\\htdocs...', 236, Array)
#1 C:\xampp\htdocs\fooddelivery\system\View\View.php(210): include('C:\\xampp\\htdocs...')
#2 C:\xampp\htdocs\fooddelivery\system\View\View.php(213): CodeIgniter\View\View->CodeIgniter\View\{closure}()
#3 C:\xampp\htdocs\fooddelivery\system\Common.php(1089): CodeIgniter\View\View->render('Admin/Pedidos/i...', Array, true)
#4 C:\xampp\htdocs\fooddelivery\app\Controllers\Admin\Pedidos.php(29): view('Admin/Pedidos/i...', Array)
#5 C:\xampp\htdocs\fooddelivery\system\CodeIgniter.php(832): App\Controllers\Admin\Pedidos->index()
#6 C:\xampp\htdocs\fooddelivery\system\CodeIgniter.php(419): CodeIgniter\CodeIgniter->runController(Object(App\Controllers\Admin\Pedidos))
#7 C:\xampp\htdocs\fooddelivery\system\CodeIgniter.php(326): CodeIgniter\CodeIgniter->handleRequest(NULL, Object(Config\Cache), false)
#8 C:\xampp\htdocs\fooddelivery\public\index.php(37): CodeIgniter\CodeIgniter->run()
#9 C:\xampp\htdocs\fooddelivery\system\Commands\Server\rewrite.php(43): require_once('C:\\xampp\\htdocs...')
#10 {main}
CRITICAL - 2022-10-05 18:26:42 --> Undefined variable: entregadores
#0 C:\xampp\htdocs\fooddelivery\app\Views\Admin\Pedidos\index.php(236): CodeIgniter\Debug\Exceptions->errorHandler(8, 'Undefined varia...', 'C:\\xampp\\htdocs...', 236, Array)
#1 C:\xampp\htdocs\fooddelivery\system\View\View.php(210): include('C:\\xampp\\htdocs...')
#2 C:\xampp\htdocs\fooddelivery\system\View\View.php(213): CodeIgniter\View\View->CodeIgniter\View\{closure}()
#3 C:\xampp\htdocs\fooddelivery\system\Common.php(1089): CodeIgniter\View\View->render('Admin/Pedidos/i...', Array, true)
#4 C:\xampp\htdocs\fooddelivery\app\Controllers\Admin\Pedidos.php(29): view('Admin/Pedidos/i...', Array)
#5 C:\xampp\htdocs\fooddelivery\system\CodeIgniter.php(832): App\Controllers\Admin\Pedidos->index()
#6 C:\xampp\htdocs\fooddelivery\system\CodeIgniter.php(419): CodeIgniter\CodeIgniter->runController(Object(App\Controllers\Admin\Pedidos))
#7 C:\xampp\htdocs\fooddelivery\system\CodeIgniter.php(326): CodeIgniter\CodeIgniter->handleRequest(NULL, Object(Config\Cache), false)
#8 C:\xampp\htdocs\fooddelivery\public\index.php(37): CodeIgniter\CodeIgniter->run()
#9 C:\xampp\htdocs\fooddelivery\system\Commands\Server\rewrite.php(43): require_once('C:\\xampp\\htdocs...')
#10 {main}
CRITICAL - 2022-10-05 18:26:45 --> Undefined variable: entregadores
#0 C:\xampp\htdocs\fooddelivery\app\Views\Admin\Pedidos\index.php(236): CodeIgniter\Debug\Exceptions->errorHandler(8, 'Undefined varia...', 'C:\\xampp\\htdocs...', 236, Array)
#1 C:\xampp\htdocs\fooddelivery\system\View\View.php(210): include('C:\\xampp\\htdocs...')
#2 C:\xampp\htdocs\fooddelivery\system\View\View.php(213): CodeIgniter\View\View->CodeIgniter\View\{closure}()
#3 C:\xampp\htdocs\fooddelivery\system\Common.php(1089): CodeIgniter\View\View->render('Admin/Pedidos/i...', Array, true)
#4 C:\xampp\htdocs\fooddelivery\app\Controllers\Admin\Pedidos.php(29): view('Admin/Pedidos/i...', Array)
#5 C:\xampp\htdocs\fooddelivery\system\CodeIgniter.php(832): App\Controllers\Admin\Pedidos->index()
#6 C:\xampp\htdocs\fooddelivery\system\CodeIgniter.php(419): CodeIgniter\CodeIgniter->runController(Object(App\Controllers\Admin\Pedidos))
#7 C:\xampp\htdocs\fooddelivery\system\CodeIgniter.php(326): CodeIgniter\CodeIgniter->handleRequest(NULL, Object(Config\Cache), false)
#8 C:\xampp\htdocs\fooddelivery\public\index.php(37): CodeIgniter\CodeIgniter->run()
#9 C:\xampp\htdocs\fooddelivery\system\Commands\Server\rewrite.php(43): require_once('C:\\xampp\\htdocs...')
#10 {main}
CRITICAL - 2022-10-05 18:26:45 --> Undefined variable: entregadores
#0 C:\xampp\htdocs\fooddelivery\app\Views\Admin\Pedidos\index.php(236): CodeIgniter\Debug\Exceptions->errorHandler(8, 'Undefined varia...', 'C:\\xampp\\htdocs...', 236, Array)
#1 C:\xampp\htdocs\fooddelivery\system\View\View.php(210): include('C:\\xampp\\htdocs...')
#2 C:\xampp\htdocs\fooddelivery\system\View\View.php(213): CodeIgniter\View\View->CodeIgniter\View\{closure}()
#3 C:\xampp\htdocs\fooddelivery\system\Common.php(1089): CodeIgniter\View\View->render('Admin/Pedidos/i...', Array, true)
#4 C:\xampp\htdocs\fooddelivery\app\Controllers\Admin\Pedidos.php(29): view('Admin/Pedidos/i...', Array)
#5 C:\xampp\htdocs\fooddelivery\system\CodeIgniter.php(832): App\Controllers\Admin\Pedidos->index()
#6 C:\xampp\htdocs\fooddelivery\system\CodeIgniter.php(419): CodeIgniter\CodeIgniter->runController(Object(App\Controllers\Admin\Pedidos))
#7 C:\xampp\htdocs\fooddelivery\system\CodeIgniter.php(326): CodeIgniter\CodeIgniter->handleRequest(NULL, Object(Config\Cache), false)
#8 C:\xampp\htdocs\fooddelivery\public\index.php(37): CodeIgniter\CodeIgniter->run()
#9 C:\xampp\htdocs\fooddelivery\system\Commands\Server\rewrite.php(43): require_once('C:\\xampp\\htdocs...')
#10 {main}
CRITICAL - 2022-10-05 18:26:45 --> Undefined variable: entregadores
#0 C:\xampp\htdocs\fooddelivery\app\Views\Admin\Pedidos\index.php(236): CodeIgniter\Debug\Exceptions->errorHandler(8, 'Undefined varia...', 'C:\\xampp\\htdocs...', 236, Array)
#1 C:\xampp\htdocs\fooddelivery\system\View\View.php(210): include('C:\\xampp\\htdocs...')
#2 C:\xampp\htdocs\fooddelivery\system\View\View.php(213): CodeIgniter\View\View->CodeIgniter\View\{closure}()
#3 C:\xampp\htdocs\fooddelivery\system\Common.php(1089): CodeIgniter\View\View->render('Admin/Pedidos/i...', Array, true)
#4 C:\xampp\htdocs\fooddelivery\app\Controllers\Admin\Pedidos.php(29): view('Admin/Pedidos/i...', Array)
#5 C:\xampp\htdocs\fooddelivery\system\CodeIgniter.php(832): App\Controllers\Admin\Pedidos->index()
#6 C:\xampp\htdocs\fooddelivery\system\CodeIgniter.php(419): CodeIgniter\CodeIgniter->runController(Object(App\Controllers\Admin\Pedidos))
#7 C:\xampp\htdocs\fooddelivery\system\CodeIgniter.php(326): CodeIgniter\CodeIgniter->handleRequest(NULL, Object(Config\Cache), false)
#8 C:\xampp\htdocs\fooddelivery\public\index.php(37): CodeIgniter\CodeIgniter->run()
#9 C:\xampp\htdocs\fooddelivery\system\Commands\Server\rewrite.php(43): require_once('C:\\xampp\\htdocs...')
#10 {main}
CRITICAL - 2022-10-05 18:26:46 --> Undefined variable: entregadores
#0 C:\xampp\htdocs\fooddelivery\app\Views\Admin\Pedidos\index.php(236): CodeIgniter\Debug\Exceptions->errorHandler(8, 'Undefined varia...', 'C:\\xampp\\htdocs...', 236, Array)
#1 C:\xampp\htdocs\fooddelivery\system\View\View.php(210): include('C:\\xampp\\htdocs...')
#2 C:\xampp\htdocs\fooddelivery\system\View\View.php(213): CodeIgniter\View\View->CodeIgniter\View\{closure}()
#3 C:\xampp\htdocs\fooddelivery\system\Common.php(1089): CodeIgniter\View\View->render('Admin/Pedidos/i...', Array, true)
#4 C:\xampp\htdocs\fooddelivery\app\Controllers\Admin\Pedidos.php(29): view('Admin/Pedidos/i...', Array)
#5 C:\xampp\htdocs\fooddelivery\system\CodeIgniter.php(832): App\Controllers\Admin\Pedidos->index()
#6 C:\xampp\htdocs\fooddelivery\system\CodeIgniter.php(419): CodeIgniter\CodeIgniter->runController(Object(App\Controllers\Admin\Pedidos))
#7 C:\xampp\htdocs\fooddelivery\system\CodeIgniter.php(326): CodeIgniter\CodeIgniter->handleRequest(NULL, Object(Config\Cache), false)
#8 C:\xampp\htdocs\fooddelivery\public\index.php(37): CodeIgniter\CodeIgniter->run()
#9 C:\xampp\htdocs\fooddelivery\system\Commands\Server\rewrite.php(43): require_once('C:\\xampp\\htdocs...')
#10 {main}
CRITICAL - 2022-10-05 18:26:46 --> Undefined variable: entregadores
#0 C:\xampp\htdocs\fooddelivery\app\Views\Admin\Pedidos\index.php(236): CodeIgniter\Debug\Exceptions->errorHandler(8, 'Undefined varia...', 'C:\\xampp\\htdocs...', 236, Array)
#1 C:\xampp\htdocs\fooddelivery\system\View\View.php(210): include('C:\\xampp\\htdocs...')
#2 C:\xampp\htdocs\fooddelivery\system\View\View.php(213): CodeIgniter\View\View->CodeIgniter\View\{closure}()
#3 C:\xampp\htdocs\fooddelivery\system\Common.php(1089): CodeIgniter\View\View->render('Admin/Pedidos/i...', Array, true)
#4 C:\xampp\htdocs\fooddelivery\app\Controllers\Admin\Pedidos.php(29): view('Admin/Pedidos/i...', Array)
#5 C:\xampp\htdocs\fooddelivery\system\CodeIgniter.php(832): App\Controllers\Admin\Pedidos->index()
#6 C:\xampp\htdocs\fooddelivery\system\CodeIgniter.php(419): CodeIgniter\CodeIgniter->runController(Object(App\Controllers\Admin\Pedidos))
#7 C:\xampp\htdocs\fooddelivery\system\CodeIgniter.php(326): CodeIgniter\CodeIgniter->handleRequest(NULL, Object(Config\Cache), false)
#8 C:\xampp\htdocs\fooddelivery\public\index.php(37): CodeIgniter\CodeIgniter->run()
#9 C:\xampp\htdocs\fooddelivery\system\Commands\Server\rewrite.php(43): require_once('C:\\xampp\\htdocs...')
#10 {main}
CRITICAL - 2022-10-05 18:27:19 --> Undefined variable: entregadores
#0 C:\xampp\htdocs\fooddelivery\app\Views\Admin\Pedidos\index.php(236): CodeIgniter\Debug\Exceptions->errorHandler(8, 'Undefined varia...', 'C:\\xampp\\htdocs...', 236, Array)
#1 C:\xampp\htdocs\fooddelivery\system\View\View.php(210): include('C:\\xampp\\htdocs...')
#2 C:\xampp\htdocs\fooddelivery\system\View\View.php(213): CodeIgniter\View\View->CodeIgniter\View\{closure}()
#3 C:\xampp\htdocs\fooddelivery\system\Common.php(1089): CodeIgniter\View\View->render('Admin/Pedidos/i...', Array, true)
#4 C:\xampp\htdocs\fooddelivery\app\Controllers\Admin\Pedidos.php(29): view('Admin/Pedidos/i...', Array)
#5 C:\xampp\htdocs\fooddelivery\system\CodeIgniter.php(832): App\Controllers\Admin\Pedidos->index()
#6 C:\xampp\htdocs\fooddelivery\system\CodeIgniter.php(419): CodeIgniter\CodeIgniter->runController(Object(App\Controllers\Admin\Pedidos))
#7 C:\xampp\htdocs\fooddelivery\system\CodeIgniter.php(326): CodeIgniter\CodeIgniter->handleRequest(NULL, Object(Config\Cache), false)
#8 C:\xampp\htdocs\fooddelivery\public\index.php(37): CodeIgniter\CodeIgniter->run()
#9 C:\xampp\htdocs\fooddelivery\system\Commands\Server\rewrite.php(43): require_once('C:\\xampp\\htdocs...')
#10 {main}
CRITICAL - 2022-10-05 18:29:25 --> Undefined variable: entregadores
#0 C:\xampp\htdocs\fooddelivery\app\Views\Admin\Pedidos\index.php(233): CodeIgniter\Debug\Exceptions->errorHandler(8, 'Undefined varia...', 'C:\\xampp\\htdocs...', 233, Array)
#1 C:\xampp\htdocs\fooddelivery\system\View\View.php(210): include('C:\\xampp\\htdocs...')
#2 C:\xampp\htdocs\fooddelivery\system\View\View.php(213): CodeIgniter\View\View->CodeIgniter\View\{closure}()
#3 C:\xampp\htdocs\fooddelivery\system\Common.php(1089): CodeIgniter\View\View->render('Admin/Pedidos/i...', Array, true)
#4 C:\xampp\htdocs\fooddelivery\app\Controllers\Admin\Pedidos.php(29): view('Admin/Pedidos/i...', Array)
#5 C:\xampp\htdocs\fooddelivery\system\CodeIgniter.php(832): App\Controllers\Admin\Pedidos->index()
#6 C:\xampp\htdocs\fooddelivery\system\CodeIgniter.php(419): CodeIgniter\CodeIgniter->runController(Object(App\Controllers\Admin\Pedidos))
#7 C:\xampp\htdocs\fooddelivery\system\CodeIgniter.php(326): CodeIgniter\CodeIgniter->handleRequest(NULL, Object(Config\Cache), false)
#8 C:\xampp\htdocs\fooddelivery\public\index.php(37): CodeIgniter\CodeIgniter->run()
#9 C:\xampp\htdocs\fooddelivery\system\Commands\Server\rewrite.php(43): require_once('C:\\xampp\\htdocs...')
#10 {main}
CRITICAL - 2022-10-05 18:29:28 --> Undefined variable: entregadores
#0 C:\xampp\htdocs\fooddelivery\app\Views\Admin\Pedidos\index.php(233): CodeIgniter\Debug\Exceptions->errorHandler(8, 'Undefined varia...', 'C:\\xampp\\htdocs...', 233, Array)
#1 C:\xampp\htdocs\fooddelivery\system\View\View.php(210): include('C:\\xampp\\htdocs...')
#2 C:\xampp\htdocs\fooddelivery\system\View\View.php(213): CodeIgniter\View\View->CodeIgniter\View\{closure}()
#3 C:\xampp\htdocs\fooddelivery\system\Common.php(1089): CodeIgniter\View\View->render('Admin/Pedidos/i...', Array, true)
#4 C:\xampp\htdocs\fooddelivery\app\Controllers\Admin\Pedidos.php(29): view('Admin/Pedidos/i...', Array)
#5 C:\xampp\htdocs\fooddelivery\system\CodeIgniter.php(832): App\Controllers\Admin\Pedidos->index()
#6 C:\xampp\htdocs\fooddelivery\system\CodeIgniter.php(419): CodeIgniter\CodeIgniter->runController(Object(App\Controllers\Admin\Pedidos))
#7 C:\xampp\htdocs\fooddelivery\system\CodeIgniter.php(326): CodeIgniter\CodeIgniter->handleRequest(NULL, Object(Config\Cache), false)
#8 C:\xampp\htdocs\fooddelivery\public\index.php(37): CodeIgniter\CodeIgniter->run()
#9 C:\xampp\htdocs\fooddelivery\system\Commands\Server\rewrite.php(43): require_once('C:\\xampp\\htdocs...')
#10 {main}
CRITICAL - 2022-10-05 18:30:51 --> Undefined variable: entregadores
#0 C:\xampp\htdocs\fooddelivery\app\Views\Admin\Pedidos\index.php(233): CodeIgniter\Debug\Exceptions->errorHandler(8, 'Undefined varia...', 'C:\\xampp\\htdocs...', 233, Array)
#1 C:\xampp\htdocs\fooddelivery\system\View\View.php(210): include('C:\\xampp\\htdocs...')
#2 C:\xampp\htdocs\fooddelivery\system\View\View.php(213): CodeIgniter\View\View->CodeIgniter\View\{closure}()
#3 C:\xampp\htdocs\fooddelivery\system\Common.php(1089): CodeIgniter\View\View->render('Admin/Pedidos/i...', Array, true)
#4 C:\xampp\htdocs\fooddelivery\app\Controllers\Admin\Pedidos.php(29): view('Admin/Pedidos/i...', Array)
#5 C:\xampp\htdocs\fooddelivery\system\CodeIgniter.php(832): App\Controllers\Admin\Pedidos->index()
#6 C:\xampp\htdocs\fooddelivery\system\CodeIgniter.php(419): CodeIgniter\CodeIgniter->runController(Object(App\Controllers\Admin\Pedidos))
#7 C:\xampp\htdocs\fooddelivery\system\CodeIgniter.php(326): CodeIgniter\CodeIgniter->handleRequest(NULL, Object(Config\Cache), false)
#8 C:\xampp\htdocs\fooddelivery\public\index.php(37): CodeIgniter\CodeIgniter->run()
#9 C:\xampp\htdocs\fooddelivery\system\Commands\Server\rewrite.php(43): require_once('C:\\xampp\\htdocs...')
#10 {main}
CRITICAL - 2022-10-05 18:34:44 --> Undefined variable: entregadores
#0 C:\xampp\htdocs\fooddelivery\app\Views\Admin\Pedidos\index.php(233): CodeIgniter\Debug\Exceptions->errorHandler(8, 'Undefined varia...', 'C:\\xampp\\htdocs...', 233, Array)
#1 C:\xampp\htdocs\fooddelivery\system\View\View.php(210): include('C:\\xampp\\htdocs...')
#2 C:\xampp\htdocs\fooddelivery\system\View\View.php(213): CodeIgniter\View\View->CodeIgniter\View\{closure}()
#3 C:\xampp\htdocs\fooddelivery\system\Common.php(1089): CodeIgniter\View\View->render('Admin/Pedidos/i...', Array, true)
#4 C:\xampp\htdocs\fooddelivery\app\Controllers\Admin\Pedidos.php(29): view('Admin/Pedidos/i...', Array)
#5 C:\xampp\htdocs\fooddelivery\system\CodeIgniter.php(832): App\Controllers\Admin\Pedidos->index()
#6 C:\xampp\htdocs\fooddelivery\system\CodeIgniter.php(419): CodeIgniter\CodeIgniter->runController(Object(App\Controllers\Admin\Pedidos))
#7 C:\xampp\htdocs\fooddelivery\system\CodeIgniter.php(326): CodeIgniter\CodeIgniter->handleRequest(NULL, Object(Config\Cache), false)
#8 C:\xampp\htdocs\fooddelivery\public\index.php(37): CodeIgniter\CodeIgniter->run()
#9 C:\xampp\htdocs\fooddelivery\system\Commands\Server\rewrite.php(43): require_once('C:\\xampp\\htdocs...')
#10 {main}
CRITICAL - 2022-10-05 18:34:45 --> Undefined variable: entregadores
#0 C:\xampp\htdocs\fooddelivery\app\Views\Admin\Pedidos\index.php(233): CodeIgniter\Debug\Exceptions->errorHandler(8, 'Undefined varia...', 'C:\\xampp\\htdocs...', 233, Array)
#1 C:\xampp\htdocs\fooddelivery\system\View\View.php(210): include('C:\\xampp\\htdocs...')
#2 C:\xampp\htdocs\fooddelivery\system\View\View.php(213): CodeIgniter\View\View->CodeIgniter\View\{closure}()
#3 C:\xampp\htdocs\fooddelivery\system\Common.php(1089): CodeIgniter\View\View->render('Admin/Pedidos/i...', Array, true)
#4 C:\xampp\htdocs\fooddelivery\app\Controllers\Admin\Pedidos.php(29): view('Admin/Pedidos/i...', Array)
#5 C:\xampp\htdocs\fooddelivery\system\CodeIgniter.php(832): App\Controllers\Admin\Pedidos->index()
#6 C:\xampp\htdocs\fooddelivery\system\CodeIgniter.php(419): CodeIgniter\CodeIgniter->runController(Object(App\Controllers\Admin\Pedidos))
#7 C:\xampp\htdocs\fooddelivery\system\CodeIgniter.php(326): CodeIgniter\CodeIgniter->handleRequest(NULL, Object(Config\Cache), false)
#8 C:\xampp\htdocs\fooddelivery\public\index.php(37): CodeIgniter\CodeIgniter->run()
#9 C:\xampp\htdocs\fooddelivery\system\Commands\Server\rewrite.php(43): require_once('C:\\xampp\\htdocs...')
#10 {main}
CRITICAL - 2022-10-05 18:34:46 --> Undefined variable: entregadores
#0 C:\xampp\htdocs\fooddelivery\app\Views\Admin\Pedidos\index.php(233): CodeIgniter\Debug\Exceptions->errorHandler(8, 'Undefined varia...', 'C:\\xampp\\htdocs...', 233, Array)
#1 C:\xampp\htdocs\fooddelivery\system\View\View.php(210): include('C:\\xampp\\htdocs...')
#2 C:\xampp\htdocs\fooddelivery\system\View\View.php(213): CodeIgniter\View\View->CodeIgniter\View\{closure}()
#3 C:\xampp\htdocs\fooddelivery\system\Common.php(1089): CodeIgniter\View\View->render('Admin/Pedidos/i...', Array, true)
#4 C:\xampp\htdocs\fooddelivery\app\Controllers\Admin\Pedidos.php(29): view('Admin/Pedidos/i...', Array)
#5 C:\xampp\htdocs\fooddelivery\system\CodeIgniter.php(832): App\Controllers\Admin\Pedidos->index()
#6 C:\xampp\htdocs\fooddelivery\system\CodeIgniter.php(419): CodeIgniter\CodeIgniter->runController(Object(App\Controllers\Admin\Pedidos))
#7 C:\xampp\htdocs\fooddelivery\system\CodeIgniter.php(326): CodeIgniter\CodeIgniter->handleRequest(NULL, Object(Config\Cache), false)
#8 C:\xampp\htdocs\fooddelivery\public\index.php(37): CodeIgniter\CodeIgniter->run()
#9 C:\xampp\htdocs\fooddelivery\system\Commands\Server\rewrite.php(43): require_once('C:\\xampp\\htdocs...')
#10 {main}
CRITICAL - 2022-10-05 18:34:46 --> Undefined variable: entregadores
#0 C:\xampp\htdocs\fooddelivery\app\Views\Admin\Pedidos\index.php(233): CodeIgniter\Debug\Exceptions->errorHandler(8, 'Undefined varia...', 'C:\\xampp\\htdocs...', 233, Array)
#1 C:\xampp\htdocs\fooddelivery\system\View\View.php(210): include('C:\\xampp\\htdocs...')
#2 C:\xampp\htdocs\fooddelivery\system\View\View.php(213): CodeIgniter\View\View->CodeIgniter\View\{closure}()
#3 C:\xampp\htdocs\fooddelivery\system\Common.php(1089): CodeIgniter\View\View->render('Admin/Pedidos/i...', Array, true)
#4 C:\xampp\htdocs\fooddelivery\app\Controllers\Admin\Pedidos.php(29): view('Admin/Pedidos/i...', Array)
#5 C:\xampp\htdocs\fooddelivery\system\CodeIgniter.php(832): App\Controllers\Admin\Pedidos->index()
#6 C:\xampp\htdocs\fooddelivery\system\CodeIgniter.php(419): CodeIgniter\CodeIgniter->runController(Object(App\Controllers\Admin\Pedidos))
#7 C:\xampp\htdocs\fooddelivery\system\CodeIgniter.php(326): CodeIgniter\CodeIgniter->handleRequest(NULL, Object(Config\Cache), false)
#8 C:\xampp\htdocs\fooddelivery\public\index.php(37): CodeIgniter\CodeIgniter->run()
#9 C:\xampp\htdocs\fooddelivery\system\Commands\Server\rewrite.php(43): require_once('C:\\xampp\\htdocs...')
#10 {main}
CRITICAL - 2022-10-05 18:40:41 --> Undefined variable: entregadores
#0 C:\xampp\htdocs\fooddelivery\app\Views\Admin\Pedidos\index.php(230): CodeIgniter\Debug\Exceptions->errorHandler(8, 'Undefined varia...', 'C:\\xampp\\htdocs...', 230, Array)
#1 C:\xampp\htdocs\fooddelivery\system\View\View.php(210): include('C:\\xampp\\htdocs...')
#2 C:\xampp\htdocs\fooddelivery\system\View\View.php(213): CodeIgniter\View\View->CodeIgniter\View\{closure}()
#3 C:\xampp\htdocs\fooddelivery\system\Common.php(1089): CodeIgniter\View\View->render('Admin/Pedidos/i...', Array, true)
#4 C:\xampp\htdocs\fooddelivery\app\Controllers\Admin\Pedidos.php(29): view('Admin/Pedidos/i...', Array)
#5 C:\xampp\htdocs\fooddelivery\system\CodeIgniter.php(832): App\Controllers\Admin\Pedidos->index()
#6 C:\xampp\htdocs\fooddelivery\system\CodeIgniter.php(419): CodeIgniter\CodeIgniter->runController(Object(App\Controllers\Admin\Pedidos))
#7 C:\xampp\htdocs\fooddelivery\system\CodeIgniter.php(326): CodeIgniter\CodeIgniter->handleRequest(NULL, Object(Config\Cache), false)
#8 C:\xampp\htdocs\fooddelivery\public\index.php(37): CodeIgniter\CodeIgniter->run()
#9 C:\xampp\htdocs\fooddelivery\system\Commands\Server\rewrite.php(43): require_once('C:\\xampp\\htdocs...')
#10 {main}
CRITICAL - 2022-10-05 18:41:40 --> Undefined variable: entregadores
#0 C:\xampp\htdocs\fooddelivery\app\Views\Admin\Pedidos\index.php(229): CodeIgniter\Debug\Exceptions->errorHandler(8, 'Undefined varia...', 'C:\\xampp\\htdocs...', 229, Array)
#1 C:\xampp\htdocs\fooddelivery\system\View\View.php(210): include('C:\\xampp\\htdocs...')
#2 C:\xampp\htdocs\fooddelivery\system\View\View.php(213): CodeIgniter\View\View->CodeIgniter\View\{closure}()
#3 C:\xampp\htdocs\fooddelivery\system\Common.php(1089): CodeIgniter\View\View->render('Admin/Pedidos/i...', Array, true)
#4 C:\xampp\htdocs\fooddelivery\app\Controllers\Admin\Pedidos.php(29): view('Admin/Pedidos/i...', Array)
#5 C:\xampp\htdocs\fooddelivery\system\CodeIgniter.php(832): App\Controllers\Admin\Pedidos->index()
#6 C:\xampp\htdocs\fooddelivery\system\CodeIgniter.php(419): CodeIgniter\CodeIgniter->runController(Object(App\Controllers\Admin\Pedidos))
#7 C:\xampp\htdocs\fooddelivery\system\CodeIgniter.php(326): CodeIgniter\CodeIgniter->handleRequest(NULL, Object(Config\Cache), false)
#8 C:\xampp\htdocs\fooddelivery\public\index.php(37): CodeIgniter\CodeIgniter->run()
#9 C:\xampp\htdocs\fooddelivery\system\Commands\Server\rewrite.php(43): require_once('C:\\xampp\\htdocs...')
#10 {main}
CRITICAL - 2022-10-05 18:42:09 --> Undefined variable: entregadores
#0 C:\xampp\htdocs\fooddelivery\app\Views\Admin\Pedidos\index.php(229): CodeIgniter\Debug\Exceptions->errorHandler(8, 'Undefined varia...', 'C:\\xampp\\htdocs...', 229, Array)
#1 C:\xampp\htdocs\fooddelivery\system\View\View.php(210): include('C:\\xampp\\htdocs...')
#2 C:\xampp\htdocs\fooddelivery\system\View\View.php(213): CodeIgniter\View\View->CodeIgniter\View\{closure}()
#3 C:\xampp\htdocs\fooddelivery\system\Common.php(1089): CodeIgniter\View\View->render('Admin/Pedidos/i...', Array, true)
#4 C:\xampp\htdocs\fooddelivery\app\Controllers\Admin\Pedidos.php(29): view('Admin/Pedidos/i...', Array)
#5 C:\xampp\htdocs\fooddelivery\system\CodeIgniter.php(832): App\Controllers\Admin\Pedidos->index()
#6 C:\xampp\htdocs\fooddelivery\system\CodeIgniter.php(419): CodeIgniter\CodeIgniter->runController(Object(App\Controllers\Admin\Pedidos))
#7 C:\xampp\htdocs\fooddelivery\system\CodeIgniter.php(326): CodeIgniter\CodeIgniter->handleRequest(NULL, Object(Config\Cache), false)
#8 C:\xampp\htdocs\fooddelivery\public\index.php(37): CodeIgniter\CodeIgniter->run()
#9 C:\xampp\htdocs\fooddelivery\system\Commands\Server\rewrite.php(43): require_once('C:\\xampp\\htdocs...')
#10 {main}
CRITICAL - 2022-10-05 18:42:10 --> Undefined variable: entregadores
#0 C:\xampp\htdocs\fooddelivery\app\Views\Admin\Pedidos\index.php(229): CodeIgniter\Debug\Exceptions->errorHandler(8, 'Undefined varia...', 'C:\\xampp\\htdocs...', 229, Array)
#1 C:\xampp\htdocs\fooddelivery\system\View\View.php(210): include('C:\\xampp\\htdocs...')
#2 C:\xampp\htdocs\fooddelivery\system\View\View.php(213): CodeIgniter\View\View->CodeIgniter\View\{closure}()
#3 C:\xampp\htdocs\fooddelivery\system\Common.php(1089): CodeIgniter\View\View->render('Admin/Pedidos/i...', Array, true)
#4 C:\xampp\htdocs\fooddelivery\app\Controllers\Admin\Pedidos.php(29): view('Admin/Pedidos/i...', Array)
#5 C:\xampp\htdocs\fooddelivery\system\CodeIgniter.php(832): App\Controllers\Admin\Pedidos->index()
#6 C:\xampp\htdocs\fooddelivery\system\CodeIgniter.php(419): CodeIgniter\CodeIgniter->runController(Object(App\Controllers\Admin\Pedidos))
#7 C:\xampp\htdocs\fooddelivery\system\CodeIgniter.php(326): CodeIgniter\CodeIgniter->handleRequest(NULL, Object(Config\Cache), false)
#8 C:\xampp\htdocs\fooddelivery\public\index.php(37): CodeIgniter\CodeIgniter->run()
#9 C:\xampp\htdocs\fooddelivery\system\Commands\Server\rewrite.php(43): require_once('C:\\xampp\\htdocs...')
#10 {main}
CRITICAL - 2022-10-05 18:42:10 --> Undefined variable: entregadores
#0 C:\xampp\htdocs\fooddelivery\app\Views\Admin\Pedidos\index.php(229): CodeIgniter\Debug\Exceptions->errorHandler(8, 'Undefined varia...', 'C:\\xampp\\htdocs...', 229, Array)
#1 C:\xampp\htdocs\fooddelivery\system\View\View.php(210): include('C:\\xampp\\htdocs...')
#2 C:\xampp\htdocs\fooddelivery\system\View\View.php(213): CodeIgniter\View\View->CodeIgniter\View\{closure}()
#3 C:\xampp\htdocs\fooddelivery\system\Common.php(1089): CodeIgniter\View\View->render('Admin/Pedidos/i...', Array, true)
#4 C:\xampp\htdocs\fooddelivery\app\Controllers\Admin\Pedidos.php(29): view('Admin/Pedidos/i...', Array)
#5 C:\xampp\htdocs\fooddelivery\system\CodeIgniter.php(832): App\Controllers\Admin\Pedidos->index()
#6 C:\xampp\htdocs\fooddelivery\system\CodeIgniter.php(419): CodeIgniter\CodeIgniter->runController(Object(App\Controllers\Admin\Pedidos))
#7 C:\xampp\htdocs\fooddelivery\system\CodeIgniter.php(326): CodeIgniter\CodeIgniter->handleRequest(NULL, Object(Config\Cache), false)
#8 C:\xampp\htdocs\fooddelivery\public\index.php(37): CodeIgniter\CodeIgniter->run()
#9 C:\xampp\htdocs\fooddelivery\system\Commands\Server\rewrite.php(43): require_once('C:\\xampp\\htdocs...')
#10 {main}
CRITICAL - 2022-10-05 18:42:10 --> Undefined variable: entregadores
#0 C:\xampp\htdocs\fooddelivery\app\Views\Admin\Pedidos\index.php(229): CodeIgniter\Debug\Exceptions->errorHandler(8, 'Undefined varia...', 'C:\\xampp\\htdocs...', 229, Array)
#1 C:\xampp\htdocs\fooddelivery\system\View\View.php(210): include('C:\\xampp\\htdocs...')
#2 C:\xampp\htdocs\fooddelivery\system\View\View.php(213): CodeIgniter\View\View->CodeIgniter\View\{closure}()
#3 C:\xampp\htdocs\fooddelivery\system\Common.php(1089): CodeIgniter\View\View->render('Admin/Pedidos/i...', Array, true)
#4 C:\xampp\htdocs\fooddelivery\app\Controllers\Admin\Pedidos.php(29): view('Admin/Pedidos/i...', Array)
#5 C:\xampp\htdocs\fooddelivery\system\CodeIgniter.php(832): App\Controllers\Admin\Pedidos->index()
#6 C:\xampp\htdocs\fooddelivery\system\CodeIgniter.php(419): CodeIgniter\CodeIgniter->runController(Object(App\Controllers\Admin\Pedidos))
#7 C:\xampp\htdocs\fooddelivery\system\CodeIgniter.php(326): CodeIgniter\CodeIgniter->handleRequest(NULL, Object(Config\Cache), false)
#8 C:\xampp\htdocs\fooddelivery\public\index.php(37): CodeIgniter\CodeIgniter->run()
#9 C:\xampp\htdocs\fooddelivery\system\Commands\Server\rewrite.php(43): require_once('C:\\xampp\\htdocs...')
#10 {main}
ERROR - 2022-10-05 18:49:17 --> Email: sendWithMail throwed mail(): Failed to connect to mailserver at &quot;localhost&quot; port 25, verify your &quot;SMTP&quot; and &quot;smtp_port&quot; setting in php.ini or use ini_set()
CRITICAL - 2022-10-05 18:52:25 --> Undefined variable: entregadores
#0 C:\xampp\htdocs\fooddelivery\app\Views\Admin\Pedidos\index.php(222): CodeIgniter\Debug\Exceptions->errorHandler(8, 'Undefined varia...', 'C:\\xampp\\htdocs...', 222, Array)
#1 C:\xampp\htdocs\fooddelivery\system\View\View.php(210): include('C:\\xampp\\htdocs...')
#2 C:\xampp\htdocs\fooddelivery\system\View\View.php(213): CodeIgniter\View\View->CodeIgniter\View\{closure}()
#3 C:\xampp\htdocs\fooddelivery\system\Common.php(1089): CodeIgniter\View\View->render('Admin/Pedidos/i...', Array, true)
#4 C:\xampp\htdocs\fooddelivery\app\Controllers\Admin\Pedidos.php(29): view('Admin/Pedidos/i...', Array)
#5 C:\xampp\htdocs\fooddelivery\system\CodeIgniter.php(832): App\Controllers\Admin\Pedidos->index()
#6 C:\xampp\htdocs\fooddelivery\system\CodeIgniter.php(419): CodeIgniter\CodeIgniter->runController(Object(App\Controllers\Admin\Pedidos))
#7 C:\xampp\htdocs\fooddelivery\system\CodeIgniter.php(326): CodeIgniter\CodeIgniter->handleRequest(NULL, Object(Config\Cache), false)
#8 C:\xampp\htdocs\fooddelivery\public\index.php(37): CodeIgniter\CodeIgniter->run()
#9 C:\xampp\htdocs\fooddelivery\system\Commands\Server\rewrite.php(43): require_once('C:\\xampp\\htdocs...')
#10 {main}
CRITICAL - 2022-10-05 18:52:27 --> Undefined variable: entregadores
#0 C:\xampp\htdocs\fooddelivery\app\Views\Admin\Pedidos\index.php(222): CodeIgniter\Debug\Exceptions->errorHandler(8, 'Undefined varia...', 'C:\\xampp\\htdocs...', 222, Array)
#1 C:\xampp\htdocs\fooddelivery\system\View\View.php(210): include('C:\\xampp\\htdocs...')
#2 C:\xampp\htdocs\fooddelivery\system\View\View.php(213): CodeIgniter\View\View->CodeIgniter\View\{closure}()
#3 C:\xampp\htdocs\fooddelivery\system\Common.php(1089): CodeIgniter\View\View->render('Admin/Pedidos/i...', Array, true)
#4 C:\xampp\htdocs\fooddelivery\app\Controllers\Admin\Pedidos.php(29): view('Admin/Pedidos/i...', Array)
#5 C:\xampp\htdocs\fooddelivery\system\CodeIgniter.php(832): App\Controllers\Admin\Pedidos->index()
#6 C:\xampp\htdocs\fooddelivery\system\CodeIgniter.php(419): CodeIgniter\CodeIgniter->runController(Object(App\Controllers\Admin\Pedidos))
#7 C:\xampp\htdocs\fooddelivery\system\CodeIgniter.php(326): CodeIgniter\CodeIgniter->handleRequest(NULL, Object(Config\Cache), false)
#8 C:\xampp\htdocs\fooddelivery\public\index.php(37): CodeIgniter\CodeIgniter->run()
#9 C:\xampp\htdocs\fooddelivery\system\Commands\Server\rewrite.php(43): require_once('C:\\xampp\\htdocs...')
#10 {main}
CRITICAL - 2022-10-05 18:59:33 --> Undefined variable: categoria
#0 C:\xampp\htdocs\fooddelivery\app\Views\Admin\Pedidos\index.php(259): CodeIgniter\Debug\Exceptions->errorHandler(8, 'Undefined varia...', 'C:\\xampp\\htdocs...', 259, Array)
#1 C:\xampp\htdocs\fooddelivery\system\View\View.php(210): include('C:\\xampp\\htdocs...')
#2 C:\xampp\htdocs\fooddelivery\system\View\View.php(213): CodeIgniter\View\View->CodeIgniter\View\{closure}()
#3 C:\xampp\htdocs\fooddelivery\system\Common.php(1089): CodeIgniter\View\View->render('Admin/Pedidos/i...', Array, true)
#4 C:\xampp\htdocs\fooddelivery\app\Controllers\Admin\Pedidos.php(29): view('Admin/Pedidos/i...', Array)
#5 C:\xampp\htdocs\fooddelivery\system\CodeIgniter.php(832): App\Controllers\Admin\Pedidos->index()
#6 C:\xampp\htdocs\fooddelivery\system\CodeIgniter.php(419): CodeIgniter\CodeIgniter->runController(Object(App\Controllers\Admin\Pedidos))
#7 C:\xampp\htdocs\fooddelivery\system\CodeIgniter.php(326): CodeIgniter\CodeIgniter->handleRequest(NULL, Object(Config\Cache), false)
#8 C:\xampp\htdocs\fooddelivery\public\index.php(37): CodeIgniter\CodeIgniter->run()
#9 C:\xampp\htdocs\fooddelivery\system\Commands\Server\rewrite.php(43): require_once('C:\\xampp\\htdocs...')
#10 {main}
CRITICAL - 2022-10-05 18:59:34 --> Undefined variable: categoria
#0 C:\xampp\htdocs\fooddelivery\app\Views\Admin\Pedidos\index.php(259): CodeIgniter\Debug\Exceptions->errorHandler(8, 'Undefined varia...', 'C:\\xampp\\htdocs...', 259, Array)
#1 C:\xampp\htdocs\fooddelivery\system\View\View.php(210): include('C:\\xampp\\htdocs...')
#2 C:\xampp\htdocs\fooddelivery\system\View\View.php(213): CodeIgniter\View\View->CodeIgniter\View\{closure}()
#3 C:\xampp\htdocs\fooddelivery\system\Common.php(1089): CodeIgniter\View\View->render('Admin/Pedidos/i...', Array, true)
#4 C:\xampp\htdocs\fooddelivery\app\Controllers\Admin\Pedidos.php(29): view('Admin/Pedidos/i...', Array)
#5 C:\xampp\htdocs\fooddelivery\system\CodeIgniter.php(832): App\Controllers\Admin\Pedidos->index()
#6 C:\xampp\htdocs\fooddelivery\system\CodeIgniter.php(419): CodeIgniter\CodeIgniter->runController(Object(App\Controllers\Admin\Pedidos))
#7 C:\xampp\htdocs\fooddelivery\system\CodeIgniter.php(326): CodeIgniter\CodeIgniter->handleRequest(NULL, Object(Config\Cache), false)
#8 C:\xampp\htdocs\fooddelivery\public\index.php(37): CodeIgniter\CodeIgniter->run()
#9 C:\xampp\htdocs\fooddelivery\system\Commands\Server\rewrite.php(43): require_once('C:\\xampp\\htdocs...')
#10 {main}
CRITICAL - 2022-10-05 19:16:18 --> Undefined variable: categoria
#0 C:\xampp\htdocs\fooddelivery\app\Views\Admin\Pedidos\index.php(81): CodeIgniter\Debug\Exceptions->errorHandler(8, 'Undefined varia...', 'C:\\xampp\\htdocs...', 81, Array)
#1 C:\xampp\htdocs\fooddelivery\system\View\View.php(210): include('C:\\xampp\\htdocs...')
#2 C:\xampp\htdocs\fooddelivery\system\View\View.php(213): CodeIgniter\View\View->CodeIgniter\View\{closure}()
#3 C:\xampp\htdocs\fooddelivery\system\Common.php(1089): CodeIgniter\View\View->render('Admin/Pedidos/i...', Array, true)
#4 C:\xampp\htdocs\fooddelivery\app\Controllers\Admin\Pedidos.php(29): view('Admin/Pedidos/i...', Array)
#5 C:\xampp\htdocs\fooddelivery\system\CodeIgniter.php(832): App\Controllers\Admin\Pedidos->index()
#6 C:\xampp\htdocs\fooddelivery\system\CodeIgniter.php(419): CodeIgniter\CodeIgniter->runController(Object(App\Controllers\Admin\Pedidos))
#7 C:\xampp\htdocs\fooddelivery\system\CodeIgniter.php(326): CodeIgniter\CodeIgniter->handleRequest(NULL, Object(Config\Cache), false)
#8 C:\xampp\htdocs\fooddelivery\public\index.php(37): CodeIgniter\CodeIgniter->run()
#9 C:\xampp\htdocs\fooddelivery\system\Commands\Server\rewrite.php(43): require_once('C:\\xampp\\htdocs...')
#10 {main}
