CRITICAL - 2022-05-14 00:52:34 --> Too few arguments to function App\Controllers\Carrinho::atualizaProduto(), 3 passed in /var/www/html/food/app/Controllers/Carrinho.php on line 123 and exactly 4 expected
#0 /var/www/html/food/app/Controllers/Carrinho.php(123): App\Controllers\Carrinho->atualizaProduto()
#1 /var/www/html/food/system/CodeIgniter.php(832): App\Controllers\Carrinho->adicionar()
#2 /var/www/html/food/system/CodeIgniter.php(419): CodeIgniter\CodeIgniter->runController()
#3 /var/www/html/food/system/CodeIgniter.php(326): CodeIgniter\CodeIgniter->handleRequest()
#4 /var/www/html/food/public/index.php(37): CodeIgniter\CodeIgniter->run()
#5 /var/www/html/food/system/Commands/Server/rewrite.php(43): require_once('/var/www/html/f...')
#6 {main}
CRITICAL - 2022-05-14 01:41:33 --> Call to undefined method App\Models\ProdutoModel::buscaOpcoesProdutosParaCustomizar
#0 /var/www/html/food/app/Controllers/Produto.php(62): CodeIgniter\Model->__call()
#1 /var/www/html/food/system/CodeIgniter.php(832): App\Controllers\Produto->customizar()
#2 /var/www/html/food/system/CodeIgniter.php(419): CodeIgniter\CodeIgniter->runController()
#3 /var/www/html/food/system/CodeIgniter.php(326): CodeIgniter\CodeIgniter->handleRequest()
#4 /var/www/html/food/public/index.php(37): CodeIgniter\CodeIgniter->run()
#5 /var/www/html/food/system/Commands/Server/rewrite.php(43): require_once('/var/www/html/f...')
#6 {main}
ERROR - 2022-05-14 01:42:12 --> Table 'delivery.produtos_especificaoes' doesn't exist
CRITICAL - 2022-05-14 01:42:12 --> Table 'delivery.produtos_especificaoes' doesn't exist
#0 /var/www/html/food/system/Database/MySQLi/Connection.php(292): mysqli->query()
#1 /var/www/html/food/system/Database/BaseConnection.php(670): CodeIgniter\Database\MySQLi\Connection->execute()
#2 /var/www/html/food/system/Database/BaseConnection.php(598): CodeIgniter\Database\BaseConnection->simpleQuery()
#3 /var/www/html/food/system/Database/BaseBuilder.php(1455): CodeIgniter\Database\BaseConnection->query()
#4 /var/www/html/food/system/Model.php(183): CodeIgniter\Database\BaseBuilder->get()
#5 /var/www/html/food/system/BaseModel.php(584): CodeIgniter\Model->doFindAll()
#6 /var/www/html/food/app/Models/ProdutoModel.php(110): CodeIgniter\BaseModel->findAll()
#7 /var/www/html/food/app/Controllers/Produto.php(62): App\Models\ProdutoModel->exibeOpcoesProdutosParaCustomizar()
#8 /var/www/html/food/system/CodeIgniter.php(832): App\Controllers\Produto->customizar()
#9 /var/www/html/food/system/CodeIgniter.php(419): CodeIgniter\CodeIgniter->runController()
#10 /var/www/html/food/system/CodeIgniter.php(326): CodeIgniter\CodeIgniter->handleRequest()
#11 /var/www/html/food/public/index.php(37): CodeIgniter\CodeIgniter->run()
#12 /var/www/html/food/system/Commands/Server/rewrite.php(43): require_once('/var/www/html/f...')
#13 {main}
ERROR - 2022-05-14 01:43:46 --> Unknown column 'produtos_escificacoes.produto_id' in 'on clause'
CRITICAL - 2022-05-14 01:43:46 --> Unknown column 'produtos_escificacoes.produto_id' in 'on clause'
#0 /var/www/html/food/system/Database/MySQLi/Connection.php(292): mysqli->query()
#1 /var/www/html/food/system/Database/BaseConnection.php(670): CodeIgniter\Database\MySQLi\Connection->execute()
#2 /var/www/html/food/system/Database/BaseConnection.php(598): CodeIgniter\Database\BaseConnection->simpleQuery()
#3 /var/www/html/food/system/Database/BaseBuilder.php(1455): CodeIgniter\Database\BaseConnection->query()
#4 /var/www/html/food/system/Model.php(183): CodeIgniter\Database\BaseBuilder->get()
#5 /var/www/html/food/system/BaseModel.php(584): CodeIgniter\Model->doFindAll()
#6 /var/www/html/food/app/Models/ProdutoModel.php(110): CodeIgniter\BaseModel->findAll()
#7 /var/www/html/food/app/Controllers/Produto.php(62): App\Models\ProdutoModel->exibeOpcoesProdutosParaCustomizar()
#8 /var/www/html/food/system/CodeIgniter.php(832): App\Controllers\Produto->customizar()
#9 /var/www/html/food/system/CodeIgniter.php(419): CodeIgniter\CodeIgniter->runController()
#10 /var/www/html/food/system/CodeIgniter.php(326): CodeIgniter\CodeIgniter->handleRequest()
#11 /var/www/html/food/public/index.php(37): CodeIgniter\CodeIgniter->run()
#12 /var/www/html/food/system/Commands/Server/rewrite.php(43): require_once('/var/www/html/f...')
#13 {main}
CRITICAL - 2022-05-14 02:23:20 --> syntax error, unexpected end of file
#0 /var/www/html/food/system/View/View.php(213): CodeIgniter\View\View->CodeIgniter\View\{closure}()
#1 /var/www/html/food/system/Common.php(1089): CodeIgniter\View\View->render()
#2 /var/www/html/food/app/Controllers/Produto.php(65): view()
#3 /var/www/html/food/system/CodeIgniter.php(832): App\Controllers\Produto->customizar()
#4 /var/www/html/food/system/CodeIgniter.php(419): CodeIgniter\CodeIgniter->runController()
#5 /var/www/html/food/system/CodeIgniter.php(326): CodeIgniter\CodeIgniter->handleRequest()
#6 /var/www/html/food/public/index.php(37): CodeIgniter\CodeIgniter->run()
#7 /var/www/html/food/system/Commands/Server/rewrite.php(43): require_once('/var/www/html/f...')
#8 {main}
CRITICAL - 2022-05-14 02:24:28 --> syntax error, unexpected end of file
#0 /var/www/html/food/system/View/View.php(213): CodeIgniter\View\View->CodeIgniter\View\{closure}()
#1 /var/www/html/food/system/Common.php(1089): CodeIgniter\View\View->render()
#2 /var/www/html/food/app/Controllers/Produto.php(65): view()
#3 /var/www/html/food/system/CodeIgniter.php(832): App\Controllers\Produto->customizar()
#4 /var/www/html/food/system/CodeIgniter.php(419): CodeIgniter\CodeIgniter->runController()
#5 /var/www/html/food/system/CodeIgniter.php(326): CodeIgniter\CodeIgniter->handleRequest()
#6 /var/www/html/food/public/index.php(37): CodeIgniter\CodeIgniter->run()
#7 /var/www/html/food/system/Commands/Server/rewrite.php(43): require_once('/var/www/html/f...')
#8 {main}
CRITICAL - 2022-05-14 02:25:39 --> syntax error, unexpected end of file
#0 /var/www/html/food/system/View/View.php(213): CodeIgniter\View\View->CodeIgniter\View\{closure}()
#1 /var/www/html/food/system/Common.php(1089): CodeIgniter\View\View->render()
#2 /var/www/html/food/app/Controllers/Produto.php(65): view()
#3 /var/www/html/food/system/CodeIgniter.php(832): App\Controllers\Produto->customizar()
#4 /var/www/html/food/system/CodeIgniter.php(419): CodeIgniter\CodeIgniter->runController()
#5 /var/www/html/food/system/CodeIgniter.php(326): CodeIgniter\CodeIgniter->handleRequest()
#6 /var/www/html/food/public/index.php(37): CodeIgniter\CodeIgniter->run()
#7 /var/www/html/food/system/Commands/Server/rewrite.php(43): require_once('/var/www/html/f...')
#8 {main}
CRITICAL - 2022-05-14 02:26:11 --> syntax error, unexpected end of file
#0 /var/www/html/food/system/View/View.php(213): CodeIgniter\View\View->CodeIgniter\View\{closure}()
#1 /var/www/html/food/system/Common.php(1089): CodeIgniter\View\View->render()
#2 /var/www/html/food/app/Controllers/Produto.php(65): view()
#3 /var/www/html/food/system/CodeIgniter.php(832): App\Controllers\Produto->customizar()
#4 /var/www/html/food/system/CodeIgniter.php(419): CodeIgniter\CodeIgniter->runController()
#5 /var/www/html/food/system/CodeIgniter.php(326): CodeIgniter\CodeIgniter->handleRequest()
#6 /var/www/html/food/public/index.php(37): CodeIgniter\CodeIgniter->run()
#7 /var/www/html/food/system/Commands/Server/rewrite.php(43): require_once('/var/www/html/f...')
#8 {main}
CRITICAL - 2022-05-14 02:26:13 --> syntax error, unexpected end of file
#0 /var/www/html/food/system/View/View.php(213): CodeIgniter\View\View->CodeIgniter\View\{closure}()
#1 /var/www/html/food/system/Common.php(1089): CodeIgniter\View\View->render()
#2 /var/www/html/food/app/Controllers/Produto.php(65): view()
#3 /var/www/html/food/system/CodeIgniter.php(832): App\Controllers\Produto->customizar()
#4 /var/www/html/food/system/CodeIgniter.php(419): CodeIgniter\CodeIgniter->runController()
#5 /var/www/html/food/system/CodeIgniter.php(326): CodeIgniter\CodeIgniter->handleRequest()
#6 /var/www/html/food/public/index.php(37): CodeIgniter\CodeIgniter->run()
#7 /var/www/html/food/system/Commands/Server/rewrite.php(43): require_once('/var/www/html/f...')
#8 {main}
CRITICAL - 2022-05-14 03:40:02 --> Undefined property: App\Controllers\Produto::$reponse
#0 /var/www/html/food/app/Controllers/Produto.php(91): CodeIgniter\Debug\Exceptions->errorHandler()
#1 /var/www/html/food/system/CodeIgniter.php(832): App\Controllers\Produto->procurar()
#2 /var/www/html/food/system/CodeIgniter.php(419): CodeIgniter\CodeIgniter->runController()
#3 /var/www/html/food/system/CodeIgniter.php(326): CodeIgniter\CodeIgniter->handleRequest()
#4 /var/www/html/food/public/index.php(37): CodeIgniter\CodeIgniter->run()
#5 /var/www/html/food/system/Commands/Server/rewrite.php(43): require_once('/var/www/html/f...')
#6 {main}
CRITICAL - 2022-05-14 16:01:04 --> Undefined property: App\Controllers\Produto::$EspecificacoesModel
#0 /var/www/html/food/app/Controllers/Produto.php(108): CodeIgniter\Debug\Exceptions->errorHandler()
#1 /var/www/html/food/system/CodeIgniter.php(832): App\Controllers\Produto->exibeTamanhos()
#2 /var/www/html/food/system/CodeIgniter.php(419): CodeIgniter\CodeIgniter->runController()
#3 /var/www/html/food/system/CodeIgniter.php(326): CodeIgniter\CodeIgniter->handleRequest()
#4 /var/www/html/food/public/index.php(37): CodeIgniter\CodeIgniter->run()
#5 /var/www/html/food/system/Commands/Server/rewrite.php(43): require_once('/var/www/html/f...')
#6 {main}
CRITICAL - 2022-05-14 16:02:12 --> Undefined property: App\Controllers\Produto::$produtoEspecificacoesModel
#0 /var/www/html/food/app/Controllers/Produto.php(108): CodeIgniter\Debug\Exceptions->errorHandler()
#1 /var/www/html/food/system/CodeIgniter.php(832): App\Controllers\Produto->exibeTamanhos()
#2 /var/www/html/food/system/CodeIgniter.php(419): CodeIgniter\CodeIgniter->runController()
#3 /var/www/html/food/system/CodeIgniter.php(326): CodeIgniter\CodeIgniter->handleRequest()
#4 /var/www/html/food/public/index.php(37): CodeIgniter\CodeIgniter->run()
#5 /var/www/html/food/system/Commands/Server/rewrite.php(43): require_once('/var/www/html/f...')
#6 {main}
CRITICAL - 2022-05-14 16:15:14 --> Undefined variable: extra
#0 /var/www/html/food/app/Entities/Produto.php(23): CodeIgniter\Debug\Exceptions->errorHandler()
#1 /var/www/html/food/app/Controllers/Produto.php(132): App\Entities\Produto->combinaExtrasDosProdutos()
#2 /var/www/html/food/system/CodeIgniter.php(832): App\Controllers\Produto->exibeTamanhos()
#3 /var/www/html/food/system/CodeIgniter.php(419): CodeIgniter\CodeIgniter->runController()
#4 /var/www/html/food/system/CodeIgniter.php(326): CodeIgniter\CodeIgniter->handleRequest()
#5 /var/www/html/food/public/index.php(37): CodeIgniter\CodeIgniter->run()
#6 /var/www/html/food/system/Commands/Server/rewrite.php(43): require_once('/var/www/html/f...')
#7 {main}
CRITICAL - 2022-05-14 16:16:00 --> Undefined variable: array_column
#0 /var/www/html/food/app/Entities/Produto.php(23): CodeIgniter\Debug\Exceptions->errorHandler()
#1 /var/www/html/food/app/Controllers/Produto.php(132): App\Entities\Produto->combinaExtrasDosProdutos()
#2 /var/www/html/food/system/CodeIgniter.php(832): App\Controllers\Produto->exibeTamanhos()
#3 /var/www/html/food/system/CodeIgniter.php(419): CodeIgniter\CodeIgniter->runController()
#4 /var/www/html/food/system/CodeIgniter.php(326): CodeIgniter\CodeIgniter->handleRequest()
#5 /var/www/html/food/public/index.php(37): CodeIgniter\CodeIgniter->run()
#6 /var/www/html/food/system/Commands/Server/rewrite.php(43): require_once('/var/www/html/f...')
#7 {main}
CRITICAL - 2022-05-14 16:16:19 --> Call to undefined function App\Entities\arry_push()
#0 /var/www/html/food/app/Controllers/Produto.php(132): App\Entities\Produto->combinaExtrasDosProdutos()
#1 /var/www/html/food/system/CodeIgniter.php(832): App\Controllers\Produto->exibeTamanhos()
#2 /var/www/html/food/system/CodeIgniter.php(419): CodeIgniter\CodeIgniter->runController()
#3 /var/www/html/food/system/CodeIgniter.php(326): CodeIgniter\CodeIgniter->handleRequest()
#4 /var/www/html/food/public/index.php(37): CodeIgniter\CodeIgniter->run()
#5 /var/www/html/food/system/Commands/Server/rewrite.php(43): require_once('/var/www/html/f...')
#6 {main}
