ERROR - 2022-09-14 18:18:30 --> Error connecting to the database: Access denied for user ''@'localhost' (using password: NO)
CRITICAL - 2022-09-14 18:18:30 --> Unable to connect to the database.
Main connection [MySQLi]: Access denied for user ''@'localhost' (using password: NO)
#0 C:\xampp\htdocs\fooddelivery\system\Database\BaseConnection.php(577): CodeIgniter\Database\BaseConnection->initialize()
#1 C:\xampp\htdocs\fooddelivery\system\Database\BaseBuilder.php(1455): CodeIgniter\Database\BaseConnection->query('SELECT `categor...', Array, false)
#2 C:\xampp\htdocs\fooddelivery\system\Model.php(183): CodeIgniter\Database\BaseBuilder->get()
#3 C:\xampp\htdocs\fooddelivery\system\BaseModel.php(584): CodeIgniter\Model->doFindAll(0, 0)
#4 C:\xampp\htdocs\fooddelivery\app\Models\CategoriaModel.php(76): CodeIgniter\BaseModel->findAll()
#5 C:\xampp\htdocs\fooddelivery\app\Controllers\Home.php(20): App\Models\CategoriaModel->buscaCategoriasWebHome()
#6 C:\xampp\htdocs\fooddelivery\system\CodeIgniter.php(832): App\Controllers\Home->index()
#7 C:\xampp\htdocs\fooddelivery\system\CodeIgniter.php(419): CodeIgniter\CodeIgniter->runController(Object(App\Controllers\Home))
#8 C:\xampp\htdocs\fooddelivery\system\CodeIgniter.php(326): CodeIgniter\CodeIgniter->handleRequest(NULL, Object(Config\Cache), false)
#9 C:\xampp\htdocs\fooddelivery\public\index.php(37): CodeIgniter\CodeIgniter->run()
#10 C:\xampp\htdocs\fooddelivery\system\Commands\Server\rewrite.php(43): require_once('C:\\xampp\\htdocs...')
#11 {main}
ERROR - 2022-09-14 18:18:49 --> Error connecting to the database: Access denied for user ''@'localhost' (using password: NO)
CRITICAL - 2022-09-14 18:18:49 --> Unable to connect to the database.
Main connection [MySQLi]: Access denied for user ''@'localhost' (using password: NO)
#0 C:\xampp\htdocs\fooddelivery\system\Database\BaseConnection.php(577): CodeIgniter\Database\BaseConnection->initialize()
#1 C:\xampp\htdocs\fooddelivery\system\Database\BaseBuilder.php(1455): CodeIgniter\Database\BaseConnection->query('SELECT *\nFROM `...', Array, false)
#2 C:\xampp\htdocs\fooddelivery\system\Model.php(210): CodeIgniter\Database\BaseBuilder->get()
#3 C:\xampp\htdocs\fooddelivery\system\BaseModel.php(622): CodeIgniter\Model->doFirst()
#4 C:\xampp\htdocs\fooddelivery\app\Helpers\empresa_helper.php(19): CodeIgniter\BaseModel->first()
#5 C:\xampp\htdocs\fooddelivery\app\Views\layout\principal_web.php(235): expedienteHoje()
#6 C:\xampp\htdocs\fooddelivery\system\View\View.php(210): include('C:\\xampp\\htdocs...')
#7 C:\xampp\htdocs\fooddelivery\system\View\View.php(213): CodeIgniter\View\View->CodeIgniter\View\{closure}()
#8 C:\xampp\htdocs\fooddelivery\system\View\View.php(226): CodeIgniter\View\View->render('layout/principa...', Array, true)
#9 C:\xampp\htdocs\fooddelivery\system\Common.php(1089): CodeIgniter\View\View->render('Login/novo', Array, true)
#10 C:\xampp\htdocs\fooddelivery\app\Controllers\Login.php(16): view('Login/novo', Array)
#11 C:\xampp\htdocs\fooddelivery\system\CodeIgniter.php(832): App\Controllers\Login->novo()
#12 C:\xampp\htdocs\fooddelivery\system\CodeIgniter.php(419): CodeIgniter\CodeIgniter->runController(Object(App\Controllers\Login))
#13 C:\xampp\htdocs\fooddelivery\system\CodeIgniter.php(326): CodeIgniter\CodeIgniter->handleRequest(NULL, Object(Config\Cache), false)
#14 C:\xampp\htdocs\fooddelivery\public\index.php(37): CodeIgniter\CodeIgniter->run()
#15 C:\xampp\htdocs\fooddelivery\system\Commands\Server\rewrite.php(43): require_once('C:\\xampp\\htdocs...')
#16 {main}
ERROR - 2022-09-14 18:25:51 --> Error connecting to the database: Access denied for user ''@'localhost' (using password: NO)
CRITICAL - 2022-09-14 18:25:51 --> Unable to connect to the database.
Main connection [MySQLi]: Access denied for user ''@'localhost' (using password: NO)
#0 C:\xampp\htdocs\fooddelivery\system\Database\BaseConnection.php(577): CodeIgniter\Database\BaseConnection->initialize()
#1 C:\xampp\htdocs\fooddelivery\system\Database\BaseBuilder.php(1455): CodeIgniter\Database\BaseConnection->query('SELECT *\nFROM `...', Array, false)
#2 C:\xampp\htdocs\fooddelivery\system\Model.php(210): CodeIgniter\Database\BaseBuilder->get()
#3 C:\xampp\htdocs\fooddelivery\system\BaseModel.php(622): CodeIgniter\Model->doFirst()
#4 C:\xampp\htdocs\fooddelivery\app\Helpers\empresa_helper.php(19): CodeIgniter\BaseModel->first()
#5 C:\xampp\htdocs\fooddelivery\app\Views\layout\principal_web.php(235): expedienteHoje()
#6 C:\xampp\htdocs\fooddelivery\system\View\View.php(210): include('C:\\xampp\\htdocs...')
#7 C:\xampp\htdocs\fooddelivery\system\View\View.php(213): CodeIgniter\View\View->CodeIgniter\View\{closure}()
#8 C:\xampp\htdocs\fooddelivery\system\View\View.php(226): CodeIgniter\View\View->render('layout/principa...', Array, true)
#9 C:\xampp\htdocs\fooddelivery\system\Common.php(1089): CodeIgniter\View\View->render('Login/novo', Array, true)
#10 C:\xampp\htdocs\fooddelivery\app\Controllers\Login.php(16): view('Login/novo', Array)
#11 C:\xampp\htdocs\fooddelivery\system\CodeIgniter.php(832): App\Controllers\Login->novo()
#12 C:\xampp\htdocs\fooddelivery\system\CodeIgniter.php(419): CodeIgniter\CodeIgniter->runController(Object(App\Controllers\Login))
#13 C:\xampp\htdocs\fooddelivery\system\CodeIgniter.php(326): CodeIgniter\CodeIgniter->handleRequest(NULL, Object(Config\Cache), false)
#14 C:\xampp\htdocs\fooddelivery\public\index.php(37): CodeIgniter\CodeIgniter->run()
#15 C:\xampp\htdocs\fooddelivery\system\Commands\Server\rewrite.php(43): require_once('C:\\xampp\\htdocs...')
#16 {main}
ERROR - 2022-09-14 18:26:18 --> Error connecting to the database: Access denied for user ''@'localhost' (using password: NO)
CRITICAL - 2022-09-14 18:26:18 --> Unable to connect to the database.
Main connection [MySQLi]: Access denied for user ''@'localhost' (using password: NO)
#0 C:\xampp\htdocs\fooddelivery\system\Database\BaseConnection.php(577): CodeIgniter\Database\BaseConnection->initialize()
#1 C:\xampp\htdocs\fooddelivery\system\Database\BaseBuilder.php(1455): CodeIgniter\Database\BaseConnection->query('SELECT *\nFROM `...', Array, false)
#2 C:\xampp\htdocs\fooddelivery\system\Model.php(210): CodeIgniter\Database\BaseBuilder->get()
#3 C:\xampp\htdocs\fooddelivery\system\BaseModel.php(622): CodeIgniter\Model->doFirst()
#4 C:\xampp\htdocs\fooddelivery\app\Helpers\empresa_helper.php(19): CodeIgniter\BaseModel->first()
#5 C:\xampp\htdocs\fooddelivery\app\Views\layout\principal_web.php(235): expedienteHoje()
#6 C:\xampp\htdocs\fooddelivery\system\View\View.php(210): include('C:\\xampp\\htdocs...')
#7 C:\xampp\htdocs\fooddelivery\system\View\View.php(213): CodeIgniter\View\View->CodeIgniter\View\{closure}()
#8 C:\xampp\htdocs\fooddelivery\system\View\View.php(226): CodeIgniter\View\View->render('layout/principa...', Array, true)
#9 C:\xampp\htdocs\fooddelivery\system\Common.php(1089): CodeIgniter\View\View->render('Login/novo', Array, true)
#10 C:\xampp\htdocs\fooddelivery\app\Controllers\Login.php(16): view('Login/novo', Array)
#11 C:\xampp\htdocs\fooddelivery\system\CodeIgniter.php(832): App\Controllers\Login->novo()
#12 C:\xampp\htdocs\fooddelivery\system\CodeIgniter.php(419): CodeIgniter\CodeIgniter->runController(Object(App\Controllers\Login))
#13 C:\xampp\htdocs\fooddelivery\system\CodeIgniter.php(326): CodeIgniter\CodeIgniter->handleRequest(NULL, Object(Config\Cache), false)
#14 C:\xampp\htdocs\fooddelivery\public\index.php(37): CodeIgniter\CodeIgniter->run()
#15 C:\xampp\htdocs\fooddelivery\system\Commands\Server\rewrite.php(43): require_once('C:\\xampp\\htdocs...')
#16 {main}
ERROR - 2022-09-14 18:35:34 --> Email: sendWithMail throwed mail(): Failed to connect to mailserver at &quot;localhost&quot; port 25, verify your &quot;SMTP&quot; and &quot;smtp_port&quot; setting in php.ini or use ini_set()
ERROR - 2022-09-14 18:36:05 --> Table 'fooddelivery.pedidos' doesn't exist
CRITICAL - 2022-09-14 18:36:05 --> Table 'fooddelivery.pedidos' doesn't exist
#0 C:\xampp\htdocs\fooddelivery\system\Database\MySQLi\Connection.php(292): mysqli->query('SELECT COUNT(*)...', 0)
#1 C:\xampp\htdocs\fooddelivery\system\Database\BaseConnection.php(670): CodeIgniter\Database\MySQLi\Connection->execute('SELECT COUNT(*)...')
#2 C:\xampp\htdocs\fooddelivery\system\Database\BaseConnection.php(598): CodeIgniter\Database\BaseConnection->simpleQuery('SELECT COUNT(*)...')
#3 C:\xampp\htdocs\fooddelivery\system\Database\BaseBuilder.php(1455): CodeIgniter\Database\BaseConnection->query('SELECT COUNT(*)...', Array, false)
#4 C:\xampp\htdocs\fooddelivery\system\Model.php(210): CodeIgniter\Database\BaseBuilder->get()
#5 C:\xampp\htdocs\fooddelivery\system\BaseModel.php(622): CodeIgniter\Model->doFirst()
#6 C:\xampp\htdocs\fooddelivery\app\Models\PedidoModel.php(97): CodeIgniter\BaseModel->first()
#7 C:\xampp\htdocs\fooddelivery\app\Controllers\Admin\Home.php(25): App\Models\PedidoModel->valorPedidosEntregues()
#8 C:\xampp\htdocs\fooddelivery\system\CodeIgniter.php(832): App\Controllers\Admin\Home->index()
#9 C:\xampp\htdocs\fooddelivery\system\CodeIgniter.php(419): CodeIgniter\CodeIgniter->runController(Object(App\Controllers\Admin\Home))
#10 C:\xampp\htdocs\fooddelivery\system\CodeIgniter.php(326): CodeIgniter\CodeIgniter->handleRequest(NULL, Object(Config\Cache), false)
#11 C:\xampp\htdocs\fooddelivery\public\index.php(37): CodeIgniter\CodeIgniter->run()
#12 C:\xampp\htdocs\fooddelivery\system\Commands\Server\rewrite.php(43): require_once('C:\\xampp\\htdocs...')
#13 {main}
ERROR - 2022-09-14 18:40:50 --> Table 'fooddelivery.pedidos' doesn't exist
CRITICAL - 2022-09-14 18:40:50 --> Table 'fooddelivery.pedidos' doesn't exist
#0 C:\xampp\htdocs\fooddelivery\system\Database\MySQLi\Connection.php(292): mysqli->query('SELECT COUNT(*)...', 0)
#1 C:\xampp\htdocs\fooddelivery\system\Database\BaseConnection.php(670): CodeIgniter\Database\MySQLi\Connection->execute('SELECT COUNT(*)...')
#2 C:\xampp\htdocs\fooddelivery\system\Database\BaseConnection.php(598): CodeIgniter\Database\BaseConnection->simpleQuery('SELECT COUNT(*)...')
#3 C:\xampp\htdocs\fooddelivery\system\Database\BaseBuilder.php(1455): CodeIgniter\Database\BaseConnection->query('SELECT COUNT(*)...', Array, false)
#4 C:\xampp\htdocs\fooddelivery\system\Model.php(210): CodeIgniter\Database\BaseBuilder->get()
#5 C:\xampp\htdocs\fooddelivery\system\BaseModel.php(622): CodeIgniter\Model->doFirst()
#6 C:\xampp\htdocs\fooddelivery\app\Models\PedidoModel.php(97): CodeIgniter\BaseModel->first()
#7 C:\xampp\htdocs\fooddelivery\app\Controllers\Admin\Home.php(25): App\Models\PedidoModel->valorPedidosEntregues()
#8 C:\xampp\htdocs\fooddelivery\system\CodeIgniter.php(832): App\Controllers\Admin\Home->index()
#9 C:\xampp\htdocs\fooddelivery\system\CodeIgniter.php(419): CodeIgniter\CodeIgniter->runController(Object(App\Controllers\Admin\Home))
#10 C:\xampp\htdocs\fooddelivery\system\CodeIgniter.php(326): CodeIgniter\CodeIgniter->handleRequest(NULL, Object(Config\Cache), false)
#11 C:\xampp\htdocs\fooddelivery\public\index.php(37): CodeIgniter\CodeIgniter->run()
#12 C:\xampp\htdocs\fooddelivery\system\Commands\Server\rewrite.php(43): require_once('C:\\xampp\\htdocs...')
#13 {main}
