CRITICAL - 2022-05-18 00:34:15 --> Indirect modification of overloaded property App\Entities\Pedido::$usuario has no effect
#0 /var/www/html/food/app/Controllers/Checkout.php(179): CodeIgniter\Debug\Exceptions->errorHandler()
#1 /var/www/html/food/system/CodeIgniter.php(832): App\Controllers\Checkout->processar()
#2 /var/www/html/food/system/CodeIgniter.php(419): CodeIgniter\CodeIgniter->runController()
#3 /var/www/html/food/system/CodeIgniter.php(326): CodeIgniter\CodeIgniter->handleRequest()
#4 /var/www/html/food/public/index.php(37): CodeIgniter\CodeIgniter->run()
#5 /var/www/html/food/system/Commands/Server/rewrite.php(43): require_once('/var/www/html/f...')
#6 {main}
CRITICAL - 2022-05-18 00:34:58 --> Undefined property: App\Controllers\Checkout::$produtoModel
#0 /var/www/html/food/app/Controllers/Checkout.php(180): CodeIgniter\Debug\Exceptions->errorHandler()
#1 /var/www/html/food/system/CodeIgniter.php(832): App\Controllers\Checkout->processar()
#2 /var/www/html/food/system/CodeIgniter.php(419): CodeIgniter\CodeIgniter->runController()
#3 /var/www/html/food/system/CodeIgniter.php(326): CodeIgniter\CodeIgniter->handleRequest()
#4 /var/www/html/food/public/index.php(37): CodeIgniter\CodeIgniter->run()
#5 /var/www/html/food/system/Commands/Server/rewrite.php(43): require_once('/var/www/html/f...')
#6 {main}
CRITICAL - 2022-05-18 01:10:08 --> Undefined variable: exit
#0 /var/www/html/food/app/Controllers/Checkout.php(220): CodeIgniter\Debug\Exceptions->errorHandler()
#1 /var/www/html/food/system/CodeIgniter.php(832): App\Controllers\Checkout->processar()
#2 /var/www/html/food/system/CodeIgniter.php(419): CodeIgniter\CodeIgniter->runController()
#3 /var/www/html/food/system/CodeIgniter.php(326): CodeIgniter\CodeIgniter->handleRequest()
#4 /var/www/html/food/public/index.php(37): CodeIgniter\CodeIgniter->run()
#5 /var/www/html/food/system/Commands/Server/rewrite.php(43): require_once('/var/www/html/f...')
#6 {main}
CRITICAL - 2022-05-18 01:29:58 --> Undefined variable: usuario
#0 /var/www/html/food/app/Controllers/Checkout.php(247): CodeIgniter\Debug\Exceptions->errorHandler()
#1 /var/www/html/food/app/Controllers/Checkout.php(222): App\Controllers\Checkout->enviaEmailPedidoRealizado()
#2 /var/www/html/food/system/CodeIgniter.php(832): App\Controllers\Checkout->processar()
#3 /var/www/html/food/system/CodeIgniter.php(419): CodeIgniter\CodeIgniter->runController()
#4 /var/www/html/food/system/CodeIgniter.php(326): CodeIgniter\CodeIgniter->handleRequest()
#5 /var/www/html/food/public/index.php(37): CodeIgniter\CodeIgniter->run()
#6 /var/www/html/food/system/Commands/Server/rewrite.php(43): require_once('/var/www/html/f...')
#7 {main}
CRITICAL - 2022-05-18 01:34:33 --> Undefined variable: usuario
#0 /var/www/html/food/app/Views/Checkout/pedido_email.php(10): CodeIgniter\Debug\Exceptions->errorHandler()
#1 /var/www/html/food/system/View/View.php(210): include('/var/www/html/f...')
#2 /var/www/html/food/system/View/View.php(213): CodeIgniter\View\View->CodeIgniter\View\{closure}()
#3 /var/www/html/food/system/Common.php(1089): CodeIgniter\View\View->render()
#4 /var/www/html/food/app/Controllers/Checkout.php(251): view()
#5 /var/www/html/food/app/Controllers/Checkout.php(222): App\Controllers\Checkout->enviaEmailPedidoRealizado()
#6 /var/www/html/food/system/CodeIgniter.php(832): App\Controllers\Checkout->processar()
#7 /var/www/html/food/system/CodeIgniter.php(419): CodeIgniter\CodeIgniter->runController()
#8 /var/www/html/food/system/CodeIgniter.php(326): CodeIgniter\CodeIgniter->handleRequest()
#9 /var/www/html/food/public/index.php(37): CodeIgniter\CodeIgniter->run()
#10 /var/www/html/food/system/Commands/Server/rewrite.php(43): require_once('/var/www/html/f...')
#11 {main}
CRITICAL - 2022-05-18 20:03:04 --> Undefined property: App\Controllers\Conta::$pedidoModel
#0 /var/www/html/food/app/Controllers/Conta.php(25): CodeIgniter\Debug\Exceptions->errorHandler()
#1 /var/www/html/food/system/CodeIgniter.php(832): App\Controllers\Conta->index()
#2 /var/www/html/food/system/CodeIgniter.php(419): CodeIgniter\CodeIgniter->runController()
#3 /var/www/html/food/system/CodeIgniter.php(326): CodeIgniter\CodeIgniter->handleRequest()
#4 /var/www/html/food/public/index.php(37): CodeIgniter\CodeIgniter->run()
#5 /var/www/html/food/system/Commands/Server/rewrite.php(43): require_once('/var/www/html/f...')
#6 {main}
ERROR - 2022-05-18 20:03:34 --> Unknown column 'usuario_id' in 'where clause'
CRITICAL - 2022-05-18 20:03:34 --> Unknown column 'usuario_id' in 'where clause'
#0 /var/www/html/food/system/Database/MySQLi/Connection.php(292): mysqli->query()
#1 /var/www/html/food/system/Database/BaseConnection.php(670): CodeIgniter\Database\MySQLi\Connection->execute()
#2 /var/www/html/food/system/Database/BaseConnection.php(598): CodeIgniter\Database\BaseConnection->simpleQuery()
#3 /var/www/html/food/system/Database/BaseBuilder.php(1455): CodeIgniter\Database\BaseConnection->query()
#4 /var/www/html/food/system/Model.php(183): CodeIgniter\Database\BaseBuilder->get()
#5 /var/www/html/food/system/BaseModel.php(584): CodeIgniter\Model->doFindAll()
#6 /var/www/html/food/app/Controllers/Conta.php(25): CodeIgniter\BaseModel->findAll()
#7 /var/www/html/food/system/CodeIgniter.php(832): App\Controllers\Conta->index()
#8 /var/www/html/food/system/CodeIgniter.php(419): CodeIgniter\CodeIgniter->runController()
#9 /var/www/html/food/system/CodeIgniter.php(326): CodeIgniter\CodeIgniter->handleRequest()
#10 /var/www/html/food/public/index.php(37): CodeIgniter\CodeIgniter->run()
#11 /var/www/html/food/system/Commands/Server/rewrite.php(43): require_once('/var/www/html/f...')
#12 {main}
CRITICAL - 2022-05-18 20:21:05 --> Undefined variable: carrinho
#0 /var/www/html/food/app/Views/Conta/index.php(62): CodeIgniter\Debug\Exceptions->errorHandler()
#1 /var/www/html/food/system/View/View.php(210): include('/var/www/html/f...')
#2 /var/www/html/food/system/View/View.php(213): CodeIgniter\View\View->CodeIgniter\View\{closure}()
#3 /var/www/html/food/system/Common.php(1089): CodeIgniter\View\View->render()
#4 /var/www/html/food/app/Controllers/Conta.php(34): view()
#5 /var/www/html/food/system/CodeIgniter.php(832): App\Controllers\Conta->index()
#6 /var/www/html/food/system/CodeIgniter.php(419): CodeIgniter\CodeIgniter->runController()
#7 /var/www/html/food/system/CodeIgniter.php(326): CodeIgniter\CodeIgniter->handleRequest()
#8 /var/www/html/food/public/index.php(37): CodeIgniter\CodeIgniter->run()
#9 /var/www/html/food/system/Commands/Server/rewrite.php(43): require_once('/var/www/html/f...')
#10 {main}
CRITICAL - 2022-05-18 20:21:40 --> Trying to get property 'produtos' of non-object
#0 /var/www/html/food/app/Views/Conta/index.php(62): CodeIgniter\Debug\Exceptions->errorHandler()
#1 /var/www/html/food/system/View/View.php(210): include('/var/www/html/f...')
#2 /var/www/html/food/system/View/View.php(213): CodeIgniter\View\View->CodeIgniter\View\{closure}()
#3 /var/www/html/food/system/Common.php(1089): CodeIgniter\View\View->render()
#4 /var/www/html/food/app/Controllers/Conta.php(34): view()
#5 /var/www/html/food/system/CodeIgniter.php(832): App\Controllers\Conta->index()
#6 /var/www/html/food/system/CodeIgniter.php(419): CodeIgniter\CodeIgniter->runController()
#7 /var/www/html/food/system/CodeIgniter.php(326): CodeIgniter\CodeIgniter->handleRequest()
#8 /var/www/html/food/public/index.php(37): CodeIgniter\CodeIgniter->run()
#9 /var/www/html/food/system/Commands/Server/rewrite.php(43): require_once('/var/www/html/f...')
#10 {main}
CRITICAL - 2022-05-18 20:23:12 --> Undefined variable: subTotal
#0 /var/www/html/food/app/Views/Conta/index.php(69): CodeIgniter\Debug\Exceptions->errorHandler()
#1 /var/www/html/food/system/View/View.php(210): include('/var/www/html/f...')
#2 /var/www/html/food/system/View/View.php(213): CodeIgniter\View\View->CodeIgniter\View\{closure}()
#3 /var/www/html/food/system/Common.php(1089): CodeIgniter\View\View->render()
#4 /var/www/html/food/app/Controllers/Conta.php(34): view()
#5 /var/www/html/food/system/CodeIgniter.php(832): App\Controllers\Conta->index()
#6 /var/www/html/food/system/CodeIgniter.php(419): CodeIgniter\CodeIgniter->runController()
#7 /var/www/html/food/system/CodeIgniter.php(326): CodeIgniter\CodeIgniter->handleRequest()
#8 /var/www/html/food/public/index.php(37): CodeIgniter\CodeIgniter->run()
#9 /var/www/html/food/system/Commands/Server/rewrite.php(43): require_once('/var/www/html/f...')
#10 {main}
CRITICAL - 2022-05-18 20:24:20 --> Undefined variable: total
#0 /var/www/html/food/app/Views/Conta/index.php(76): CodeIgniter\Debug\Exceptions->errorHandler()
#1 /var/www/html/food/system/View/View.php(210): include('/var/www/html/f...')
#2 /var/www/html/food/system/View/View.php(213): CodeIgniter\View\View->CodeIgniter\View\{closure}()
#3 /var/www/html/food/system/Common.php(1089): CodeIgniter\View\View->render()
#4 /var/www/html/food/app/Controllers/Conta.php(34): view()
#5 /var/www/html/food/system/CodeIgniter.php(832): App\Controllers\Conta->index()
#6 /var/www/html/food/system/CodeIgniter.php(419): CodeIgniter\CodeIgniter->runController()
#7 /var/www/html/food/system/CodeIgniter.php(326): CodeIgniter\CodeIgniter->handleRequest()
#8 /var/www/html/food/public/index.php(37): CodeIgniter\CodeIgniter->run()
#9 /var/www/html/food/system/Commands/Server/rewrite.php(43): require_once('/var/www/html/f...')
#10 {main}
CRITICAL - 2022-05-18 20:26:01 --> Undefined variable: produtos
#0 /var/www/html/food/app/Views/Conta/index.php(61): CodeIgniter\Debug\Exceptions->errorHandler()
#1 /var/www/html/food/system/View/View.php(210): include('/var/www/html/f...')
#2 /var/www/html/food/system/View/View.php(213): CodeIgniter\View\View->CodeIgniter\View\{closure}()
#3 /var/www/html/food/system/Common.php(1089): CodeIgniter\View\View->render()
#4 /var/www/html/food/app/Controllers/Conta.php(34): view()
#5 /var/www/html/food/system/CodeIgniter.php(832): App\Controllers\Conta->index()
#6 /var/www/html/food/system/CodeIgniter.php(419): CodeIgniter\CodeIgniter->runController()
#7 /var/www/html/food/system/CodeIgniter.php(326): CodeIgniter\CodeIgniter->handleRequest()
#8 /var/www/html/food/public/index.php(37): CodeIgniter\CodeIgniter->run()
#9 /var/www/html/food/system/Commands/Server/rewrite.php(43): require_once('/var/www/html/f...')
#10 {main}
CRITICAL - 2022-05-18 20:26:46 --> Trying to get property 'produtos' of non-object
#0 /var/www/html/food/app/Views/Conta/index.php(61): CodeIgniter\Debug\Exceptions->errorHandler()
#1 /var/www/html/food/system/View/View.php(210): include('/var/www/html/f...')
#2 /var/www/html/food/system/View/View.php(213): CodeIgniter\View\View->CodeIgniter\View\{closure}()
#3 /var/www/html/food/system/Common.php(1089): CodeIgniter\View\View->render()
#4 /var/www/html/food/app/Controllers/Conta.php(34): view()
#5 /var/www/html/food/system/CodeIgniter.php(832): App\Controllers\Conta->index()
#6 /var/www/html/food/system/CodeIgniter.php(419): CodeIgniter\CodeIgniter->runController()
#7 /var/www/html/food/system/CodeIgniter.php(326): CodeIgniter\CodeIgniter->handleRequest()
#8 /var/www/html/food/public/index.php(37): CodeIgniter\CodeIgniter->run()
#9 /var/www/html/food/system/Commands/Server/rewrite.php(43): require_once('/var/www/html/f...')
#10 {main}
CRITICAL - 2022-05-18 20:28:16 --> Array to string conversion
#0 /var/www/html/food/app/Views/Conta/index.php(61): CodeIgniter\Debug\Exceptions->errorHandler()
#1 /var/www/html/food/system/View/View.php(210): include('/var/www/html/f...')
#2 /var/www/html/food/system/View/View.php(213): CodeIgniter\View\View->CodeIgniter\View\{closure}()
#3 /var/www/html/food/system/Common.php(1089): CodeIgniter\View\View->render()
#4 /var/www/html/food/app/Controllers/Conta.php(34): view()
#5 /var/www/html/food/system/CodeIgniter.php(832): App\Controllers\Conta->index()
#6 /var/www/html/food/system/CodeIgniter.php(419): CodeIgniter\CodeIgniter->runController()
#7 /var/www/html/food/system/CodeIgniter.php(326): CodeIgniter\CodeIgniter->handleRequest()
#8 /var/www/html/food/public/index.php(37): CodeIgniter\CodeIgniter->run()
#9 /var/www/html/food/system/Commands/Server/rewrite.php(43): require_once('/var/www/html/f...')
#10 {main}
CRITICAL - 2022-05-18 20:29:05 --> Array to string conversion
#0 /var/www/html/food/app/Views/Conta/index.php(61): CodeIgniter\Debug\Exceptions->errorHandler()
#1 /var/www/html/food/system/View/View.php(210): include('/var/www/html/f...')
#2 /var/www/html/food/system/View/View.php(213): CodeIgniter\View\View->CodeIgniter\View\{closure}()
#3 /var/www/html/food/system/Common.php(1089): CodeIgniter\View\View->render()
#4 /var/www/html/food/app/Controllers/Conta.php(34): view()
#5 /var/www/html/food/system/CodeIgniter.php(832): App\Controllers\Conta->index()
#6 /var/www/html/food/system/CodeIgniter.php(419): CodeIgniter\CodeIgniter->runController()
#7 /var/www/html/food/system/CodeIgniter.php(326): CodeIgniter\CodeIgniter->handleRequest()
#8 /var/www/html/food/public/index.php(37): CodeIgniter\CodeIgniter->run()
#9 /var/www/html/food/system/Commands/Server/rewrite.php(43): require_once('/var/www/html/f...')
#10 {main}
CRITICAL - 2022-05-18 20:29:06 --> Array to string conversion
#0 /var/www/html/food/app/Views/Conta/index.php(61): CodeIgniter\Debug\Exceptions->errorHandler()
#1 /var/www/html/food/system/View/View.php(210): include('/var/www/html/f...')
#2 /var/www/html/food/system/View/View.php(213): CodeIgniter\View\View->CodeIgniter\View\{closure}()
#3 /var/www/html/food/system/Common.php(1089): CodeIgniter\View\View->render()
#4 /var/www/html/food/app/Controllers/Conta.php(34): view()
#5 /var/www/html/food/system/CodeIgniter.php(832): App\Controllers\Conta->index()
#6 /var/www/html/food/system/CodeIgniter.php(419): CodeIgniter\CodeIgniter->runController()
#7 /var/www/html/food/system/CodeIgniter.php(326): CodeIgniter\CodeIgniter->handleRequest()
#8 /var/www/html/food/public/index.php(37): CodeIgniter\CodeIgniter->run()
#9 /var/www/html/food/system/Commands/Server/rewrite.php(43): require_once('/var/www/html/f...')
#10 {main}
CRITICAL - 2022-05-18 20:29:07 --> Array to string conversion
#0 /var/www/html/food/app/Views/Conta/index.php(61): CodeIgniter\Debug\Exceptions->errorHandler()
#1 /var/www/html/food/system/View/View.php(210): include('/var/www/html/f...')
#2 /var/www/html/food/system/View/View.php(213): CodeIgniter\View\View->CodeIgniter\View\{closure}()
#3 /var/www/html/food/system/Common.php(1089): CodeIgniter\View\View->render()
#4 /var/www/html/food/app/Controllers/Conta.php(34): view()
#5 /var/www/html/food/system/CodeIgniter.php(832): App\Controllers\Conta->index()
#6 /var/www/html/food/system/CodeIgniter.php(419): CodeIgniter\CodeIgniter->runController()
#7 /var/www/html/food/system/CodeIgniter.php(326): CodeIgniter\CodeIgniter->handleRequest()
#8 /var/www/html/food/public/index.php(37): CodeIgniter\CodeIgniter->run()
#9 /var/www/html/food/system/Commands/Server/rewrite.php(43): require_once('/var/www/html/f...')
#10 {main}
CRITICAL - 2022-05-18 20:29:07 --> Array to string conversion
#0 /var/www/html/food/app/Views/Conta/index.php(61): CodeIgniter\Debug\Exceptions->errorHandler()
#1 /var/www/html/food/system/View/View.php(210): include('/var/www/html/f...')
#2 /var/www/html/food/system/View/View.php(213): CodeIgniter\View\View->CodeIgniter\View\{closure}()
#3 /var/www/html/food/system/Common.php(1089): CodeIgniter\View\View->render()
#4 /var/www/html/food/app/Controllers/Conta.php(34): view()
#5 /var/www/html/food/system/CodeIgniter.php(832): App\Controllers\Conta->index()
#6 /var/www/html/food/system/CodeIgniter.php(419): CodeIgniter\CodeIgniter->runController()
#7 /var/www/html/food/system/CodeIgniter.php(326): CodeIgniter\CodeIgniter->handleRequest()
#8 /var/www/html/food/public/index.php(37): CodeIgniter\CodeIgniter->run()
#9 /var/www/html/food/system/Commands/Server/rewrite.php(43): require_once('/var/www/html/f...')
#10 {main}
CRITICAL - 2022-05-18 20:29:07 --> Array to string conversion
#0 /var/www/html/food/app/Views/Conta/index.php(61): CodeIgniter\Debug\Exceptions->errorHandler()
#1 /var/www/html/food/system/View/View.php(210): include('/var/www/html/f...')
#2 /var/www/html/food/system/View/View.php(213): CodeIgniter\View\View->CodeIgniter\View\{closure}()
#3 /var/www/html/food/system/Common.php(1089): CodeIgniter\View\View->render()
#4 /var/www/html/food/app/Controllers/Conta.php(34): view()
#5 /var/www/html/food/system/CodeIgniter.php(832): App\Controllers\Conta->index()
#6 /var/www/html/food/system/CodeIgniter.php(419): CodeIgniter\CodeIgniter->runController()
#7 /var/www/html/food/system/CodeIgniter.php(326): CodeIgniter\CodeIgniter->handleRequest()
#8 /var/www/html/food/public/index.php(37): CodeIgniter\CodeIgniter->run()
#9 /var/www/html/food/system/Commands/Server/rewrite.php(43): require_once('/var/www/html/f...')
#10 {main}
CRITICAL - 2022-05-18 20:29:07 --> Array to string conversion
#0 /var/www/html/food/app/Views/Conta/index.php(61): CodeIgniter\Debug\Exceptions->errorHandler()
#1 /var/www/html/food/system/View/View.php(210): include('/var/www/html/f...')
#2 /var/www/html/food/system/View/View.php(213): CodeIgniter\View\View->CodeIgniter\View\{closure}()
#3 /var/www/html/food/system/Common.php(1089): CodeIgniter\View\View->render()
#4 /var/www/html/food/app/Controllers/Conta.php(34): view()
#5 /var/www/html/food/system/CodeIgniter.php(832): App\Controllers\Conta->index()
#6 /var/www/html/food/system/CodeIgniter.php(419): CodeIgniter\CodeIgniter->runController()
#7 /var/www/html/food/system/CodeIgniter.php(326): CodeIgniter\CodeIgniter->handleRequest()
#8 /var/www/html/food/public/index.php(37): CodeIgniter\CodeIgniter->run()
#9 /var/www/html/food/system/Commands/Server/rewrite.php(43): require_once('/var/www/html/f...')
#10 {main}
CRITICAL - 2022-05-18 20:29:08 --> Array to string conversion
#0 /var/www/html/food/app/Views/Conta/index.php(61): CodeIgniter\Debug\Exceptions->errorHandler()
#1 /var/www/html/food/system/View/View.php(210): include('/var/www/html/f...')
#2 /var/www/html/food/system/View/View.php(213): CodeIgniter\View\View->CodeIgniter\View\{closure}()
#3 /var/www/html/food/system/Common.php(1089): CodeIgniter\View\View->render()
#4 /var/www/html/food/app/Controllers/Conta.php(34): view()
#5 /var/www/html/food/system/CodeIgniter.php(832): App\Controllers\Conta->index()
#6 /var/www/html/food/system/CodeIgniter.php(419): CodeIgniter\CodeIgniter->runController()
#7 /var/www/html/food/system/CodeIgniter.php(326): CodeIgniter\CodeIgniter->handleRequest()
#8 /var/www/html/food/public/index.php(37): CodeIgniter\CodeIgniter->run()
#9 /var/www/html/food/system/Commands/Server/rewrite.php(43): require_once('/var/www/html/f...')
#10 {main}
CRITICAL - 2022-05-18 20:29:08 --> Array to string conversion
#0 /var/www/html/food/app/Views/Conta/index.php(61): CodeIgniter\Debug\Exceptions->errorHandler()
#1 /var/www/html/food/system/View/View.php(210): include('/var/www/html/f...')
#2 /var/www/html/food/system/View/View.php(213): CodeIgniter\View\View->CodeIgniter\View\{closure}()
#3 /var/www/html/food/system/Common.php(1089): CodeIgniter\View\View->render()
#4 /var/www/html/food/app/Controllers/Conta.php(34): view()
#5 /var/www/html/food/system/CodeIgniter.php(832): App\Controllers\Conta->index()
#6 /var/www/html/food/system/CodeIgniter.php(419): CodeIgniter\CodeIgniter->runController()
#7 /var/www/html/food/system/CodeIgniter.php(326): CodeIgniter\CodeIgniter->handleRequest()
#8 /var/www/html/food/public/index.php(37): CodeIgniter\CodeIgniter->run()
#9 /var/www/html/food/system/Commands/Server/rewrite.php(43): require_once('/var/www/html/f...')
#10 {main}
CRITICAL - 2022-05-18 20:29:08 --> Array to string conversion
#0 /var/www/html/food/app/Views/Conta/index.php(61): CodeIgniter\Debug\Exceptions->errorHandler()
#1 /var/www/html/food/system/View/View.php(210): include('/var/www/html/f...')
#2 /var/www/html/food/system/View/View.php(213): CodeIgniter\View\View->CodeIgniter\View\{closure}()
#3 /var/www/html/food/system/Common.php(1089): CodeIgniter\View\View->render()
#4 /var/www/html/food/app/Controllers/Conta.php(34): view()
#5 /var/www/html/food/system/CodeIgniter.php(832): App\Controllers\Conta->index()
#6 /var/www/html/food/system/CodeIgniter.php(419): CodeIgniter\CodeIgniter->runController()
#7 /var/www/html/food/system/CodeIgniter.php(326): CodeIgniter\CodeIgniter->handleRequest()
#8 /var/www/html/food/public/index.php(37): CodeIgniter\CodeIgniter->run()
#9 /var/www/html/food/system/Commands/Server/rewrite.php(43): require_once('/var/www/html/f...')
#10 {main}
CRITICAL - 2022-05-18 20:29:08 --> Array to string conversion
#0 /var/www/html/food/app/Views/Conta/index.php(61): CodeIgniter\Debug\Exceptions->errorHandler()
#1 /var/www/html/food/system/View/View.php(210): include('/var/www/html/f...')
#2 /var/www/html/food/system/View/View.php(213): CodeIgniter\View\View->CodeIgniter\View\{closure}()
#3 /var/www/html/food/system/Common.php(1089): CodeIgniter\View\View->render()
#4 /var/www/html/food/app/Controllers/Conta.php(34): view()
#5 /var/www/html/food/system/CodeIgniter.php(832): App\Controllers\Conta->index()
#6 /var/www/html/food/system/CodeIgniter.php(419): CodeIgniter\CodeIgniter->runController()
#7 /var/www/html/food/system/CodeIgniter.php(326): CodeIgniter\CodeIgniter->handleRequest()
#8 /var/www/html/food/public/index.php(37): CodeIgniter\CodeIgniter->run()
#9 /var/www/html/food/system/Commands/Server/rewrite.php(43): require_once('/var/www/html/f...')
#10 {main}
CRITICAL - 2022-05-18 20:29:08 --> Array to string conversion
#0 /var/www/html/food/app/Views/Conta/index.php(61): CodeIgniter\Debug\Exceptions->errorHandler()
#1 /var/www/html/food/system/View/View.php(210): include('/var/www/html/f...')
#2 /var/www/html/food/system/View/View.php(213): CodeIgniter\View\View->CodeIgniter\View\{closure}()
#3 /var/www/html/food/system/Common.php(1089): CodeIgniter\View\View->render()
#4 /var/www/html/food/app/Controllers/Conta.php(34): view()
#5 /var/www/html/food/system/CodeIgniter.php(832): App\Controllers\Conta->index()
#6 /var/www/html/food/system/CodeIgniter.php(419): CodeIgniter\CodeIgniter->runController()
#7 /var/www/html/food/system/CodeIgniter.php(326): CodeIgniter\CodeIgniter->handleRequest()
#8 /var/www/html/food/public/index.php(37): CodeIgniter\CodeIgniter->run()
#9 /var/www/html/food/system/Commands/Server/rewrite.php(43): require_once('/var/www/html/f...')
#10 {main}
CRITICAL - 2022-05-18 20:29:37 --> Array to string conversion
#0 /var/www/html/food/app/Views/Conta/index.php(61): CodeIgniter\Debug\Exceptions->errorHandler()
#1 /var/www/html/food/system/View/View.php(210): include('/var/www/html/f...')
#2 /var/www/html/food/system/View/View.php(213): CodeIgniter\View\View->CodeIgniter\View\{closure}()
#3 /var/www/html/food/system/Common.php(1089): CodeIgniter\View\View->render()
#4 /var/www/html/food/app/Controllers/Conta.php(34): view()
#5 /var/www/html/food/system/CodeIgniter.php(832): App\Controllers\Conta->index()
#6 /var/www/html/food/system/CodeIgniter.php(419): CodeIgniter\CodeIgniter->runController()
#7 /var/www/html/food/system/CodeIgniter.php(326): CodeIgniter\CodeIgniter->handleRequest()
#8 /var/www/html/food/public/index.php(37): CodeIgniter\CodeIgniter->run()
#9 /var/www/html/food/system/Commands/Server/rewrite.php(43): require_once('/var/www/html/f...')
#10 {main}
CRITICAL - 2022-05-18 20:50:59 --> Call to undefined function expedientes()
#0 /var/www/html/food/system/View/View.php(210): include()
#1 /var/www/html/food/system/View/View.php(213): CodeIgniter\View\View->CodeIgniter\View\{closure}()
#2 /var/www/html/food/system/View/View.php(226): CodeIgniter\View\View->render()
#3 /var/www/html/food/system/Common.php(1089): CodeIgniter\View\View->render()
#4 /var/www/html/food/app/Controllers/Conta.php(34): view()
#5 /var/www/html/food/system/CodeIgniter.php(832): App\Controllers\Conta->index()
#6 /var/www/html/food/system/CodeIgniter.php(419): CodeIgniter\CodeIgniter->runController()
#7 /var/www/html/food/system/CodeIgniter.php(326): CodeIgniter\CodeIgniter->handleRequest()
#8 /var/www/html/food/public/index.php(37): CodeIgniter\CodeIgniter->run()
#9 /var/www/html/food/system/Commands/Server/rewrite.php(43): require_once('/var/www/html/f...')
#10 {main}
CRITICAL - 2022-05-18 20:55:49 --> Call to undefined function expedientes()
#0 /var/www/html/food/system/View/View.php(210): include()
#1 /var/www/html/food/system/View/View.php(213): CodeIgniter\View\View->CodeIgniter\View\{closure}()
#2 /var/www/html/food/system/View/View.php(226): CodeIgniter\View\View->render()
#3 /var/www/html/food/system/Common.php(1089): CodeIgniter\View\View->render()
#4 /var/www/html/food/app/Controllers/Conta.php(34): view()
#5 /var/www/html/food/system/CodeIgniter.php(832): App\Controllers\Conta->index()
#6 /var/www/html/food/system/CodeIgniter.php(419): CodeIgniter\CodeIgniter->runController()
#7 /var/www/html/food/system/CodeIgniter.php(326): CodeIgniter\CodeIgniter->handleRequest()
#8 /var/www/html/food/public/index.php(37): CodeIgniter\CodeIgniter->run()
#9 /var/www/html/food/system/Commands/Server/rewrite.php(43): require_once('/var/www/html/f...')
#10 {main}
CRITICAL - 2022-05-18 20:55:50 --> Call to undefined function expedientes()
#0 /var/www/html/food/system/View/View.php(210): include()
#1 /var/www/html/food/system/View/View.php(213): CodeIgniter\View\View->CodeIgniter\View\{closure}()
#2 /var/www/html/food/system/View/View.php(226): CodeIgniter\View\View->render()
#3 /var/www/html/food/system/Common.php(1089): CodeIgniter\View\View->render()
#4 /var/www/html/food/app/Controllers/Conta.php(34): view()
#5 /var/www/html/food/system/CodeIgniter.php(832): App\Controllers\Conta->index()
#6 /var/www/html/food/system/CodeIgniter.php(419): CodeIgniter\CodeIgniter->runController()
#7 /var/www/html/food/system/CodeIgniter.php(326): CodeIgniter\CodeIgniter->handleRequest()
#8 /var/www/html/food/public/index.php(37): CodeIgniter\CodeIgniter->run()
#9 /var/www/html/food/system/Commands/Server/rewrite.php(43): require_once('/var/www/html/f...')
#10 {main}
CRITICAL - 2022-05-18 20:56:29 --> Call to undefined function expedientes()
#0 /var/www/html/food/system/View/View.php(210): include()
#1 /var/www/html/food/system/View/View.php(213): CodeIgniter\View\View->CodeIgniter\View\{closure}()
#2 /var/www/html/food/system/View/View.php(226): CodeIgniter\View\View->render()
#3 /var/www/html/food/system/Common.php(1089): CodeIgniter\View\View->render()
#4 /var/www/html/food/app/Controllers/Conta.php(34): view()
#5 /var/www/html/food/system/CodeIgniter.php(832): App\Controllers\Conta->index()
#6 /var/www/html/food/system/CodeIgniter.php(419): CodeIgniter\CodeIgniter->runController()
#7 /var/www/html/food/system/CodeIgniter.php(326): CodeIgniter\CodeIgniter->handleRequest()
#8 /var/www/html/food/public/index.php(37): CodeIgniter\CodeIgniter->run()
#9 /var/www/html/food/system/Commands/Server/rewrite.php(43): require_once('/var/www/html/f...')
#10 {main}
CRITICAL - 2022-05-18 20:56:30 --> Call to undefined function expedientes()
#0 /var/www/html/food/system/View/View.php(210): include()
#1 /var/www/html/food/system/View/View.php(213): CodeIgniter\View\View->CodeIgniter\View\{closure}()
#2 /var/www/html/food/system/View/View.php(226): CodeIgniter\View\View->render()
#3 /var/www/html/food/system/Common.php(1089): CodeIgniter\View\View->render()
#4 /var/www/html/food/app/Controllers/Conta.php(34): view()
#5 /var/www/html/food/system/CodeIgniter.php(832): App\Controllers\Conta->index()
#6 /var/www/html/food/system/CodeIgniter.php(419): CodeIgniter\CodeIgniter->runController()
#7 /var/www/html/food/system/CodeIgniter.php(326): CodeIgniter\CodeIgniter->handleRequest()
#8 /var/www/html/food/public/index.php(37): CodeIgniter\CodeIgniter->run()
#9 /var/www/html/food/system/Commands/Server/rewrite.php(43): require_once('/var/www/html/f...')
#10 {main}
CRITICAL - 2022-05-18 20:56:31 --> Call to undefined function expedientes()
#0 /var/www/html/food/system/View/View.php(210): include()
#1 /var/www/html/food/system/View/View.php(213): CodeIgniter\View\View->CodeIgniter\View\{closure}()
#2 /var/www/html/food/system/View/View.php(226): CodeIgniter\View\View->render()
#3 /var/www/html/food/system/Common.php(1089): CodeIgniter\View\View->render()
#4 /var/www/html/food/app/Controllers/Conta.php(34): view()
#5 /var/www/html/food/system/CodeIgniter.php(832): App\Controllers\Conta->index()
#6 /var/www/html/food/system/CodeIgniter.php(419): CodeIgniter\CodeIgniter->runController()
#7 /var/www/html/food/system/CodeIgniter.php(326): CodeIgniter\CodeIgniter->handleRequest()
#8 /var/www/html/food/public/index.php(37): CodeIgniter\CodeIgniter->run()
#9 /var/www/html/food/system/Commands/Server/rewrite.php(43): require_once('/var/www/html/f...')
#10 {main}
CRITICAL - 2022-05-18 21:16:25 --> Call to undefined method stdClass::descricao()
#0 /var/www/html/food/system/View/View.php(210): include()
#1 /var/www/html/food/system/View/View.php(213): CodeIgniter\View\View->CodeIgniter\View\{closure}()
#2 /var/www/html/food/system/View/View.php(226): CodeIgniter\View\View->render()
#3 /var/www/html/food/system/Common.php(1089): CodeIgniter\View\View->render()
#4 /var/www/html/food/app/Controllers/Conta.php(34): view()
#5 /var/www/html/food/system/CodeIgniter.php(832): App\Controllers\Conta->index()
#6 /var/www/html/food/system/CodeIgniter.php(419): CodeIgniter\CodeIgniter->runController()
#7 /var/www/html/food/system/CodeIgniter.php(326): CodeIgniter\CodeIgniter->handleRequest()
#8 /var/www/html/food/public/index.php(37): CodeIgniter\CodeIgniter->run()
#9 /var/www/html/food/system/Commands/Server/rewrite.php(43): require_once('/var/www/html/f...')
#10 {main}
CRITICAL - 2022-05-18 21:27:04 --> Object of class stdClass could not be converted to string
#0 /var/www/html/food/system/View/View.php(210): include()
#1 /var/www/html/food/system/View/View.php(213): CodeIgniter\View\View->CodeIgniter\View\{closure}()
#2 /var/www/html/food/system/View/View.php(226): CodeIgniter\View\View->render()
#3 /var/www/html/food/system/Common.php(1089): CodeIgniter\View\View->render()
#4 /var/www/html/food/app/Controllers/Conta.php(34): view()
#5 /var/www/html/food/system/CodeIgniter.php(832): App\Controllers\Conta->index()
#6 /var/www/html/food/system/CodeIgniter.php(419): CodeIgniter\CodeIgniter->runController()
#7 /var/www/html/food/system/CodeIgniter.php(326): CodeIgniter\CodeIgniter->handleRequest()
#8 /var/www/html/food/public/index.php(37): CodeIgniter\CodeIgniter->run()
#9 /var/www/html/food/system/Commands/Server/rewrite.php(43): require_once('/var/www/html/f...')
#10 {main}
CRITICAL - 2022-05-18 21:59:51 --> Call to undefined function App\Controllers\expedienteHoje()
#0 /var/www/html/food/system/CodeIgniter.php(809): App\Controllers\Carrinho->__construct()
#1 /var/www/html/food/system/CodeIgniter.php(410): CodeIgniter\CodeIgniter->createController()
#2 /var/www/html/food/system/CodeIgniter.php(326): CodeIgniter\CodeIgniter->handleRequest()
#3 /var/www/html/food/public/index.php(37): CodeIgniter\CodeIgniter->run()
#4 /var/www/html/food/system/Commands/Server/rewrite.php(43): require_once('/var/www/html/f...')
#5 {main}
CRITICAL - 2022-05-18 22:03:26 --> Call to undefined function App\Controllers\expedienteHoje()
#0 /var/www/html/food/app/Controllers/Carrinho.php(33): App\Controllers\Carrinho->recuperaExpedienteHoje()
#1 /var/www/html/food/system/CodeIgniter.php(809): App\Controllers\Carrinho->__construct()
#2 /var/www/html/food/system/CodeIgniter.php(410): CodeIgniter\CodeIgniter->createController()
#3 /var/www/html/food/system/CodeIgniter.php(326): CodeIgniter\CodeIgniter->handleRequest()
#4 /var/www/html/food/public/index.php(37): CodeIgniter\CodeIgniter->run()
#5 /var/www/html/food/system/Commands/Server/rewrite.php(43): require_once('/var/www/html/f...')
#6 {main}
CRITICAL - 2022-05-18 22:12:28 --> Undefined property: stdClass::$descricao
#0 /var/www/html/food/app/Controllers/Carrinho.php(58): CodeIgniter\Debug\Exceptions->errorHandler()
#1 /var/www/html/food/system/CodeIgniter.php(832): App\Controllers\Carrinho->adicionar()
#2 /var/www/html/food/system/CodeIgniter.php(419): CodeIgniter\CodeIgniter->runController()
#3 /var/www/html/food/system/CodeIgniter.php(326): CodeIgniter\CodeIgniter->handleRequest()
#4 /var/www/html/food/public/index.php(37): CodeIgniter\CodeIgniter->run()
#5 /var/www/html/food/system/Commands/Server/rewrite.php(43): require_once('/var/www/html/f...')
#6 {main}
