ERROR - 2022-11-18 01:22:59 --> Error connecting to the database: Nenhuma conexão pôde ser feita porque a máquina de destino as recusou ativamente.

CRITICAL - 2022-11-18 01:22:59 --> Unable to connect to the database.
Main connection [MySQLi]: Nenhuma conexão pôde ser feita porque a máquina de destino as recusou ativamente.

#0 C:\xampp\htdocs\fooddelivery\system\Database\BaseConnection.php(577): CodeIgniter\Database\BaseConnection->initialize()
#1 C:\xampp\htdocs\fooddelivery\system\Database\BaseBuilder.php(1455): CodeIgniter\Database\BaseConnection->query('SELECT *\nFROM `...', Array, false)
#2 C:\xampp\htdocs\fooddelivery\system\Model.php(142): CodeIgniter\Database\BaseBuilder->get()
#3 C:\xampp\htdocs\fooddelivery\system\BaseModel.php(523): CodeIgniter\Model->doFind(true, '1')
#4 C:\xampp\htdocs\fooddelivery\app\Libraries\Autenticacao.php(81): CodeIgniter\BaseModel->find('1')
#5 C:\xampp\htdocs\fooddelivery\app\Libraries\Autenticacao.php(51): App\Libraries\Autenticacao->pegaUsuarioDaSessao()
#6 C:\xampp\htdocs\fooddelivery\app\Libraries\Autenticacao.php(67): App\Libraries\Autenticacao->pegaUsuarioLogado()
#7 C:\xampp\htdocs\fooddelivery\app\Filters\LoginFilter.php(28): App\Libraries\Autenticacao->estaLogado()
#8 C:\xampp\htdocs\fooddelivery\system\Filters\Filters.php(173): App\Filters\LoginFilter->before(Object(CodeIgniter\HTTP\IncomingRequest), NULL)
#9 C:\xampp\htdocs\fooddelivery\system\CodeIgniter.php(393): CodeIgniter\Filters\Filters->run('admin/home', 'before')
#10 C:\xampp\htdocs\fooddelivery\system\CodeIgniter.php(326): CodeIgniter\CodeIgniter->handleRequest(NULL, Object(Config\Cache), false)
#11 C:\xampp\htdocs\fooddelivery\public\index.php(37): CodeIgniter\CodeIgniter->run()
#12 C:\xampp\htdocs\fooddelivery\system\Commands\Server\rewrite.php(43): require_once('C:\\xampp\\htdocs...')
#13 {main}
ERROR - 2022-11-18 01:42:38 --> Table 'foodbd.usuarios' doesn't exist in engine
CRITICAL - 2022-11-18 01:42:38 --> Table 'foodbd.usuarios' doesn't exist in engine
#0 C:\xampp\htdocs\fooddelivery\system\Database\MySQLi\Connection.php(292): mysqli->query('SELECT *\nFROM `...', 0)
#1 C:\xampp\htdocs\fooddelivery\system\Database\BaseConnection.php(670): CodeIgniter\Database\MySQLi\Connection->execute('SELECT *\nFROM `...')
#2 C:\xampp\htdocs\fooddelivery\system\Database\BaseConnection.php(598): CodeIgniter\Database\BaseConnection->simpleQuery('SELECT *\nFROM `...')
#3 C:\xampp\htdocs\fooddelivery\system\Database\BaseBuilder.php(1455): CodeIgniter\Database\BaseConnection->query('SELECT *\nFROM `...', Array, false)
#4 C:\xampp\htdocs\fooddelivery\system\Model.php(142): CodeIgniter\Database\BaseBuilder->get()
#5 C:\xampp\htdocs\fooddelivery\system\BaseModel.php(523): CodeIgniter\Model->doFind(true, '1')
#6 C:\xampp\htdocs\fooddelivery\app\Libraries\Autenticacao.php(81): CodeIgniter\BaseModel->find('1')
#7 C:\xampp\htdocs\fooddelivery\app\Libraries\Autenticacao.php(51): App\Libraries\Autenticacao->pegaUsuarioDaSessao()
#8 C:\xampp\htdocs\fooddelivery\app\Libraries\Autenticacao.php(67): App\Libraries\Autenticacao->pegaUsuarioLogado()
#9 C:\xampp\htdocs\fooddelivery\app\Filters\LoginFilter.php(28): App\Libraries\Autenticacao->estaLogado()
#10 C:\xampp\htdocs\fooddelivery\system\Filters\Filters.php(173): App\Filters\LoginFilter->before(Object(CodeIgniter\HTTP\IncomingRequest), NULL)
#11 C:\xampp\htdocs\fooddelivery\system\CodeIgniter.php(393): CodeIgniter\Filters\Filters->run('admin/home', 'before')
#12 C:\xampp\htdocs\fooddelivery\system\CodeIgniter.php(326): CodeIgniter\CodeIgniter->handleRequest(NULL, Object(Config\Cache), false)
#13 C:\xampp\htdocs\fooddelivery\public\index.php(37): CodeIgniter\CodeIgniter->run()
#14 C:\xampp\htdocs\fooddelivery\system\Commands\Server\rewrite.php(43): require_once('C:\\xampp\\htdocs...')
#15 {main}
ERROR - 2022-11-18 01:54:18 --> Table 'foodbd.usuarios' doesn't exist in engine
CRITICAL - 2022-11-18 01:54:18 --> Table 'foodbd.usuarios' doesn't exist in engine
#0 C:\xampp\htdocs\fooddelivery\system\Database\MySQLi\Connection.php(292): mysqli->query('SELECT *\nFROM `...', 0)
#1 C:\xampp\htdocs\fooddelivery\system\Database\BaseConnection.php(670): CodeIgniter\Database\MySQLi\Connection->execute('SELECT *\nFROM `...')
#2 C:\xampp\htdocs\fooddelivery\system\Database\BaseConnection.php(598): CodeIgniter\Database\BaseConnection->simpleQuery('SELECT *\nFROM `...')
#3 C:\xampp\htdocs\fooddelivery\system\Database\BaseBuilder.php(1455): CodeIgniter\Database\BaseConnection->query('SELECT *\nFROM `...', Array, false)
#4 C:\xampp\htdocs\fooddelivery\system\Model.php(142): CodeIgniter\Database\BaseBuilder->get()
#5 C:\xampp\htdocs\fooddelivery\system\BaseModel.php(523): CodeIgniter\Model->doFind(true, '1')
#6 C:\xampp\htdocs\fooddelivery\app\Libraries\Autenticacao.php(81): CodeIgniter\BaseModel->find('1')
#7 C:\xampp\htdocs\fooddelivery\app\Libraries\Autenticacao.php(51): App\Libraries\Autenticacao->pegaUsuarioDaSessao()
#8 C:\xampp\htdocs\fooddelivery\app\Libraries\Autenticacao.php(67): App\Libraries\Autenticacao->pegaUsuarioLogado()
#9 C:\xampp\htdocs\fooddelivery\app\Filters\LoginFilter.php(28): App\Libraries\Autenticacao->estaLogado()
#10 C:\xampp\htdocs\fooddelivery\system\Filters\Filters.php(173): App\Filters\LoginFilter->before(Object(CodeIgniter\HTTP\IncomingRequest), NULL)
#11 C:\xampp\htdocs\fooddelivery\system\CodeIgniter.php(393): CodeIgniter\Filters\Filters->run('admin/home', 'before')
#12 C:\xampp\htdocs\fooddelivery\system\CodeIgniter.php(326): CodeIgniter\CodeIgniter->handleRequest(NULL, Object(Config\Cache), false)
#13 C:\xampp\htdocs\fooddelivery\public\index.php(37): CodeIgniter\CodeIgniter->run()
#14 C:\xampp\htdocs\fooddelivery\system\Commands\Server\rewrite.php(43): require_once('C:\\xampp\\htdocs...')
#15 {main}
ERROR - 2022-11-18 01:56:40 --> Table 'foodbd.usuarios' doesn't exist in engine
CRITICAL - 2022-11-18 01:56:40 --> Table 'foodbd.usuarios' doesn't exist in engine
#0 C:\xampp\htdocs\fooddelivery\system\Database\MySQLi\Connection.php(292): mysqli->query('SELECT *\nFROM `...', 0)
#1 C:\xampp\htdocs\fooddelivery\system\Database\BaseConnection.php(670): CodeIgniter\Database\MySQLi\Connection->execute('SELECT *\nFROM `...')
#2 C:\xampp\htdocs\fooddelivery\system\Database\BaseConnection.php(598): CodeIgniter\Database\BaseConnection->simpleQuery('SELECT *\nFROM `...')
#3 C:\xampp\htdocs\fooddelivery\system\Database\BaseBuilder.php(1455): CodeIgniter\Database\BaseConnection->query('SELECT *\nFROM `...', Array, false)
#4 C:\xampp\htdocs\fooddelivery\system\Model.php(142): CodeIgniter\Database\BaseBuilder->get()
#5 C:\xampp\htdocs\fooddelivery\system\BaseModel.php(523): CodeIgniter\Model->doFind(true, '1')
#6 C:\xampp\htdocs\fooddelivery\app\Libraries\Autenticacao.php(81): CodeIgniter\BaseModel->find('1')
#7 C:\xampp\htdocs\fooddelivery\app\Libraries\Autenticacao.php(51): App\Libraries\Autenticacao->pegaUsuarioDaSessao()
#8 C:\xampp\htdocs\fooddelivery\app\Libraries\Autenticacao.php(67): App\Libraries\Autenticacao->pegaUsuarioLogado()
#9 C:\xampp\htdocs\fooddelivery\app\Filters\LoginFilter.php(28): App\Libraries\Autenticacao->estaLogado()
#10 C:\xampp\htdocs\fooddelivery\system\Filters\Filters.php(173): App\Filters\LoginFilter->before(Object(CodeIgniter\HTTP\IncomingRequest), NULL)
#11 C:\xampp\htdocs\fooddelivery\system\CodeIgniter.php(393): CodeIgniter\Filters\Filters->run('admin/home', 'before')
#12 C:\xampp\htdocs\fooddelivery\system\CodeIgniter.php(326): CodeIgniter\CodeIgniter->handleRequest(NULL, Object(Config\Cache), false)
#13 C:\xampp\htdocs\fooddelivery\public\index.php(37): CodeIgniter\CodeIgniter->run()
#14 C:\xampp\htdocs\fooddelivery\system\Commands\Server\rewrite.php(43): require_once('C:\\xampp\\htdocs...')
#15 {main}
