ERROR - 2023-03-04 13:22:17 --> Error connecting to the database: Access denied for user ''@'localhost' (using password: YES)
CRITICAL - 2023-03-04 13:22:17 --> Unable to connect to the database.
Main connection [MySQLi]: Access denied for user ''@'localhost' (using password: YES)
#0 /var/www/html/fooddelivery/system/Database/BaseConnection.php(577): CodeIgniter\Database\BaseConnection->initialize()
#1 /var/www/html/fooddelivery/system/Database/BaseBuilder.php(1455): CodeIgniter\Database\BaseConnection->query()
#2 /var/www/html/fooddelivery/system/Model.php(183): CodeIgniter\Database\BaseBuilder->get()
#3 /var/www/html/fooddelivery/system/BaseModel.php(584): CodeIgniter\Model->doFindAll()
#4 /var/www/html/fooddelivery/app/Models/CategoriaModel.php(76): CodeIgniter\BaseModel->findAll()
#5 /var/www/html/fooddelivery/app/Controllers/Home.php(20): App\Models\CategoriaModel->buscaCategoriasWebHome()
#6 /var/www/html/fooddelivery/system/CodeIgniter.php(832): App\Controllers\Home->index()
#7 /var/www/html/fooddelivery/system/CodeIgniter.php(419): CodeIgniter\CodeIgniter->runController()
#8 /var/www/html/fooddelivery/system/CodeIgniter.php(326): CodeIgniter\CodeIgniter->handleRequest()
#9 /var/www/html/fooddelivery/public/index.php(37): CodeIgniter\CodeIgniter->run()
#10 /var/www/html/fooddelivery/system/Commands/Server/rewrite.php(43): require_once('...')
#11 {main}
ERROR - 2023-03-04 13:22:29 --> Error connecting to the database: Access denied for user ''@'localhost' (using password: YES)
CRITICAL - 2023-03-04 13:22:29 --> Unable to connect to the database.
Main connection [MySQLi]: Access denied for user ''@'localhost' (using password: YES)
#0 /var/www/html/fooddelivery/system/Database/BaseConnection.php(577): CodeIgniter\Database\BaseConnection->initialize()
#1 /var/www/html/fooddelivery/system/Database/BaseBuilder.php(1455): CodeIgniter\Database\BaseConnection->query()
#2 /var/www/html/fooddelivery/system/Model.php(210): CodeIgniter\Database\BaseBuilder->get()
#3 /var/www/html/fooddelivery/system/BaseModel.php(622): CodeIgniter\Model->doFirst()
#4 /var/www/html/fooddelivery/app/Helpers/empresa_helper.php(19): CodeIgniter\BaseModel->first()
#5 /var/www/html/fooddelivery/app/Views/layout/principal_web.php(235): expedienteHoje()
#6 /var/www/html/fooddelivery/system/View/View.php(210): include('...')
#7 /var/www/html/fooddelivery/system/View/View.php(213): CodeIgniter\View\View->CodeIgniter\View\{closure}()
#8 /var/www/html/fooddelivery/system/View/View.php(226): CodeIgniter\View\View->render()
#9 /var/www/html/fooddelivery/system/Common.php(1089): CodeIgniter\View\View->render()
#10 /var/www/html/fooddelivery/app/Controllers/Login.php(16): view()
#11 /var/www/html/fooddelivery/system/CodeIgniter.php(832): App\Controllers\Login->novo()
#12 /var/www/html/fooddelivery/system/CodeIgniter.php(419): CodeIgniter\CodeIgniter->runController()
#13 /var/www/html/fooddelivery/system/CodeIgniter.php(326): CodeIgniter\CodeIgniter->handleRequest()
#14 /var/www/html/fooddelivery/public/index.php(37): CodeIgniter\CodeIgniter->run()
#15 /var/www/html/fooddelivery/system/Commands/Server/rewrite.php(43): require_once('...')
#16 {main}
ERROR - 2023-03-04 13:22:36 --> Error connecting to the database: Access denied for user ''@'localhost' (using password: YES)
CRITICAL - 2023-03-04 13:22:36 --> Unable to connect to the database.
Main connection [MySQLi]: Access denied for user ''@'localhost' (using password: YES)
#0 /var/www/html/fooddelivery/system/Database/BaseConnection.php(577): CodeIgniter\Database\BaseConnection->initialize()
#1 /var/www/html/fooddelivery/system/Database/BaseBuilder.php(1455): CodeIgniter\Database\BaseConnection->query()
#2 /var/www/html/fooddelivery/system/Model.php(210): CodeIgniter\Database\BaseBuilder->get()
#3 /var/www/html/fooddelivery/system/BaseModel.php(622): CodeIgniter\Model->doFirst()
#4 /var/www/html/fooddelivery/app/Helpers/empresa_helper.php(19): CodeIgniter\BaseModel->first()
#5 /var/www/html/fooddelivery/app/Views/layout/principal_web.php(235): expedienteHoje()
#6 /var/www/html/fooddelivery/system/View/View.php(210): include('...')
#7 /var/www/html/fooddelivery/system/View/View.php(213): CodeIgniter\View\View->CodeIgniter\View\{closure}()
#8 /var/www/html/fooddelivery/system/View/View.php(226): CodeIgniter\View\View->render()
#9 /var/www/html/fooddelivery/system/Common.php(1089): CodeIgniter\View\View->render()
#10 /var/www/html/fooddelivery/app/Controllers/Login.php(16): view()
#11 /var/www/html/fooddelivery/system/CodeIgniter.php(832): App\Controllers\Login->novo()
#12 /var/www/html/fooddelivery/system/CodeIgniter.php(419): CodeIgniter\CodeIgniter->runController()
#13 /var/www/html/fooddelivery/system/CodeIgniter.php(326): CodeIgniter\CodeIgniter->handleRequest()
#14 /var/www/html/fooddelivery/public/index.php(37): CodeIgniter\CodeIgniter->run()
#15 /var/www/html/fooddelivery/system/Commands/Server/rewrite.php(43): require_once('...')
#16 {main}
ERROR - 2023-03-04 13:25:35 --> Error connecting to the database: Access denied for user '****'@'localhost' (using password: NO)
CRITICAL - 2023-03-04 13:25:35 --> Unable to connect to the database.
Main connection [MySQLi]: Access denied for user '****'@'localhost' (using password: NO)
#0 /var/www/html/fooddelivery/system/Database/BaseConnection.php(577): CodeIgniter\Database\BaseConnection->initialize()
#1 /var/www/html/fooddelivery/system/Database/BaseBuilder.php(1455): CodeIgniter\Database\BaseConnection->query()
#2 /var/www/html/fooddelivery/system/Model.php(210): CodeIgniter\Database\BaseBuilder->get()
#3 /var/www/html/fooddelivery/system/BaseModel.php(622): CodeIgniter\Model->doFirst()
#4 /var/www/html/fooddelivery/app/Helpers/empresa_helper.php(19): CodeIgniter\BaseModel->first()
#5 /var/www/html/fooddelivery/app/Views/layout/principal_web.php(235): expedienteHoje()
#6 /var/www/html/fooddelivery/system/View/View.php(210): include('...')
#7 /var/www/html/fooddelivery/system/View/View.php(213): CodeIgniter\View\View->CodeIgniter\View\{closure}()
#8 /var/www/html/fooddelivery/system/View/View.php(226): CodeIgniter\View\View->render()
#9 /var/www/html/fooddelivery/system/Common.php(1089): CodeIgniter\View\View->render()
#10 /var/www/html/fooddelivery/app/Controllers/Login.php(16): view()
#11 /var/www/html/fooddelivery/system/CodeIgniter.php(832): App\Controllers\Login->novo()
#12 /var/www/html/fooddelivery/system/CodeIgniter.php(419): CodeIgniter\CodeIgniter->runController()
#13 /var/www/html/fooddelivery/system/CodeIgniter.php(326): CodeIgniter\CodeIgniter->handleRequest()
#14 /var/www/html/fooddelivery/public/index.php(37): CodeIgniter\CodeIgniter->run()
#15 /var/www/html/fooddelivery/system/Commands/Server/rewrite.php(43): require_once('...')
#16 {main}
ERROR - 2023-03-04 13:25:37 --> Error connecting to the database: Access denied for user '****'@'localhost' (using password: NO)
CRITICAL - 2023-03-04 13:25:37 --> Unable to connect to the database.
Main connection [MySQLi]: Access denied for user '****'@'localhost' (using password: NO)
#0 /var/www/html/fooddelivery/system/Database/BaseConnection.php(577): CodeIgniter\Database\BaseConnection->initialize()
#1 /var/www/html/fooddelivery/system/Database/BaseBuilder.php(1455): CodeIgniter\Database\BaseConnection->query()
#2 /var/www/html/fooddelivery/system/Model.php(210): CodeIgniter\Database\BaseBuilder->get()
#3 /var/www/html/fooddelivery/system/BaseModel.php(622): CodeIgniter\Model->doFirst()
#4 /var/www/html/fooddelivery/app/Helpers/empresa_helper.php(19): CodeIgniter\BaseModel->first()
#5 /var/www/html/fooddelivery/app/Views/layout/principal_web.php(235): expedienteHoje()
#6 /var/www/html/fooddelivery/system/View/View.php(210): include('...')
#7 /var/www/html/fooddelivery/system/View/View.php(213): CodeIgniter\View\View->CodeIgniter\View\{closure}()
#8 /var/www/html/fooddelivery/system/View/View.php(226): CodeIgniter\View\View->render()
#9 /var/www/html/fooddelivery/system/Common.php(1089): CodeIgniter\View\View->render()
#10 /var/www/html/fooddelivery/app/Controllers/Login.php(16): view()
#11 /var/www/html/fooddelivery/system/CodeIgniter.php(832): App\Controllers\Login->novo()
#12 /var/www/html/fooddelivery/system/CodeIgniter.php(419): CodeIgniter\CodeIgniter->runController()
#13 /var/www/html/fooddelivery/system/CodeIgniter.php(326): CodeIgniter\CodeIgniter->handleRequest()
#14 /var/www/html/fooddelivery/public/index.php(37): CodeIgniter\CodeIgniter->run()
#15 /var/www/html/fooddelivery/system/Commands/Server/rewrite.php(43): require_once('...')
#16 {main}
ERROR - 2023-03-04 13:27:09 --> Expression #2 of SELECT list is not in GROUP BY clause and contains nonaggregated column 'delivery.pedidos_produtos.quantidade' which is not functionally dependent on columns in GROUP BY clause; this is incompatible with sql_mode=only_full_group_by
CRITICAL - 2023-03-04 13:27:09 --> Call to a member function getResult() on bool
#0 /var/www/html/fooddelivery/system/BaseModel.php(523): CodeIgniter\Model->doFind()
#1 /var/www/html/fooddelivery/app/Models/PedidoProdutoModel.php(19): CodeIgniter\BaseModel->find()
#2 /var/www/html/fooddelivery/app/Controllers/Admin/Home.php(29): App\Models\PedidoProdutoModel->recuperaProdutosMaisVendidos()
#3 /var/www/html/fooddelivery/system/CodeIgniter.php(832): App\Controllers\Admin\Home->index()
#4 /var/www/html/fooddelivery/system/CodeIgniter.php(419): CodeIgniter\CodeIgniter->runController()
#5 /var/www/html/fooddelivery/system/CodeIgniter.php(326): CodeIgniter\CodeIgniter->handleRequest()
#6 /var/www/html/fooddelivery/public/index.php(37): CodeIgniter\CodeIgniter->run()
#7 /var/www/html/fooddelivery/system/Commands/Server/rewrite.php(43): require_once('...')
#8 {main}
ERROR - 2023-03-04 13:27:16 --> Expression #2 of SELECT list is not in GROUP BY clause and contains nonaggregated column 'delivery.pedidos_produtos.quantidade' which is not functionally dependent on columns in GROUP BY clause; this is incompatible with sql_mode=only_full_group_by
CRITICAL - 2023-03-04 13:27:16 --> Call to a member function getResult() on bool
#0 /var/www/html/fooddelivery/system/BaseModel.php(523): CodeIgniter\Model->doFind()
#1 /var/www/html/fooddelivery/app/Models/PedidoProdutoModel.php(19): CodeIgniter\BaseModel->find()
#2 /var/www/html/fooddelivery/app/Controllers/Admin/Home.php(29): App\Models\PedidoProdutoModel->recuperaProdutosMaisVendidos()
#3 /var/www/html/fooddelivery/system/CodeIgniter.php(832): App\Controllers\Admin\Home->index()
#4 /var/www/html/fooddelivery/system/CodeIgniter.php(419): CodeIgniter\CodeIgniter->runController()
#5 /var/www/html/fooddelivery/system/CodeIgniter.php(326): CodeIgniter\CodeIgniter->handleRequest()
#6 /var/www/html/fooddelivery/public/index.php(37): CodeIgniter\CodeIgniter->run()
#7 /var/www/html/fooddelivery/system/Commands/Server/rewrite.php(43): require_once('...')
#8 {main}
ERROR - 2023-03-04 13:27:45 --> Expression #2 of SELECT list is not in GROUP BY clause and contains nonaggregated column 'delivery.pedidos_produtos.quantidade' which is not functionally dependent on columns in GROUP BY clause; this is incompatible with sql_mode=only_full_group_by
CRITICAL - 2023-03-04 13:27:45 --> Call to a member function getResult() on bool
#0 /var/www/html/fooddelivery/system/BaseModel.php(523): CodeIgniter\Model->doFind()
#1 /var/www/html/fooddelivery/app/Models/PedidoProdutoModel.php(19): CodeIgniter\BaseModel->find()
#2 /var/www/html/fooddelivery/app/Controllers/Admin/Home.php(29): App\Models\PedidoProdutoModel->recuperaProdutosMaisVendidos()
#3 /var/www/html/fooddelivery/system/CodeIgniter.php(832): App\Controllers\Admin\Home->index()
#4 /var/www/html/fooddelivery/system/CodeIgniter.php(419): CodeIgniter\CodeIgniter->runController()
#5 /var/www/html/fooddelivery/system/CodeIgniter.php(326): CodeIgniter\CodeIgniter->handleRequest()
#6 /var/www/html/fooddelivery/public/index.php(37): CodeIgniter\CodeIgniter->run()
#7 /var/www/html/fooddelivery/system/Commands/Server/rewrite.php(43): require_once('...')
#8 {main}
ERROR - 2023-03-04 13:31:31 --> Expression #2 of SELECT list is not in GROUP BY clause and contains nonaggregated column 'delivery.pedidos_produtos.quantidade' which is not functionally dependent on columns in GROUP BY clause; this is incompatible with sql_mode=only_full_group_by
CRITICAL - 2023-03-04 13:31:31 --> Expression #2 of SELECT list is not in GROUP BY clause and contains nonaggregated column 'delivery.pedidos_produtos.quantidade' which is not functionally dependent on columns in GROUP BY clause; this is incompatible with sql_mode=only_full_group_by
#0 /var/www/html/fooddelivery/system/Database/MySQLi/Connection.php(292): mysqli->query()
#1 /var/www/html/fooddelivery/system/Database/BaseConnection.php(670): CodeIgniter\Database\MySQLi\Connection->execute()
#2 /var/www/html/fooddelivery/system/Database/BaseConnection.php(598): CodeIgniter\Database\BaseConnection->simpleQuery()
#3 /var/www/html/fooddelivery/system/Database/BaseBuilder.php(1455): CodeIgniter\Database\BaseConnection->query()
#4 /var/www/html/fooddelivery/system/Model.php(145): CodeIgniter\Database\BaseBuilder->get()
#5 /var/www/html/fooddelivery/system/BaseModel.php(523): CodeIgniter\Model->doFind()
#6 /var/www/html/fooddelivery/app/Models/PedidoProdutoModel.php(19): CodeIgniter\BaseModel->find()
#7 /var/www/html/fooddelivery/app/Controllers/Admin/Home.php(29): App\Models\PedidoProdutoModel->recuperaProdutosMaisVendidos()
#8 /var/www/html/fooddelivery/system/CodeIgniter.php(832): App\Controllers\Admin\Home->index()
#9 /var/www/html/fooddelivery/system/CodeIgniter.php(419): CodeIgniter\CodeIgniter->runController()
#10 /var/www/html/fooddelivery/system/CodeIgniter.php(326): CodeIgniter\CodeIgniter->handleRequest()
#11 /var/www/html/fooddelivery/public/index.php(37): CodeIgniter\CodeIgniter->run()
#12 /var/www/html/fooddelivery/system/Commands/Server/rewrite.php(43): require_once('...')
#13 {main}
CRITICAL - 2023-03-04 13:35:34 --> finfo::file(/var/www/html/fooddelivery/writable/uploads/entregadores/1675633218_723fd46d3426dd6385c9.png): Failed to open stream: No such file or directory
#0 [internal function]: CodeIgniter\Debug\Exceptions->errorHandler()
#1 /var/www/html/fooddelivery/app/Controllers/Admin/Entregadores.php(234): finfo->file()
#2 /var/www/html/fooddelivery/system/CodeIgniter.php(832): App\Controllers\Admin\Entregadores->imagem()
#3 /var/www/html/fooddelivery/system/CodeIgniter.php(419): CodeIgniter\CodeIgniter->runController()
#4 /var/www/html/fooddelivery/system/CodeIgniter.php(326): CodeIgniter\CodeIgniter->handleRequest()
#5 /var/www/html/fooddelivery/public/index.php(37): CodeIgniter\CodeIgniter->run()
#6 /var/www/html/fooddelivery/system/Commands/Server/rewrite.php(43): require_once('...')
#7 {main}
CRITICAL - 2023-03-04 13:35:34 --> finfo::file(/var/www/html/fooddelivery/writable/uploads/entregadores/1675632854_5cf6daecf328e87d1971.jpg): Failed to open stream: No such file or directory
#0 [internal function]: CodeIgniter\Debug\Exceptions->errorHandler()
#1 /var/www/html/fooddelivery/app/Controllers/Admin/Entregadores.php(234): finfo->file()
#2 /var/www/html/fooddelivery/system/CodeIgniter.php(832): App\Controllers\Admin\Entregadores->imagem()
#3 /var/www/html/fooddelivery/system/CodeIgniter.php(419): CodeIgniter\CodeIgniter->runController()
#4 /var/www/html/fooddelivery/system/CodeIgniter.php(326): CodeIgniter\CodeIgniter->handleRequest()
#5 /var/www/html/fooddelivery/public/index.php(37): CodeIgniter\CodeIgniter->run()
#6 /var/www/html/fooddelivery/system/Commands/Server/rewrite.php(43): require_once('...')
#7 {main}
CRITICAL - 2023-03-04 13:35:37 --> finfo::file(/var/www/html/fooddelivery/writable/uploads/entregadores/1675633218_723fd46d3426dd6385c9.png): Failed to open stream: No such file or directory
#0 [internal function]: CodeIgniter\Debug\Exceptions->errorHandler()
#1 /var/www/html/fooddelivery/app/Controllers/Admin/Entregadores.php(234): finfo->file()
#2 /var/www/html/fooddelivery/system/CodeIgniter.php(832): App\Controllers\Admin\Entregadores->imagem()
#3 /var/www/html/fooddelivery/system/CodeIgniter.php(419): CodeIgniter\CodeIgniter->runController()
#4 /var/www/html/fooddelivery/system/CodeIgniter.php(326): CodeIgniter\CodeIgniter->handleRequest()
#5 /var/www/html/fooddelivery/public/index.php(37): CodeIgniter\CodeIgniter->run()
#6 /var/www/html/fooddelivery/system/Commands/Server/rewrite.php(43): require_once('...')
#7 {main}
CRITICAL - 2023-03-04 13:35:37 --> finfo::file(/var/www/html/fooddelivery/writable/uploads/entregadores/1675632854_5cf6daecf328e87d1971.jpg): Failed to open stream: No such file or directory
#0 [internal function]: CodeIgniter\Debug\Exceptions->errorHandler()
#1 /var/www/html/fooddelivery/app/Controllers/Admin/Entregadores.php(234): finfo->file()
#2 /var/www/html/fooddelivery/system/CodeIgniter.php(832): App\Controllers\Admin\Entregadores->imagem()
#3 /var/www/html/fooddelivery/system/CodeIgniter.php(419): CodeIgniter\CodeIgniter->runController()
#4 /var/www/html/fooddelivery/system/CodeIgniter.php(326): CodeIgniter\CodeIgniter->handleRequest()
#5 /var/www/html/fooddelivery/public/index.php(37): CodeIgniter\CodeIgniter->run()
#6 /var/www/html/fooddelivery/system/Commands/Server/rewrite.php(43): require_once('...')
#7 {main}
ERROR - 2023-03-04 13:38:09 --> Error connecting to the database: Access denied for user '****'@'localhost' (using password: NO)
CRITICAL - 2023-03-04 13:38:09 --> Unable to connect to the database.
Main connection [MySQLi]: Access denied for user '****'@'localhost' (using password: NO)
#0 /var/www/html/fooddelivery/system/Database/BaseConnection.php(577): CodeIgniter\Database\BaseConnection->initialize()
#1 /var/www/html/fooddelivery/system/Database/BaseBuilder.php(1455): CodeIgniter\Database\BaseConnection->query()
#2 /var/www/html/fooddelivery/system/Model.php(142): CodeIgniter\Database\BaseBuilder->get()
#3 /var/www/html/fooddelivery/system/BaseModel.php(523): CodeIgniter\Model->doFind()
#4 /var/www/html/fooddelivery/app/Libraries/Autenticacao.php(81): CodeIgniter\BaseModel->find()
#5 /var/www/html/fooddelivery/app/Libraries/Autenticacao.php(51): App\Libraries\Autenticacao->pegaUsuarioDaSessao()
#6 /var/www/html/fooddelivery/app/Libraries/Autenticacao.php(67): App\Libraries\Autenticacao->pegaUsuarioLogado()
#7 /var/www/html/fooddelivery/app/Filters/LoginFilter.php(28): App\Libraries\Autenticacao->estaLogado()
#8 /var/www/html/fooddelivery/system/Filters/Filters.php(173): App\Filters\LoginFilter->before()
#9 /var/www/html/fooddelivery/system/CodeIgniter.php(393): CodeIgniter\Filters\Filters->run()
#10 /var/www/html/fooddelivery/system/CodeIgniter.php(326): CodeIgniter\CodeIgniter->handleRequest()
#11 /var/www/html/fooddelivery/public/index.php(37): CodeIgniter\CodeIgniter->run()
#12 /var/www/html/fooddelivery/system/Commands/Server/rewrite.php(43): require_once('...')
#13 {main}
ERROR - 2023-03-04 13:38:22 --> Error connecting to the database: Access denied for user '****'@'localhost' (using password: NO)
CRITICAL - 2023-03-04 13:38:22 --> Unable to connect to the database.
Main connection [MySQLi]: Access denied for user '****'@'localhost' (using password: NO)
#0 /var/www/html/fooddelivery/system/Database/BaseConnection.php(577): CodeIgniter\Database\BaseConnection->initialize()
#1 /var/www/html/fooddelivery/system/Database/BaseBuilder.php(1455): CodeIgniter\Database\BaseConnection->query()
#2 /var/www/html/fooddelivery/system/Model.php(142): CodeIgniter\Database\BaseBuilder->get()
#3 /var/www/html/fooddelivery/system/BaseModel.php(523): CodeIgniter\Model->doFind()
#4 /var/www/html/fooddelivery/app/Libraries/Autenticacao.php(81): CodeIgniter\BaseModel->find()
#5 /var/www/html/fooddelivery/app/Libraries/Autenticacao.php(51): App\Libraries\Autenticacao->pegaUsuarioDaSessao()
#6 /var/www/html/fooddelivery/app/Libraries/Autenticacao.php(67): App\Libraries\Autenticacao->pegaUsuarioLogado()
#7 /var/www/html/fooddelivery/app/Filters/LoginFilter.php(28): App\Libraries\Autenticacao->estaLogado()
#8 /var/www/html/fooddelivery/system/Filters/Filters.php(173): App\Filters\LoginFilter->before()
#9 /var/www/html/fooddelivery/system/CodeIgniter.php(393): CodeIgniter\Filters\Filters->run()
#10 /var/www/html/fooddelivery/system/CodeIgniter.php(326): CodeIgniter\CodeIgniter->handleRequest()
#11 /var/www/html/fooddelivery/public/index.php(37): CodeIgniter\CodeIgniter->run()
#12 /var/www/html/fooddelivery/system/Commands/Server/rewrite.php(43): require_once('...')
#13 {main}
ERROR - 2023-03-04 13:38:24 --> Error connecting to the database: Access denied for user '****'@'localhost' (using password: NO)
CRITICAL - 2023-03-04 13:38:24 --> Unable to connect to the database.
Main connection [MySQLi]: Access denied for user '****'@'localhost' (using password: NO)
#0 /var/www/html/fooddelivery/system/Database/BaseConnection.php(577): CodeIgniter\Database\BaseConnection->initialize()
#1 /var/www/html/fooddelivery/system/Database/BaseBuilder.php(1455): CodeIgniter\Database\BaseConnection->query()
#2 /var/www/html/fooddelivery/system/Model.php(142): CodeIgniter\Database\BaseBuilder->get()
#3 /var/www/html/fooddelivery/system/BaseModel.php(523): CodeIgniter\Model->doFind()
#4 /var/www/html/fooddelivery/app/Libraries/Autenticacao.php(81): CodeIgniter\BaseModel->find()
#5 /var/www/html/fooddelivery/app/Libraries/Autenticacao.php(51): App\Libraries\Autenticacao->pegaUsuarioDaSessao()
#6 /var/www/html/fooddelivery/app/Libraries/Autenticacao.php(67): App\Libraries\Autenticacao->pegaUsuarioLogado()
#7 /var/www/html/fooddelivery/app/Filters/LoginFilter.php(28): App\Libraries\Autenticacao->estaLogado()
#8 /var/www/html/fooddelivery/system/Filters/Filters.php(173): App\Filters\LoginFilter->before()
#9 /var/www/html/fooddelivery/system/CodeIgniter.php(393): CodeIgniter\Filters\Filters->run()
#10 /var/www/html/fooddelivery/system/CodeIgniter.php(326): CodeIgniter\CodeIgniter->handleRequest()
#11 /var/www/html/fooddelivery/public/index.php(37): CodeIgniter\CodeIgniter->run()
#12 /var/www/html/fooddelivery/system/Commands/Server/rewrite.php(43): require_once('...')
#13 {main}
ERROR - 2023-03-04 13:38:25 --> Error connecting to the database: Access denied for user '****'@'localhost' (using password: NO)
CRITICAL - 2023-03-04 13:38:25 --> Unable to connect to the database.
Main connection [MySQLi]: Access denied for user '****'@'localhost' (using password: NO)
#0 /var/www/html/fooddelivery/system/Database/BaseConnection.php(577): CodeIgniter\Database\BaseConnection->initialize()
#1 /var/www/html/fooddelivery/system/Database/BaseBuilder.php(1455): CodeIgniter\Database\BaseConnection->query()
#2 /var/www/html/fooddelivery/system/Model.php(142): CodeIgniter\Database\BaseBuilder->get()
#3 /var/www/html/fooddelivery/system/BaseModel.php(523): CodeIgniter\Model->doFind()
#4 /var/www/html/fooddelivery/app/Libraries/Autenticacao.php(81): CodeIgniter\BaseModel->find()
#5 /var/www/html/fooddelivery/app/Libraries/Autenticacao.php(51): App\Libraries\Autenticacao->pegaUsuarioDaSessao()
#6 /var/www/html/fooddelivery/app/Libraries/Autenticacao.php(67): App\Libraries\Autenticacao->pegaUsuarioLogado()
#7 /var/www/html/fooddelivery/app/Filters/LoginFilter.php(28): App\Libraries\Autenticacao->estaLogado()
#8 /var/www/html/fooddelivery/system/Filters/Filters.php(173): App\Filters\LoginFilter->before()
#9 /var/www/html/fooddelivery/system/CodeIgniter.php(393): CodeIgniter\Filters\Filters->run()
#10 /var/www/html/fooddelivery/system/CodeIgniter.php(326): CodeIgniter\CodeIgniter->handleRequest()
#11 /var/www/html/fooddelivery/public/index.php(37): CodeIgniter\CodeIgniter->run()
#12 /var/www/html/fooddelivery/system/Commands/Server/rewrite.php(43): require_once('...')
#13 {main}
CRITICAL - 2023-03-04 13:39:08 --> Call to a member function humanize() on null
#0 /var/www/html/fooddelivery/system/View/View.php(210): include()
#1 /var/www/html/fooddelivery/system/View/View.php(213): CodeIgniter\View\View->CodeIgniter\View\{closure}()
#2 /var/www/html/fooddelivery/system/Common.php(1089): CodeIgniter\View\View->render()
#3 /var/www/html/fooddelivery/app/Controllers/Admin/Bairros.php(25): view()
#4 /var/www/html/fooddelivery/system/CodeIgniter.php(832): App\Controllers\Admin\Bairros->index()
#5 /var/www/html/fooddelivery/system/CodeIgniter.php(419): CodeIgniter\CodeIgniter->runController()
#6 /var/www/html/fooddelivery/system/CodeIgniter.php(326): CodeIgniter\CodeIgniter->handleRequest()
#7 /var/www/html/fooddelivery/public/index.php(37): CodeIgniter\CodeIgniter->run()
#8 /var/www/html/fooddelivery/system/Commands/Server/rewrite.php(43): require_once('...')
#9 {main}
CRITICAL - 2023-03-04 13:40:21 --> Undefined variable $entregadores
#0 /var/www/html/fooddelivery/app/Views/Admin/Pedidos/index.php(279): CodeIgniter\Debug\Exceptions->errorHandler()
#1 /var/www/html/fooddelivery/system/View/View.php(210): include('...')
#2 /var/www/html/fooddelivery/system/View/View.php(213): CodeIgniter\View\View->CodeIgniter\View\{closure}()
#3 /var/www/html/fooddelivery/system/Common.php(1089): CodeIgniter\View\View->render()
#4 /var/www/html/fooddelivery/app/Controllers/Admin/Pedidos.php(29): view()
#5 /var/www/html/fooddelivery/system/CodeIgniter.php(832): App\Controllers\Admin\Pedidos->index()
#6 /var/www/html/fooddelivery/system/CodeIgniter.php(419): CodeIgniter\CodeIgniter->runController()
#7 /var/www/html/fooddelivery/system/CodeIgniter.php(326): CodeIgniter\CodeIgniter->handleRequest()
#8 /var/www/html/fooddelivery/public/index.php(37): CodeIgniter\CodeIgniter->run()
#9 /var/www/html/fooddelivery/system/Commands/Server/rewrite.php(43): require_once('...')
#10 {main}
CRITICAL - 2023-03-04 13:40:39 --> Undefined variable $entregadores
#0 /var/www/html/fooddelivery/app/Views/Admin/Pedidos/index.php(279): CodeIgniter\Debug\Exceptions->errorHandler()
#1 /var/www/html/fooddelivery/system/View/View.php(210): include('...')
#2 /var/www/html/fooddelivery/system/View/View.php(213): CodeIgniter\View\View->CodeIgniter\View\{closure}()
#3 /var/www/html/fooddelivery/system/Common.php(1089): CodeIgniter\View\View->render()
#4 /var/www/html/fooddelivery/app/Controllers/Admin/Pedidos.php(29): view()
#5 /var/www/html/fooddelivery/system/CodeIgniter.php(832): App\Controllers\Admin\Pedidos->index()
#6 /var/www/html/fooddelivery/system/CodeIgniter.php(419): CodeIgniter\CodeIgniter->runController()
#7 /var/www/html/fooddelivery/system/CodeIgniter.php(326): CodeIgniter\CodeIgniter->handleRequest()
#8 /var/www/html/fooddelivery/public/index.php(37): CodeIgniter\CodeIgniter->run()
#9 /var/www/html/fooddelivery/system/Commands/Server/rewrite.php(43): require_once('...')
#10 {main}
CRITICAL - 2023-03-04 13:42:30 --> Undefined variable $entregadores
#0 /var/www/html/fooddelivery/app/Views/Admin/Pedidos/index.php(279): CodeIgniter\Debug\Exceptions->errorHandler()
#1 /var/www/html/fooddelivery/system/View/View.php(210): include('...')
#2 /var/www/html/fooddelivery/system/View/View.php(213): CodeIgniter\View\View->CodeIgniter\View\{closure}()
#3 /var/www/html/fooddelivery/system/Common.php(1089): CodeIgniter\View\View->render()
#4 /var/www/html/fooddelivery/app/Controllers/Admin/Pedidos.php(29): view()
#5 /var/www/html/fooddelivery/system/CodeIgniter.php(832): App\Controllers\Admin\Pedidos->index()
#6 /var/www/html/fooddelivery/system/CodeIgniter.php(419): CodeIgniter\CodeIgniter->runController()
#7 /var/www/html/fooddelivery/system/CodeIgniter.php(326): CodeIgniter\CodeIgniter->handleRequest()
#8 /var/www/html/fooddelivery/public/index.php(37): CodeIgniter\CodeIgniter->run()
#9 /var/www/html/fooddelivery/system/Commands/Server/rewrite.php(43): require_once('...')
#10 {main}
ERROR - 2023-03-04 13:50:37 --> Field 'imagem' doesn't have a default value
CRITICAL - 2023-03-04 13:50:37 --> Field 'imagem' doesn't have a default value
#0 /var/www/html/fooddelivery/system/Database/MySQLi/Connection.php(292): mysqli->query()
#1 /var/www/html/fooddelivery/system/Database/BaseConnection.php(670): CodeIgniter\Database\MySQLi\Connection->execute()
#2 /var/www/html/fooddelivery/system/Database/BaseConnection.php(598): CodeIgniter\Database\BaseConnection->simpleQuery()
#3 /var/www/html/fooddelivery/system/Database/BaseBuilder.php(1771): CodeIgniter\Database\BaseConnection->query()
#4 /var/www/html/fooddelivery/system/Model.php(239): CodeIgniter\Database\BaseBuilder->insert()
#5 /var/www/html/fooddelivery/system/BaseModel.php(738): CodeIgniter\Model->doInsert()
#6 /var/www/html/fooddelivery/system/Model.php(625): CodeIgniter\BaseModel->insert()
#7 /var/www/html/fooddelivery/system/BaseModel.php(658): CodeIgniter\Model->insert()
#8 /var/www/html/fooddelivery/app/Controllers/Admin/Produtos.php(81): CodeIgniter\BaseModel->save()
#9 /var/www/html/fooddelivery/system/CodeIgniter.php(832): App\Controllers\Admin\Produtos->cadastrar()
#10 /var/www/html/fooddelivery/system/CodeIgniter.php(419): CodeIgniter\CodeIgniter->runController()
#11 /var/www/html/fooddelivery/system/CodeIgniter.php(326): CodeIgniter\CodeIgniter->handleRequest()
#12 /var/www/html/fooddelivery/public/index.php(37): CodeIgniter\CodeIgniter->run()
#13 /var/www/html/fooddelivery/system/Commands/Server/rewrite.php(43): require_once('...')
#14 {main}
CRITICAL - 2023-03-04 15:02:34 --> Undefined variable $entregadores
#0 /var/www/html/fooddelivery/app/Views/Admin/Pedidos/index.php(279): CodeIgniter\Debug\Exceptions->errorHandler()
#1 /var/www/html/fooddelivery/system/View/View.php(210): include('...')
#2 /var/www/html/fooddelivery/system/View/View.php(213): CodeIgniter\View\View->CodeIgniter\View\{closure}()
#3 /var/www/html/fooddelivery/system/Common.php(1089): CodeIgniter\View\View->render()
#4 /var/www/html/fooddelivery/app/Controllers/Admin/Pedidos.php(29): view()
#5 /var/www/html/fooddelivery/system/CodeIgniter.php(832): App\Controllers\Admin\Pedidos->index()
#6 /var/www/html/fooddelivery/system/CodeIgniter.php(419): CodeIgniter\CodeIgniter->runController()
#7 /var/www/html/fooddelivery/system/CodeIgniter.php(326): CodeIgniter\CodeIgniter->handleRequest()
#8 /var/www/html/fooddelivery/public/index.php(37): CodeIgniter\CodeIgniter->run()
#9 /var/www/html/fooddelivery/system/Commands/Server/rewrite.php(43): require_once('...')
#10 {main}
CRITICAL - 2023-03-04 15:11:17 --> Creation of dynamic property App\Controllers\Admin\Medidas::$medidaModel is deprecated
#0 /var/www/html/fooddelivery/app/Controllers/Admin/Medidas.php(13): CodeIgniter\Debug\Exceptions->errorHandler()
#1 /var/www/html/fooddelivery/system/CodeIgniter.php(809): App\Controllers\Admin\Medidas->__construct()
#2 /var/www/html/fooddelivery/system/CodeIgniter.php(410): CodeIgniter\CodeIgniter->createController()
#3 /var/www/html/fooddelivery/system/CodeIgniter.php(326): CodeIgniter\CodeIgniter->handleRequest()
#4 /var/www/html/fooddelivery/public/index.php(37): CodeIgniter\CodeIgniter->run()
#5 /var/www/html/fooddelivery/system/Commands/Server/rewrite.php(43): require_once('...')
#6 {main}
CRITICAL - 2023-03-04 15:22:21 --> Creation of dynamic property App\Controllers\Admin\Medidas::$medidaModel is deprecated
#0 /var/www/html/fooddelivery/app/Controllers/Admin/Medidas.php(13): CodeIgniter\Debug\Exceptions->errorHandler()
#1 /var/www/html/fooddelivery/system/CodeIgniter.php(809): App\Controllers\Admin\Medidas->__construct()
#2 /var/www/html/fooddelivery/system/CodeIgniter.php(410): CodeIgniter\CodeIgniter->createController()
#3 /var/www/html/fooddelivery/system/CodeIgniter.php(326): CodeIgniter\CodeIgniter->handleRequest()
#4 /var/www/html/fooddelivery/public/index.php(37): CodeIgniter\CodeIgniter->run()
#5 /var/www/html/fooddelivery/system/Commands/Server/rewrite.php(43): require_once('...')
#6 {main}
CRITICAL - 2023-03-04 15:22:57 --> finfo::file(/var/www/html/fooddelivery/writable/uploads/produtos/1677952612_b369c25f9942e6997b77.jpg): Failed to open stream: No such file or directory
#0 [internal function]: CodeIgniter\Debug\Exceptions->errorHandler()
#1 /var/www/html/fooddelivery/app/Controllers/Admin/Produtos.php(248): finfo->file()
#2 /var/www/html/fooddelivery/system/CodeIgniter.php(832): App\Controllers\Admin\Produtos->imagem()
#3 /var/www/html/fooddelivery/system/CodeIgniter.php(419): CodeIgniter\CodeIgniter->runController()
#4 /var/www/html/fooddelivery/system/CodeIgniter.php(326): CodeIgniter\CodeIgniter->handleRequest()
#5 /var/www/html/fooddelivery/public/index.php(37): CodeIgniter\CodeIgniter->run()
#6 /var/www/html/fooddelivery/system/Commands/Server/rewrite.php(43): require_once('...')
#7 {main}
CRITICAL - 2023-03-04 15:23:11 --> finfo::file(/var/www/html/fooddelivery/writable/uploads/produtos/1677952612_b369c25f9942e6997b77.jpg): Failed to open stream: No such file or directory
#0 [internal function]: CodeIgniter\Debug\Exceptions->errorHandler()
#1 /var/www/html/fooddelivery/app/Controllers/Admin/Produtos.php(248): finfo->file()
#2 /var/www/html/fooddelivery/system/CodeIgniter.php(832): App\Controllers\Admin\Produtos->imagem()
#3 /var/www/html/fooddelivery/system/CodeIgniter.php(419): CodeIgniter\CodeIgniter->runController()
#4 /var/www/html/fooddelivery/system/CodeIgniter.php(326): CodeIgniter\CodeIgniter->handleRequest()
#5 /var/www/html/fooddelivery/public/index.php(37): CodeIgniter\CodeIgniter->run()
#6 /var/www/html/fooddelivery/system/Commands/Server/rewrite.php(43): require_once('...')
#7 {main}
CRITICAL - 2023-03-04 15:28:29 --> finfo::file(/var/www/html/fooddelivery/writable/uploads/produtos/1677952612_b369c25f9942e6997b77.jpg): Failed to open stream: No such file or directory
#0 [internal function]: CodeIgniter\Debug\Exceptions->errorHandler()
#1 /var/www/html/fooddelivery/app/Controllers/Admin/Produtos.php(248): finfo->file()
#2 /var/www/html/fooddelivery/system/CodeIgniter.php(832): App\Controllers\Admin\Produtos->imagem()
#3 /var/www/html/fooddelivery/system/CodeIgniter.php(419): CodeIgniter\CodeIgniter->runController()
#4 /var/www/html/fooddelivery/system/CodeIgniter.php(326): CodeIgniter\CodeIgniter->handleRequest()
#5 /var/www/html/fooddelivery/public/index.php(37): CodeIgniter\CodeIgniter->run()
#6 /var/www/html/fooddelivery/system/Commands/Server/rewrite.php(43): require_once('...')
#7 {main}
CRITICAL - 2023-03-04 15:29:34 --> finfo::file(/var/www/html/fooddelivery/writable/uploads/produtos/1677952612_b369c25f9942e6997b77.jpg): Failed to open stream: No such file or directory
#0 [internal function]: CodeIgniter\Debug\Exceptions->errorHandler()
#1 /var/www/html/fooddelivery/app/Controllers/Admin/Produtos.php(248): finfo->file()
#2 /var/www/html/fooddelivery/system/CodeIgniter.php(832): App\Controllers\Admin\Produtos->imagem()
#3 /var/www/html/fooddelivery/system/CodeIgniter.php(419): CodeIgniter\CodeIgniter->runController()
#4 /var/www/html/fooddelivery/system/CodeIgniter.php(326): CodeIgniter\CodeIgniter->handleRequest()
#5 /var/www/html/fooddelivery/public/index.php(37): CodeIgniter\CodeIgniter->run()
#6 /var/www/html/fooddelivery/system/Commands/Server/rewrite.php(43): require_once('...')
#7 {main}
CRITICAL - 2023-03-04 15:31:54 --> finfo::file(/var/www/html/fooddelivery/writable/uploads/produtos/1677952612_b369c25f9942e6997b77.jpg): Failed to open stream: No such file or directory
#0 [internal function]: CodeIgniter\Debug\Exceptions->errorHandler()
#1 /var/www/html/fooddelivery/app/Controllers/Admin/Produtos.php(248): finfo->file()
#2 /var/www/html/fooddelivery/system/CodeIgniter.php(832): App\Controllers\Admin\Produtos->imagem()
#3 /var/www/html/fooddelivery/system/CodeIgniter.php(419): CodeIgniter\CodeIgniter->runController()
#4 /var/www/html/fooddelivery/system/CodeIgniter.php(326): CodeIgniter\CodeIgniter->handleRequest()
#5 /var/www/html/fooddelivery/public/index.php(37): CodeIgniter\CodeIgniter->run()
#6 /var/www/html/fooddelivery/system/Commands/Server/rewrite.php(43): require_once('...')
#7 {main}
CRITICAL - 2023-03-04 15:32:21 --> finfo::file(/var/www/html/fooddelivery/writable/uploads/produtos/1677952612_b369c25f9942e6997b77.jpg): Failed to open stream: No such file or directory
#0 [internal function]: CodeIgniter\Debug\Exceptions->errorHandler()
#1 /var/www/html/fooddelivery/app/Controllers/Admin/Produtos.php(248): finfo->file()
#2 /var/www/html/fooddelivery/system/CodeIgniter.php(832): App\Controllers\Admin\Produtos->imagem()
#3 /var/www/html/fooddelivery/system/CodeIgniter.php(419): CodeIgniter\CodeIgniter->runController()
#4 /var/www/html/fooddelivery/system/CodeIgniter.php(326): CodeIgniter\CodeIgniter->handleRequest()
#5 /var/www/html/fooddelivery/public/index.php(37): CodeIgniter\CodeIgniter->run()
#6 /var/www/html/fooddelivery/system/Commands/Server/rewrite.php(43): require_once('...')
#7 {main}
