ERROR - 2022-05-20 00:11:59 --> Unknown column 'is_dmin' in 'where clause'
CRITICAL - 2022-05-20 00:11:59 --> Unknown column 'is_dmin' in 'where clause'
#0 /var/www/html/food/system/Database/MySQLi/Connection.php(292): mysqli->query()
#1 /var/www/html/food/system/Database/BaseConnection.php(670): CodeIgniter\Database\MySQLi\Connection->execute()
#2 /var/www/html/food/system/Database/BaseConnection.php(598): CodeIgniter\Database\BaseConnection->simpleQuery()
#3 /var/www/html/food/system/Database/BaseBuilder.php(1539): CodeIgniter\Database\BaseConnection->query()
#4 /var/www/html/food/system/Model.php(509): CodeIgniter\Database\BaseBuilder->countAllResults()
#5 /var/www/html/food/app/Models/UsuarioModel.php(156): CodeIgniter\Model->countAllResults()
#6 /var/www/html/food/app/Controllers/Admin/Home.php(23): App\Models\UsuarioModel->recuperaTotalClientesAtivos()
#7 /var/www/html/food/system/CodeIgniter.php(832): App\Controllers\Admin\Home->index()
#8 /var/www/html/food/system/CodeIgniter.php(419): CodeIgniter\CodeIgniter->runController()
#9 /var/www/html/food/system/CodeIgniter.php(326): CodeIgniter\CodeIgniter->handleRequest()
#10 /var/www/html/food/public/index.php(37): CodeIgniter\CodeIgniter->run()
#11 /var/www/html/food/system/Commands/Server/rewrite.php(43): require_once('/var/www/html/f...')
#12 {main}
ERROR - 2022-05-20 00:12:18 --> Unknown column 'is_dmin' in 'where clause'
CRITICAL - 2022-05-20 00:12:18 --> Unknown column 'is_dmin' in 'where clause'
#0 /var/www/html/food/system/Database/MySQLi/Connection.php(292): mysqli->query()
#1 /var/www/html/food/system/Database/BaseConnection.php(670): CodeIgniter\Database\MySQLi\Connection->execute()
#2 /var/www/html/food/system/Database/BaseConnection.php(598): CodeIgniter\Database\BaseConnection->simpleQuery()
#3 /var/www/html/food/system/Database/BaseBuilder.php(1539): CodeIgniter\Database\BaseConnection->query()
#4 /var/www/html/food/system/Model.php(509): CodeIgniter\Database\BaseBuilder->countAllResults()
#5 /var/www/html/food/app/Models/UsuarioModel.php(156): CodeIgniter\Model->countAllResults()
#6 /var/www/html/food/app/Controllers/Admin/Home.php(23): App\Models\UsuarioModel->recuperaTotalClientesAtivos()
#7 /var/www/html/food/system/CodeIgniter.php(832): App\Controllers\Admin\Home->index()
#8 /var/www/html/food/system/CodeIgniter.php(419): CodeIgniter\CodeIgniter->runController()
#9 /var/www/html/food/system/CodeIgniter.php(326): CodeIgniter\CodeIgniter->handleRequest()
#10 /var/www/html/food/public/index.php(37): CodeIgniter\CodeIgniter->run()
#11 /var/www/html/food/system/Commands/Server/rewrite.php(43): require_once('/var/www/html/f...')
#12 {main}
CRITICAL - 2022-05-20 00:16:13 --> Call to undefined method App\Models\EntregadorModel::recuperaTotalEntrgadoresAtivos
#0 /var/www/html/food/app/Controllers/Admin/Home.php(26): CodeIgniter\Model->__call()
#1 /var/www/html/food/system/CodeIgniter.php(832): App\Controllers\Admin\Home->index()
#2 /var/www/html/food/system/CodeIgniter.php(419): CodeIgniter\CodeIgniter->runController()
#3 /var/www/html/food/system/CodeIgniter.php(326): CodeIgniter\CodeIgniter->handleRequest()
#4 /var/www/html/food/public/index.php(37): CodeIgniter\CodeIgniter->run()
#5 /var/www/html/food/system/Commands/Server/rewrite.php(43): require_once('/var/www/html/f...')
#6 {main}
ERROR - 2022-05-20 00:16:46 --> Unknown column 'is_admin' in 'where clause'
CRITICAL - 2022-05-20 00:16:46 --> Unknown column 'is_admin' in 'where clause'
#0 /var/www/html/food/system/Database/MySQLi/Connection.php(292): mysqli->query()
#1 /var/www/html/food/system/Database/BaseConnection.php(670): CodeIgniter\Database\MySQLi\Connection->execute()
#2 /var/www/html/food/system/Database/BaseConnection.php(598): CodeIgniter\Database\BaseConnection->simpleQuery()
#3 /var/www/html/food/system/Database/BaseBuilder.php(1539): CodeIgniter\Database\BaseConnection->query()
#4 /var/www/html/food/system/Model.php(509): CodeIgniter\Database\BaseBuilder->countAllResults()
#5 /var/www/html/food/app/Models/EntregadorModel.php(92): CodeIgniter\Model->countAllResults()
#6 /var/www/html/food/app/Controllers/Admin/Home.php(26): App\Models\EntregadorModel->recuperaTotalEntregadoresAtivos()
#7 /var/www/html/food/system/CodeIgniter.php(832): App\Controllers\Admin\Home->index()
#8 /var/www/html/food/system/CodeIgniter.php(419): CodeIgniter\CodeIgniter->runController()
#9 /var/www/html/food/system/CodeIgniter.php(326): CodeIgniter\CodeIgniter->handleRequest()
#10 /var/www/html/food/public/index.php(37): CodeIgniter\CodeIgniter->run()
#11 /var/www/html/food/system/Commands/Server/rewrite.php(43): require_once('/var/www/html/f...')
#12 {main}
CRITICAL - 2022-05-20 00:22:58 --> Call to undefined function usuario_logado()
#0 /var/www/html/food/system/View/View.php(210): include()
#1 /var/www/html/food/system/View/View.php(213): CodeIgniter\View\View->CodeIgniter\View\{closure}()
#2 /var/www/html/food/system/View/View.php(226): CodeIgniter\View\View->render()
#3 /var/www/html/food/system/Common.php(1089): CodeIgniter\View\View->render()
#4 /var/www/html/food/app/Controllers/Admin/Home.php(29): view()
#5 /var/www/html/food/system/CodeIgniter.php(832): App\Controllers\Admin\Home->index()
#6 /var/www/html/food/system/CodeIgniter.php(419): CodeIgniter\CodeIgniter->runController()
#7 /var/www/html/food/system/CodeIgniter.php(326): CodeIgniter\CodeIgniter->handleRequest()
#8 /var/www/html/food/public/index.php(37): CodeIgniter\CodeIgniter->run()
#9 /var/www/html/food/system/Commands/Server/rewrite.php(43): require_once('/var/www/html/f...')
#10 {main}
CRITICAL - 2022-05-20 00:42:16 --> Undefined variable: pedidos
#0 /var/www/html/food/app/Views/Admin/Home/index.php(86): CodeIgniter\Debug\Exceptions->errorHandler()
#1 /var/www/html/food/system/View/View.php(210): include('/var/www/html/f...')
#2 /var/www/html/food/system/View/View.php(213): CodeIgniter\View\View->CodeIgniter\View\{closure}()
#3 /var/www/html/food/system/Common.php(1089): CodeIgniter\View\View->render()
#4 /var/www/html/food/app/Controllers/Admin/Home.php(35): view()
#5 /var/www/html/food/system/CodeIgniter.php(832): App\Controllers\Admin\Home->index()
#6 /var/www/html/food/system/CodeIgniter.php(419): CodeIgniter\CodeIgniter->runController()
#7 /var/www/html/food/system/CodeIgniter.php(326): CodeIgniter\CodeIgniter->handleRequest()
#8 /var/www/html/food/public/index.php(37): CodeIgniter\CodeIgniter->run()
#9 /var/www/html/food/system/Commands/Server/rewrite.php(43): require_once('/var/www/html/f...')
#10 {main}
CRITICAL - 2022-05-20 00:50:40 --> Undefined variable: novosPedidos
#0 /var/www/html/food/app/Views/Admin/Home/index.php(86): CodeIgniter\Debug\Exceptions->errorHandler()
#1 /var/www/html/food/system/View/View.php(210): include('/var/www/html/f...')
#2 /var/www/html/food/system/View/View.php(213): CodeIgniter\View\View->CodeIgniter\View\{closure}()
#3 /var/www/html/food/system/Common.php(1089): CodeIgniter\View\View->render()
#4 /var/www/html/food/app/Controllers/Admin/Home.php(35): view()
#5 /var/www/html/food/system/CodeIgniter.php(832): App\Controllers\Admin\Home->index()
#6 /var/www/html/food/system/CodeIgniter.php(419): CodeIgniter\CodeIgniter->runController()
#7 /var/www/html/food/system/CodeIgniter.php(326): CodeIgniter\CodeIgniter->handleRequest()
#8 /var/www/html/food/public/index.php(37): CodeIgniter\CodeIgniter->run()
#9 /var/www/html/food/system/Commands/Server/rewrite.php(43): require_once('/var/www/html/f...')
#10 {main}
CRITICAL - 2022-05-20 01:56:29 --> syntax error, unexpected '}'
#0 /var/www/html/food/system/Autoloader/Autoloader.php(241): CodeIgniter\Autoloader\Autoloader->includeFile()
#1 /var/www/html/food/system/Autoloader/Autoloader.php(219): CodeIgniter\Autoloader\Autoloader->loadInNamespace()
#2 [internal function]: CodeIgniter\Autoloader\Autoloader->loadClass()
#3 /var/www/html/food/app/Controllers/Admin/Home.php(18): spl_autoload_call()
#4 /var/www/html/food/system/CodeIgniter.php(809): App\Controllers\Admin\Home->__construct()
#5 /var/www/html/food/system/CodeIgniter.php(410): CodeIgniter\CodeIgniter->createController()
#6 /var/www/html/food/system/CodeIgniter.php(326): CodeIgniter\CodeIgniter->handleRequest()
#7 /var/www/html/food/public/index.php(37): CodeIgniter\CodeIgniter->run()
#8 /var/www/html/food/system/Commands/Server/rewrite.php(43): require_once('/var/www/html/f...')
#9 {main}
CRITICAL - 2022-05-20 02:00:29 --> Call to undefined method App\Models\PedidoProdutoModel::recuperaProdutosMaisVendidos
#0 /var/www/html/food/app/Controllers/Admin/Home.php(29): CodeIgniter\Model->__call()
#1 /var/www/html/food/system/CodeIgniter.php(832): App\Controllers\Admin\Home->index()
#2 /var/www/html/food/system/CodeIgniter.php(419): CodeIgniter\CodeIgniter->runController()
#3 /var/www/html/food/system/CodeIgniter.php(326): CodeIgniter\CodeIgniter->handleRequest()
#4 /var/www/html/food/public/index.php(37): CodeIgniter\CodeIgniter->run()
#5 /var/www/html/food/system/Commands/Server/rewrite.php(43): require_once('/var/www/html/f...')
#6 {main}
CRITICAL - 2022-05-20 02:01:07 --> Call to undefined method App\Models\PedidoProdutoModel::recuperaProdutosMaisVendidos
#0 /var/www/html/food/app/Controllers/Admin/Home.php(29): CodeIgniter\Model->__call()
#1 /var/www/html/food/system/CodeIgniter.php(832): App\Controllers\Admin\Home->index()
#2 /var/www/html/food/system/CodeIgniter.php(419): CodeIgniter\CodeIgniter->runController()
#3 /var/www/html/food/system/CodeIgniter.php(326): CodeIgniter\CodeIgniter->handleRequest()
#4 /var/www/html/food/public/index.php(37): CodeIgniter\CodeIgniter->run()
#5 /var/www/html/food/system/Commands/Server/rewrite.php(43): require_once('/var/www/html/f...')
#6 {main}
ERROR - 2022-05-20 02:01:45 --> Expression #2 of SELECT list is not in GROUP BY clause and contains nonaggregated column 'delivery.pedidos_produtos.quantidade' which is not functionally dependent on columns in GROUP BY clause; this is incompatible with sql_mode=only_full_group_by
CRITICAL - 2022-05-20 02:01:45 --> Expression #2 of SELECT list is not in GROUP BY clause and contains nonaggregated column 'delivery.pedidos_produtos.quantidade' which is not functionally dependent on columns in GROUP BY clause; this is incompatible with sql_mode=only_full_group_by
#0 /var/www/html/food/system/Database/MySQLi/Connection.php(292): mysqli->query()
#1 /var/www/html/food/system/Database/BaseConnection.php(670): CodeIgniter\Database\MySQLi\Connection->execute()
#2 /var/www/html/food/system/Database/BaseConnection.php(598): CodeIgniter\Database\BaseConnection->simpleQuery()
#3 /var/www/html/food/system/Database/BaseBuilder.php(1455): CodeIgniter\Database\BaseConnection->query()
#4 /var/www/html/food/system/Model.php(145): CodeIgniter\Database\BaseBuilder->get()
#5 /var/www/html/food/system/BaseModel.php(523): CodeIgniter\Model->doFind()
#6 /var/www/html/food/app/Models/PedidoProdutoModel.php(19): CodeIgniter\BaseModel->find()
#7 /var/www/html/food/app/Controllers/Admin/Home.php(29): App\Models\PedidoProdutoModel->recuperaProdutosMaisVendidos()
#8 /var/www/html/food/system/CodeIgniter.php(832): App\Controllers\Admin\Home->index()
#9 /var/www/html/food/system/CodeIgniter.php(419): CodeIgniter\CodeIgniter->runController()
#10 /var/www/html/food/system/CodeIgniter.php(326): CodeIgniter\CodeIgniter->handleRequest()
#11 /var/www/html/food/public/index.php(37): CodeIgniter\CodeIgniter->run()
#12 /var/www/html/food/system/Commands/Server/rewrite.php(43): require_once('/var/www/html/f...')
#13 {main}
ERROR - 2022-05-20 02:06:05 --> In aggregated query without GROUP BY, expression #1 of SELECT list contains nonaggregated column 'delivery.pedidos_produtos.produto'; this is incompatible with sql_mode=only_full_group_by
CRITICAL - 2022-05-20 02:06:05 --> In aggregated query without GROUP BY, expression #1 of SELECT list contains nonaggregated column 'delivery.pedidos_produtos.produto'; this is incompatible with sql_mode=only_full_group_by
#0 /var/www/html/food/system/Database/MySQLi/Connection.php(292): mysqli->query()
#1 /var/www/html/food/system/Database/BaseConnection.php(670): CodeIgniter\Database\MySQLi\Connection->execute()
#2 /var/www/html/food/system/Database/BaseConnection.php(598): CodeIgniter\Database\BaseConnection->simpleQuery()
#3 /var/www/html/food/system/Database/BaseBuilder.php(1455): CodeIgniter\Database\BaseConnection->query()
#4 /var/www/html/food/system/Model.php(145): CodeIgniter\Database\BaseBuilder->get()
#5 /var/www/html/food/system/BaseModel.php(523): CodeIgniter\Model->doFind()
#6 /var/www/html/food/app/Models/PedidoProdutoModel.php(19): CodeIgniter\BaseModel->find()
#7 /var/www/html/food/app/Controllers/Admin/Home.php(29): App\Models\PedidoProdutoModel->recuperaProdutosMaisVendidos()
#8 /var/www/html/food/system/CodeIgniter.php(832): App\Controllers\Admin\Home->index()
#9 /var/www/html/food/system/CodeIgniter.php(419): CodeIgniter\CodeIgniter->runController()
#10 /var/www/html/food/system/CodeIgniter.php(326): CodeIgniter\CodeIgniter->handleRequest()
#11 /var/www/html/food/public/index.php(37): CodeIgniter\CodeIgniter->run()
#12 /var/www/html/food/system/Commands/Server/rewrite.php(43): require_once('/var/www/html/f...')
#13 {main}
ERROR - 2022-05-20 02:07:14 --> In aggregated query without GROUP BY, expression #1 of SELECT list contains nonaggregated column 'delivery.pedidos_produtos.produto'; this is incompatible with sql_mode=only_full_group_by
CRITICAL - 2022-05-20 02:07:14 --> In aggregated query without GROUP BY, expression #1 of SELECT list contains nonaggregated column 'delivery.pedidos_produtos.produto'; this is incompatible with sql_mode=only_full_group_by
#0 /var/www/html/food/system/Database/MySQLi/Connection.php(292): mysqli->query()
#1 /var/www/html/food/system/Database/BaseConnection.php(670): CodeIgniter\Database\MySQLi\Connection->execute()
#2 /var/www/html/food/system/Database/BaseConnection.php(598): CodeIgniter\Database\BaseConnection->simpleQuery()
#3 /var/www/html/food/system/Database/BaseBuilder.php(1455): CodeIgniter\Database\BaseConnection->query()
#4 /var/www/html/food/system/Model.php(145): CodeIgniter\Database\BaseBuilder->get()
#5 /var/www/html/food/system/BaseModel.php(523): CodeIgniter\Model->doFind()
#6 /var/www/html/food/app/Models/PedidoProdutoModel.php(19): CodeIgniter\BaseModel->find()
#7 /var/www/html/food/app/Controllers/Admin/Home.php(29): App\Models\PedidoProdutoModel->recuperaProdutosMaisVendidos()
#8 /var/www/html/food/system/CodeIgniter.php(832): App\Controllers\Admin\Home->index()
#9 /var/www/html/food/system/CodeIgniter.php(419): CodeIgniter\CodeIgniter->runController()
#10 /var/www/html/food/system/CodeIgniter.php(326): CodeIgniter\CodeIgniter->handleRequest()
#11 /var/www/html/food/public/index.php(37): CodeIgniter\CodeIgniter->run()
#12 /var/www/html/food/system/Commands/Server/rewrite.php(43): require_once('/var/www/html/f...')
#13 {main}
ERROR - 2022-05-20 02:07:50 --> Expression #2 of SELECT list is not in GROUP BY clause and contains nonaggregated column 'delivery.pedidos_produtos.quantidade' which is not functionally dependent on columns in GROUP BY clause; this is incompatible with sql_mode=only_full_group_by
CRITICAL - 2022-05-20 02:07:50 --> Expression #2 of SELECT list is not in GROUP BY clause and contains nonaggregated column 'delivery.pedidos_produtos.quantidade' which is not functionally dependent on columns in GROUP BY clause; this is incompatible with sql_mode=only_full_group_by
#0 /var/www/html/food/system/Database/MySQLi/Connection.php(292): mysqli->query()
#1 /var/www/html/food/system/Database/BaseConnection.php(670): CodeIgniter\Database\MySQLi\Connection->execute()
#2 /var/www/html/food/system/Database/BaseConnection.php(598): CodeIgniter\Database\BaseConnection->simpleQuery()
#3 /var/www/html/food/system/Database/BaseBuilder.php(1455): CodeIgniter\Database\BaseConnection->query()
#4 /var/www/html/food/system/Model.php(145): CodeIgniter\Database\BaseBuilder->get()
#5 /var/www/html/food/system/BaseModel.php(523): CodeIgniter\Model->doFind()
#6 /var/www/html/food/app/Models/PedidoProdutoModel.php(19): CodeIgniter\BaseModel->find()
#7 /var/www/html/food/app/Controllers/Admin/Home.php(29): App\Models\PedidoProdutoModel->recuperaProdutosMaisVendidos()
#8 /var/www/html/food/system/CodeIgniter.php(832): App\Controllers\Admin\Home->index()
#9 /var/www/html/food/system/CodeIgniter.php(419): CodeIgniter\CodeIgniter->runController()
#10 /var/www/html/food/system/CodeIgniter.php(326): CodeIgniter\CodeIgniter->handleRequest()
#11 /var/www/html/food/public/index.php(37): CodeIgniter\CodeIgniter->run()
#12 /var/www/html/food/system/Commands/Server/rewrite.php(43): require_once('/var/www/html/f...')
#13 {main}
ERROR - 2022-05-20 02:10:04 --> Expression #2 of SELECT list is not in GROUP BY clause and contains nonaggregated column 'delivery.pedidos_produtos.quantidade' which is not functionally dependent on columns in GROUP BY clause; this is incompatible with sql_mode=only_full_group_by
CRITICAL - 2022-05-20 02:10:04 --> Expression #2 of SELECT list is not in GROUP BY clause and contains nonaggregated column 'delivery.pedidos_produtos.quantidade' which is not functionally dependent on columns in GROUP BY clause; this is incompatible with sql_mode=only_full_group_by
#0 /var/www/html/food/system/Database/MySQLi/Connection.php(292): mysqli->query()
#1 /var/www/html/food/system/Database/BaseConnection.php(670): CodeIgniter\Database\MySQLi\Connection->execute()
#2 /var/www/html/food/system/Database/BaseConnection.php(598): CodeIgniter\Database\BaseConnection->simpleQuery()
#3 /var/www/html/food/system/Database/BaseBuilder.php(1455): CodeIgniter\Database\BaseConnection->query()
#4 /var/www/html/food/system/Model.php(145): CodeIgniter\Database\BaseBuilder->get()
#5 /var/www/html/food/system/BaseModel.php(523): CodeIgniter\Model->doFind()
#6 /var/www/html/food/app/Models/PedidoProdutoModel.php(19): CodeIgniter\BaseModel->find()
#7 /var/www/html/food/app/Controllers/Admin/Home.php(29): App\Models\PedidoProdutoModel->recuperaProdutosMaisVendidos()
#8 /var/www/html/food/system/CodeIgniter.php(832): App\Controllers\Admin\Home->index()
#9 /var/www/html/food/system/CodeIgniter.php(419): CodeIgniter\CodeIgniter->runController()
#10 /var/www/html/food/system/CodeIgniter.php(326): CodeIgniter\CodeIgniter->handleRequest()
#11 /var/www/html/food/public/index.php(37): CodeIgniter\CodeIgniter->run()
#12 /var/www/html/food/system/Commands/Server/rewrite.php(43): require_once('/var/www/html/f...')
#13 {main}
ERROR - 2022-05-20 02:12:14 --> Expression #2 of SELECT list is not in GROUP BY clause and contains nonaggregated column 'delivery.pedidos_produtos.quantidade' which is not functionally dependent on columns in GROUP BY clause; this is incompatible with sql_mode=only_full_group_by
CRITICAL - 2022-05-20 02:12:14 --> Expression #2 of SELECT list is not in GROUP BY clause and contains nonaggregated column 'delivery.pedidos_produtos.quantidade' which is not functionally dependent on columns in GROUP BY clause; this is incompatible with sql_mode=only_full_group_by
#0 /var/www/html/food/system/Database/MySQLi/Connection.php(292): mysqli->query()
#1 /var/www/html/food/system/Database/BaseConnection.php(670): CodeIgniter\Database\MySQLi\Connection->execute()
#2 /var/www/html/food/system/Database/BaseConnection.php(598): CodeIgniter\Database\BaseConnection->simpleQuery()
#3 /var/www/html/food/system/Database/BaseBuilder.php(1455): CodeIgniter\Database\BaseConnection->query()
#4 /var/www/html/food/system/Model.php(145): CodeIgniter\Database\BaseBuilder->get()
#5 /var/www/html/food/system/BaseModel.php(523): CodeIgniter\Model->doFind()
#6 /var/www/html/food/app/Models/PedidoProdutoModel.php(19): CodeIgniter\BaseModel->find()
#7 /var/www/html/food/app/Controllers/Admin/Home.php(29): App\Models\PedidoProdutoModel->recuperaProdutosMaisVendidos()
#8 /var/www/html/food/system/CodeIgniter.php(832): App\Controllers\Admin\Home->index()
#9 /var/www/html/food/system/CodeIgniter.php(419): CodeIgniter\CodeIgniter->runController()
#10 /var/www/html/food/system/CodeIgniter.php(326): CodeIgniter\CodeIgniter->handleRequest()
#11 /var/www/html/food/public/index.php(37): CodeIgniter\CodeIgniter->run()
#12 /var/www/html/food/system/Commands/Server/rewrite.php(43): require_once('/var/www/html/f...')
#13 {main}
ERROR - 2022-05-20 02:12:16 --> Expression #2 of SELECT list is not in GROUP BY clause and contains nonaggregated column 'delivery.pedidos_produtos.quantidade' which is not functionally dependent on columns in GROUP BY clause; this is incompatible with sql_mode=only_full_group_by
CRITICAL - 2022-05-20 02:12:16 --> Expression #2 of SELECT list is not in GROUP BY clause and contains nonaggregated column 'delivery.pedidos_produtos.quantidade' which is not functionally dependent on columns in GROUP BY clause; this is incompatible with sql_mode=only_full_group_by
#0 /var/www/html/food/system/Database/MySQLi/Connection.php(292): mysqli->query()
#1 /var/www/html/food/system/Database/BaseConnection.php(670): CodeIgniter\Database\MySQLi\Connection->execute()
#2 /var/www/html/food/system/Database/BaseConnection.php(598): CodeIgniter\Database\BaseConnection->simpleQuery()
#3 /var/www/html/food/system/Database/BaseBuilder.php(1455): CodeIgniter\Database\BaseConnection->query()
#4 /var/www/html/food/system/Model.php(145): CodeIgniter\Database\BaseBuilder->get()
#5 /var/www/html/food/system/BaseModel.php(523): CodeIgniter\Model->doFind()
#6 /var/www/html/food/app/Models/PedidoProdutoModel.php(19): CodeIgniter\BaseModel->find()
#7 /var/www/html/food/app/Controllers/Admin/Home.php(29): App\Models\PedidoProdutoModel->recuperaProdutosMaisVendidos()
#8 /var/www/html/food/system/CodeIgniter.php(832): App\Controllers\Admin\Home->index()
#9 /var/www/html/food/system/CodeIgniter.php(419): CodeIgniter\CodeIgniter->runController()
#10 /var/www/html/food/system/CodeIgniter.php(326): CodeIgniter\CodeIgniter->handleRequest()
#11 /var/www/html/food/public/index.php(37): CodeIgniter\CodeIgniter->run()
#12 /var/www/html/food/system/Commands/Server/rewrite.php(43): require_once('/var/www/html/f...')
#13 {main}
ERROR - 2022-05-20 02:20:00 --> In aggregated query without GROUP BY, expression #1 of SELECT list contains nonaggregated column 'delivery.pedidos_produtos.produto'; this is incompatible with sql_mode=only_full_group_by
CRITICAL - 2022-05-20 02:20:00 --> In aggregated query without GROUP BY, expression #1 of SELECT list contains nonaggregated column 'delivery.pedidos_produtos.produto'; this is incompatible with sql_mode=only_full_group_by
#0 /var/www/html/food/system/Database/MySQLi/Connection.php(292): mysqli->query()
#1 /var/www/html/food/system/Database/BaseConnection.php(670): CodeIgniter\Database\MySQLi\Connection->execute()
#2 /var/www/html/food/system/Database/BaseConnection.php(598): CodeIgniter\Database\BaseConnection->simpleQuery()
#3 /var/www/html/food/system/Database/BaseBuilder.php(1455): CodeIgniter\Database\BaseConnection->query()
#4 /var/www/html/food/system/Model.php(145): CodeIgniter\Database\BaseBuilder->get()
#5 /var/www/html/food/system/BaseModel.php(523): CodeIgniter\Model->doFind()
#6 /var/www/html/food/app/Models/PedidoProdutoModel.php(17): CodeIgniter\BaseModel->find()
#7 /var/www/html/food/app/Controllers/Admin/Home.php(29): App\Models\PedidoProdutoModel->recuperaProdutosMaisVendidos()
#8 /var/www/html/food/system/CodeIgniter.php(832): App\Controllers\Admin\Home->index()
#9 /var/www/html/food/system/CodeIgniter.php(419): CodeIgniter\CodeIgniter->runController()
#10 /var/www/html/food/system/CodeIgniter.php(326): CodeIgniter\CodeIgniter->handleRequest()
#11 /var/www/html/food/public/index.php(37): CodeIgniter\CodeIgniter->run()
#12 /var/www/html/food/system/Commands/Server/rewrite.php(43): require_once('/var/www/html/f...')
#13 {main}
ERROR - 2022-05-20 02:20:35 --> In aggregated query without GROUP BY, expression #1 of SELECT list contains nonaggregated column 'delivery.pedidos_produtos.produto'; this is incompatible with sql_mode=only_full_group_by
CRITICAL - 2022-05-20 02:20:35 --> In aggregated query without GROUP BY, expression #1 of SELECT list contains nonaggregated column 'delivery.pedidos_produtos.produto'; this is incompatible with sql_mode=only_full_group_by
#0 /var/www/html/food/system/Database/MySQLi/Connection.php(292): mysqli->query()
#1 /var/www/html/food/system/Database/BaseConnection.php(670): CodeIgniter\Database\MySQLi\Connection->execute()
#2 /var/www/html/food/system/Database/BaseConnection.php(598): CodeIgniter\Database\BaseConnection->simpleQuery()
#3 /var/www/html/food/system/Database/BaseBuilder.php(1455): CodeIgniter\Database\BaseConnection->query()
#4 /var/www/html/food/system/Model.php(145): CodeIgniter\Database\BaseBuilder->get()
#5 /var/www/html/food/system/BaseModel.php(523): CodeIgniter\Model->doFind()
#6 /var/www/html/food/app/Models/PedidoProdutoModel.php(17): CodeIgniter\BaseModel->find()
#7 /var/www/html/food/app/Controllers/Admin/Home.php(29): App\Models\PedidoProdutoModel->recuperaProdutosMaisVendidos()
#8 /var/www/html/food/system/CodeIgniter.php(832): App\Controllers\Admin\Home->index()
#9 /var/www/html/food/system/CodeIgniter.php(419): CodeIgniter\CodeIgniter->runController()
#10 /var/www/html/food/system/CodeIgniter.php(326): CodeIgniter\CodeIgniter->handleRequest()
#11 /var/www/html/food/public/index.php(37): CodeIgniter\CodeIgniter->run()
#12 /var/www/html/food/system/Commands/Server/rewrite.php(43): require_once('/var/www/html/f...')
#13 {main}
ERROR - 2022-05-20 02:21:49 --> In aggregated query without GROUP BY, expression #1 of SELECT list contains nonaggregated column 'delivery.pedidos_produtos.produto'; this is incompatible with sql_mode=only_full_group_by
CRITICAL - 2022-05-20 02:21:49 --> In aggregated query without GROUP BY, expression #1 of SELECT list contains nonaggregated column 'delivery.pedidos_produtos.produto'; this is incompatible with sql_mode=only_full_group_by
#0 /var/www/html/food/system/Database/MySQLi/Connection.php(292): mysqli->query()
#1 /var/www/html/food/system/Database/BaseConnection.php(670): CodeIgniter\Database\MySQLi\Connection->execute()
#2 /var/www/html/food/system/Database/BaseConnection.php(598): CodeIgniter\Database\BaseConnection->simpleQuery()
#3 /var/www/html/food/system/Database/BaseBuilder.php(1455): CodeIgniter\Database\BaseConnection->query()
#4 /var/www/html/food/system/Model.php(145): CodeIgniter\Database\BaseBuilder->get()
#5 /var/www/html/food/system/BaseModel.php(523): CodeIgniter\Model->doFind()
#6 /var/www/html/food/app/Models/PedidoProdutoModel.php(16): CodeIgniter\BaseModel->find()
#7 /var/www/html/food/app/Controllers/Admin/Home.php(29): App\Models\PedidoProdutoModel->recuperaProdutosMaisVendidos()
#8 /var/www/html/food/system/CodeIgniter.php(832): App\Controllers\Admin\Home->index()
#9 /var/www/html/food/system/CodeIgniter.php(419): CodeIgniter\CodeIgniter->runController()
#10 /var/www/html/food/system/CodeIgniter.php(326): CodeIgniter\CodeIgniter->handleRequest()
#11 /var/www/html/food/public/index.php(37): CodeIgniter\CodeIgniter->run()
#12 /var/www/html/food/system/Commands/Server/rewrite.php(43): require_once('/var/www/html/f...')
#13 {main}
ERROR - 2022-05-20 02:24:27 --> Expression #2 of SELECT list is not in GROUP BY clause and contains nonaggregated column 'delivery.pedidos_produtos.quantidade' which is not functionally dependent on columns in GROUP BY clause; this is incompatible with sql_mode=only_full_group_by
CRITICAL - 2022-05-20 02:24:27 --> Expression #2 of SELECT list is not in GROUP BY clause and contains nonaggregated column 'delivery.pedidos_produtos.quantidade' which is not functionally dependent on columns in GROUP BY clause; this is incompatible with sql_mode=only_full_group_by
#0 /var/www/html/food/system/Database/MySQLi/Connection.php(292): mysqli->query()
#1 /var/www/html/food/system/Database/BaseConnection.php(670): CodeIgniter\Database\MySQLi\Connection->execute()
#2 /var/www/html/food/system/Database/BaseConnection.php(598): CodeIgniter\Database\BaseConnection->simpleQuery()
#3 /var/www/html/food/system/Database/BaseBuilder.php(1455): CodeIgniter\Database\BaseConnection->query()
#4 /var/www/html/food/system/Model.php(145): CodeIgniter\Database\BaseBuilder->get()
#5 /var/www/html/food/system/BaseModel.php(523): CodeIgniter\Model->doFind()
#6 /var/www/html/food/app/Models/PedidoProdutoModel.php(19): CodeIgniter\BaseModel->find()
#7 /var/www/html/food/app/Controllers/Admin/Home.php(29): App\Models\PedidoProdutoModel->recuperaProdutosMaisVendidos()
#8 /var/www/html/food/system/CodeIgniter.php(832): App\Controllers\Admin\Home->index()
#9 /var/www/html/food/system/CodeIgniter.php(419): CodeIgniter\CodeIgniter->runController()
#10 /var/www/html/food/system/CodeIgniter.php(326): CodeIgniter\CodeIgniter->handleRequest()
#11 /var/www/html/food/public/index.php(37): CodeIgniter\CodeIgniter->run()
#12 /var/www/html/food/system/Commands/Server/rewrite.php(43): require_once('/var/www/html/f...')
#13 {main}
CRITICAL - 2022-05-20 02:29:41 --> Undefined variable: produtosMaisVendidos
#0 /var/www/html/food/app/Controllers/Admin/Home.php(37): CodeIgniter\Debug\Exceptions->errorHandler()
#1 /var/www/html/food/system/CodeIgniter.php(832): App\Controllers\Admin\Home->index()
#2 /var/www/html/food/system/CodeIgniter.php(419): CodeIgniter\CodeIgniter->runController()
#3 /var/www/html/food/system/CodeIgniter.php(326): CodeIgniter\CodeIgniter->handleRequest()
#4 /var/www/html/food/public/index.php(37): CodeIgniter\CodeIgniter->run()
#5 /var/www/html/food/system/Commands/Server/rewrite.php(43): require_once('/var/www/html/f...')
#6 {main}
CRITICAL - 2022-05-20 02:29:46 --> Undefined variable: produtosMaisVendidos
#0 /var/www/html/food/app/Controllers/Admin/Home.php(37): CodeIgniter\Debug\Exceptions->errorHandler()
#1 /var/www/html/food/system/CodeIgniter.php(832): App\Controllers\Admin\Home->index()
#2 /var/www/html/food/system/CodeIgniter.php(419): CodeIgniter\CodeIgniter->runController()
#3 /var/www/html/food/system/CodeIgniter.php(326): CodeIgniter\CodeIgniter->handleRequest()
#4 /var/www/html/food/public/index.php(37): CodeIgniter\CodeIgniter->run()
#5 /var/www/html/food/system/Commands/Server/rewrite.php(43): require_once('/var/www/html/f...')
#6 {main}
